{"/home/luozhi/Documents/HRM-Gene/frontend/src/components/ContextualChat.tsx": {"path":"/home/luozhi/Documents/HRM-Gene/frontend/src/components/ContextualChat.tsx","statementMap":{"0":{"start":{"line":26,"column":0},"end":{"line":26,"column":24}},"1":{"start":{"line":3,"column":0},"end":{"line":3,"column":59}},"2":{"start":{"line":4,"column":0},"end":{"line":4,"column":57}},"3":{"start":{"line":5,"column":0},"end":{"line":5,"column":42}},"4":{"start":{"line":7,"column":0},"end":{"line":7,"column":52}},"5":{"start":{"line":27,"column":19},"end":{"line":27,"column":28}},"6":{"start":{"line":28,"column":34},"end":{"line":28,"column":57}},"7":{"start":{"line":29,"column":32},"end":{"line":29,"column":44}},"8":{"start":{"line":30,"column":32},"end":{"line":30,"column":46}},"9":{"start":{"line":31,"column":20},"end":{"line":31,"column":48}},"10":{"start":{"line":33,"column":2},"end":{"line":35,"column":29}},"11":{"start":{"line":34,"column":4},"end":{"line":34,"column":20}},"12":{"start":{"line":37,"column":2},"end":{"line":39,"column":17}},"13":{"start":{"line":38,"column":4},"end":{"line":38,"column":21}},"14":{"start":{"line":41,"column":24},"end":{"line":59,"column":3}},"15":{"start":{"line":42,"column":4},"end":{"line":42,"column":21}},"16":{"start":{"line":43,"column":4},"end":{"line":58,"column":5}},"17":{"start":{"line":44,"column":20},"end":{"line":44,"column":89}},"18":{"start":{"line":45,"column":18},"end":{"line":49,"column":8}},"19":{"start":{"line":50,"column":6},"end":{"line":53,"column":7}},"20":{"start":{"line":51,"column":21},"end":{"line":51,"column":37}},"21":{"start":{"line":52,"column":8},"end":{"line":52,"column":26}},"22":{"start":{"line":55,"column":6},"end":{"line":55,"column":23}},"23":{"start":{"line":57,"column":6},"end":{"line":57,"column":24}},"24":{"start":{"line":61,"column":25},"end":{"line":65,"column":3}},"25":{"start":{"line":62,"column":4},"end":{"line":64,"column":5}},"26":{"start":{"line":63,"column":6},"end":{"line":63,"column":67}},"27":{"start":{"line":67,"column":21},"end":{"line":111,"column":3}},"28":{"start":{"line":68,"column":4},"end":{"line":68,"column":23}},"29":{"start":{"line":69,"column":4},"end":{"line":69,"column":41}},"30":{"start":{"line":69,"column":34},"end":{"line":69,"column":41}},"31":{"start":{"line":71,"column":39},"end":{"line":81,"column":6}},"32":{"start":{"line":83,"column":4},"end":{"line":83,"column":56}},"33":{"start":{"line":83,"column":26},"end":{"line":83,"column":54}},"34":{"start":{"line":84,"column":4},"end":{"line":84,"column":19}},"35":{"start":{"line":86,"column":4},"end":{"line":110,"column":5}},"36":{"start":{"line":87,"column":20},"end":{"line":87,"column":89}},"37":{"start":{"line":88,"column":18},"end":{"line":99,"column":8}},"38":{"start":{"line":101,"column":6},"end":{"line":103,"column":7}},"39":{"start":{"line":102,"column":8},"end":{"line":102,"column":50}},"40":{"start":{"line":105,"column":26},"end":{"line":105,"column":42}},"41":{"start":{"line":106,"column":6},"end":{"line":106,"column":92}},"42":{"start":{"line":106,"column":28},"end":{"line":106,"column":90}},"43":{"start":{"line":106,"column":42},"end":{"line":106,"column":89}},"44":{"start":{"line":108,"column":6},"end":{"line":108,"column":25}},"45":{"start":{"line":109,"column":6},"end":{"line":109,"column":77}},"46":{"start":{"line":109,"column":28},"end":{"line":109,"column":75}},"47":{"start":{"line":109,"column":45},"end":{"line":109,"column":74}},"48":{"start":{"line":113,"column":2},"end":{"line":127,"column":3}},"49":{"start":{"line":114,"column":4},"end":{"line":126,"column":6}},"50":{"start":{"line":129,"column":2},"end":{"line":216,"column":4}},"51":{"start":{"line":148,"column":25},"end":{"line":148,"column":63}},"52":{"start":{"line":149,"column":28},"end":{"line":149,"column":50}},"53":{"start":{"line":151,"column":12},"end":{"line":181,"column":14}},"54":{"start":{"line":191,"column":29},"end":{"line":191,"column":55}},"55":{"start":{"line":193,"column":14},"end":{"line":196,"column":15}},"56":{"start":{"line":194,"column":16},"end":{"line":194,"column":35}},"57":{"start":{"line":195,"column":16},"end":{"line":195,"column":30}}},"fnMap":{"0":{"name":"ContextualChat","decl":{"start":{"line":26,"column":24},"end":{"line":26,"column":38}},"loc":{"start":{"line":26,"column":84},"end":{"line":217,"column":1}}},"1":{"name":"(anonymous_10)","decl":{"start":{"line":33,"column":12},"end":{"line":33,"column":15}},"loc":{"start":{"line":33,"column":17},"end":{"line":35,"column":3}}},"2":{"name":"(anonymous_11)","decl":{"start":{"line":37,"column":12},"end":{"line":37,"column":15}},"loc":{"start":{"line":37,"column":17},"end":{"line":39,"column":3}}},"3":{"name":"(anonymous_12)","decl":{"start":{"line":41,"column":24},"end":{"line":41,"column":29}},"loc":{"start":{"line":41,"column":35},"end":{"line":59,"column":3}}},"4":{"name":"(anonymous_13)","decl":{"start":{"line":61,"column":25},"end":{"line":61,"column":28}},"loc":{"start":{"line":61,"column":30},"end":{"line":65,"column":3}}},"5":{"name":"(anonymous_14)","decl":{"start":{"line":67,"column":21},"end":{"line":67,"column":26}},"loc":{"start":{"line":67,"column":50},"end":{"line":111,"column":3}}},"6":{"name":"(anonymous_15)","decl":{"start":{"line":83,"column":16},"end":{"line":83,"column":17}},"loc":{"start":{"line":83,"column":26},"end":{"line":83,"column":54}}},"7":{"name":"(anonymous_16)","decl":{"start":{"line":106,"column":18},"end":{"line":106,"column":19}},"loc":{"start":{"line":106,"column":28},"end":{"line":106,"column":90}}},"8":{"name":"(anonymous_17)","decl":{"start":{"line":106,"column":37},"end":{"line":106,"column":38}},"loc":{"start":{"line":106,"column":42},"end":{"line":106,"column":89}}},"9":{"name":"(anonymous_18)","decl":{"start":{"line":109,"column":18},"end":{"line":109,"column":19}},"loc":{"start":{"line":109,"column":28},"end":{"line":109,"column":75}}},"10":{"name":"(anonymous_19)","decl":{"start":{"line":109,"column":40},"end":{"line":109,"column":41}},"loc":{"start":{"line":109,"column":45},"end":{"line":109,"column":74}}},"11":{"name":"(anonymous_20)","decl":{"start":{"line":147,"column":23},"end":{"line":147,"column":24}},"loc":{"start":{"line":147,"column":35},"end":{"line":182,"column":11}}},"12":{"name":"(anonymous_21)","decl":{"start":{"line":191,"column":22},"end":{"line":191,"column":23}},"loc":{"start":{"line":191,"column":29},"end":{"line":191,"column":55}}},"13":{"name":"(anonymous_22)","decl":{"start":{"line":192,"column":23},"end":{"line":192,"column":24}},"loc":{"start":{"line":192,"column":29},"end":{"line":197,"column":13}}}},"branchMap":{"0":{"loc":{"start":{"line":44,"column":20},"end":{"line":44,"column":89}},"type":"binary-expr","locations":[{"start":{"line":44,"column":20},"end":{"line":44,"column":56}},{"start":{"line":44,"column":60},"end":{"line":44,"column":89}}]},"1":{"loc":{"start":{"line":47,"column":14},"end":{"line":47,"column":65}},"type":"cond-expr","locations":[{"start":{"line":47,"column":22},"end":{"line":47,"column":60}},{"start":{"line":47,"column":63},"end":{"line":47,"column":65}}]},"2":{"loc":{"start":{"line":50,"column":6},"end":{"line":53,"column":7}},"type":"if","locations":[{"start":{"line":50,"column":6},"end":{"line":53,"column":7}},{"start":{},"end":{}}]},"3":{"loc":{"start":{"line":62,"column":4},"end":{"line":64,"column":5}},"type":"if","locations":[{"start":{"line":62,"column":4},"end":{"line":64,"column":5}},{"start":{},"end":{}}]},"4":{"loc":{"start":{"line":69,"column":4},"end":{"line":69,"column":41}},"type":"if","locations":[{"start":{"line":69,"column":4},"end":{"line":69,"column":41}},{"start":{},"end":{}}]},"5":{"loc":{"start":{"line":69,"column":8},"end":{"line":69,"column":32}},"type":"binary-expr","locations":[{"start":{"line":69,"column":8},"end":{"line":69,"column":23}},{"start":{"line":69,"column":27},"end":{"line":69,"column":32}}]},"6":{"loc":{"start":{"line":87,"column":20},"end":{"line":87,"column":89}},"type":"binary-expr","locations":[{"start":{"line":87,"column":20},"end":{"line":87,"column":56}},{"start":{"line":87,"column":60},"end":{"line":87,"column":89}}]},"7":{"loc":{"start":{"line":92,"column":14},"end":{"line":92,"column":65}},"type":"cond-expr","locations":[{"start":{"line":92,"column":22},"end":{"line":92,"column":60}},{"start":{"line":92,"column":63},"end":{"line":92,"column":65}}]},"8":{"loc":{"start":{"line":101,"column":6},"end":{"line":103,"column":7}},"type":"if","locations":[{"start":{"line":101,"column":6},"end":{"line":103,"column":7}},{"start":{},"end":{}}]},"9":{"loc":{"start":{"line":106,"column":42},"end":{"line":106,"column":89}},"type":"cond-expr","locations":[{"start":{"line":106,"column":74},"end":{"line":106,"column":85}},{"start":{"line":106,"column":88},"end":{"line":106,"column":89}}]},"10":{"loc":{"start":{"line":113,"column":2},"end":{"line":127,"column":3}},"type":"if","locations":[{"start":{"line":113,"column":2},"end":{"line":127,"column":3}},{"start":{},"end":{}}]},"11":{"loc":{"start":{"line":113,"column":6},"end":{"line":113,"column":38}},"type":"binary-expr","locations":[{"start":{"line":113,"column":6},"end":{"line":113,"column":13}},{"start":{"line":113,"column":17},"end":{"line":113,"column":38}}]},"12":{"loc":{"start":{"line":136,"column":9},"end":{"line":182,"column":null}},"type":"cond-expr","locations":[{"start":{"line":137,"column":10},"end":{"line":144,"column":null}},{"start":{"line":147,"column":10},"end":{"line":182,"column":12}}]},"13":{"loc":{"start":{"line":152,"column":64},"end":{"line":152,"column":98}},"type":"cond-expr","locations":[{"start":{"line":152,"column":71},"end":{"line":152,"column":82}},{"start":{"line":152,"column":85},"end":{"line":152,"column":98}}]},"14":{"loc":{"start":{"line":152,"column":114},"end":{"line":152,"column":142}},"type":"cond-expr","locations":[{"start":{"line":152,"column":121},"end":{"line":152,"column":130}},{"start":{"line":152,"column":133},"end":{"line":152,"column":142}}]},"15":{"loc":{"start":{"line":154,"column":17},"end":{"line":162,"column":null}},"type":"binary-expr","locations":[{"start":{"line":154,"column":17},"end":{"line":154,"column":22}},{"start":{"line":155,"column":18},"end":{"line":161,"column":null}}]},"16":{"loc":{"start":{"line":157,"column":21},"end":{"line":160,"column":null}},"type":"binary-expr","locations":[{"start":{"line":157,"column":21},"end":{"line":157,"column":28}},{"start":{"line":158,"column":22},"end":{"line":158,"column":null}}]},"17":{"loc":{"start":{"line":168,"column":20},"end":{"line":170,"column":null}},"type":"cond-expr","locations":[{"start":{"line":169,"column":24},"end":{"line":169,"column":78}},{"start":{"line":170,"column":24},"end":{"line":170,"column":null}}]},"18":{"loc":{"start":{"line":176,"column":173},"end":{"line":176,"column":204}},"type":"cond-expr","locations":[{"start":{"line":176,"column":180},"end":{"line":176,"column":190}},{"start":{"line":176,"column":193},"end":{"line":176,"column":204}}]},"19":{"loc":{"start":{"line":193,"column":14},"end":{"line":196,"column":15}},"type":"if","locations":[{"start":{"line":193,"column":14},"end":{"line":196,"column":15}},{"start":{},"end":{}}]},"20":{"loc":{"start":{"line":193,"column":18},"end":{"line":193,"column":50}},"type":"binary-expr","locations":[{"start":{"line":193,"column":18},"end":{"line":193,"column":35}},{"start":{"line":193,"column":39},"end":{"line":193,"column":50}}]}},"s":{"0":1,"1":1,"2":1,"3":1,"4":1,"5":17,"6":17,"7":17,"8":17,"9":17,"10":17,"11":6,"12":17,"13":15,"14":17,"15":6,"16":6,"17":6,"18":6,"19":6,"20":6,"21":6,"22":0,"23":6,"24":17,"25":15,"26":9,"27":17,"28":2,"29":2,"30":0,"31":2,"32":2,"33":2,"34":2,"35":2,"36":2,"37":2,"38":2,"39":1,"40":1,"41":1,"42":0,"43":0,"44":1,"45":1,"46":1,"47":1,"48":17,"49":6,"50":11,"51":4,"52":4,"53":4,"54":2,"55":0,"56":0,"57":0},"f":{"0":17,"1":6,"2":15,"3":6,"4":15,"5":2,"6":2,"7":0,"8":0,"9":1,"10":1,"11":4,"12":2,"13":0},"b":{"0":[6,6],"1":[0,6],"2":[6,0],"3":[9,6],"4":[0,2],"5":[2,2],"6":[2,2],"7":[0,2],"8":[1,1],"9":[0,0],"10":[6,11],"11":[17,6],"12":[8,3],"13":[3,1],"14":[3,1],"15":[4,1],"16":[1,0],"17":[3,1],"18":[3,1],"19":[0,0],"20":[0,0]}}
,"/home/luozhi/Documents/HRM-Gene/frontend/src/components/Dashboard/AdminDashboardWidget.tsx": {"path":"/home/luozhi/Documents/HRM-Gene/frontend/src/components/Dashboard/AdminDashboardWidget.tsx","statementMap":{"0":{"start":{"line":30,"column":0},"end":{"line":30,"column":24}},"1":{"start":{"line":2,"column":0},"end":{"line":2,"column":51}},"2":{"start":{"line":3,"column":0},"end":{"line":3,"column":null}},"3":{"start":{"line":12,"column":0},"end":{"line":12,"column":29}},"4":{"start":{"line":31,"column":26},"end":{"line":31,"column":58}},"5":{"start":{"line":32,"column":32},"end":{"line":32,"column":46}},"6":{"start":{"line":34,"column":2},"end":{"line":45,"column":9}},"7":{"start":{"line":35,"column":4},"end":{"line":44,"column":9}},"8":{"start":{"line":36,"column":19},"end":{"line":36,"column":29}},"9":{"start":{"line":38,"column":8},"end":{"line":38,"column":19}},"10":{"start":{"line":39,"column":8},"end":{"line":39,"column":26}},"11":{"start":{"line":42,"column":8},"end":{"line":42,"column":67}},"12":{"start":{"line":43,"column":8},"end":{"line":43,"column":26}},"13":{"start":{"line":47,"column":2},"end":{"line":54,"column":3}},"14":{"start":{"line":48,"column":4},"end":{"line":53,"column":11}},"15":{"start":{"line":51,"column":31},"end":{"line":51,"column":44}},"16":{"start":{"line":56,"column":15},"end":{"line":85,"column":4}},"17":{"start":{"line":87,"column":2},"end":{"line":174,"column":4}},"18":{"start":{"line":97,"column":10},"end":{"line":97,"column":25}}},"fnMap":{"0":{"name":"AdminDashboardWidget","decl":{"start":{"line":30,"column":24},"end":{"line":30,"column":44}},"loc":{"start":{"line":30,"column":44},"end":{"line":175,"column":1}}},"1":{"name":"(anonymous_11)","decl":{"start":{"line":34,"column":12},"end":{"line":34,"column":15}},"loc":{"start":{"line":34,"column":17},"end":{"line":45,"column":3}}},"2":{"name":"(anonymous_12)","decl":{"start":{"line":36,"column":12},"end":{"line":36,"column":15}},"loc":{"start":{"line":36,"column":19},"end":{"line":36,"column":29}}},"3":{"name":"(anonymous_13)","decl":{"start":{"line":37,"column":12},"end":{"line":37,"column":13}},"loc":{"start":{"line":37,"column":16},"end":{"line":40,"column":7}}},"4":{"name":"(anonymous_14)","decl":{"start":{"line":41,"column":13},"end":{"line":41,"column":16}},"loc":{"start":{"line":41,"column":19},"end":{"line":44,"column":7}}},"5":{"name":"(anonymous_15)","decl":{"start":{"line":51,"column":26},"end":{"line":51,"column":27}},"loc":{"start":{"line":51,"column":31},"end":{"line":51,"column":44}}},"6":{"name":"(anonymous_16)","decl":{"start":{"line":96,"column":18},"end":{"line":96,"column":19}},"loc":{"start":{"line":97,"column":10},"end":{"line":97,"column":25}}}},"branchMap":{"0":{"loc":{"start":{"line":47,"column":2},"end":{"line":54,"column":3}},"type":"if","locations":[{"start":{"line":47,"column":2},"end":{"line":54,"column":3}},{"start":{},"end":{}}]},"1":{"loc":{"start":{"line":59,"column":13},"end":{"line":59,"column":44}},"type":"binary-expr","locations":[{"start":{"line":59,"column":13},"end":{"line":59,"column":39}},{"start":{"line":59,"column":43},"end":{"line":59,"column":44}}]},"2":{"loc":{"start":{"line":66,"column":13},"end":{"line":66,"column":47}},"type":"binary-expr","locations":[{"start":{"line":66,"column":13},"end":{"line":66,"column":42}},{"start":{"line":66,"column":46},"end":{"line":66,"column":47}}]},"3":{"loc":{"start":{"line":73,"column":13},"end":{"line":73,"column":46}},"type":"binary-expr","locations":[{"start":{"line":73,"column":13},"end":{"line":73,"column":41}},{"start":{"line":73,"column":45},"end":{"line":73,"column":46}}]},"4":{"loc":{"start":{"line":80,"column":14},"end":{"line":80,"column":55}},"type":"binary-expr","locations":[{"start":{"line":80,"column":14},"end":{"line":80,"column":50}},{"start":{"line":80,"column":54},"end":{"line":80,"column":55}}]},"5":{"loc":{"start":{"line":80,"column":60},"end":{"line":80,"column":100}},"type":"binary-expr","locations":[{"start":{"line":80,"column":60},"end":{"line":80,"column":95}},{"start":{"line":80,"column":99},"end":{"line":80,"column":100}}]}},"s":{"0":1,"1":1,"2":1,"3":1,"4":12,"5":12,"6":12,"7":6,"8":5,"9":5,"10":5,"11":1,"12":1,"13":12,"14":6,"15":24,"16":6,"17":6,"18":24},"f":{"0":12,"1":6,"2":5,"3":5,"4":1,"5":24,"6":24},"b":{"0":[6,6],"1":[6,1],"2":[6,1],"3":[6,1],"4":[6,1],"5":[6,1]}}
,"/home/luozhi/Documents/HRM-Gene/frontend/src/components/Dashboard/EmployeeDashboardWidget.tsx": {"path":"/home/luozhi/Documents/HRM-Gene/frontend/src/components/Dashboard/EmployeeDashboardWidget.tsx","statementMap":{"0":{"start":{"line":24,"column":0},"end":{"line":24,"column":24}},"1":{"start":{"line":2,"column":0},"end":{"line":2,"column":51}},"2":{"start":{"line":3,"column":0},"end":{"line":3,"column":null}},"3":{"start":{"line":12,"column":0},"end":{"line":12,"column":29}},"4":{"start":{"line":13,"column":0},"end":{"line":13,"column":42}},"5":{"start":{"line":25,"column":19},"end":{"line":25,"column":28}},"6":{"start":{"line":26,"column":26},"end":{"line":26,"column":61}},"7":{"start":{"line":27,"column":32},"end":{"line":27,"column":46}},"8":{"start":{"line":29,"column":2},"end":{"line":40,"column":9}},"9":{"start":{"line":30,"column":4},"end":{"line":39,"column":9}},"10":{"start":{"line":31,"column":19},"end":{"line":31,"column":29}},"11":{"start":{"line":33,"column":8},"end":{"line":33,"column":19}},"12":{"start":{"line":34,"column":8},"end":{"line":34,"column":26}},"13":{"start":{"line":37,"column":8},"end":{"line":37,"column":70}},"14":{"start":{"line":38,"column":8},"end":{"line":38,"column":26}},"15":{"start":{"line":42,"column":2},"end":{"line":50,"column":3}},"16":{"start":{"line":43,"column":4},"end":{"line":49,"column":11}},"17":{"start":{"line":46,"column":28},"end":{"line":46,"column":41}},"18":{"start":{"line":52,"column":2},"end":{"line":143,"column":4}},"19":{"start":{"line":126,"column":14},"end":{"line":126,"column":29}}},"fnMap":{"0":{"name":"EmployeeDashboardWidget","decl":{"start":{"line":24,"column":24},"end":{"line":24,"column":47}},"loc":{"start":{"line":24,"column":47},"end":{"line":144,"column":1}}},"1":{"name":"(anonymous_11)","decl":{"start":{"line":29,"column":12},"end":{"line":29,"column":15}},"loc":{"start":{"line":29,"column":17},"end":{"line":40,"column":3}}},"2":{"name":"(anonymous_12)","decl":{"start":{"line":31,"column":12},"end":{"line":31,"column":15}},"loc":{"start":{"line":31,"column":19},"end":{"line":31,"column":29}}},"3":{"name":"(anonymous_13)","decl":{"start":{"line":32,"column":12},"end":{"line":32,"column":13}},"loc":{"start":{"line":32,"column":16},"end":{"line":35,"column":7}}},"4":{"name":"(anonymous_14)","decl":{"start":{"line":36,"column":13},"end":{"line":36,"column":16}},"loc":{"start":{"line":36,"column":19},"end":{"line":39,"column":7}}},"5":{"name":"(anonymous_15)","decl":{"start":{"line":46,"column":23},"end":{"line":46,"column":24}},"loc":{"start":{"line":46,"column":28},"end":{"line":46,"column":41}}},"6":{"name":"(anonymous_16)","decl":{"start":{"line":125,"column":42},"end":{"line":125,"column":43}},"loc":{"start":{"line":126,"column":14},"end":{"line":126,"column":29}}}},"branchMap":{"0":{"loc":{"start":{"line":42,"column":2},"end":{"line":50,"column":3}},"type":"if","locations":[{"start":{"line":42,"column":2},"end":{"line":50,"column":3}},{"start":{},"end":{}}]},"1":{"loc":{"start":{"line":122,"column":11},"end":{"line":138,"column":null}},"type":"cond-expr","locations":[{"start":{"line":123,"column":12},"end":{"line":123,"column":104}},{"start":{"line":125,"column":12},"end":{"line":138,"column":14}}]},"2":{"loc":{"start":{"line":129,"column":22},"end":{"line":129,"column":null}},"type":"cond-expr","locations":[{"start":{"line":129,"column":48},"end":{"line":129,"column":73}},{"start":{"line":129,"column":76},"end":{"line":129,"column":null}}]}},"s":{"0":1,"1":1,"2":1,"3":1,"4":1,"5":12,"6":12,"7":12,"8":12,"9":6,"10":5,"11":5,"12":5,"13":1,"14":1,"15":12,"16":6,"17":18,"18":6,"19":8},"f":{"0":12,"1":6,"2":5,"3":5,"4":1,"5":18,"6":8},"b":{"0":[6,6],"1":[1,5],"2":[4,4]}}
,"/home/luozhi/Documents/HRM-Gene/frontend/src/context/AuthContext.tsx": {"path":"/home/luozhi/Documents/HRM-Gene/frontend/src/context/AuthContext.tsx","statementMap":{"0":{"start":{"line":150,"column":0},"end":{"line":150,"column":16}},"1":{"start":{"line":2,"column":0},"end":{"line":2,"column":null}},"2":{"start":{"line":9,"column":0},"end":{"line":9,"column":23}},"3":{"start":{"line":27,"column":20},"end":{"line":27,"column":74}},"4":{"start":{"line":29,"column":69},"end":{"line":148,"column":1}},"5":{"start":{"line":32,"column":26},"end":{"line":32,"column":53}},"6":{"start":{"line":33,"column":32},"end":{"line":33,"column":55}},"7":{"start":{"line":36,"column":23},"end":{"line":66,"column":8}},"8":{"start":{"line":37,"column":4},"end":{"line":37,"column":21}},"9":{"start":{"line":38,"column":4},"end":{"line":65,"column":5}},"10":{"start":{"line":51,"column":18},"end":{"line":53,"column":8}},"11":{"start":{"line":55,"column":6},"end":{"line":58,"column":7}},"12":{"start":{"line":56,"column":8},"end":{"line":56,"column":22}},"13":{"start":{"line":57,"column":8},"end":{"line":57,"column":15}},"14":{"start":{"line":59,"column":19},"end":{"line":59,"column":35}},"15":{"start":{"line":60,"column":6},"end":{"line":60,"column":20}},"16":{"start":{"line":62,"column":6},"end":{"line":62,"column":20}},"17":{"start":{"line":64,"column":6},"end":{"line":64,"column":24}},"18":{"start":{"line":68,"column":2},"end":{"line":72,"column":9}},"19":{"start":{"line":69,"column":4},"end":{"line":69,"column":19}},"20":{"start":{"line":74,"column":17},"end":{"line":100,"column":8}},"21":{"start":{"line":75,"column":4},"end":{"line":99,"column":9}},"22":{"start":{"line":76,"column":6},"end":{"line":84,"column":7}},"23":{"start":{"line":77,"column":24},"end":{"line":77,"column":61}},"24":{"start":{"line":78,"column":8},"end":{"line":81,"column":11}},"25":{"start":{"line":83,"column":8},"end":{"line":83,"column":43}},"26":{"start":{"line":87,"column":6},"end":{"line":95,"column":7}},"27":{"start":{"line":88,"column":8},"end":{"line":88,"column":31}},"28":{"start":{"line":90,"column":8},"end":{"line":94,"column":11}},"29":{"start":{"line":91,"column":10},"end":{"line":93,"column":81}},"30":{"start":{"line":97,"column":6},"end":{"line":97,"column":20}},"31":{"start":{"line":98,"column":6},"end":{"line":98,"column":38}},"32":{"start":{"line":103,"column":2},"end":{"line":125,"column":15}},"33":{"start":{"line":104,"column":4},"end":{"line":104,"column":46}},"34":{"start":{"line":104,"column":39},"end":{"line":104,"column":46}},"35":{"start":{"line":106,"column":26},"end":{"line":106,"column":38}},"36":{"start":{"line":107,"column":4},"end":{"line":120,"column":6}},"37":{"start":{"line":108,"column":23},"end":{"line":108,"column":51}},"38":{"start":{"line":111,"column":6},"end":{"line":118,"column":7}},"39":{"start":{"line":112,"column":20},"end":{"line":112,"column":81}},"40":{"start":{"line":114,"column":8},"end":{"line":117,"column":9}},"41":{"start":{"line":115,"column":10},"end":{"line":115,"column":64}},"42":{"start":{"line":116,"column":10},"end":{"line":116,"column":19}},"43":{"start":{"line":119,"column":6},"end":{"line":119,"column":22}},"44":{"start":{"line":122,"column":4},"end":{"line":124,"column":6}},"45":{"start":{"line":123,"column":6},"end":{"line":123,"column":35}},"46":{"start":{"line":128,"column":2},"end":{"line":138,"column":22}},"47":{"start":{"line":129,"column":4},"end":{"line":129,"column":24}},"48":{"start":{"line":129,"column":17},"end":{"line":129,"column":24}},"49":{"start":{"line":131,"column":21},"end":{"line":131,"column":45}},"50":{"start":{"line":132,"column":25},"end":{"line":132,"column":100}},"51":{"start":{"line":134,"column":4},"end":{"line":137,"column":5}},"52":{"start":{"line":135,"column":6},"end":{"line":135,"column":88}},"53":{"start":{"line":136,"column":6},"end":{"line":136,"column":38}},"54":{"start":{"line":140,"column":34},"end":{"line":145,"column":4}},"55":{"start":{"line":147,"column":2},"end":{"line":147,"column":79}},"56":{"start":{"line":29,"column":13},"end":{"line":29,"column":69}},"57":{"start":{"line":151,"column":14},"end":{"line":151,"column":37}},"58":{"start":{"line":152,"column":2},"end":{"line":152,"column":79}},"59":{"start":{"line":152,"column":12},"end":{"line":152,"column":79}},"60":{"start":{"line":153,"column":2},"end":{"line":153,"column":13}}},"fnMap":{"0":{"name":"(anonymous_9)","decl":{"start":{"line":29,"column":69},"end":{"line":29,"column":70}},"loc":{"start":{"line":31,"column":5},"end":{"line":148,"column":1}}},"1":{"name":"(anonymous_10)","decl":{"start":{"line":36,"column":35},"end":{"line":36,"column":40}},"loc":{"start":{"line":36,"column":46},"end":{"line":66,"column":3}}},"2":{"name":"(anonymous_11)","decl":{"start":{"line":68,"column":12},"end":{"line":68,"column":15}},"loc":{"start":{"line":68,"column":17},"end":{"line":72,"column":3}}},"3":{"name":"(anonymous_12)","decl":{"start":{"line":74,"column":29},"end":{"line":74,"column":32}},"loc":{"start":{"line":74,"column":34},"end":{"line":100,"column":3}}},"4":{"name":"(anonymous_13)","decl":{"start":{"line":75,"column":5},"end":{"line":75,"column":10}},"loc":{"start":{"line":75,"column":16},"end":{"line":99,"column":5}}},"5":{"name":"(anonymous_14)","decl":{"start":{"line":90,"column":43},"end":{"line":90,"column":44}},"loc":{"start":{"line":90,"column":49},"end":{"line":94,"column":9}}},"6":{"name":"(anonymous_15)","decl":{"start":{"line":103,"column":12},"end":{"line":103,"column":15}},"loc":{"start":{"line":103,"column":17},"end":{"line":125,"column":3}}},"7":{"name":"(anonymous_16)","decl":{"start":{"line":107,"column":19},"end":{"line":107,"column":24}},"loc":{"start":{"line":107,"column":37},"end":{"line":120,"column":5}}},"8":{"name":"(anonymous_17)","decl":{"start":{"line":122,"column":11},"end":{"line":122,"column":14}},"loc":{"start":{"line":122,"column":16},"end":{"line":124,"column":5}}},"9":{"name":"(anonymous_18)","decl":{"start":{"line":128,"column":12},"end":{"line":128,"column":15}},"loc":{"start":{"line":128,"column":17},"end":{"line":138,"column":3}}},"10":{"name":"useAuthContext","decl":{"start":{"line":150,"column":16},"end":{"line":150,"column":30}},"loc":{"start":{"line":150,"column":30},"end":{"line":154,"column":1}}}},"branchMap":{"0":{"loc":{"start":{"line":55,"column":6},"end":{"line":58,"column":7}},"type":"if","locations":[{"start":{"line":55,"column":6},"end":{"line":58,"column":7}},{"start":{},"end":{}}]},"1":{"loc":{"start":{"line":77,"column":24},"end":{"line":77,"column":61}},"type":"binary-expr","locations":[{"start":{"line":77,"column":24},"end":{"line":77,"column":55}},{"start":{"line":77,"column":59},"end":{"line":77,"column":61}}]},"2":{"loc":{"start":{"line":87,"column":6},"end":{"line":95,"column":7}},"type":"if","locations":[{"start":{"line":87,"column":6},"end":{"line":95,"column":7}},{"start":{},"end":{}}]},"3":{"loc":{"start":{"line":104,"column":4},"end":{"line":104,"column":46}},"type":"if","locations":[{"start":{"line":104,"column":4},"end":{"line":104,"column":46}},{"start":{},"end":{}}]},"4":{"loc":{"start":{"line":111,"column":6},"end":{"line":118,"column":7}},"type":"if","locations":[{"start":{"line":111,"column":6},"end":{"line":118,"column":7}},{"start":{},"end":{}}]},"5":{"loc":{"start":{"line":112,"column":20},"end":{"line":112,"column":81}},"type":"cond-expr","locations":[{"start":{"line":112,"column":49},"end":{"line":112,"column":60}},{"start":{"line":112,"column":63},"end":{"line":112,"column":81}}]},"6":{"loc":{"start":{"line":114,"column":8},"end":{"line":117,"column":9}},"type":"if","locations":[{"start":{"line":114,"column":8},"end":{"line":117,"column":9}},{"start":{},"end":{}}]},"7":{"loc":{"start":{"line":114,"column":12},"end":{"line":114,"column":74}},"type":"binary-expr","locations":[{"start":{"line":114,"column":12},"end":{"line":114,"column":42}},{"start":{"line":114,"column":46},"end":{"line":114,"column":74}}]},"8":{"loc":{"start":{"line":129,"column":4},"end":{"line":129,"column":24}},"type":"if","locations":[{"start":{"line":129,"column":4},"end":{"line":129,"column":24}},{"start":{},"end":{}}]},"9":{"loc":{"start":{"line":132,"column":25},"end":{"line":132,"column":100}},"type":"binary-expr","locations":[{"start":{"line":132,"column":25},"end":{"line":132,"column":46}},{"start":{"line":132,"column":50},"end":{"line":132,"column":80}},{"start":{"line":132,"column":84},"end":{"line":132,"column":100}}]},"10":{"loc":{"start":{"line":134,"column":4},"end":{"line":137,"column":5}},"type":"if","locations":[{"start":{"line":134,"column":4},"end":{"line":137,"column":5}},{"start":{},"end":{}}]},"11":{"loc":{"start":{"line":134,"column":8},"end":{"line":134,"column":30}},"type":"binary-expr","locations":[{"start":{"line":134,"column":8},"end":{"line":134,"column":13}},{"start":{"line":134,"column":17},"end":{"line":134,"column":30}}]},"12":{"loc":{"start":{"line":152,"column":2},"end":{"line":152,"column":79}},"type":"if","locations":[{"start":{"line":152,"column":2},"end":{"line":152,"column":79}},{"start":{},"end":{}}]}},"s":{"0":3,"1":3,"2":3,"3":3,"4":3,"5":15,"6":15,"7":15,"8":7,"9":7,"10":7,"11":6,"12":2,"13":2,"14":4,"15":4,"16":1,"17":7,"18":15,"19":6,"20":15,"21":1,"22":1,"23":1,"24":1,"25":0,"26":1,"27":1,"28":1,"29":1,"30":1,"31":1,"32":15,"33":6,"34":0,"35":6,"36":6,"37":2,"38":2,"39":0,"40":0,"41":0,"42":0,"43":2,"44":6,"45":6,"46":15,"47":15,"48":7,"49":8,"50":8,"51":8,"52":0,"53":0,"54":15,"55":15,"56":3,"57":20,"58":19,"59":4,"60":15},"f":{"0":15,"1":7,"2":6,"3":1,"4":1,"5":1,"6":6,"7":2,"8":6,"9":15,"10":20},"b":{"0":[2,4],"1":[1,1],"2":[1,0],"3":[0,6],"4":[0,2],"5":[0,0],"6":[0,0],"7":[0,0],"8":[7,8],"9":[8,8,8],"10":[0,8],"11":[8,4],"12":[4,15]}}
,"/home/luozhi/Documents/HRM-Gene/frontend/src/context/CompanyContext.tsx": {"path":"/home/luozhi/Documents/HRM-Gene/frontend/src/context/CompanyContext.tsx","statementMap":{"0":{"start":{"line":2,"column":0},"end":{"line":2,"column":91}},"1":{"start":{"line":25,"column":23},"end":{"line":25,"column":79}},"2":{"start":{"line":27,"column":72},"end":{"line":74,"column":1}},"3":{"start":{"line":28,"column":34},"end":{"line":28,"column":72}},"4":{"start":{"line":29,"column":32},"end":{"line":29,"column":46}},"5":{"start":{"line":31,"column":24},"end":{"line":46,"column":8}},"6":{"start":{"line":32,"column":4},"end":{"line":45,"column":5}},"7":{"start":{"line":33,"column":22},"end":{"line":33,"column":59}},"8":{"start":{"line":34,"column":18},"end":{"line":36,"column":8}},"9":{"start":{"line":37,"column":6},"end":{"line":40,"column":7}},"10":{"start":{"line":38,"column":21},"end":{"line":38,"column":37}},"11":{"start":{"line":39,"column":8},"end":{"line":39,"column":26}},"12":{"start":{"line":42,"column":6},"end":{"line":42,"column":64}},"13":{"start":{"line":44,"column":6},"end":{"line":44,"column":24}},"14":{"start":{"line":48,"column":2},"end":{"line":50,"column":22}},"15":{"start":{"line":49,"column":4},"end":{"line":49,"column":20}},"16":{"start":{"line":52,"column":2},"end":{"line":63,"column":27}},"17":{"start":{"line":53,"column":27},"end":{"line":53,"column":111}},"18":{"start":{"line":54,"column":24},"end":{"line":54,"column":101}},"19":{"start":{"line":56,"column":15},"end":{"line":56,"column":75}},"20":{"start":{"line":57,"column":4},"end":{"line":61,"column":5}},"21":{"start":{"line":58,"column":6},"end":{"line":58,"column":44}},"22":{"start":{"line":59,"column":6},"end":{"line":59,"column":24}},"23":{"start":{"line":60,"column":6},"end":{"line":60,"column":65}},"24":{"start":{"line":62,"column":4},"end":{"line":62,"column":28}},"25":{"start":{"line":65,"column":21},"end":{"line":67,"column":3}},"26":{"start":{"line":66,"column":4},"end":{"line":66,"column":70}},"27":{"start":{"line":66,"column":27},"end":{"line":66,"column":67}},"28":{"start":{"line":69,"column":2},"end":{"line":73,"column":4}},"29":{"start":{"line":27,"column":13},"end":{"line":27,"column":72}},"30":{"start":{"line":76,"column":26},"end":{"line":82,"column":1}},"31":{"start":{"line":77,"column":18},"end":{"line":77,"column":44}},"32":{"start":{"line":78,"column":2},"end":{"line":80,"column":3}},"33":{"start":{"line":79,"column":4},"end":{"line":79,"column":72}},"34":{"start":{"line":81,"column":2},"end":{"line":81,"column":17}},"35":{"start":{"line":76,"column":13},"end":{"line":76,"column":26}}},"fnMap":{"0":{"name":"(anonymous_9)","decl":{"start":{"line":27,"column":72},"end":{"line":27,"column":73}},"loc":{"start":{"line":27,"column":89},"end":{"line":74,"column":1}}},"1":{"name":"(anonymous_10)","decl":{"start":{"line":31,"column":36},"end":{"line":31,"column":41}},"loc":{"start":{"line":31,"column":47},"end":{"line":46,"column":3}}},"2":{"name":"(anonymous_11)","decl":{"start":{"line":48,"column":12},"end":{"line":48,"column":15}},"loc":{"start":{"line":48,"column":17},"end":{"line":50,"column":3}}},"3":{"name":"(anonymous_12)","decl":{"start":{"line":52,"column":12},"end":{"line":52,"column":15}},"loc":{"start":{"line":52,"column":17},"end":{"line":63,"column":3}}},"4":{"name":"(anonymous_13)","decl":{"start":{"line":65,"column":21},"end":{"line":65,"column":22}},"loc":{"start":{"line":65,"column":37},"end":{"line":67,"column":3}}},"5":{"name":"(anonymous_14)","decl":{"start":{"line":66,"column":16},"end":{"line":66,"column":17}},"loc":{"start":{"line":66,"column":27},"end":{"line":66,"column":67}}},"6":{"name":"(anonymous_15)","decl":{"start":{"line":76,"column":26},"end":{"line":76,"column":29}},"loc":{"start":{"line":76,"column":31},"end":{"line":82,"column":1}}}},"branchMap":{"0":{"loc":{"start":{"line":33,"column":22},"end":{"line":33,"column":59}},"type":"binary-expr","locations":[{"start":{"line":33,"column":22},"end":{"line":33,"column":53}},{"start":{"line":33,"column":57},"end":{"line":33,"column":59}}]},"1":{"loc":{"start":{"line":37,"column":6},"end":{"line":40,"column":7}},"type":"if","locations":[{"start":{"line":37,"column":6},"end":{"line":40,"column":7}},{"start":{},"end":{}}]},"2":{"loc":{"start":{"line":53,"column":27},"end":{"line":53,"column":111}},"type":"binary-expr","locations":[{"start":{"line":53,"column":27},"end":{"line":53,"column":84}},{"start":{"line":53,"column":88},"end":{"line":53,"column":111}}]},"3":{"loc":{"start":{"line":54,"column":24},"end":{"line":54,"column":101}},"type":"cond-expr","locations":[{"start":{"line":54,"column":45},"end":{"line":54,"column":84}},{"start":{"line":54,"column":87},"end":{"line":54,"column":101}}]},"4":{"loc":{"start":{"line":57,"column":4},"end":{"line":61,"column":5}},"type":"if","locations":[{"start":{"line":57,"column":4},"end":{"line":61,"column":5}},{"start":{},"end":{}}]},"5":{"loc":{"start":{"line":66,"column":27},"end":{"line":66,"column":67}},"type":"cond-expr","locations":[{"start":{"line":66,"column":34},"end":{"line":66,"column":60}},{"start":{"line":66,"column":63},"end":{"line":66,"column":67}}]},"6":{"loc":{"start":{"line":78,"column":2},"end":{"line":80,"column":3}},"type":"if","locations":[{"start":{"line":78,"column":2},"end":{"line":80,"column":3}},{"start":{},"end":{}}]}},"s":{"0":1,"1":1,"2":1,"3":13,"4":13,"5":13,"6":6,"7":6,"8":6,"9":6,"10":4,"11":4,"12":0,"13":6,"14":13,"15":5,"16":13,"17":7,"18":7,"19":7,"20":7,"21":5,"22":5,"23":5,"24":7,"25":13,"26":2,"27":2,"28":13,"29":1,"30":1,"31":17,"32":16,"33":4,"34":12,"35":1},"f":{"0":13,"1":6,"2":5,"3":7,"4":2,"5":2,"6":17},"b":{"0":[6,6],"1":[4,2],"2":[7,7],"3":[1,6],"4":[5,2],"5":[1,1],"6":[4,12]}}
,"/home/luozhi/Documents/HRM-Gene/frontend/src/hooks/use-status.tsx": {"path":"/home/luozhi/Documents/HRM-Gene/frontend/src/hooks/use-status.tsx","statementMap":{"0":{"start":{"line":6,"column":0},"end":{"line":6,"column":16}},"1":{"start":{"line":2,"column":0},"end":{"line":2,"column":45}},"2":{"start":{"line":7,"column":20},"end":{"line":7,"column":30}},"3":{"start":{"line":9,"column":21},"end":{"line":41,"column":3}},"4":{"start":{"line":13,"column":4},"end":{"line":40,"column":5}},"5":{"start":{"line":14,"column":6},"end":{"line":19,"column":9}},"6":{"start":{"line":20,"column":11},"end":{"line":40,"column":5}},"7":{"start":{"line":21,"column":6},"end":{"line":25,"column":9}},"8":{"start":{"line":26,"column":11},"end":{"line":40,"column":5}},"9":{"start":{"line":27,"column":6},"end":{"line":32,"column":9}},"10":{"start":{"line":34,"column":6},"end":{"line":39,"column":9}},"11":{"start":{"line":43,"column":2},"end":{"line":43,"column":20}}},"fnMap":{"0":{"name":"useShowStatus","decl":{"start":{"line":6,"column":16},"end":{"line":6,"column":29}},"loc":{"start":{"line":6,"column":29},"end":{"line":44,"column":1}}},"1":{"name":"(anonymous_1)","decl":{"start":{"line":9,"column":21},"end":{"line":9,"column":null}},"loc":{"start":{"line":12,"column":6},"end":{"line":41,"column":3}}}},"branchMap":{"0":{"loc":{"start":{"line":13,"column":4},"end":{"line":40,"column":5}},"type":"if","locations":[{"start":{"line":13,"column":4},"end":{"line":40,"column":5}},{"start":{"line":20,"column":11},"end":{"line":40,"column":5}}]},"1":{"loc":{"start":{"line":20,"column":11},"end":{"line":40,"column":5}},"type":"if","locations":[{"start":{"line":20,"column":11},"end":{"line":40,"column":5}},{"start":{"line":26,"column":11},"end":{"line":40,"column":5}}]},"2":{"loc":{"start":{"line":26,"column":11},"end":{"line":40,"column":5}},"type":"if","locations":[{"start":{"line":26,"column":11},"end":{"line":40,"column":5}},{"start":{"line":33,"column":11},"end":{"line":40,"column":5}}]}},"s":{"0":1,"1":1,"2":5,"3":5,"4":5,"5":1,"6":4,"7":1,"8":3,"9":1,"10":2,"11":5},"f":{"0":5,"1":5},"b":{"0":[1,4],"1":[1,3],"2":[1,2]}}
,"/home/luozhi/Documents/HRM-Gene/frontend/src/hooks/use-toast.ts": {"path":"/home/luozhi/Documents/HRM-Gene/frontend/src/hooks/use-toast.ts","statementMap":{"0":{"start":{"line":196,"column":9},"end":{"line":196,"column":17}},"1":{"start":{"line":196,"column":19},"end":{"line":196,"column":24}},"2":{"start":{"line":2,"column":0},"end":{"line":2,"column":31}},"3":{"start":{"line":6,"column":20},"end":{"line":6,"column":21}},"4":{"start":{"line":7,"column":27},"end":{"line":7,"column":31}},"5":{"start":{"line":19,"column":20},"end":{"line":24,"column":11}},"6":{"start":{"line":26,"column":12},"end":{"line":26,"column":13}},"7":{"start":{"line":29,"column":2},"end":{"line":29,"column":48}},"8":{"start":{"line":30,"column":2},"end":{"line":30,"column":26}},"9":{"start":{"line":57,"column":22},"end":{"line":57,"column":70}},"10":{"start":{"line":59,"column":25},"end":{"line":73,"column":1}},"11":{"start":{"line":60,"column":2},"end":{"line":62,"column":3}},"12":{"start":{"line":61,"column":4},"end":{"line":61,"column":11}},"13":{"start":{"line":64,"column":18},"end":{"line":70,"column":24}},"14":{"start":{"line":65,"column":4},"end":{"line":65,"column":34}},"15":{"start":{"line":66,"column":4},"end":{"line":69,"column":7}},"16":{"start":{"line":72,"column":2},"end":{"line":72,"column":38}},"17":{"start":{"line":75,"column":23},"end":{"line":128,"column":1}},"18":{"start":{"line":76,"column":2},"end":{"line":127,"column":3}},"19":{"start":{"line":78,"column":6},"end":{"line":81,"column":8}},"20":{"start":{"line":84,"column":6},"end":{"line":89,"column":8}},"21":{"start":{"line":87,"column":10},"end":{"line":87,"column":66}},"22":{"start":{"line":92,"column":26},"end":{"line":92,"column":32}},"23":{"start":{"line":96,"column":6},"end":{"line":102,"column":7}},"24":{"start":{"line":97,"column":8},"end":{"line":97,"column":34}},"25":{"start":{"line":99,"column":8},"end":{"line":101,"column":11}},"26":{"start":{"line":100,"column":10},"end":{"line":100,"column":37}},"27":{"start":{"line":104,"column":6},"end":{"line":114,"column":8}},"28":{"start":{"line":107,"column":10},"end":{"line":112,"column":15}},"29":{"start":{"line":117,"column":6},"end":{"line":122,"column":7}},"30":{"start":{"line":118,"column":8},"end":{"line":121,"column":10}},"31":{"start":{"line":123,"column":6},"end":{"line":126,"column":8}},"32":{"start":{"line":125,"column":43},"end":{"line":125,"column":66}},"33":{"start":{"line":75,"column":13},"end":{"line":75,"column":23}},"34":{"start":{"line":130,"column":49},"end":{"line":130,"column":51}},"35":{"start":{"line":132,"column":25},"end":{"line":132,"column":39}},"36":{"start":{"line":135,"column":2},"end":{"line":135,"column":45}},"37":{"start":{"line":136,"column":2},"end":{"line":138,"column":5}},"38":{"start":{"line":137,"column":4},"end":{"line":137,"column":26}},"39":{"start":{"line":144,"column":13},"end":{"line":144,"column":20}},"40":{"start":{"line":146,"column":17},"end":{"line":150,"column":6}},"41":{"start":{"line":147,"column":4},"end":{"line":150,"column":6}},"42":{"start":{"line":151,"column":18},"end":{"line":151,"column":72}},"43":{"start":{"line":151,"column":24},"end":{"line":151,"column":72}},"44":{"start":{"line":153,"column":2},"end":{"line":163,"column":5}},"45":{"start":{"line":160,"column":8},"end":{"line":160,"column":29}},"46":{"start":{"line":160,"column":19},"end":{"line":160,"column":29}},"47":{"start":{"line":165,"column":2},"end":{"line":167,"column":43}},"48":{"start":{"line":166,"column":4},"end":{"line":166,"column":14}},"49":{"start":{"line":169,"column":2},"end":{"line":173,"column":4}},"50":{"start":{"line":177,"column":28},"end":{"line":177,"column":62}},"51":{"start":{"line":179,"column":2},"end":{"line":187,"column":14}},"52":{"start":{"line":180,"column":4},"end":{"line":180,"column":29}},"53":{"start":{"line":181,"column":4},"end":{"line":186,"column":6}},"54":{"start":{"line":182,"column":20},"end":{"line":182,"column":47}},"55":{"start":{"line":183,"column":6},"end":{"line":185,"column":7}},"56":{"start":{"line":184,"column":8},"end":{"line":184,"column":35}},"57":{"start":{"line":189,"column":2},"end":{"line":193,"column":4}},"58":{"start":{"line":192,"column":35},"end":{"line":192,"column":79}}},"fnMap":{"0":{"name":"genId","decl":{"start":{"line":28,"column":9},"end":{"line":28,"column":14}},"loc":{"start":{"line":28,"column":14},"end":{"line":31,"column":1}}},"1":{"name":"(anonymous_10)","decl":{"start":{"line":59,"column":25},"end":{"line":59,"column":26}},"loc":{"start":{"line":59,"column":45},"end":{"line":73,"column":1}}},"2":{"name":"(anonymous_11)","decl":{"start":{"line":64,"column":29},"end":{"line":64,"column":32}},"loc":{"start":{"line":64,"column":34},"end":{"line":70,"column":3}}},"3":{"name":"(anonymous_12)","decl":{"start":{"line":75,"column":23},"end":{"line":75,"column":24}},"loc":{"start":{"line":75,"column":63},"end":{"line":128,"column":1}}},"4":{"name":"(anonymous_13)","decl":{"start":{"line":86,"column":33},"end":{"line":86,"column":34}},"loc":{"start":{"line":87,"column":10},"end":{"line":87,"column":66}}},"5":{"name":"(anonymous_14)","decl":{"start":{"line":99,"column":29},"end":{"line":99,"column":30}},"loc":{"start":{"line":99,"column":39},"end":{"line":101,"column":9}}},"6":{"name":"(anonymous_15)","decl":{"start":{"line":106,"column":33},"end":{"line":106,"column":34}},"loc":{"start":{"line":107,"column":10},"end":{"line":112,"column":15}}},"7":{"name":"(anonymous_16)","decl":{"start":{"line":125,"column":36},"end":{"line":125,"column":37}},"loc":{"start":{"line":125,"column":43},"end":{"line":125,"column":66}}},"8":{"name":"dispatch","decl":{"start":{"line":134,"column":9},"end":{"line":134,"column":17}},"loc":{"start":{"line":134,"column":32},"end":{"line":139,"column":1}}},"9":{"name":"(anonymous_18)","decl":{"start":{"line":136,"column":20},"end":{"line":136,"column":21}},"loc":{"start":{"line":136,"column":33},"end":{"line":138,"column":3}}},"10":{"name":"toast","decl":{"start":{"line":143,"column":9},"end":{"line":143,"column":14}},"loc":{"start":{"line":143,"column":34},"end":{"line":174,"column":1}}},"11":{"name":"(anonymous_20)","decl":{"start":{"line":146,"column":17},"end":{"line":146,"column":18}},"loc":{"start":{"line":147,"column":4},"end":{"line":150,"column":6}}},"12":{"name":"(anonymous_21)","decl":{"start":{"line":151,"column":18},"end":{"line":151,"column":21}},"loc":{"start":{"line":151,"column":24},"end":{"line":151,"column":72}}},"13":{"name":"(anonymous_22)","decl":{"start":{"line":159,"column":20},"end":{"line":159,"column":21}},"loc":{"start":{"line":159,"column":29},"end":{"line":161,"column":7}}},"14":{"name":"(anonymous_23)","decl":{"start":{"line":165,"column":13},"end":{"line":165,"column":16}},"loc":{"start":{"line":165,"column":18},"end":{"line":167,"column":3}}},"15":{"name":"useToast","decl":{"start":{"line":176,"column":9},"end":{"line":176,"column":17}},"loc":{"start":{"line":176,"column":17},"end":{"line":194,"column":1}}},"16":{"name":"(anonymous_25)","decl":{"start":{"line":179,"column":18},"end":{"line":179,"column":21}},"loc":{"start":{"line":179,"column":23},"end":{"line":187,"column":3}}},"17":{"name":"(anonymous_26)","decl":{"start":{"line":181,"column":11},"end":{"line":181,"column":14}},"loc":{"start":{"line":181,"column":16},"end":{"line":186,"column":5}}},"18":{"name":"(anonymous_27)","decl":{"start":{"line":192,"column":13},"end":{"line":192,"column":14}},"loc":{"start":{"line":192,"column":35},"end":{"line":192,"column":79}}}},"branchMap":{"0":{"loc":{"start":{"line":60,"column":2},"end":{"line":62,"column":3}},"type":"if","locations":[{"start":{"line":60,"column":2},"end":{"line":62,"column":3}},{"start":{},"end":{}}]},"1":{"loc":{"start":{"line":76,"column":2},"end":{"line":127,"column":3}},"type":"switch","locations":[{"start":{"line":77,"column":4},"end":{"line":81,"column":8}},{"start":{"line":83,"column":4},"end":{"line":89,"column":8}},{"start":{"line":91,"column":4},"end":{"line":115,"column":5}},{"start":{"line":116,"column":4},"end":{"line":126,"column":8}}]},"2":{"loc":{"start":{"line":87,"column":10},"end":{"line":87,"column":66}},"type":"cond-expr","locations":[{"start":{"line":87,"column":37},"end":{"line":87,"column":62}},{"start":{"line":87,"column":65},"end":{"line":87,"column":66}}]},"3":{"loc":{"start":{"line":96,"column":6},"end":{"line":102,"column":7}},"type":"if","locations":[{"start":{"line":96,"column":6},"end":{"line":102,"column":7}},{"start":{"line":98,"column":13},"end":{"line":102,"column":7}}]},"4":{"loc":{"start":{"line":107,"column":10},"end":{"line":112,"column":15}},"type":"cond-expr","locations":[{"start":{"line":108,"column":14},"end":{"line":111,"column":null}},{"start":{"line":112,"column":14},"end":{"line":112,"column":15}}]},"5":{"loc":{"start":{"line":107,"column":10},"end":{"line":107,"column":51}},"type":"binary-expr","locations":[{"start":{"line":107,"column":10},"end":{"line":107,"column":26}},{"start":{"line":107,"column":30},"end":{"line":107,"column":51}}]},"6":{"loc":{"start":{"line":117,"column":6},"end":{"line":122,"column":7}},"type":"if","locations":[{"start":{"line":117,"column":6},"end":{"line":122,"column":7}},{"start":{},"end":{}}]},"7":{"loc":{"start":{"line":160,"column":8},"end":{"line":160,"column":29}},"type":"if","locations":[{"start":{"line":160,"column":8},"end":{"line":160,"column":29}},{"start":{},"end":{}}]},"8":{"loc":{"start":{"line":167,"column":5},"end":{"line":167,"column":41}},"type":"binary-expr","locations":[{"start":{"line":167,"column":5},"end":{"line":167,"column":19}},{"start":{"line":167,"column":23},"end":{"line":167,"column":41}}]},"9":{"loc":{"start":{"line":183,"column":6},"end":{"line":185,"column":7}},"type":"if","locations":[{"start":{"line":183,"column":6},"end":{"line":185,"column":7}},{"start":{},"end":{}}]}},"s":{"0":1,"1":1,"2":1,"3":1,"4":1,"5":1,"6":1,"7":1,"8":1,"9":1,"10":1,"11":1,"12":0,"13":1,"14":0,"15":0,"16":1,"17":1,"18":14,"19":3,"20":1,"21":1,"22":8,"23":8,"24":1,"25":7,"26":0,"27":8,"28":1,"29":2,"30":1,"31":1,"32":2,"33":1,"34":1,"35":1,"36":8,"37":8,"38":9,"39":1,"40":1,"41":0,"42":1,"43":0,"44":1,"45":0,"46":0,"47":1,"48":0,"49":1,"50":17,"51":17,"52":17,"53":17,"54":17,"55":17,"56":17,"57":17,"58":7},"f":{"0":1,"1":1,"2":0,"3":14,"4":1,"5":0,"6":1,"7":2,"8":8,"9":9,"10":1,"11":0,"12":0,"13":0,"14":0,"15":17,"16":17,"17":17,"18":7},"b":{"0":[0,1],"1":[3,1,8,2],"2":[1,0],"3":[1,7],"4":[1,0],"5":[1,0],"6":[1,1],"7":[0,0],"8":[1,1],"9":[17,0]}}
,"/home/luozhi/Documents/HRM-Gene/frontend/src/hooks/useAuth.ts": {"path":"/home/luozhi/Documents/HRM-Gene/frontend/src/hooks/useAuth.ts","statementMap":{"0":{"start":{"line":4,"column":0},"end":{"line":4,"column":16}},"1":{"start":{"line":2,"column":0},"end":{"line":2,"column":56}},"2":{"start":{"line":5,"column":2},"end":{"line":5,"column":26}}},"fnMap":{"0":{"name":"useAuth","decl":{"start":{"line":4,"column":16},"end":{"line":4,"column":23}},"loc":{"start":{"line":4,"column":23},"end":{"line":6,"column":1}}}},"branchMap":{},"s":{"0":2,"1":2,"2":1},"f":{"0":1},"b":{}}
,"/home/luozhi/Documents/HRM-Gene/frontend/src/hooks/useCheckPermission.ts": {"path":"/home/luozhi/Documents/HRM-Gene/frontend/src/hooks/useCheckPermission.ts","statementMap":{"0":{"start":{"line":3,"column":0},"end":{"line":3,"column":16}},"1":{"start":{"line":1,"column":0},"end":{"line":1,"column":42}},"2":{"start":{"line":4,"column":19},"end":{"line":4,"column":28}},"3":{"start":{"line":6,"column":26},"end":{"line":34,"column":3}},"4":{"start":{"line":7,"column":4},"end":{"line":7,"column":28}},"5":{"start":{"line":7,"column":15},"end":{"line":7,"column":28}},"6":{"start":{"line":9,"column":25},"end":{"line":9,"column":72}},"7":{"start":{"line":10,"column":22},"end":{"line":10,"column":48}},"8":{"start":{"line":12,"column":4},"end":{"line":18,"column":5}},"9":{"start":{"line":17,"column":6},"end":{"line":17,"column":18}},"10":{"start":{"line":20,"column":24},"end":{"line":20,"column":46}},"11":{"start":{"line":21,"column":27},"end":{"line":21,"column":49}},"12":{"start":{"line":23,"column":4},"end":{"line":33,"column":7}},"13":{"start":{"line":25,"column":6},"end":{"line":27,"column":7}},"14":{"start":{"line":26,"column":8},"end":{"line":26,"column":39}},"15":{"start":{"line":29,"column":6},"end":{"line":31,"column":7}},"16":{"start":{"line":30,"column":8},"end":{"line":30,"column":66}},"17":{"start":{"line":32,"column":6},"end":{"line":32,"column":19}},"18":{"start":{"line":36,"column":2},"end":{"line":36,"column":29}}},"fnMap":{"0":{"name":"useCheckPermission","decl":{"start":{"line":3,"column":16},"end":{"line":3,"column":34}},"loc":{"start":{"line":3,"column":34},"end":{"line":37,"column":1}}},"1":{"name":"(anonymous_1)","decl":{"start":{"line":6,"column":26},"end":{"line":6,"column":27}},"loc":{"start":{"line":6,"column":71},"end":{"line":34,"column":3}}},"2":{"name":"(anonymous_2)","decl":{"start":{"line":23,"column":28},"end":{"line":23,"column":29}},"loc":{"start":{"line":23,"column":42},"end":{"line":33,"column":5}}}},"branchMap":{"0":{"loc":{"start":{"line":7,"column":4},"end":{"line":7,"column":28}},"type":"if","locations":[{"start":{"line":7,"column":4},"end":{"line":7,"column":28}},{"start":{},"end":{}}]},"1":{"loc":{"start":{"line":9,"column":25},"end":{"line":9,"column":72}},"type":"binary-expr","locations":[{"start":{"line":9,"column":25},"end":{"line":9,"column":34}},{"start":{"line":9,"column":38},"end":{"line":9,"column":66}},{"start":{"line":9,"column":70},"end":{"line":9,"column":72}}]},"2":{"loc":{"start":{"line":12,"column":4},"end":{"line":18,"column":5}},"type":"if","locations":[{"start":{"line":12,"column":4},"end":{"line":18,"column":5}},{"start":{},"end":{}}]},"3":{"loc":{"start":{"line":13,"column":6},"end":{"line":15,"column":40}},"type":"binary-expr","locations":[{"start":{"line":13,"column":6},"end":{"line":13,"column":27}},{"start":{"line":14,"column":6},"end":{"line":14,"column":34}},{"start":{"line":15,"column":6},"end":{"line":15,"column":40}}]},"4":{"loc":{"start":{"line":20,"column":24},"end":{"line":20,"column":46}},"type":"binary-expr","locations":[{"start":{"line":20,"column":24},"end":{"line":20,"column":40}},{"start":{"line":20,"column":44},"end":{"line":20,"column":46}}]},"5":{"loc":{"start":{"line":25,"column":6},"end":{"line":27,"column":7}},"type":"if","locations":[{"start":{"line":25,"column":6},"end":{"line":27,"column":7}},{"start":{},"end":{}}]},"6":{"loc":{"start":{"line":29,"column":6},"end":{"line":31,"column":7}},"type":"if","locations":[{"start":{"line":29,"column":6},"end":{"line":31,"column":7}},{"start":{},"end":{}}]},"7":{"loc":{"start":{"line":29,"column":10},"end":{"line":29,"column":51}},"type":"binary-expr","locations":[{"start":{"line":29,"column":10},"end":{"line":29,"column":34}},{"start":{"line":29,"column":38},"end":{"line":29,"column":51}}]},"8":{"loc":{"start":{"line":30,"column":15},"end":{"line":30,"column":65}},"type":"binary-expr","locations":[{"start":{"line":30,"column":15},"end":{"line":30,"column":37}},{"start":{"line":30,"column":41},"end":{"line":30,"column":65}}]}},"s":{"0":1,"1":1,"2":8,"3":8,"4":8,"5":1,"6":7,"7":7,"8":7,"9":4,"10":3,"11":3,"12":3,"13":3,"14":2,"15":1,"16":1,"17":0,"18":8},"f":{"0":8,"1":8,"2":3},"b":{"0":[1,7],"1":[7,1,0],"2":[4,3],"3":[7,6,4],"4":[3,0],"5":[2,1],"6":[1,0],"7":[1,1],"8":[1,1]}}
,"/home/luozhi/Documents/HRM-Gene/frontend/src/hooks/useNotifications.ts": {"path":"/home/luozhi/Documents/HRM-Gene/frontend/src/hooks/useNotifications.ts","statementMap":{"0":{"start":{"line":7,"column":0},"end":{"line":7,"column":16}},"1":{"start":{"line":3,"column":0},"end":{"line":3,"column":89}},"2":{"start":{"line":8,"column":2},"end":{"line":8,"column":34}}},"fnMap":{"0":{"name":"useNotifications","decl":{"start":{"line":7,"column":16},"end":{"line":7,"column":32}},"loc":{"start":{"line":7,"column":32},"end":{"line":9,"column":1}}}},"branchMap":{},"s":{"0":1,"1":1,"2":4},"f":{"0":4},"b":{}}
,"/home/luozhi/Documents/HRM-Gene/frontend/src/i18n/i18n.ts": {"path":"/home/luozhi/Documents/HRM-Gene/frontend/src/i18n/i18n.ts","statementMap":{"0":{"start":{"line":1,"column":0},"end":{"line":1,"column":27}},"1":{"start":{"line":2,"column":0},"end":{"line":2,"column":49}},"2":{"start":{"line":3,"column":0},"end":{"line":3,"column":64}},"3":{"start":{"line":6,"column":0},"end":{"line":6,"column":35}},"4":{"start":{"line":7,"column":0},"end":{"line":7,"column":35}},"5":{"start":{"line":9,"column":29},"end":{"line":22,"column":2}},"6":{"start":{"line":24,"column":0},"end":{"line":27,"column":17}},"7":{"start":{"line":29,"column":0},"end":{"line":29,"column":20}}},"fnMap":{},"branchMap":{},"s":{"0":1,"1":1,"2":1,"3":1,"4":1,"5":1,"6":1,"7":1},"f":{},"b":{}}
,"/home/luozhi/Documents/HRM-Gene/frontend/src/lib/adminAccess.ts": {"path":"/home/luozhi/Documents/HRM-Gene/frontend/src/lib/adminAccess.ts","statementMap":{"0":{"start":{"line":28,"column":0},"end":{"line":28,"column":16}},"1":{"start":{"line":37,"column":0},"end":{"line":37,"column":16}},"2":{"start":{"line":43,"column":0},"end":{"line":43,"column":16}},"3":{"start":{"line":63,"column":0},"end":{"line":63,"column":16}},"4":{"start":{"line":74,"column":0},"end":{"line":74,"column":16}},"5":{"start":{"line":89,"column":0},"end":{"line":89,"column":16}},"6":{"start":{"line":100,"column":0},"end":{"line":100,"column":16}},"7":{"start":{"line":115,"column":0},"end":{"line":115,"column":16}},"8":{"start":{"line":130,"column":0},"end":{"line":130,"column":16}},"9":{"start":{"line":11,"column":27},"end":{"line":17,"column":2}},"10":{"start":{"line":29,"column":2},"end":{"line":33,"column":4}},"11":{"start":{"line":38,"column":14},"end":{"line":38,"column":35}},"12":{"start":{"line":39,"column":2},"end":{"line":39,"column":68}},"13":{"start":{"line":39,"column":38},"end":{"line":39,"column":66}},"14":{"start":{"line":44,"column":2},"end":{"line":44,"column":49}},"15":{"start":{"line":44,"column":37},"end":{"line":44,"column":49}},"16":{"start":{"line":45,"column":2},"end":{"line":56,"column":16}},"17":{"start":{"line":46,"column":21},"end":{"line":46,"column":100}},"18":{"start":{"line":46,"column":59},"end":{"line":46,"column":99}},"19":{"start":{"line":47,"column":4},"end":{"line":55,"column":5}},"20":{"start":{"line":48,"column":21},"end":{"line":48,"column":53}},"21":{"start":{"line":49,"column":6},"end":{"line":54,"column":7}},"22":{"start":{"line":50,"column":23},"end":{"line":50,"column":41}},"23":{"start":{"line":51,"column":8},"end":{"line":53,"column":9}},"24":{"start":{"line":52,"column":10},"end":{"line":52,"column":23}},"25":{"start":{"line":57,"column":2},"end":{"line":57,"column":14}},"26":{"start":{"line":64,"column":2},"end":{"line":64,"column":61}},"27":{"start":{"line":64,"column":48},"end":{"line":64,"column":61}},"28":{"start":{"line":65,"column":2},"end":{"line":65,"column":43}},"29":{"start":{"line":65,"column":31},"end":{"line":65,"column":43}},"30":{"start":{"line":66,"column":2},"end":{"line":70,"column":4}},"31":{"start":{"line":75,"column":2},"end":{"line":75,"column":67}},"32":{"start":{"line":75,"column":54},"end":{"line":75,"column":67}},"33":{"start":{"line":76,"column":2},"end":{"line":76,"column":43}},"34":{"start":{"line":76,"column":31},"end":{"line":76,"column":43}},"35":{"start":{"line":79,"column":19},"end":{"line":79,"column":73}},"36":{"start":{"line":80,"column":2},"end":{"line":80,"column":48}},"37":{"start":{"line":80,"column":36},"end":{"line":80,"column":48}},"38":{"start":{"line":82,"column":2},"end":{"line":85,"column":4}},"39":{"start":{"line":90,"column":2},"end":{"line":90,"column":64}},"40":{"start":{"line":90,"column":51},"end":{"line":90,"column":64}},"41":{"start":{"line":91,"column":2},"end":{"line":91,"column":43}},"42":{"start":{"line":91,"column":31},"end":{"line":91,"column":43}},"43":{"start":{"line":92,"column":2},"end":{"line":96,"column":4}},"44":{"start":{"line":101,"column":2},"end":{"line":101,"column":68}},"45":{"start":{"line":101,"column":55},"end":{"line":101,"column":68}},"46":{"start":{"line":102,"column":2},"end":{"line":102,"column":43}},"47":{"start":{"line":102,"column":31},"end":{"line":102,"column":43}},"48":{"start":{"line":105,"column":19},"end":{"line":105,"column":73}},"49":{"start":{"line":106,"column":2},"end":{"line":106,"column":43}},"50":{"start":{"line":106,"column":31},"end":{"line":106,"column":43}},"51":{"start":{"line":108,"column":2},"end":{"line":111,"column":4}},"52":{"start":{"line":116,"column":2},"end":{"line":116,"column":62}},"53":{"start":{"line":116,"column":49},"end":{"line":116,"column":62}},"54":{"start":{"line":117,"column":2},"end":{"line":117,"column":43}},"55":{"start":{"line":117,"column":31},"end":{"line":117,"column":43}},"56":{"start":{"line":120,"column":19},"end":{"line":120,"column":73}},"57":{"start":{"line":121,"column":2},"end":{"line":121,"column":43}},"58":{"start":{"line":121,"column":31},"end":{"line":121,"column":43}},"59":{"start":{"line":123,"column":2},"end":{"line":126,"column":4}},"60":{"start":{"line":131,"column":2},"end":{"line":131,"column":60}},"61":{"start":{"line":131,"column":47},"end":{"line":131,"column":60}},"62":{"start":{"line":132,"column":2},"end":{"line":132,"column":43}},"63":{"start":{"line":132,"column":31},"end":{"line":132,"column":43}},"64":{"start":{"line":135,"column":19},"end":{"line":135,"column":73}},"65":{"start":{"line":136,"column":2},"end":{"line":136,"column":75}},"66":{"start":{"line":136,"column":63},"end":{"line":136,"column":75}},"67":{"start":{"line":138,"column":2},"end":{"line":138,"column":57}}},"fnMap":{"0":{"name":"getPositionName","decl":{"start":{"line":28,"column":16},"end":{"line":28,"column":31}},"loc":{"start":{"line":28,"column":42},"end":{"line":34,"column":1}}},"1":{"name":"isAdminBypassRole","decl":{"start":{"line":37,"column":16},"end":{"line":37,"column":33}},"loc":{"start":{"line":37,"column":44},"end":{"line":40,"column":1}}},"2":{"name":"(anonymous_2)","decl":{"start":{"line":39,"column":33},"end":{"line":39,"column":34}},"loc":{"start":{"line":39,"column":38},"end":{"line":39,"column":66}}},"3":{"name":"isPathAllowedForDept","decl":{"start":{"line":43,"column":16},"end":{"line":43,"column":36}},"loc":{"start":{"line":43,"column":49},"end":{"line":58,"column":1}}},"4":{"name":"(anonymous_4)","decl":{"start":{"line":46,"column":54},"end":{"line":46,"column":55}},"loc":{"start":{"line":46,"column":59},"end":{"line":46,"column":99}}},"5":{"name":"canManageSystem","decl":{"start":{"line":63,"column":16},"end":{"line":63,"column":31}},"loc":{"start":{"line":63,"column":42},"end":{"line":71,"column":1}}},"6":{"name":"canManagePayroll","decl":{"start":{"line":74,"column":16},"end":{"line":74,"column":32}},"loc":{"start":{"line":74,"column":43},"end":{"line":86,"column":1}}},"7":{"name":"canManagePermissions","decl":{"start":{"line":89,"column":16},"end":{"line":89,"column":36}},"loc":{"start":{"line":89,"column":47},"end":{"line":97,"column":1}}},"8":{"name":"canManageLeave","decl":{"start":{"line":100,"column":16},"end":{"line":100,"column":30}},"loc":{"start":{"line":100,"column":41},"end":{"line":112,"column":1}}},"9":{"name":"canManageEmployees","decl":{"start":{"line":115,"column":16},"end":{"line":115,"column":34}},"loc":{"start":{"line":115,"column":45},"end":{"line":127,"column":1}}},"10":{"name":"canManageReports","decl":{"start":{"line":130,"column":16},"end":{"line":130,"column":32}},"loc":{"start":{"line":130,"column":43},"end":{"line":139,"column":1}}}},"branchMap":{"0":{"loc":{"start":{"line":30,"column":4},"end":{"line":32,"column":6}},"type":"binary-expr","locations":[{"start":{"line":30,"column":4},"end":{"line":30,"column":48}},{"start":{"line":31,"column":4},"end":{"line":31,"column":29}},{"start":{"line":32,"column":4},"end":{"line":32,"column":6}}]},"1":{"loc":{"start":{"line":39,"column":38},"end":{"line":39,"column":66}},"type":"binary-expr","locations":[{"start":{"line":39,"column":38},"end":{"line":39,"column":47}},{"start":{"line":39,"column":51},"end":{"line":39,"column":66}}]},"2":{"loc":{"start":{"line":44,"column":2},"end":{"line":44,"column":49}},"type":"if","locations":[{"start":{"line":44,"column":2},"end":{"line":44,"column":49}},{"start":{},"end":{}}]},"3":{"loc":{"start":{"line":47,"column":4},"end":{"line":55,"column":5}},"type":"if","locations":[{"start":{"line":47,"column":4},"end":{"line":55,"column":5}},{"start":{},"end":{}}]},"4":{"loc":{"start":{"line":49,"column":6},"end":{"line":54,"column":7}},"type":"if","locations":[{"start":{"line":49,"column":6},"end":{"line":54,"column":7}},{"start":{},"end":{}}]},"5":{"loc":{"start":{"line":51,"column":8},"end":{"line":53,"column":9}},"type":"if","locations":[{"start":{"line":51,"column":8},"end":{"line":53,"column":9}},{"start":{},"end":{}}]},"6":{"loc":{"start":{"line":64,"column":2},"end":{"line":64,"column":61}},"type":"if","locations":[{"start":{"line":64,"column":2},"end":{"line":64,"column":61}},{"start":{},"end":{}}]},"7":{"loc":{"start":{"line":65,"column":2},"end":{"line":65,"column":43}},"type":"if","locations":[{"start":{"line":65,"column":2},"end":{"line":65,"column":43}},{"start":{},"end":{}}]},"8":{"loc":{"start":{"line":67,"column":4},"end":{"line":69,"column":68}},"type":"binary-expr","locations":[{"start":{"line":67,"column":4},"end":{"line":67,"column":50}},{"start":{"line":68,"column":4},"end":{"line":68,"column":62}},{"start":{"line":69,"column":4},"end":{"line":69,"column":68}}]},"9":{"loc":{"start":{"line":75,"column":2},"end":{"line":75,"column":67}},"type":"if","locations":[{"start":{"line":75,"column":2},"end":{"line":75,"column":67}},{"start":{},"end":{}}]},"10":{"loc":{"start":{"line":76,"column":2},"end":{"line":76,"column":43}},"type":"if","locations":[{"start":{"line":76,"column":2},"end":{"line":76,"column":43}},{"start":{},"end":{}}]},"11":{"loc":{"start":{"line":79,"column":19},"end":{"line":79,"column":73}},"type":"binary-expr","locations":[{"start":{"line":79,"column":19},"end":{"line":79,"column":67}},{"start":{"line":79,"column":71},"end":{"line":79,"column":73}}]},"12":{"loc":{"start":{"line":80,"column":2},"end":{"line":80,"column":48}},"type":"if","locations":[{"start":{"line":80,"column":2},"end":{"line":80,"column":48}},{"start":{},"end":{}}]},"13":{"loc":{"start":{"line":83,"column":4},"end":{"line":84,"column":59}},"type":"binary-expr","locations":[{"start":{"line":83,"column":4},"end":{"line":83,"column":51}},{"start":{"line":84,"column":4},"end":{"line":84,"column":59}}]},"14":{"loc":{"start":{"line":90,"column":2},"end":{"line":90,"column":64}},"type":"if","locations":[{"start":{"line":90,"column":2},"end":{"line":90,"column":64}},{"start":{},"end":{}}]},"15":{"loc":{"start":{"line":91,"column":2},"end":{"line":91,"column":43}},"type":"if","locations":[{"start":{"line":91,"column":2},"end":{"line":91,"column":43}},{"start":{},"end":{}}]},"16":{"loc":{"start":{"line":93,"column":4},"end":{"line":95,"column":73}},"type":"binary-expr","locations":[{"start":{"line":93,"column":4},"end":{"line":93,"column":50}},{"start":{"line":94,"column":4},"end":{"line":94,"column":71}},{"start":{"line":95,"column":4},"end":{"line":95,"column":73}}]},"17":{"loc":{"start":{"line":101,"column":2},"end":{"line":101,"column":68}},"type":"if","locations":[{"start":{"line":101,"column":2},"end":{"line":101,"column":68}},{"start":{},"end":{}}]},"18":{"loc":{"start":{"line":102,"column":2},"end":{"line":102,"column":43}},"type":"if","locations":[{"start":{"line":102,"column":2},"end":{"line":102,"column":43}},{"start":{},"end":{}}]},"19":{"loc":{"start":{"line":105,"column":19},"end":{"line":105,"column":73}},"type":"binary-expr","locations":[{"start":{"line":105,"column":19},"end":{"line":105,"column":67}},{"start":{"line":105,"column":71},"end":{"line":105,"column":73}}]},"20":{"loc":{"start":{"line":106,"column":2},"end":{"line":106,"column":43}},"type":"if","locations":[{"start":{"line":106,"column":2},"end":{"line":106,"column":43}},{"start":{},"end":{}}]},"21":{"loc":{"start":{"line":109,"column":4},"end":{"line":110,"column":57}},"type":"binary-expr","locations":[{"start":{"line":109,"column":4},"end":{"line":109,"column":49}},{"start":{"line":110,"column":4},"end":{"line":110,"column":57}}]},"22":{"loc":{"start":{"line":116,"column":2},"end":{"line":116,"column":62}},"type":"if","locations":[{"start":{"line":116,"column":2},"end":{"line":116,"column":62}},{"start":{},"end":{}}]},"23":{"loc":{"start":{"line":117,"column":2},"end":{"line":117,"column":43}},"type":"if","locations":[{"start":{"line":117,"column":2},"end":{"line":117,"column":43}},{"start":{},"end":{}}]},"24":{"loc":{"start":{"line":120,"column":19},"end":{"line":120,"column":73}},"type":"binary-expr","locations":[{"start":{"line":120,"column":19},"end":{"line":120,"column":67}},{"start":{"line":120,"column":71},"end":{"line":120,"column":73}}]},"25":{"loc":{"start":{"line":121,"column":2},"end":{"line":121,"column":43}},"type":"if","locations":[{"start":{"line":121,"column":2},"end":{"line":121,"column":43}},{"start":{},"end":{}}]},"26":{"loc":{"start":{"line":124,"column":4},"end":{"line":125,"column":61}},"type":"binary-expr","locations":[{"start":{"line":124,"column":4},"end":{"line":124,"column":46}},{"start":{"line":125,"column":4},"end":{"line":125,"column":61}}]},"27":{"loc":{"start":{"line":131,"column":2},"end":{"line":131,"column":60}},"type":"if","locations":[{"start":{"line":131,"column":2},"end":{"line":131,"column":60}},{"start":{},"end":{}}]},"28":{"loc":{"start":{"line":132,"column":2},"end":{"line":132,"column":43}},"type":"if","locations":[{"start":{"line":132,"column":2},"end":{"line":132,"column":43}},{"start":{},"end":{}}]},"29":{"loc":{"start":{"line":135,"column":19},"end":{"line":135,"column":73}},"type":"binary-expr","locations":[{"start":{"line":135,"column":19},"end":{"line":135,"column":67}},{"start":{"line":135,"column":71},"end":{"line":135,"column":73}}]},"30":{"loc":{"start":{"line":136,"column":2},"end":{"line":136,"column":75}},"type":"if","locations":[{"start":{"line":136,"column":2},"end":{"line":136,"column":75}},{"start":{},"end":{}}]},"31":{"loc":{"start":{"line":136,"column":6},"end":{"line":136,"column":61}},"type":"binary-expr","locations":[{"start":{"line":136,"column":6},"end":{"line":136,"column":34}},{"start":{"line":136,"column":38},"end":{"line":136,"column":61}}]},"32":{"loc":{"start":{"line":138,"column":9},"end":{"line":138,"column":56}},"type":"binary-expr","locations":[{"start":{"line":138,"column":9},"end":{"line":138,"column":30}},{"start":{"line":138,"column":34},"end":{"line":138,"column":56}}]}},"s":{"0":1,"1":1,"2":1,"3":1,"4":1,"5":1,"6":1,"7":1,"8":1,"9":1,"10":18,"11":15,"12":15,"13":64,"14":12,"15":0,"16":12,"17":12,"18":0,"19":12,"20":0,"21":0,"22":0,"23":0,"24":0,"25":12,"26":3,"27":0,"28":3,"29":1,"30":2,"31":2,"32":0,"33":2,"34":0,"35":2,"36":2,"37":1,"38":1,"39":2,"40":0,"41":2,"42":1,"43":1,"44":2,"45":0,"46":2,"47":1,"48":1,"49":1,"50":0,"51":1,"52":3,"53":0,"54":3,"55":2,"56":1,"57":1,"58":0,"59":1,"60":0,"61":0,"62":0,"63":0,"64":0,"65":0,"66":0,"67":0},"f":{"0":18,"1":15,"2":64,"3":12,"4":0,"5":3,"6":2,"7":2,"8":2,"9":3,"10":0},"b":{"0":[18,5,1],"1":[64,57],"2":[0,12],"3":[0,12],"4":[0,0],"5":[0,0],"6":[0,3],"7":[1,2],"8":[2,1,1],"9":[0,2],"10":[0,2],"11":[2,1],"12":[1,1],"13":[1,1],"14":[0,2],"15":[1,1],"16":[1,1,1],"17":[0,2],"18":[1,1],"19":[1,0],"20":[0,1],"21":[1,1],"22":[0,3],"23":[2,1],"24":[1,0],"25":[0,1],"26":[1,1],"27":[0,0],"28":[0,0],"29":[0,0],"30":[0,0],"31":[0,0],"32":[0,0]}}
,"/home/luozhi/Documents/HRM-Gene/frontend/src/lib/menuVisibility.ts": {"path":"/home/luozhi/Documents/HRM-Gene/frontend/src/lib/menuVisibility.ts","statementMap":{"0":{"start":{"line":21,"column":0},"end":{"line":21,"column":16}},"1":{"start":{"line":22,"column":2},"end":{"line":22,"column":26}},"2":{"start":{"line":22,"column":13},"end":{"line":22,"column":26}},"3":{"start":{"line":25,"column":19},"end":{"line":25,"column":82}},"4":{"start":{"line":26,"column":19},"end":{"line":30,"column":17}},"5":{"start":{"line":33,"column":2},"end":{"line":35,"column":3}},"6":{"start":{"line":34,"column":4},"end":{"line":34,"column":16}},"7":{"start":{"line":38,"column":33},"end":{"line":38,"column":50}},"8":{"start":{"line":41,"column":2},"end":{"line":53,"column":3}},"9":{"start":{"line":42,"column":26},"end":{"line":42,"column":74}},"10":{"start":{"line":42,"column":58},"end":{"line":42,"column":73}},"11":{"start":{"line":45,"column":4},"end":{"line":47,"column":5}},"12":{"start":{"line":46,"column":6},"end":{"line":46,"column":18}},"13":{"start":{"line":50,"column":4},"end":{"line":52,"column":5}},"14":{"start":{"line":51,"column":6},"end":{"line":51,"column":19}},"15":{"start":{"line":56,"column":2},"end":{"line":59,"column":3}},"16":{"start":{"line":57,"column":26},"end":{"line":57,"column":68}},"17":{"start":{"line":57,"column":52},"end":{"line":57,"column":67}},"18":{"start":{"line":58,"column":4},"end":{"line":58,"column":44}},"19":{"start":{"line":62,"column":2},"end":{"line":62,"column":14}},"20":{"start":{"line":68,"column":13},"end":{"line":85,"column":2}}},"fnMap":{"0":{"name":"checkMenuVisibility","decl":{"start":{"line":21,"column":16},"end":{"line":21,"column":35}},"loc":{"start":{"line":21,"column":65},"end":{"line":63,"column":1}}},"1":{"name":"(anonymous_1)","decl":{"start":{"line":42,"column":51},"end":{"line":42,"column":52}},"loc":{"start":{"line":42,"column":58},"end":{"line":42,"column":73}}},"2":{"name":"(anonymous_2)","decl":{"start":{"line":57,"column":45},"end":{"line":57,"column":46}},"loc":{"start":{"line":57,"column":52},"end":{"line":57,"column":67}}}},"branchMap":{"0":{"loc":{"start":{"line":22,"column":2},"end":{"line":22,"column":26}},"type":"if","locations":[{"start":{"line":22,"column":2},"end":{"line":22,"column":26}},{"start":{},"end":{}}]},"1":{"loc":{"start":{"line":25,"column":20},"end":{"line":25,"column":67}},"type":"binary-expr","locations":[{"start":{"line":25,"column":20},"end":{"line":25,"column":29}},{"start":{"line":25,"column":33},"end":{"line":25,"column":61}},{"start":{"line":25,"column":65},"end":{"line":25,"column":67}}]},"2":{"loc":{"start":{"line":27,"column":4},"end":{"line":29,"column":46}},"type":"cond-expr","locations":[{"start":{"line":28,"column":8},"end":{"line":28,"column":23}},{"start":{"line":29,"column":8},"end":{"line":29,"column":46}}]},"3":{"loc":{"start":{"line":29,"column":8},"end":{"line":29,"column":46}},"type":"binary-expr","locations":[{"start":{"line":29,"column":8},"end":{"line":29,"column":40}},{"start":{"line":29,"column":44},"end":{"line":29,"column":46}}]},"4":{"loc":{"start":{"line":33,"column":2},"end":{"line":35,"column":3}},"type":"if","locations":[{"start":{"line":33,"column":2},"end":{"line":35,"column":3}},{"start":{},"end":{}}]},"5":{"loc":{"start":{"line":33,"column":6},"end":{"line":33,"column":84}},"type":"binary-expr","locations":[{"start":{"line":33,"column":6},"end":{"line":33,"column":29}},{"start":{"line":33,"column":33},"end":{"line":33,"column":60}},{"start":{"line":33,"column":64},"end":{"line":33,"column":84}}]},"6":{"loc":{"start":{"line":41,"column":2},"end":{"line":53,"column":3}},"type":"if","locations":[{"start":{"line":41,"column":2},"end":{"line":53,"column":3}},{"start":{},"end":{}}]},"7":{"loc":{"start":{"line":41,"column":6},"end":{"line":41,"column":61}},"type":"binary-expr","locations":[{"start":{"line":41,"column":6},"end":{"line":41,"column":26}},{"start":{"line":41,"column":30},"end":{"line":41,"column":61}}]},"8":{"loc":{"start":{"line":45,"column":4},"end":{"line":47,"column":5}},"type":"if","locations":[{"start":{"line":45,"column":4},"end":{"line":47,"column":5}},{"start":{},"end":{}}]},"9":{"loc":{"start":{"line":50,"column":4},"end":{"line":52,"column":5}},"type":"if","locations":[{"start":{"line":50,"column":4},"end":{"line":52,"column":5}},{"start":{},"end":{}}]},"10":{"loc":{"start":{"line":56,"column":2},"end":{"line":59,"column":3}},"type":"if","locations":[{"start":{"line":56,"column":2},"end":{"line":59,"column":3}},{"start":{},"end":{}}]},"11":{"loc":{"start":{"line":56,"column":6},"end":{"line":56,"column":49}},"type":"binary-expr","locations":[{"start":{"line":56,"column":6},"end":{"line":56,"column":20}},{"start":{"line":56,"column":24},"end":{"line":56,"column":49}}]}},"s":{"0":1,"1":6,"2":1,"3":5,"4":5,"5":5,"6":2,"7":3,"8":3,"9":3,"10":3,"11":3,"12":1,"13":2,"14":1,"15":1,"16":1,"17":1,"18":1,"19":0,"20":1},"f":{"0":6,"1":3,"2":1},"b":{"0":[1,5],"1":[5,0,0],"2":[0,5],"3":[5,0],"4":[2,3],"5":[5,4,3],"6":[3,0],"7":[3,3],"8":[1,2],"9":[1,1],"10":[1,0],"11":[1,1]}}
,"/home/luozhi/Documents/HRM-Gene/frontend/src/lib/utils.ts": {"path":"/home/luozhi/Documents/HRM-Gene/frontend/src/lib/utils.ts","statementMap":{"0":{"start":{"line":4,"column":0},"end":{"line":4,"column":16}},"1":{"start":{"line":1,"column":0},"end":{"line":1,"column":44}},"2":{"start":{"line":2,"column":0},"end":{"line":2,"column":40}},"3":{"start":{"line":5,"column":2},"end":{"line":5,"column":null}}},"fnMap":{"0":{"name":"cn","decl":{"start":{"line":4,"column":16},"end":{"line":4,"column":18}},"loc":{"start":{"line":4,"column":42},"end":{"line":6,"column":1}}}},"branchMap":{},"s":{"0":1,"1":1,"2":1,"3":5},"f":{"0":5},"b":{}}
,"/home/luozhi/Documents/HRM-Gene/frontend/src/utils/api.ts": {"path":"/home/luozhi/Documents/HRM-Gene/frontend/src/utils/api.ts","statementMap":{"0":{"start":{"line":5,"column":27},"end":{"line":9,"column":1}},"1":{"start":{"line":6,"column":2},"end":{"line":8,"column":4}},"2":{"start":{"line":7,"column":46},"end":{"line":7,"column":67}},"3":{"start":{"line":5,"column":13},"end":{"line":5,"column":27}},"4":{"start":{"line":14,"column":29},"end":{"line":24,"column":1}},"5":{"start":{"line":15,"column":18},"end":{"line":15,"column":37}},"6":{"start":{"line":16,"column":23},"end":{"line":16,"column":44}},"7":{"start":{"line":18,"column":2},"end":{"line":20,"column":5}},"8":{"start":{"line":19,"column":4},"end":{"line":19,"column":44}},"9":{"start":{"line":22,"column":22},"end":{"line":22,"column":45}},"10":{"start":{"line":23,"column":2},"end":{"line":23,"column":46}},"11":{"start":{"line":14,"column":13},"end":{"line":14,"column":29}}},"fnMap":{"0":{"name":"(anonymous_0)","decl":{"start":{"line":5,"column":27},"end":{"line":5,"column":28}},"loc":{"start":{"line":5,"column":59},"end":{"line":9,"column":1}}},"1":{"name":"(anonymous_1)","decl":{"start":{"line":7,"column":34},"end":{"line":7,"column":35}},"loc":{"start":{"line":7,"column":46},"end":{"line":7,"column":67}}},"2":{"name":"(anonymous_2)","decl":{"start":{"line":14,"column":29},"end":{"line":14,"column":30}},"loc":{"start":{"line":14,"column":61},"end":{"line":24,"column":1}}},"3":{"name":"(anonymous_3)","decl":{"start":{"line":18,"column":34},"end":{"line":18,"column":35}},"loc":{"start":{"line":18,"column":51},"end":{"line":20,"column":3}}}},"branchMap":{"0":{"loc":{"start":{"line":7,"column":46},"end":{"line":7,"column":67}},"type":"binary-expr","locations":[{"start":{"line":7,"column":46},"end":{"line":7,"column":55}},{"start":{"line":7,"column":59},"end":{"line":7,"column":67}}]},"1":{"loc":{"start":{"line":23,"column":9},"end":{"line":23,"column":45}},"type":"cond-expr","locations":[{"start":{"line":23,"column":23},"end":{"line":23,"column":40}},{"start":{"line":23,"column":43},"end":{"line":23,"column":45}}]}},"s":{"0":1,"1":4,"2":9,"3":1,"4":1,"5":3,"6":3,"7":3,"8":2,"9":3,"10":3,"11":1},"f":{"0":4,"1":9,"2":3,"3":2},"b":{"0":[9,6],"1":[2,1]}}
}
