TN:
SF:src/components/ContextualChat.tsx
FN:26,ContextualChat
FN:33,(anonymous_10)
FN:37,(anonymous_11)
FN:41,(anonymous_12)
FN:61,(anonymous_13)
FN:67,(anonymous_14)
FN:83,(anonymous_15)
FN:106,(anonymous_16)
FN:106,(anonymous_17)
FN:109,(anonymous_18)
FN:109,(anonymous_19)
FN:147,(anonymous_20)
FN:191,(anonymous_21)
FN:192,(anonymous_22)
FNF:14
FNH:11
FNDA:17,ContextualChat
FNDA:6,(anonymous_10)
FNDA:15,(anonymous_11)
FNDA:6,(anonymous_12)
FNDA:15,(anonymous_13)
FNDA:2,(anonymous_14)
FNDA:2,(anonymous_15)
FNDA:0,(anonymous_16)
FNDA:0,(anonymous_17)
FNDA:1,(anonymous_18)
FNDA:1,(anonymous_19)
FNDA:4,(anonymous_20)
FNDA:2,(anonymous_21)
FNDA:0,(anonymous_22)
DA:3,1
DA:4,1
DA:5,1
DA:7,1
DA:26,1
DA:27,17
DA:28,17
DA:29,17
DA:30,17
DA:31,17
DA:33,17
DA:34,6
DA:37,17
DA:38,15
DA:41,17
DA:42,6
DA:43,6
DA:44,6
DA:45,6
DA:50,6
DA:51,6
DA:52,6
DA:55,0
DA:57,6
DA:61,17
DA:62,15
DA:63,9
DA:67,17
DA:68,2
DA:69,2
DA:71,2
DA:83,2
DA:84,2
DA:86,2
DA:87,2
DA:88,2
DA:101,2
DA:102,1
DA:105,1
DA:106,1
DA:108,1
DA:109,1
DA:113,17
DA:114,6
DA:129,11
DA:148,4
DA:149,4
DA:151,4
DA:191,2
DA:193,0
DA:194,0
DA:195,0
LF:52
LH:48
BRDA:44,0,0,6
BRDA:44,0,1,6
BRDA:47,1,0,0
BRDA:47,1,1,6
BRDA:50,2,0,6
BRDA:50,2,1,0
BRDA:62,3,0,9
BRDA:62,3,1,6
BRDA:69,4,0,0
BRDA:69,4,1,2
BRDA:69,5,0,2
BRDA:69,5,1,2
BRDA:87,6,0,2
BRDA:87,6,1,2
BRDA:92,7,0,0
BRDA:92,7,1,2
BRDA:101,8,0,1
BRDA:101,8,1,1
BRDA:106,9,0,0
BRDA:106,9,1,0
BRDA:113,10,0,6
BRDA:113,10,1,11
BRDA:113,11,0,17
BRDA:113,11,1,6
BRDA:136,12,0,8
BRDA:136,12,1,3
BRDA:152,13,0,3
BRDA:152,13,1,1
BRDA:152,14,0,3
BRDA:152,14,1,1
BRDA:154,15,0,4
BRDA:154,15,1,1
BRDA:157,16,0,1
BRDA:157,16,1,0
BRDA:168,17,0,3
BRDA:168,17,1,1
BRDA:176,18,0,3
BRDA:176,18,1,1
BRDA:193,19,0,0
BRDA:193,19,1,0
BRDA:193,20,0,0
BRDA:193,20,1,0
BRF:42
BRH:31
end_of_record
TN:
SF:src/components/Dashboard/AdminDashboardWidget.tsx
FN:30,AdminDashboardWidget
FN:34,(anonymous_11)
FN:36,(anonymous_12)
FN:37,(anonymous_13)
FN:41,(anonymous_14)
FN:51,(anonymous_15)
FN:96,(anonymous_16)
FNF:7
FNH:7
FNDA:12,AdminDashboardWidget
FNDA:6,(anonymous_11)
FNDA:5,(anonymous_12)
FNDA:5,(anonymous_13)
FNDA:1,(anonymous_14)
FNDA:24,(anonymous_15)
FNDA:24,(anonymous_16)
DA:2,1
DA:3,1
DA:12,1
DA:30,1
DA:31,12
DA:32,12
DA:34,12
DA:35,6
DA:36,5
DA:38,5
DA:39,5
DA:42,1
DA:43,1
DA:47,12
DA:48,6
DA:51,24
DA:56,6
DA:87,6
DA:97,24
LF:19
LH:19
BRDA:47,0,0,6
BRDA:47,0,1,6
BRDA:59,1,0,6
BRDA:59,1,1,1
BRDA:66,2,0,6
BRDA:66,2,1,1
BRDA:73,3,0,6
BRDA:73,3,1,1
BRDA:80,4,0,6
BRDA:80,4,1,1
BRDA:80,5,0,6
BRDA:80,5,1,1
BRF:12
BRH:12
end_of_record
TN:
SF:src/components/Dashboard/EmployeeDashboardWidget.tsx
FN:24,EmployeeDashboardWidget
FN:29,(anonymous_11)
FN:31,(anonymous_12)
FN:32,(anonymous_13)
FN:36,(anonymous_14)
FN:46,(anonymous_15)
FN:125,(anonymous_16)
FNF:7
FNH:7
FNDA:12,EmployeeDashboardWidget
FNDA:6,(anonymous_11)
FNDA:5,(anonymous_12)
FNDA:5,(anonymous_13)
FNDA:1,(anonymous_14)
FNDA:18,(anonymous_15)
FNDA:8,(anonymous_16)
DA:2,1
DA:3,1
DA:12,1
DA:13,1
DA:24,1
DA:25,12
DA:26,12
DA:27,12
DA:29,12
DA:30,6
DA:31,5
DA:33,5
DA:34,5
DA:37,1
DA:38,1
DA:42,12
DA:43,6
DA:46,18
DA:52,6
DA:126,8
LF:20
LH:20
BRDA:42,0,0,6
BRDA:42,0,1,6
BRDA:122,1,0,1
BRDA:122,1,1,5
BRDA:129,2,0,4
BRDA:129,2,1,4
BRF:6
BRH:6
end_of_record
TN:
SF:src/context/AuthContext.tsx
FN:29,(anonymous_9)
FN:36,(anonymous_10)
FN:68,(anonymous_11)
FN:74,(anonymous_12)
FN:75,(anonymous_13)
FN:90,(anonymous_14)
FN:103,(anonymous_15)
FN:107,(anonymous_16)
FN:122,(anonymous_17)
FN:128,(anonymous_18)
FN:150,useAuthContext
FNF:11
FNH:11
FNDA:15,(anonymous_9)
FNDA:7,(anonymous_10)
FNDA:6,(anonymous_11)
FNDA:1,(anonymous_12)
FNDA:1,(anonymous_13)
FNDA:1,(anonymous_14)
FNDA:6,(anonymous_15)
FNDA:2,(anonymous_16)
FNDA:6,(anonymous_17)
FNDA:15,(anonymous_18)
FNDA:20,useAuthContext
DA:2,3
DA:9,3
DA:27,3
DA:29,3
DA:32,15
DA:33,15
DA:36,15
DA:37,7
DA:38,7
DA:51,7
DA:55,6
DA:56,2
DA:57,2
DA:59,4
DA:60,4
DA:62,1
DA:64,7
DA:68,15
DA:69,6
DA:74,15
DA:75,1
DA:76,1
DA:77,1
DA:78,1
DA:83,0
DA:87,1
DA:88,1
DA:90,1
DA:91,1
DA:97,1
DA:98,1
DA:103,15
DA:104,6
DA:106,6
DA:107,6
DA:108,2
DA:111,2
DA:112,0
DA:114,0
DA:115,0
DA:116,0
DA:119,2
DA:122,6
DA:123,6
DA:128,15
DA:129,15
DA:131,8
DA:132,8
DA:134,8
DA:135,0
DA:136,0
DA:140,15
DA:147,15
DA:150,3
DA:151,20
DA:152,19
DA:153,15
LF:57
LH:50
BRDA:55,0,0,2
BRDA:55,0,1,4
BRDA:77,1,0,1
BRDA:77,1,1,1
BRDA:87,2,0,1
BRDA:87,2,1,0
BRDA:104,3,0,0
BRDA:104,3,1,6
BRDA:111,4,0,0
BRDA:111,4,1,2
BRDA:112,5,0,0
BRDA:112,5,1,0
BRDA:114,6,0,0
BRDA:114,6,1,0
BRDA:114,7,0,0
BRDA:114,7,1,0
BRDA:129,8,0,7
BRDA:129,8,1,8
BRDA:132,9,0,8
BRDA:132,9,1,8
BRDA:132,9,2,8
BRDA:134,10,0,0
BRDA:134,10,1,8
BRDA:134,11,0,8
BRDA:134,11,1,4
BRDA:152,12,0,4
BRDA:152,12,1,15
BRF:27
BRH:17
end_of_record
TN:
SF:src/context/CompanyContext.tsx
FN:27,(anonymous_9)
FN:31,(anonymous_10)
FN:48,(anonymous_11)
FN:52,(anonymous_12)
FN:65,(anonymous_13)
FN:66,(anonymous_14)
FN:76,(anonymous_15)
FNF:7
FNH:7
FNDA:13,(anonymous_9)
FNDA:6,(anonymous_10)
FNDA:5,(anonymous_11)
FNDA:7,(anonymous_12)
FNDA:2,(anonymous_13)
FNDA:2,(anonymous_14)
FNDA:17,(anonymous_15)
DA:2,1
DA:25,1
DA:27,1
DA:28,13
DA:29,13
DA:31,13
DA:32,6
DA:33,6
DA:34,6
DA:37,6
DA:38,4
DA:39,4
DA:42,0
DA:44,6
DA:48,13
DA:49,5
DA:52,13
DA:53,7
DA:54,7
DA:56,7
DA:57,7
DA:58,5
DA:59,5
DA:60,5
DA:62,7
DA:65,13
DA:66,2
DA:69,13
DA:76,1
DA:77,17
DA:78,16
DA:79,4
DA:81,12
LF:33
LH:32
BRDA:33,0,0,6
BRDA:33,0,1,6
BRDA:37,1,0,4
BRDA:37,1,1,2
BRDA:53,2,0,7
BRDA:53,2,1,7
BRDA:54,3,0,1
BRDA:54,3,1,6
BRDA:57,4,0,5
BRDA:57,4,1,2
BRDA:66,5,0,1
BRDA:66,5,1,1
BRDA:78,6,0,4
BRDA:78,6,1,12
BRF:14
BRH:14
end_of_record
TN:
SF:src/hooks/use-status.tsx
FN:6,useShowStatus
FN:9,(anonymous_1)
FNF:2
FNH:2
FNDA:5,useShowStatus
FNDA:5,(anonymous_1)
DA:2,1
DA:6,1
DA:7,5
DA:9,5
DA:13,5
DA:14,1
DA:20,4
DA:21,1
DA:26,3
DA:27,1
DA:34,2
DA:43,5
LF:12
LH:12
BRDA:13,0,0,1
BRDA:13,0,1,4
BRDA:20,1,0,1
BRDA:20,1,1,3
BRDA:26,2,0,1
BRDA:26,2,1,2
BRF:6
BRH:6
end_of_record
TN:
SF:src/hooks/use-toast.ts
FN:28,genId
FN:59,(anonymous_10)
FN:64,(anonymous_11)
FN:75,(anonymous_12)
FN:86,(anonymous_13)
FN:99,(anonymous_14)
FN:106,(anonymous_15)
FN:125,(anonymous_16)
FN:134,dispatch
FN:136,(anonymous_18)
FN:143,toast
FN:146,(anonymous_20)
FN:151,(anonymous_21)
FN:159,(anonymous_22)
FN:165,(anonymous_23)
FN:176,useToast
FN:179,(anonymous_25)
FN:181,(anonymous_26)
FN:192,(anonymous_27)
FNF:19
FNH:13
FNDA:1,genId
FNDA:1,(anonymous_10)
FNDA:0,(anonymous_11)
FNDA:14,(anonymous_12)
FNDA:1,(anonymous_13)
FNDA:0,(anonymous_14)
FNDA:1,(anonymous_15)
FNDA:2,(anonymous_16)
FNDA:8,dispatch
FNDA:9,(anonymous_18)
FNDA:1,toast
FNDA:0,(anonymous_20)
FNDA:0,(anonymous_21)
FNDA:0,(anonymous_22)
FNDA:0,(anonymous_23)
FNDA:17,useToast
FNDA:17,(anonymous_25)
FNDA:17,(anonymous_26)
FNDA:7,(anonymous_27)
DA:2,1
DA:6,1
DA:7,1
DA:19,1
DA:26,1
DA:29,1
DA:30,1
DA:57,1
DA:59,1
DA:60,1
DA:61,0
DA:64,1
DA:65,0
DA:66,0
DA:72,1
DA:75,1
DA:76,14
DA:78,3
DA:84,1
DA:87,1
DA:92,8
DA:96,8
DA:97,1
DA:99,7
DA:100,0
DA:104,8
DA:107,1
DA:117,2
DA:118,1
DA:123,1
DA:125,2
DA:130,1
DA:132,1
DA:135,8
DA:136,8
DA:137,9
DA:144,1
DA:146,1
DA:147,0
DA:151,1
DA:153,1
DA:160,0
DA:165,1
DA:166,0
DA:169,1
DA:177,17
DA:179,17
DA:180,17
DA:181,17
DA:182,17
DA:183,17
DA:184,17
DA:189,17
DA:192,7
DA:196,1
LF:55
LH:48
BRDA:60,0,0,0
BRDA:60,0,1,1
BRDA:76,1,0,3
BRDA:76,1,1,1
BRDA:76,1,2,8
BRDA:76,1,3,2
BRDA:87,2,0,1
BRDA:87,2,1,0
BRDA:96,3,0,1
BRDA:96,3,1,7
BRDA:107,4,0,1
BRDA:107,4,1,0
BRDA:107,5,0,1
BRDA:107,5,1,0
BRDA:117,6,0,1
BRDA:117,6,1,1
BRDA:160,7,0,0
BRDA:160,7,1,0
BRDA:167,8,0,1
BRDA:167,8,1,1
BRDA:183,9,0,17
BRDA:183,9,1,0
BRF:22
BRH:15
end_of_record
TN:
SF:src/hooks/useAuth.ts
FN:4,useAuth
FNF:1
FNH:1
FNDA:1,useAuth
DA:2,2
DA:4,2
DA:5,1
LF:3
LH:3
BRF:0
BRH:0
end_of_record
TN:
SF:src/hooks/useCheckPermission.ts
FN:3,useCheckPermission
FN:6,(anonymous_1)
FN:23,(anonymous_2)
FNF:3
FNH:3
FNDA:8,useCheckPermission
FNDA:8,(anonymous_1)
FNDA:3,(anonymous_2)
DA:1,1
DA:3,1
DA:4,8
DA:6,8
DA:7,8
DA:9,7
DA:10,7
DA:12,7
DA:17,4
DA:20,3
DA:21,3
DA:23,3
DA:25,3
DA:26,2
DA:29,1
DA:30,1
DA:32,0
DA:36,8
LF:18
LH:17
BRDA:7,0,0,1
BRDA:7,0,1,7
BRDA:9,1,0,7
BRDA:9,1,1,1
BRDA:9,1,2,0
BRDA:12,2,0,4
BRDA:12,2,1,3
BRDA:13,3,0,7
BRDA:13,3,1,6
BRDA:13,3,2,4
BRDA:20,4,0,3
BRDA:20,4,1,0
BRDA:25,5,0,2
BRDA:25,5,1,1
BRDA:29,6,0,1
BRDA:29,6,1,0
BRDA:29,7,0,1
BRDA:29,7,1,1
BRDA:30,8,0,1
BRDA:30,8,1,1
BRF:20
BRH:17
end_of_record
TN:
SF:src/hooks/useNotifications.ts
FN:7,useNotifications
FNF:1
FNH:1
FNDA:4,useNotifications
DA:3,1
DA:7,1
DA:8,4
LF:3
LH:3
BRF:0
BRH:0
end_of_record
TN:
SF:src/i18n/i18n.ts
FNF:0
FNH:0
DA:1,1
DA:2,1
DA:3,1
DA:6,1
DA:7,1
DA:9,1
DA:24,1
DA:29,1
LF:8
LH:8
BRF:0
BRH:0
end_of_record
TN:
SF:src/lib/adminAccess.ts
FN:28,getPositionName
FN:37,isAdminBypassRole
FN:39,(anonymous_2)
FN:43,isPathAllowedForDept
FN:46,(anonymous_4)
FN:63,canManageSystem
FN:74,canManagePayroll
FN:89,canManagePermissions
FN:100,canManageLeave
FN:115,canManageEmployees
FN:130,canManageReports
FNF:11
FNH:9
FNDA:18,getPositionName
FNDA:15,isAdminBypassRole
FNDA:64,(anonymous_2)
FNDA:12,isPathAllowedForDept
FNDA:0,(anonymous_4)
FNDA:3,canManageSystem
FNDA:2,canManagePayroll
FNDA:2,canManagePermissions
FNDA:2,canManageLeave
FNDA:3,canManageEmployees
FNDA:0,canManageReports
DA:11,1
DA:28,1
DA:29,18
DA:37,1
DA:38,15
DA:39,64
DA:43,1
DA:44,12
DA:45,12
DA:46,12
DA:47,12
DA:48,0
DA:49,0
DA:50,0
DA:51,0
DA:52,0
DA:57,12
DA:63,1
DA:64,3
DA:65,3
DA:66,2
DA:74,1
DA:75,2
DA:76,2
DA:79,2
DA:80,2
DA:82,1
DA:89,1
DA:90,2
DA:91,2
DA:92,1
DA:100,1
DA:101,2
DA:102,2
DA:105,1
DA:106,1
DA:108,1
DA:115,1
DA:116,3
DA:117,3
DA:120,1
DA:121,1
DA:123,1
DA:130,1
DA:131,0
DA:132,0
DA:135,0
DA:136,0
DA:138,0
LF:49
LH:39
BRDA:30,0,0,18
BRDA:30,0,1,5
BRDA:30,0,2,1
BRDA:39,1,0,64
BRDA:39,1,1,57
BRDA:44,2,0,0
BRDA:44,2,1,12
BRDA:47,3,0,0
BRDA:47,3,1,12
BRDA:49,4,0,0
BRDA:49,4,1,0
BRDA:51,5,0,0
BRDA:51,5,1,0
BRDA:64,6,0,0
BRDA:64,6,1,3
BRDA:65,7,0,1
BRDA:65,7,1,2
BRDA:67,8,0,2
BRDA:67,8,1,1
BRDA:67,8,2,1
BRDA:75,9,0,0
BRDA:75,9,1,2
BRDA:76,10,0,0
BRDA:76,10,1,2
BRDA:79,11,0,2
BRDA:79,11,1,1
BRDA:80,12,0,1
BRDA:80,12,1,1
BRDA:83,13,0,1
BRDA:83,13,1,1
BRDA:90,14,0,0
BRDA:90,14,1,2
BRDA:91,15,0,1
BRDA:91,15,1,1
BRDA:93,16,0,1
BRDA:93,16,1,1
BRDA:93,16,2,1
BRDA:101,17,0,0
BRDA:101,17,1,2
BRDA:102,18,0,1
BRDA:102,18,1,1
BRDA:105,19,0,1
BRDA:105,19,1,0
BRDA:106,20,0,0
BRDA:106,20,1,1
BRDA:109,21,0,1
BRDA:109,21,1,1
BRDA:116,22,0,0
BRDA:116,22,1,3
BRDA:117,23,0,2
BRDA:117,23,1,1
BRDA:120,24,0,1
BRDA:120,24,1,0
BRDA:121,25,0,0
BRDA:121,25,1,1
BRDA:124,26,0,1
BRDA:124,26,1,1
BRDA:131,27,0,0
BRDA:131,27,1,0
BRDA:132,28,0,0
BRDA:132,28,1,0
BRDA:135,29,0,0
BRDA:135,29,1,0
BRDA:136,30,0,0
BRDA:136,30,1,0
BRDA:136,31,0,0
BRDA:136,31,1,0
BRDA:138,32,0,0
BRDA:138,32,1,0
BRF:69
BRH:41
end_of_record
TN:
SF:src/lib/menuVisibility.ts
FN:21,checkMenuVisibility
FN:42,(anonymous_1)
FN:57,(anonymous_2)
FNF:3
FNH:3
FNDA:6,checkMenuVisibility
FNDA:3,(anonymous_1)
FNDA:1,(anonymous_2)
DA:21,1
DA:22,6
DA:25,5
DA:26,5
DA:33,5
DA:34,2
DA:38,3
DA:41,3
DA:42,3
DA:45,3
DA:46,1
DA:50,2
DA:51,1
DA:56,1
DA:57,1
DA:58,1
DA:62,0
DA:68,1
LF:18
LH:17
BRDA:22,0,0,1
BRDA:22,0,1,5
BRDA:25,1,0,5
BRDA:25,1,1,0
BRDA:25,1,2,0
BRDA:27,2,0,0
BRDA:27,2,1,5
BRDA:29,3,0,5
BRDA:29,3,1,0
BRDA:33,4,0,2
BRDA:33,4,1,3
BRDA:33,5,0,5
BRDA:33,5,1,4
BRDA:33,5,2,3
BRDA:41,6,0,3
BRDA:41,6,1,0
BRDA:41,7,0,3
BRDA:41,7,1,3
BRDA:45,8,0,1
BRDA:45,8,1,2
BRDA:50,9,0,1
BRDA:50,9,1,1
BRDA:56,10,0,1
BRDA:56,10,1,0
BRDA:56,11,0,1
BRDA:56,11,1,1
BRF:26
BRH:20
end_of_record
TN:
SF:src/lib/utils.ts
FN:4,cn
FNF:1
FNH:1
FNDA:5,cn
DA:1,1
DA:2,1
DA:4,1
DA:5,5
LF:4
LH:4
BRF:0
BRH:0
end_of_record
TN:
SF:src/utils/api.ts
FN:5,(anonymous_0)
FN:7,(anonymous_1)
FN:14,(anonymous_2)
FN:18,(anonymous_3)
FNF:4
FNH:4
FNDA:4,(anonymous_0)
FNDA:9,(anonymous_1)
FNDA:3,(anonymous_2)
FNDA:2,(anonymous_3)
DA:5,1
DA:6,4
DA:7,9
DA:14,1
DA:15,3
DA:16,3
DA:18,3
DA:19,2
DA:22,3
DA:23,3
LF:10
LH:10
BRDA:7,0,0,9
BRDA:7,0,1,6
BRDA:23,1,0,2
BRDA:23,1,1,1
BRF:4
BRH:4
end_of_record
