{"numFailedTestSuites":8,"numFailedTests":26,"numPassedTestSuites":34,"numPassedTests":310,"numPendingTestSuites":0,"numPendingTests":0,"numRuntimeErrorTestSuites":1,"numTodoTests":0,"numTotalTestSuites":42,"numTotalTests":336,"openHandles":[],"snapshot":{"added":0,"didUpdate":false,"failure":false,"filesAdded":0,"filesRemoved":0,"filesRemovedList":[],"filesUnmatched":0,"filesUpdated":0,"matched":0,"total":0,"unchecked":0,"uncheckedKeysByFile":[],"unmatched":0,"updated":0},"startTime":1780299290207,"success":false,"testResults":[{"assertionResults":[{"ancestorTitles":["DepartmentsService","create"],"duration":71,"failing":false,"failureDetails":[{}],"failureMessages":["TypeError: this.deptRepo.createQueryBuilder is not a function\n    at DepartmentsService.create (/home/luozhi/Documents/HRM-Gene/backend/src/modules/departments/departments.service.ts:28:8)\n    at Object.<anonymous> (/home/luozhi/Documents/HRM-Gene/backend/src/modules/departments/departments.service.spec.ts:41:36)\n    at Promise.finally.completed (/home/luozhi/Documents/HRM-Gene/backend/node_modules/jest-circus/build/jestAdapterInit.js:1561:28)\n    at new Promise (<anonymous>)\n    at callAsyncCircusFn (/home/luozhi/Documents/HRM-Gene/backend/node_modules/jest-circus/build/jestAdapterInit.js:1501:10)\n    at _callCircusTest (/home/luozhi/Documents/HRM-Gene/backend/node_modules/jest-circus/build/jestAdapterInit.js:1011:40)\n    at processTicksAndRejections (node:internal/process/task_queues:95:5)\n    at _runTest (/home/luozhi/Documents/HRM-Gene/backend/node_modules/jest-circus/build/jestAdapterInit.js:951:3)\n    at /home/luozhi/Documents/HRM-Gene/backend/node_modules/jest-circus/build/jestAdapterInit.js:853:7\n    at _runTestsForDescribeBlock (/home/luozhi/Documents/HRM-Gene/backend/node_modules/jest-circus/build/jestAdapterInit.js:866:11)\n    at _runTestsForDescribeBlock (/home/luozhi/Documents/HRM-Gene/backend/node_modules/jest-circus/build/jestAdapterInit.js:861:11)\n    at _runTestsForDescribeBlock (/home/luozhi/Documents/HRM-Gene/backend/node_modules/jest-circus/build/jestAdapterInit.js:861:11)\n    at run (/home/luozhi/Documents/HRM-Gene/backend/node_modules/jest-circus/build/jestAdapterInit.js:765:3)\n    at runAndTransformResultsToJestFormat (/home/luozhi/Documents/HRM-Gene/backend/node_modules/jest-circus/build/jestAdapterInit.js:1993:21)\n    at jestAdapter (/home/luozhi/Documents/HRM-Gene/backend/node_modules/jest-circus/build/runner.js:111:19)\n    at runTestInternal (/home/luozhi/Documents/HRM-Gene/backend/node_modules/jest-runner/build/testWorker.js:276:16)\n    at runTest (/home/luozhi/Documents/HRM-Gene/backend/node_modules/jest-runner/build/testWorker.js:344:7)\n    at Object.worker (/home/luozhi/Documents/HRM-Gene/backend/node_modules/jest-runner/build/testWorker.js:498:12)"],"fullName":"DepartmentsService create should create and save a new department","invocations":1,"location":null,"numPassingAsserts":0,"retryReasons":[],"startAt":1780299311627,"status":"failed","title":"should create and save a new department"},{"ancestorTitles":["DepartmentsService","findAll"],"duration":58,"failing":false,"failureDetails":[],"failureMessages":[],"fullName":"DepartmentsService findAll should return array of departments","invocations":1,"location":null,"numPassingAsserts":1,"retryReasons":[],"startAt":1780299311753,"status":"passed","title":"should return array of departments"},{"ancestorTitles":["DepartmentsService","findOne"],"duration":42,"failing":false,"failureDetails":[],"failureMessages":[],"fullName":"DepartmentsService findOne should throw NotFoundException if not found","invocations":1,"location":null,"numPassingAsserts":1,"retryReasons":[],"startAt":1780299311812,"status":"passed","title":"should throw NotFoundException if not found"},{"ancestorTitles":["DepartmentsService","findOne"],"duration":25,"failing":false,"failureDetails":[],"failureMessages":[],"fullName":"DepartmentsService findOne should return department","invocations":1,"location":null,"numPassingAsserts":1,"retryReasons":[],"startAt":1780299311857,"status":"passed","title":"should return department"},{"ancestorTitles":["DepartmentsService","update"],"duration":23,"failing":false,"failureDetails":[],"failureMessages":[],"fullName":"DepartmentsService update should throw NotFoundException if not found","invocations":1,"location":null,"numPassingAsserts":1,"retryReasons":[],"startAt":1780299311883,"status":"passed","title":"should throw NotFoundException if not found"},{"ancestorTitles":["DepartmentsService","update"],"duration":17,"failing":false,"failureDetails":[{}],"failureMessages":["TypeError: this.deptRepo.createQueryBuilder is not a function\n    at DepartmentsService.update (/home/luozhi/Documents/HRM-Gene/backend/src/modules/departments/departments.service.ts:62:10)\n    at processTicksAndRejections (node:internal/process/task_queues:95:5)\n    at Object.<anonymous> (/home/luozhi/Documents/HRM-Gene/backend/src/modules/departments/departments.service.spec.ts:79:7)"],"fullName":"DepartmentsService update should update department name correctly","invocations":1,"location":null,"numPassingAsserts":0,"retryReasons":[],"startAt":1780299311910,"status":"failed","title":"should update department name correctly"},{"ancestorTitles":["DepartmentsService","remove"],"duration":23,"failing":false,"failureDetails":[],"failureMessages":[],"fullName":"DepartmentsService remove should throw NotFoundException if not found","invocations":1,"location":null,"numPassingAsserts":1,"retryReasons":[],"startAt":1780299311928,"status":"passed","title":"should throw NotFoundException if not found"},{"ancestorTitles":["DepartmentsService","remove"],"duration":11,"failing":false,"failureDetails":[],"failureMessages":[],"fullName":"DepartmentsService remove should throw BadRequestException if employees are assigned","invocations":1,"location":null,"numPassingAsserts":1,"retryReasons":[],"startAt":1780299311959,"status":"passed","title":"should throw BadRequestException if employees are assigned"},{"ancestorTitles":["DepartmentsService","remove"],"duration":28,"failing":false,"failureDetails":[],"failureMessages":[],"fullName":"DepartmentsService remove should remove department and return deleted: true","invocations":1,"location":null,"numPassingAsserts":2,"retryReasons":[],"startAt":1780299311972,"status":"passed","title":"should remove department and return deleted: true"}],"endTime":1780299312146,"message":"  ● DepartmentsService › create › should create and save a new department\n\n    TypeError: this.deptRepo.createQueryBuilder is not a function\n\n      26 |     const nameTrimmed = dto.department_name.trim();\n      27 |     const existing = await this.deptRepo\n    > 28 |       .createQueryBuilder(\"dept\")\n         |        ^\n      29 |       .where(\"LOWER(dept.department_name) = LOWER(:name)\", { name: nameTrimmed })\n      30 |       .getOne();\n      31 |     if (existing) {\n\n      at DepartmentsService.create (src/modules/departments/departments.service.ts:28:8)\n      at Object.<anonymous> (src/modules/departments/departments.service.spec.ts:41:36)\n\n  ● DepartmentsService › update › should update department name correctly\n\n    TypeError: this.deptRepo.createQueryBuilder is not a function\n\n      60 |       const nameTrimmed = dto.department_name.trim();\n      61 |       const existing = await this.deptRepo\n    > 62 |         .createQueryBuilder(\"dept\")\n         |          ^\n      63 |         .where(\"LOWER(dept.department_name) = LOWER(:name)\", { name: nameTrimmed })\n      64 |         .andWhere(\"dept.department_id != :id\", { id })\n      65 |         .getOne();\n\n      at DepartmentsService.update (src/modules/departments/departments.service.ts:62:10)\n      at Object.<anonymous> (src/modules/departments/departments.service.spec.ts:79:7)\n","name":"/home/luozhi/Documents/HRM-Gene/backend/src/modules/departments/departments.service.spec.ts","startTime":1780299291871,"status":"failed","summary":""},{"assertionResults":[{"ancestorTitles":["KpiService","createLibrary"],"duration":70,"failing":false,"failureDetails":[{"type":"KpiService","context":{"index":5,"dependencies":[null,"KpiLibraryRepository","KpiPeriodRepository","KpiAssignmentRepository","EmployeeRepository","SalaryConfigRepository",null],"name":"SalaryConfigRepository"},"metadata":{"id":"3c4650abb5a350bbf6654"},"moduleRef":{"id":"38351d793e23c4650abb5"}}],"failureMessages":["Error: Nest can't resolve dependencies of the KpiService (DataSource, KpiLibraryRepository, KpiPeriodRepository, KpiAssignmentRepository, EmployeeRepository, ?, NotificationsService). Please make sure that the argument SalaryConfigRepository at index [5] is available in the RootTestModule context.\n\nPotential solutions:\n- Is RootTestModule a valid NestJS module?\n- If SalaryConfigRepository is a provider, is it part of the current RootTestModule?\n- If SalaryConfigRepository is exported from a separate @Module, is that module imported within RootTestModule?\n  @Module({\n    imports: [ /* the Module containing SalaryConfigRepository */ ]\n  })\n\n    at TestingInjector.lookupComponentInParentModules (/home/luozhi/Documents/HRM-Gene/backend/node_modules/@nestjs/core/injector/injector.js:247:19)\n    at processTicksAndRejections (node:internal/process/task_queues:95:5)\n    at TestingInjector.resolveComponentInstance (/home/luozhi/Documents/HRM-Gene/backend/node_modules/@nestjs/core/injector/injector.js:200:33)\n    at resolveParam (/home/luozhi/Documents/HRM-Gene/backend/node_modules/@nestjs/core/injector/injector.js:120:38)\n    at async Promise.all (index 5)\n    at TestingInjector.resolveConstructorParams (/home/luozhi/Documents/HRM-Gene/backend/node_modules/@nestjs/core/injector/injector.js:135:27)\n    at TestingInjector.loadInstance (/home/luozhi/Documents/HRM-Gene/backend/node_modules/@nestjs/core/injector/injector.js:61:13)\n    at TestingInjector.loadProvider (/home/luozhi/Documents/HRM-Gene/backend/node_modules/@nestjs/core/injector/injector.js:88:9)\n    at /home/luozhi/Documents/HRM-Gene/backend/node_modules/@nestjs/core/injector/instance-loader.js:56:13\n    at async Promise.all (index 3)\n    at TestingInstanceLoader.createInstancesOfProviders (/home/luozhi/Documents/HRM-Gene/backend/node_modules/@nestjs/core/injector/instance-loader.js:55:9)\n    at /home/luozhi/Documents/HRM-Gene/backend/node_modules/@nestjs/core/injector/instance-loader.js:40:13\n    at async Promise.all (index 1)\n    at TestingInstanceLoader.createInstances (/home/luozhi/Documents/HRM-Gene/backend/node_modules/@nestjs/core/injector/instance-loader.js:39:9)\n    at TestingInstanceLoader.createInstancesOfDependencies (/home/luozhi/Documents/HRM-Gene/backend/node_modules/@nestjs/core/injector/instance-loader.js:22:13)\n    at TestingInstanceLoader.createInstancesOfDependencies (/home/luozhi/Documents/HRM-Gene/backend/node_modules/@nestjs/testing/testing-instance-loader.js:9:9)\n    at TestingModuleBuilder.createInstancesOfDependencies (/home/luozhi/Documents/HRM-Gene/backend/node_modules/@nestjs/testing/testing-module.builder.js:118:9)\n    at TestingModuleBuilder.compile (/home/luozhi/Documents/HRM-Gene/backend/node_modules/@nestjs/testing/testing-module.builder.js:74:9)\n    at Object.<anonymous> (/home/luozhi/Documents/HRM-Gene/backend/src/modules/kpi/kpi.service.spec.ts:47:35)"],"fullName":"KpiService createLibrary should throw smoothly isolating mismatch constraints dynamically if creator is functionally unlocatable","invocations":1,"location":null,"numPassingAsserts":0,"retryReasons":[],"startAt":1780299312803,"status":"failed","title":"should throw smoothly isolating mismatch constraints dynamically if creator is functionally unlocatable"},{"ancestorTitles":["KpiService","createLibrary"],"duration":23,"failing":false,"failureDetails":[{"type":"KpiService","context":{"index":5,"dependencies":[null,"KpiLibraryRepository","KpiPeriodRepository","KpiAssignmentRepository","EmployeeRepository","SalaryConfigRepository",null],"name":"SalaryConfigRepository"},"metadata":{"id":"34f0384a9b301d790881b"},"moduleRef":{"id":"66547af5e1634f0384a9b"}}],"failureMessages":["Error: Nest can't resolve dependencies of the KpiService (DataSource, KpiLibraryRepository, KpiPeriodRepository, KpiAssignmentRepository, EmployeeRepository, ?, NotificationsService). Please make sure that the argument SalaryConfigRepository at index [5] is available in the RootTestModule context.\n\nPotential solutions:\n- Is RootTestModule a valid NestJS module?\n- If SalaryConfigRepository is a provider, is it part of the current RootTestModule?\n- If SalaryConfigRepository is exported from a separate @Module, is that module imported within RootTestModule?\n  @Module({\n    imports: [ /* the Module containing SalaryConfigRepository */ ]\n  })\n\n    at TestingInjector.lookupComponentInParentModules (/home/luozhi/Documents/HRM-Gene/backend/node_modules/@nestjs/core/injector/injector.js:247:19)\n    at processTicksAndRejections (node:internal/process/task_queues:95:5)\n    at TestingInjector.resolveComponentInstance (/home/luozhi/Documents/HRM-Gene/backend/node_modules/@nestjs/core/injector/injector.js:200:33)\n    at resolveParam (/home/luozhi/Documents/HRM-Gene/backend/node_modules/@nestjs/core/injector/injector.js:120:38)\n    at async Promise.all (index 5)\n    at TestingInjector.resolveConstructorParams (/home/luozhi/Documents/HRM-Gene/backend/node_modules/@nestjs/core/injector/injector.js:135:27)\n    at TestingInjector.loadInstance (/home/luozhi/Documents/HRM-Gene/backend/node_modules/@nestjs/core/injector/injector.js:61:13)\n    at TestingInjector.loadProvider (/home/luozhi/Documents/HRM-Gene/backend/node_modules/@nestjs/core/injector/injector.js:88:9)\n    at /home/luozhi/Documents/HRM-Gene/backend/node_modules/@nestjs/core/injector/instance-loader.js:56:13\n    at async Promise.all (index 3)\n    at TestingInstanceLoader.createInstancesOfProviders (/home/luozhi/Documents/HRM-Gene/backend/node_modules/@nestjs/core/injector/instance-loader.js:55:9)\n    at /home/luozhi/Documents/HRM-Gene/backend/node_modules/@nestjs/core/injector/instance-loader.js:40:13\n    at async Promise.all (index 1)\n    at TestingInstanceLoader.createInstances (/home/luozhi/Documents/HRM-Gene/backend/node_modules/@nestjs/core/injector/instance-loader.js:39:9)\n    at TestingInstanceLoader.createInstancesOfDependencies (/home/luozhi/Documents/HRM-Gene/backend/node_modules/@nestjs/core/injector/instance-loader.js:22:13)\n    at TestingInstanceLoader.createInstancesOfDependencies (/home/luozhi/Documents/HRM-Gene/backend/node_modules/@nestjs/testing/testing-instance-loader.js:9:9)\n    at TestingModuleBuilder.createInstancesOfDependencies (/home/luozhi/Documents/HRM-Gene/backend/node_modules/@nestjs/testing/testing-module.builder.js:118:9)\n    at TestingModuleBuilder.compile (/home/luozhi/Documents/HRM-Gene/backend/node_modules/@nestjs/testing/testing-module.builder.js:74:9)\n    at Object.<anonymous> (/home/luozhi/Documents/HRM-Gene/backend/src/modules/kpi/kpi.service.spec.ts:47:35)"],"fullName":"KpiService createLibrary should explicitly aggregate operational constructs seamlessly matching creation binding directly onto corresponding creator identity precisely","invocations":1,"location":null,"numPassingAsserts":0,"retryReasons":[],"startAt":1780299312933,"status":"failed","title":"should explicitly aggregate operational constructs seamlessly matching creation binding directly onto corresponding creator identity precisely"},{"ancestorTitles":["KpiService","assignKpis"],"duration":24,"failing":false,"failureDetails":[{"type":"KpiService","context":{"index":5,"dependencies":[null,"KpiLibraryRepository","KpiPeriodRepository","KpiAssignmentRepository","EmployeeRepository","SalaryConfigRepository",null],"name":"SalaryConfigRepository"},"metadata":{"id":"c510b453e7023ae8f3023"},"moduleRef":{"id":"881bd391badc510b453e7"}}],"failureMessages":["Error: Nest can't resolve dependencies of the KpiService (DataSource, KpiLibraryRepository, KpiPeriodRepository, KpiAssignmentRepository, EmployeeRepository, ?, NotificationsService). Please make sure that the argument SalaryConfigRepository at index [5] is available in the RootTestModule context.\n\nPotential solutions:\n- Is RootTestModule a valid NestJS module?\n- If SalaryConfigRepository is a provider, is it part of the current RootTestModule?\n- If SalaryConfigRepository is exported from a separate @Module, is that module imported within RootTestModule?\n  @Module({\n    imports: [ /* the Module containing SalaryConfigRepository */ ]\n  })\n\n    at TestingInjector.lookupComponentInParentModules (/home/luozhi/Documents/HRM-Gene/backend/node_modules/@nestjs/core/injector/injector.js:247:19)\n    at processTicksAndRejections (node:internal/process/task_queues:95:5)\n    at TestingInjector.resolveComponentInstance (/home/luozhi/Documents/HRM-Gene/backend/node_modules/@nestjs/core/injector/injector.js:200:33)\n    at resolveParam (/home/luozhi/Documents/HRM-Gene/backend/node_modules/@nestjs/core/injector/injector.js:120:38)\n    at async Promise.all (index 5)\n    at TestingInjector.resolveConstructorParams (/home/luozhi/Documents/HRM-Gene/backend/node_modules/@nestjs/core/injector/injector.js:135:27)\n    at TestingInjector.loadInstance (/home/luozhi/Documents/HRM-Gene/backend/node_modules/@nestjs/core/injector/injector.js:61:13)\n    at TestingInjector.loadProvider (/home/luozhi/Documents/HRM-Gene/backend/node_modules/@nestjs/core/injector/injector.js:88:9)\n    at /home/luozhi/Documents/HRM-Gene/backend/node_modules/@nestjs/core/injector/instance-loader.js:56:13\n    at async Promise.all (index 3)\n    at TestingInstanceLoader.createInstancesOfProviders (/home/luozhi/Documents/HRM-Gene/backend/node_modules/@nestjs/core/injector/instance-loader.js:55:9)\n    at /home/luozhi/Documents/HRM-Gene/backend/node_modules/@nestjs/core/injector/instance-loader.js:40:13\n    at async Promise.all (index 1)\n    at TestingInstanceLoader.createInstances (/home/luozhi/Documents/HRM-Gene/backend/node_modules/@nestjs/core/injector/instance-loader.js:39:9)\n    at TestingInstanceLoader.createInstancesOfDependencies (/home/luozhi/Documents/HRM-Gene/backend/node_modules/@nestjs/core/injector/instance-loader.js:22:13)\n    at TestingInstanceLoader.createInstancesOfDependencies (/home/luozhi/Documents/HRM-Gene/backend/node_modules/@nestjs/testing/testing-instance-loader.js:9:9)\n    at TestingModuleBuilder.createInstancesOfDependencies (/home/luozhi/Documents/HRM-Gene/backend/node_modules/@nestjs/testing/testing-module.builder.js:118:9)\n    at TestingModuleBuilder.compile (/home/luozhi/Documents/HRM-Gene/backend/node_modules/@nestjs/testing/testing-module.builder.js:74:9)\n    at Object.<anonymous> (/home/luozhi/Documents/HRM-Gene/backend/src/modules/kpi/kpi.service.spec.ts:47:35)"],"fullName":"KpiService assignKpis should assert rejection logic intrinsically isolating invalid parameters matching structural constraint strictly mapping boundary failure inherently","invocations":1,"location":null,"numPassingAsserts":0,"retryReasons":[],"startAt":1780299312960,"status":"failed","title":"should assert rejection logic intrinsically isolating invalid parameters matching structural constraint strictly mapping boundary failure inherently"},{"ancestorTitles":["KpiService","assignKpis"],"duration":15,"failing":false,"failureDetails":[{"type":"KpiService","context":{"index":5,"dependencies":[null,"KpiLibraryRepository","KpiPeriodRepository","KpiAssignmentRepository","EmployeeRepository","SalaryConfigRepository",null],"name":"SalaryConfigRepository"},"metadata":{"id":"62008d623f1672117a3c6"},"moduleRef":{"id":"30231e74f9e62008d623f"}}],"failureMessages":["Error: Nest can't resolve dependencies of the KpiService (DataSource, KpiLibraryRepository, KpiPeriodRepository, KpiAssignmentRepository, EmployeeRepository, ?, NotificationsService). Please make sure that the argument SalaryConfigRepository at index [5] is available in the RootTestModule context.\n\nPotential solutions:\n- Is RootTestModule a valid NestJS module?\n- If SalaryConfigRepository is a provider, is it part of the current RootTestModule?\n- If SalaryConfigRepository is exported from a separate @Module, is that module imported within RootTestModule?\n  @Module({\n    imports: [ /* the Module containing SalaryConfigRepository */ ]\n  })\n\n    at TestingInjector.lookupComponentInParentModules (/home/luozhi/Documents/HRM-Gene/backend/node_modules/@nestjs/core/injector/injector.js:247:19)\n    at processTicksAndRejections (node:internal/process/task_queues:95:5)\n    at TestingInjector.resolveComponentInstance (/home/luozhi/Documents/HRM-Gene/backend/node_modules/@nestjs/core/injector/injector.js:200:33)\n    at resolveParam (/home/luozhi/Documents/HRM-Gene/backend/node_modules/@nestjs/core/injector/injector.js:120:38)\n    at async Promise.all (index 5)\n    at TestingInjector.resolveConstructorParams (/home/luozhi/Documents/HRM-Gene/backend/node_modules/@nestjs/core/injector/injector.js:135:27)\n    at TestingInjector.loadInstance (/home/luozhi/Documents/HRM-Gene/backend/node_modules/@nestjs/core/injector/injector.js:61:13)\n    at TestingInjector.loadProvider (/home/luozhi/Documents/HRM-Gene/backend/node_modules/@nestjs/core/injector/injector.js:88:9)\n    at /home/luozhi/Documents/HRM-Gene/backend/node_modules/@nestjs/core/injector/instance-loader.js:56:13\n    at async Promise.all (index 3)\n    at TestingInstanceLoader.createInstancesOfProviders (/home/luozhi/Documents/HRM-Gene/backend/node_modules/@nestjs/core/injector/instance-loader.js:55:9)\n    at /home/luozhi/Documents/HRM-Gene/backend/node_modules/@nestjs/core/injector/instance-loader.js:40:13\n    at async Promise.all (index 1)\n    at TestingInstanceLoader.createInstances (/home/luozhi/Documents/HRM-Gene/backend/node_modules/@nestjs/core/injector/instance-loader.js:39:9)\n    at TestingInstanceLoader.createInstancesOfDependencies (/home/luozhi/Documents/HRM-Gene/backend/node_modules/@nestjs/core/injector/instance-loader.js:22:13)\n    at TestingInstanceLoader.createInstancesOfDependencies (/home/luozhi/Documents/HRM-Gene/backend/node_modules/@nestjs/testing/testing-instance-loader.js:9:9)\n    at TestingModuleBuilder.createInstancesOfDependencies (/home/luozhi/Documents/HRM-Gene/backend/node_modules/@nestjs/testing/testing-module.builder.js:118:9)\n    at TestingModuleBuilder.compile (/home/luozhi/Documents/HRM-Gene/backend/node_modules/@nestjs/testing/testing-module.builder.js:74:9)\n    at Object.<anonymous> (/home/luozhi/Documents/HRM-Gene/backend/src/modules/kpi/kpi.service.spec.ts:47:35)"],"fullName":"KpiService assignKpis should flawlessly intercept and coordinate comprehensive transaction mapping matching assignment logic precisely onto multiple bounds sequentially distributing completion inherently","invocations":1,"location":null,"numPassingAsserts":0,"retryReasons":[],"startAt":1780299312986,"status":"failed","title":"should flawlessly intercept and coordinate comprehensive transaction mapping matching assignment logic precisely onto multiple bounds sequentially distributing completion inherently"},{"ancestorTitles":["KpiService","updateActual"],"duration":34,"failing":false,"failureDetails":[{"type":"KpiService","context":{"index":5,"dependencies":[null,"KpiLibraryRepository","KpiPeriodRepository","KpiAssignmentRepository","EmployeeRepository","SalaryConfigRepository",null],"name":"SalaryConfigRepository"},"metadata":{"id":"178c1ec700dbe24fca283"},"moduleRef":{"id":"a3c661fc1fd178c1ec700"}}],"failureMessages":["Error: Nest can't resolve dependencies of the KpiService (DataSource, KpiLibraryRepository, KpiPeriodRepository, KpiAssignmentRepository, EmployeeRepository, ?, NotificationsService). Please make sure that the argument SalaryConfigRepository at index [5] is available in the RootTestModule context.\n\nPotential solutions:\n- Is RootTestModule a valid NestJS module?\n- If SalaryConfigRepository is a provider, is it part of the current RootTestModule?\n- If SalaryConfigRepository is exported from a separate @Module, is that module imported within RootTestModule?\n  @Module({\n    imports: [ /* the Module containing SalaryConfigRepository */ ]\n  })\n\n    at TestingInjector.lookupComponentInParentModules (/home/luozhi/Documents/HRM-Gene/backend/node_modules/@nestjs/core/injector/injector.js:247:19)\n    at processTicksAndRejections (node:internal/process/task_queues:95:5)\n    at TestingInjector.resolveComponentInstance (/home/luozhi/Documents/HRM-Gene/backend/node_modules/@nestjs/core/injector/injector.js:200:33)\n    at resolveParam (/home/luozhi/Documents/HRM-Gene/backend/node_modules/@nestjs/core/injector/injector.js:120:38)\n    at async Promise.all (index 5)\n    at TestingInjector.resolveConstructorParams (/home/luozhi/Documents/HRM-Gene/backend/node_modules/@nestjs/core/injector/injector.js:135:27)\n    at TestingInjector.loadInstance (/home/luozhi/Documents/HRM-Gene/backend/node_modules/@nestjs/core/injector/injector.js:61:13)\n    at TestingInjector.loadProvider (/home/luozhi/Documents/HRM-Gene/backend/node_modules/@nestjs/core/injector/injector.js:88:9)\n    at /home/luozhi/Documents/HRM-Gene/backend/node_modules/@nestjs/core/injector/instance-loader.js:56:13\n    at async Promise.all (index 3)\n    at TestingInstanceLoader.createInstancesOfProviders (/home/luozhi/Documents/HRM-Gene/backend/node_modules/@nestjs/core/injector/instance-loader.js:55:9)\n    at /home/luozhi/Documents/HRM-Gene/backend/node_modules/@nestjs/core/injector/instance-loader.js:40:13\n    at async Promise.all (index 1)\n    at TestingInstanceLoader.createInstances (/home/luozhi/Documents/HRM-Gene/backend/node_modules/@nestjs/core/injector/instance-loader.js:39:9)\n    at TestingInstanceLoader.createInstancesOfDependencies (/home/luozhi/Documents/HRM-Gene/backend/node_modules/@nestjs/core/injector/instance-loader.js:22:13)\n    at TestingInstanceLoader.createInstancesOfDependencies (/home/luozhi/Documents/HRM-Gene/backend/node_modules/@nestjs/testing/testing-instance-loader.js:9:9)\n    at TestingModuleBuilder.createInstancesOfDependencies (/home/luozhi/Documents/HRM-Gene/backend/node_modules/@nestjs/testing/testing-module.builder.js:118:9)\n    at TestingModuleBuilder.compile (/home/luozhi/Documents/HRM-Gene/backend/node_modules/@nestjs/testing/testing-module.builder.js:74:9)\n    at Object.<anonymous> (/home/luozhi/Documents/HRM-Gene/backend/src/modules/kpi/kpi.service.spec.ts:47:35)"],"fullName":"KpiService updateActual should correctly filter implicit overrides isolating valid data types ensuring fallback mechanisms seamlessly mapping outputs predictably","invocations":1,"location":null,"numPassingAsserts":0,"retryReasons":[],"startAt":1780299313006,"status":"failed","title":"should correctly filter implicit overrides isolating valid data types ensuring fallback mechanisms seamlessly mapping outputs predictably"},{"ancestorTitles":["KpiService","calculateFinalKpiScore"],"duration":34,"failing":false,"failureDetails":[{"type":"KpiService","context":{"index":5,"dependencies":[null,"KpiLibraryRepository","KpiPeriodRepository","KpiAssignmentRepository","EmployeeRepository","SalaryConfigRepository",null],"name":"SalaryConfigRepository"},"metadata":{"id":"c80d8c7a1153c66aaab9d"},"moduleRef":{"id":"a283804c9aac80d8c7a11"}}],"failureMessages":["Error: Nest can't resolve dependencies of the KpiService (DataSource, KpiLibraryRepository, KpiPeriodRepository, KpiAssignmentRepository, EmployeeRepository, ?, NotificationsService). Please make sure that the argument SalaryConfigRepository at index [5] is available in the RootTestModule context.\n\nPotential solutions:\n- Is RootTestModule a valid NestJS module?\n- If SalaryConfigRepository is a provider, is it part of the current RootTestModule?\n- If SalaryConfigRepository is exported from a separate @Module, is that module imported within RootTestModule?\n  @Module({\n    imports: [ /* the Module containing SalaryConfigRepository */ ]\n  })\n\n    at TestingInjector.lookupComponentInParentModules (/home/luozhi/Documents/HRM-Gene/backend/node_modules/@nestjs/core/injector/injector.js:247:19)\n    at processTicksAndRejections (node:internal/process/task_queues:95:5)\n    at TestingInjector.resolveComponentInstance (/home/luozhi/Documents/HRM-Gene/backend/node_modules/@nestjs/core/injector/injector.js:200:33)\n    at resolveParam (/home/luozhi/Documents/HRM-Gene/backend/node_modules/@nestjs/core/injector/injector.js:120:38)\n    at async Promise.all (index 5)\n    at TestingInjector.resolveConstructorParams (/home/luozhi/Documents/HRM-Gene/backend/node_modules/@nestjs/core/injector/injector.js:135:27)\n    at TestingInjector.loadInstance (/home/luozhi/Documents/HRM-Gene/backend/node_modules/@nestjs/core/injector/injector.js:61:13)\n    at TestingInjector.loadProvider (/home/luozhi/Documents/HRM-Gene/backend/node_modules/@nestjs/core/injector/injector.js:88:9)\n    at /home/luozhi/Documents/HRM-Gene/backend/node_modules/@nestjs/core/injector/instance-loader.js:56:13\n    at async Promise.all (index 3)\n    at TestingInstanceLoader.createInstancesOfProviders (/home/luozhi/Documents/HRM-Gene/backend/node_modules/@nestjs/core/injector/instance-loader.js:55:9)\n    at /home/luozhi/Documents/HRM-Gene/backend/node_modules/@nestjs/core/injector/instance-loader.js:40:13\n    at async Promise.all (index 1)\n    at TestingInstanceLoader.createInstances (/home/luozhi/Documents/HRM-Gene/backend/node_modules/@nestjs/core/injector/instance-loader.js:39:9)\n    at TestingInstanceLoader.createInstancesOfDependencies (/home/luozhi/Documents/HRM-Gene/backend/node_modules/@nestjs/core/injector/instance-loader.js:22:13)\n    at TestingInstanceLoader.createInstancesOfDependencies (/home/luozhi/Documents/HRM-Gene/backend/node_modules/@nestjs/testing/testing-instance-loader.js:9:9)\n    at TestingModuleBuilder.createInstancesOfDependencies (/home/luozhi/Documents/HRM-Gene/backend/node_modules/@nestjs/testing/testing-module.builder.js:118:9)\n    at TestingModuleBuilder.compile (/home/luozhi/Documents/HRM-Gene/backend/node_modules/@nestjs/testing/testing-module.builder.js:74:9)\n    at Object.<anonymous> (/home/luozhi/Documents/HRM-Gene/backend/src/modules/kpi/kpi.service.spec.ts:47:35)"],"fullName":"KpiService calculateFinalKpiScore should automatically compute valid aggregations implicitly isolating limits inherently restricting over-saturation matching structural performance precisely boundaries effectively","invocations":1,"location":null,"numPassingAsserts":0,"retryReasons":[],"startAt":1780299313045,"status":"failed","title":"should automatically compute valid aggregations implicitly isolating limits inherently restricting over-saturation matching structural performance precisely boundaries effectively"},{"ancestorTitles":["KpiService","calculateFinalKpiScore"],"duration":22,"failing":false,"failureDetails":[{"type":"KpiService","context":{"index":5,"dependencies":[null,"KpiLibraryRepository","KpiPeriodRepository","KpiAssignmentRepository","EmployeeRepository","SalaryConfigRepository",null],"name":"SalaryConfigRepository"},"metadata":{"id":"f4e8e56489866dd04807a"},"moduleRef":{"id":"ab9d133f58af4e8e56489"}}],"failureMessages":["Error: Nest can't resolve dependencies of the KpiService (DataSource, KpiLibraryRepository, KpiPeriodRepository, KpiAssignmentRepository, EmployeeRepository, ?, NotificationsService). Please make sure that the argument SalaryConfigRepository at index [5] is available in the RootTestModule context.\n\nPotential solutions:\n- Is RootTestModule a valid NestJS module?\n- If SalaryConfigRepository is a provider, is it part of the current RootTestModule?\n- If SalaryConfigRepository is exported from a separate @Module, is that module imported within RootTestModule?\n  @Module({\n    imports: [ /* the Module containing SalaryConfigRepository */ ]\n  })\n\n    at TestingInjector.lookupComponentInParentModules (/home/luozhi/Documents/HRM-Gene/backend/node_modules/@nestjs/core/injector/injector.js:247:19)\n    at processTicksAndRejections (node:internal/process/task_queues:95:5)\n    at TestingInjector.resolveComponentInstance (/home/luozhi/Documents/HRM-Gene/backend/node_modules/@nestjs/core/injector/injector.js:200:33)\n    at resolveParam (/home/luozhi/Documents/HRM-Gene/backend/node_modules/@nestjs/core/injector/injector.js:120:38)\n    at async Promise.all (index 5)\n    at TestingInjector.resolveConstructorParams (/home/luozhi/Documents/HRM-Gene/backend/node_modules/@nestjs/core/injector/injector.js:135:27)\n    at TestingInjector.loadInstance (/home/luozhi/Documents/HRM-Gene/backend/node_modules/@nestjs/core/injector/injector.js:61:13)\n    at TestingInjector.loadProvider (/home/luozhi/Documents/HRM-Gene/backend/node_modules/@nestjs/core/injector/injector.js:88:9)\n    at /home/luozhi/Documents/HRM-Gene/backend/node_modules/@nestjs/core/injector/instance-loader.js:56:13\n    at async Promise.all (index 3)\n    at TestingInstanceLoader.createInstancesOfProviders (/home/luozhi/Documents/HRM-Gene/backend/node_modules/@nestjs/core/injector/instance-loader.js:55:9)\n    at /home/luozhi/Documents/HRM-Gene/backend/node_modules/@nestjs/core/injector/instance-loader.js:40:13\n    at async Promise.all (index 1)\n    at TestingInstanceLoader.createInstances (/home/luozhi/Documents/HRM-Gene/backend/node_modules/@nestjs/core/injector/instance-loader.js:39:9)\n    at TestingInstanceLoader.createInstancesOfDependencies (/home/luozhi/Documents/HRM-Gene/backend/node_modules/@nestjs/core/injector/instance-loader.js:22:13)\n    at TestingInstanceLoader.createInstancesOfDependencies (/home/luozhi/Documents/HRM-Gene/backend/node_modules/@nestjs/testing/testing-instance-loader.js:9:9)\n    at TestingModuleBuilder.createInstancesOfDependencies (/home/luozhi/Documents/HRM-Gene/backend/node_modules/@nestjs/testing/testing-module.builder.js:118:9)\n    at TestingModuleBuilder.compile (/home/luozhi/Documents/HRM-Gene/backend/node_modules/@nestjs/testing/testing-module.builder.js:74:9)\n    at Object.<anonymous> (/home/luozhi/Documents/HRM-Gene/backend/src/modules/kpi/kpi.service.spec.ts:47:35)"],"fullName":"KpiService calculateFinalKpiScore should universally block extraneous processing isolating missing entries smoothly resulting functionally onto implicit fallback identical conditions","invocations":1,"location":null,"numPassingAsserts":0,"retryReasons":[],"startAt":1780299313084,"status":"failed","title":"should universally block extraneous processing isolating missing entries smoothly resulting functionally onto implicit fallback identical conditions"}],"endTime":1780299313157,"message":"  ● KpiService › createLibrary › should throw smoothly isolating mismatch constraints dynamically if creator is functionally unlocatable\n\n    Nest can't resolve dependencies of the KpiService (DataSource, KpiLibraryRepository, KpiPeriodRepository, KpiAssignmentRepository, EmployeeRepository, ?, NotificationsService). Please make sure that the argument SalaryConfigRepository at index [5] is available in the RootTestModule context.\n\n    Potential solutions:\n    - Is RootTestModule a valid NestJS module?\n    - If SalaryConfigRepository is a provider, is it part of the current RootTestModule?\n    - If SalaryConfigRepository is exported from a separate @Module, is that module imported within RootTestModule?\n      @Module({\n        imports: [ /* the Module containing SalaryConfigRepository */ ]\n      })\n\n      45 |\n      46 |   beforeEach(async () => {\n    > 47 |     const module: TestingModule = await Test.createTestingModule({\n         |                                   ^\n      48 |       providers: [\n      49 |         KpiService,\n      50 |         { provide: getRepositoryToken(KpiLibrary), useValue: mockRepo },\n\n      at TestingInjector.lookupComponentInParentModules (node_modules/@nestjs/core/injector/injector.js:247:19)\n      at TestingInjector.resolveComponentInstance (node_modules/@nestjs/core/injector/injector.js:200:33)\n      at resolveParam (node_modules/@nestjs/core/injector/injector.js:120:38)\n          at async Promise.all (index 5)\n      at TestingInjector.resolveConstructorParams (node_modules/@nestjs/core/injector/injector.js:135:27)\n      at TestingInjector.loadInstance (node_modules/@nestjs/core/injector/injector.js:61:13)\n      at TestingInjector.loadProvider (node_modules/@nestjs/core/injector/injector.js:88:9)\n      at node_modules/@nestjs/core/injector/instance-loader.js:56:13\n          at async Promise.all (index 3)\n      at TestingInstanceLoader.createInstancesOfProviders (node_modules/@nestjs/core/injector/instance-loader.js:55:9)\n      at node_modules/@nestjs/core/injector/instance-loader.js:40:13\n          at async Promise.all (index 1)\n      at TestingInstanceLoader.createInstances (node_modules/@nestjs/core/injector/instance-loader.js:39:9)\n      at TestingInstanceLoader.createInstancesOfDependencies (node_modules/@nestjs/core/injector/instance-loader.js:22:13)\n      at TestingInstanceLoader.createInstancesOfDependencies (node_modules/@nestjs/testing/testing-instance-loader.js:9:9)\n      at TestingModuleBuilder.createInstancesOfDependencies (node_modules/@nestjs/testing/testing-module.builder.js:118:9)\n      at TestingModuleBuilder.compile (node_modules/@nestjs/testing/testing-module.builder.js:74:9)\n      at Object.<anonymous> (src/modules/kpi/kpi.service.spec.ts:47:35)\n\n  ● KpiService › createLibrary › should explicitly aggregate operational constructs seamlessly matching creation binding directly onto corresponding creator identity precisely\n\n    Nest can't resolve dependencies of the KpiService (DataSource, KpiLibraryRepository, KpiPeriodRepository, KpiAssignmentRepository, EmployeeRepository, ?, NotificationsService). Please make sure that the argument SalaryConfigRepository at index [5] is available in the RootTestModule context.\n\n    Potential solutions:\n    - Is RootTestModule a valid NestJS module?\n    - If SalaryConfigRepository is a provider, is it part of the current RootTestModule?\n    - If SalaryConfigRepository is exported from a separate @Module, is that module imported within RootTestModule?\n      @Module({\n        imports: [ /* the Module containing SalaryConfigRepository */ ]\n      })\n\n      45 |\n      46 |   beforeEach(async () => {\n    > 47 |     const module: TestingModule = await Test.createTestingModule({\n         |                                   ^\n      48 |       providers: [\n      49 |         KpiService,\n      50 |         { provide: getRepositoryToken(KpiLibrary), useValue: mockRepo },\n\n      at TestingInjector.lookupComponentInParentModules (node_modules/@nestjs/core/injector/injector.js:247:19)\n      at TestingInjector.resolveComponentInstance (node_modules/@nestjs/core/injector/injector.js:200:33)\n      at resolveParam (node_modules/@nestjs/core/injector/injector.js:120:38)\n          at async Promise.all (index 5)\n      at TestingInjector.resolveConstructorParams (node_modules/@nestjs/core/injector/injector.js:135:27)\n      at TestingInjector.loadInstance (node_modules/@nestjs/core/injector/injector.js:61:13)\n      at TestingInjector.loadProvider (node_modules/@nestjs/core/injector/injector.js:88:9)\n      at node_modules/@nestjs/core/injector/instance-loader.js:56:13\n          at async Promise.all (index 3)\n      at TestingInstanceLoader.createInstancesOfProviders (node_modules/@nestjs/core/injector/instance-loader.js:55:9)\n      at node_modules/@nestjs/core/injector/instance-loader.js:40:13\n          at async Promise.all (index 1)\n      at TestingInstanceLoader.createInstances (node_modules/@nestjs/core/injector/instance-loader.js:39:9)\n      at TestingInstanceLoader.createInstancesOfDependencies (node_modules/@nestjs/core/injector/instance-loader.js:22:13)\n      at TestingInstanceLoader.createInstancesOfDependencies (node_modules/@nestjs/testing/testing-instance-loader.js:9:9)\n      at TestingModuleBuilder.createInstancesOfDependencies (node_modules/@nestjs/testing/testing-module.builder.js:118:9)\n      at TestingModuleBuilder.compile (node_modules/@nestjs/testing/testing-module.builder.js:74:9)\n      at Object.<anonymous> (src/modules/kpi/kpi.service.spec.ts:47:35)\n\n  ● KpiService › assignKpis › should assert rejection logic intrinsically isolating invalid parameters matching structural constraint strictly mapping boundary failure inherently\n\n    Nest can't resolve dependencies of the KpiService (DataSource, KpiLibraryRepository, KpiPeriodRepository, KpiAssignmentRepository, EmployeeRepository, ?, NotificationsService). Please make sure that the argument SalaryConfigRepository at index [5] is available in the RootTestModule context.\n\n    Potential solutions:\n    - Is RootTestModule a valid NestJS module?\n    - If SalaryConfigRepository is a provider, is it part of the current RootTestModule?\n    - If SalaryConfigRepository is exported from a separate @Module, is that module imported within RootTestModule?\n      @Module({\n        imports: [ /* the Module containing SalaryConfigRepository */ ]\n      })\n\n      45 |\n      46 |   beforeEach(async () => {\n    > 47 |     const module: TestingModule = await Test.createTestingModule({\n         |                                   ^\n      48 |       providers: [\n      49 |         KpiService,\n      50 |         { provide: getRepositoryToken(KpiLibrary), useValue: mockRepo },\n\n      at TestingInjector.lookupComponentInParentModules (node_modules/@nestjs/core/injector/injector.js:247:19)\n      at TestingInjector.resolveComponentInstance (node_modules/@nestjs/core/injector/injector.js:200:33)\n      at resolveParam (node_modules/@nestjs/core/injector/injector.js:120:38)\n          at async Promise.all (index 5)\n      at TestingInjector.resolveConstructorParams (node_modules/@nestjs/core/injector/injector.js:135:27)\n      at TestingInjector.loadInstance (node_modules/@nestjs/core/injector/injector.js:61:13)\n      at TestingInjector.loadProvider (node_modules/@nestjs/core/injector/injector.js:88:9)\n      at node_modules/@nestjs/core/injector/instance-loader.js:56:13\n          at async Promise.all (index 3)\n      at TestingInstanceLoader.createInstancesOfProviders (node_modules/@nestjs/core/injector/instance-loader.js:55:9)\n      at node_modules/@nestjs/core/injector/instance-loader.js:40:13\n          at async Promise.all (index 1)\n      at TestingInstanceLoader.createInstances (node_modules/@nestjs/core/injector/instance-loader.js:39:9)\n      at TestingInstanceLoader.createInstancesOfDependencies (node_modules/@nestjs/core/injector/instance-loader.js:22:13)\n      at TestingInstanceLoader.createInstancesOfDependencies (node_modules/@nestjs/testing/testing-instance-loader.js:9:9)\n      at TestingModuleBuilder.createInstancesOfDependencies (node_modules/@nestjs/testing/testing-module.builder.js:118:9)\n      at TestingModuleBuilder.compile (node_modules/@nestjs/testing/testing-module.builder.js:74:9)\n      at Object.<anonymous> (src/modules/kpi/kpi.service.spec.ts:47:35)\n\n  ● KpiService › assignKpis › should flawlessly intercept and coordinate comprehensive transaction mapping matching assignment logic precisely onto multiple bounds sequentially distributing completion inherently\n\n    Nest can't resolve dependencies of the KpiService (DataSource, KpiLibraryRepository, KpiPeriodRepository, KpiAssignmentRepository, EmployeeRepository, ?, NotificationsService). Please make sure that the argument SalaryConfigRepository at index [5] is available in the RootTestModule context.\n\n    Potential solutions:\n    - Is RootTestModule a valid NestJS module?\n    - If SalaryConfigRepository is a provider, is it part of the current RootTestModule?\n    - If SalaryConfigRepository is exported from a separate @Module, is that module imported within RootTestModule?\n      @Module({\n        imports: [ /* the Module containing SalaryConfigRepository */ ]\n      })\n\n      45 |\n      46 |   beforeEach(async () => {\n    > 47 |     const module: TestingModule = await Test.createTestingModule({\n         |                                   ^\n      48 |       providers: [\n      49 |         KpiService,\n      50 |         { provide: getRepositoryToken(KpiLibrary), useValue: mockRepo },\n\n      at TestingInjector.lookupComponentInParentModules (node_modules/@nestjs/core/injector/injector.js:247:19)\n      at TestingInjector.resolveComponentInstance (node_modules/@nestjs/core/injector/injector.js:200:33)\n      at resolveParam (node_modules/@nestjs/core/injector/injector.js:120:38)\n          at async Promise.all (index 5)\n      at TestingInjector.resolveConstructorParams (node_modules/@nestjs/core/injector/injector.js:135:27)\n      at TestingInjector.loadInstance (node_modules/@nestjs/core/injector/injector.js:61:13)\n      at TestingInjector.loadProvider (node_modules/@nestjs/core/injector/injector.js:88:9)\n      at node_modules/@nestjs/core/injector/instance-loader.js:56:13\n          at async Promise.all (index 3)\n      at TestingInstanceLoader.createInstancesOfProviders (node_modules/@nestjs/core/injector/instance-loader.js:55:9)\n      at node_modules/@nestjs/core/injector/instance-loader.js:40:13\n          at async Promise.all (index 1)\n      at TestingInstanceLoader.createInstances (node_modules/@nestjs/core/injector/instance-loader.js:39:9)\n      at TestingInstanceLoader.createInstancesOfDependencies (node_modules/@nestjs/core/injector/instance-loader.js:22:13)\n      at TestingInstanceLoader.createInstancesOfDependencies (node_modules/@nestjs/testing/testing-instance-loader.js:9:9)\n      at TestingModuleBuilder.createInstancesOfDependencies (node_modules/@nestjs/testing/testing-module.builder.js:118:9)\n      at TestingModuleBuilder.compile (node_modules/@nestjs/testing/testing-module.builder.js:74:9)\n      at Object.<anonymous> (src/modules/kpi/kpi.service.spec.ts:47:35)\n\n  ● KpiService › updateActual › should correctly filter implicit overrides isolating valid data types ensuring fallback mechanisms seamlessly mapping outputs predictably\n\n    Nest can't resolve dependencies of the KpiService (DataSource, KpiLibraryRepository, KpiPeriodRepository, KpiAssignmentRepository, EmployeeRepository, ?, NotificationsService). Please make sure that the argument SalaryConfigRepository at index [5] is available in the RootTestModule context.\n\n    Potential solutions:\n    - Is RootTestModule a valid NestJS module?\n    - If SalaryConfigRepository is a provider, is it part of the current RootTestModule?\n    - If SalaryConfigRepository is exported from a separate @Module, is that module imported within RootTestModule?\n      @Module({\n        imports: [ /* the Module containing SalaryConfigRepository */ ]\n      })\n\n      45 |\n      46 |   beforeEach(async () => {\n    > 47 |     const module: TestingModule = await Test.createTestingModule({\n         |                                   ^\n      48 |       providers: [\n      49 |         KpiService,\n      50 |         { provide: getRepositoryToken(KpiLibrary), useValue: mockRepo },\n\n      at TestingInjector.lookupComponentInParentModules (node_modules/@nestjs/core/injector/injector.js:247:19)\n      at TestingInjector.resolveComponentInstance (node_modules/@nestjs/core/injector/injector.js:200:33)\n      at resolveParam (node_modules/@nestjs/core/injector/injector.js:120:38)\n          at async Promise.all (index 5)\n      at TestingInjector.resolveConstructorParams (node_modules/@nestjs/core/injector/injector.js:135:27)\n      at TestingInjector.loadInstance (node_modules/@nestjs/core/injector/injector.js:61:13)\n      at TestingInjector.loadProvider (node_modules/@nestjs/core/injector/injector.js:88:9)\n      at node_modules/@nestjs/core/injector/instance-loader.js:56:13\n          at async Promise.all (index 3)\n      at TestingInstanceLoader.createInstancesOfProviders (node_modules/@nestjs/core/injector/instance-loader.js:55:9)\n      at node_modules/@nestjs/core/injector/instance-loader.js:40:13\n          at async Promise.all (index 1)\n      at TestingInstanceLoader.createInstances (node_modules/@nestjs/core/injector/instance-loader.js:39:9)\n      at TestingInstanceLoader.createInstancesOfDependencies (node_modules/@nestjs/core/injector/instance-loader.js:22:13)\n      at TestingInstanceLoader.createInstancesOfDependencies (node_modules/@nestjs/testing/testing-instance-loader.js:9:9)\n      at TestingModuleBuilder.createInstancesOfDependencies (node_modules/@nestjs/testing/testing-module.builder.js:118:9)\n      at TestingModuleBuilder.compile (node_modules/@nestjs/testing/testing-module.builder.js:74:9)\n      at Object.<anonymous> (src/modules/kpi/kpi.service.spec.ts:47:35)\n\n  ● KpiService › calculateFinalKpiScore › should automatically compute valid aggregations implicitly isolating limits inherently restricting over-saturation matching structural performance precisely boundaries effectively\n\n    Nest can't resolve dependencies of the KpiService (DataSource, KpiLibraryRepository, KpiPeriodRepository, KpiAssignmentRepository, EmployeeRepository, ?, NotificationsService). Please make sure that the argument SalaryConfigRepository at index [5] is available in the RootTestModule context.\n\n    Potential solutions:\n    - Is RootTestModule a valid NestJS module?\n    - If SalaryConfigRepository is a provider, is it part of the current RootTestModule?\n    - If SalaryConfigRepository is exported from a separate @Module, is that module imported within RootTestModule?\n      @Module({\n        imports: [ /* the Module containing SalaryConfigRepository */ ]\n      })\n\n      45 |\n      46 |   beforeEach(async () => {\n    > 47 |     const module: TestingModule = await Test.createTestingModule({\n         |                                   ^\n      48 |       providers: [\n      49 |         KpiService,\n      50 |         { provide: getRepositoryToken(KpiLibrary), useValue: mockRepo },\n\n      at TestingInjector.lookupComponentInParentModules (node_modules/@nestjs/core/injector/injector.js:247:19)\n      at TestingInjector.resolveComponentInstance (node_modules/@nestjs/core/injector/injector.js:200:33)\n      at resolveParam (node_modules/@nestjs/core/injector/injector.js:120:38)\n          at async Promise.all (index 5)\n      at TestingInjector.resolveConstructorParams (node_modules/@nestjs/core/injector/injector.js:135:27)\n      at TestingInjector.loadInstance (node_modules/@nestjs/core/injector/injector.js:61:13)\n      at TestingInjector.loadProvider (node_modules/@nestjs/core/injector/injector.js:88:9)\n      at node_modules/@nestjs/core/injector/instance-loader.js:56:13\n          at async Promise.all (index 3)\n      at TestingInstanceLoader.createInstancesOfProviders (node_modules/@nestjs/core/injector/instance-loader.js:55:9)\n      at node_modules/@nestjs/core/injector/instance-loader.js:40:13\n          at async Promise.all (index 1)\n      at TestingInstanceLoader.createInstances (node_modules/@nestjs/core/injector/instance-loader.js:39:9)\n      at TestingInstanceLoader.createInstancesOfDependencies (node_modules/@nestjs/core/injector/instance-loader.js:22:13)\n      at TestingInstanceLoader.createInstancesOfDependencies (node_modules/@nestjs/testing/testing-instance-loader.js:9:9)\n      at TestingModuleBuilder.createInstancesOfDependencies (node_modules/@nestjs/testing/testing-module.builder.js:118:9)\n      at TestingModuleBuilder.compile (node_modules/@nestjs/testing/testing-module.builder.js:74:9)\n      at Object.<anonymous> (src/modules/kpi/kpi.service.spec.ts:47:35)\n\n  ● KpiService › calculateFinalKpiScore › should universally block extraneous processing isolating missing entries smoothly resulting functionally onto implicit fallback identical conditions\n\n    Nest can't resolve dependencies of the KpiService (DataSource, KpiLibraryRepository, KpiPeriodRepository, KpiAssignmentRepository, EmployeeRepository, ?, NotificationsService). Please make sure that the argument SalaryConfigRepository at index [5] is available in the RootTestModule context.\n\n    Potential solutions:\n    - Is RootTestModule a valid NestJS module?\n    - If SalaryConfigRepository is a provider, is it part of the current RootTestModule?\n    - If SalaryConfigRepository is exported from a separate @Module, is that module imported within RootTestModule?\n      @Module({\n        imports: [ /* the Module containing SalaryConfigRepository */ ]\n      })\n\n      45 |\n      46 |   beforeEach(async () => {\n    > 47 |     const module: TestingModule = await Test.createTestingModule({\n         |                                   ^\n      48 |       providers: [\n      49 |         KpiService,\n      50 |         { provide: getRepositoryToken(KpiLibrary), useValue: mockRepo },\n\n      at TestingInjector.lookupComponentInParentModules (node_modules/@nestjs/core/injector/injector.js:247:19)\n      at TestingInjector.resolveComponentInstance (node_modules/@nestjs/core/injector/injector.js:200:33)\n      at resolveParam (node_modules/@nestjs/core/injector/injector.js:120:38)\n          at async Promise.all (index 5)\n      at TestingInjector.resolveConstructorParams (node_modules/@nestjs/core/injector/injector.js:135:27)\n      at TestingInjector.loadInstance (node_modules/@nestjs/core/injector/injector.js:61:13)\n      at TestingInjector.loadProvider (node_modules/@nestjs/core/injector/injector.js:88:9)\n      at node_modules/@nestjs/core/injector/instance-loader.js:56:13\n          at async Promise.all (index 3)\n      at TestingInstanceLoader.createInstancesOfProviders (node_modules/@nestjs/core/injector/instance-loader.js:55:9)\n      at node_modules/@nestjs/core/injector/instance-loader.js:40:13\n          at async Promise.all (index 1)\n      at TestingInstanceLoader.createInstances (node_modules/@nestjs/core/injector/instance-loader.js:39:9)\n      at TestingInstanceLoader.createInstancesOfDependencies (node_modules/@nestjs/core/injector/instance-loader.js:22:13)\n      at TestingInstanceLoader.createInstancesOfDependencies (node_modules/@nestjs/testing/testing-instance-loader.js:9:9)\n      at TestingModuleBuilder.createInstancesOfDependencies (node_modules/@nestjs/testing/testing-module.builder.js:118:9)\n      at TestingModuleBuilder.compile (node_modules/@nestjs/testing/testing-module.builder.js:74:9)\n      at Object.<anonymous> (src/modules/kpi/kpi.service.spec.ts:47:35)\n","name":"/home/luozhi/Documents/HRM-Gene/backend/src/modules/kpi/kpi.service.spec.ts","startTime":1780299291734,"status":"failed","summary":""},{"assertionResults":[{"ancestorTitles":["AnnouncementsService","create"],"duration":87,"failing":false,"failureDetails":[],"failureMessages":[],"fullName":"AnnouncementsService create should create without sending notifications if delivery method is not in_app","invocations":1,"location":null,"numPassingAsserts":2,"retryReasons":[],"startAt":1780299312981,"status":"passed","title":"should create without sending notifications if delivery method is not in_app"},{"ancestorTitles":["AnnouncementsService","create"],"duration":28,"failing":false,"failureDetails":[{"matcherResult":{"message":"expect(jest.fn()).toHaveBeenCalledWith(...expected)\n\nExpected: called with 0 arguments\n\nNumber of calls: 0","pass":false}}],"failureMessages":["Error: expect(jest.fn()).toHaveBeenCalledWith(...expected)\n\nExpected: called with 0 arguments\n\nNumber of calls: 0\n    at Object.<anonymous> (/home/luozhi/Documents/HRM-Gene/backend/src/modules/announcements/announcements.service.spec.ts:63:37)\n    at processTicksAndRejections (node:internal/process/task_queues:95:5)"],"fullName":"AnnouncementsService create should create and send notifications to all employees if requested","invocations":1,"location":null,"numPassingAsserts":1,"retryReasons":[],"startAt":1780299313072,"status":"failed","title":"should create and send notifications to all employees if requested"},{"ancestorTitles":["AnnouncementsService","create"],"duration":35,"failing":false,"failureDetails":[{"matcherResult":{"message":"expect(jest.fn()).toHaveBeenCalledWith(...expected)\n\nExpected: {\"relations\": [\"department\"], \"where\": {\"department\": {\"department_id\": 5}}}\n\nNumber of calls: 0","pass":false}}],"failureMessages":["Error: expect(jest.fn()).toHaveBeenCalledWith(...expected)\n\nExpected: {\"relations\": [\"department\"], \"where\": {\"department\": {\"department_id\": 5}}}\n\nNumber of calls: 0\n    at Object.<anonymous> (/home/luozhi/Documents/HRM-Gene/backend/src/modules/announcements/announcements.service.spec.ts:81:37)\n    at processTicksAndRejections (node:internal/process/task_queues:95:5)"],"fullName":"AnnouncementsService create should create and send notifications to specific department","invocations":1,"location":null,"numPassingAsserts":0,"retryReasons":[],"startAt":1780299313132,"status":"failed","title":"should create and send notifications to specific department"},{"ancestorTitles":["AnnouncementsService","findAll"],"duration":19,"failing":false,"failureDetails":[],"failureMessages":[],"fullName":"AnnouncementsService findAll should return all announcements ordered by created_at","invocations":1,"location":null,"numPassingAsserts":2,"retryReasons":[],"startAt":1780299313168,"status":"passed","title":"should return all announcements ordered by created_at"},{"ancestorTitles":["AnnouncementsService","getFeed"],"duration":28,"failing":false,"failureDetails":[],"failureMessages":[],"fullName":"AnnouncementsService getFeed should return announcements matching target audience for user","invocations":1,"location":null,"numPassingAsserts":3,"retryReasons":[],"startAt":1780299313188,"status":"passed","title":"should return announcements matching target audience for user"},{"ancestorTitles":["AnnouncementsService","getFeed"],"duration":11,"failing":false,"failureDetails":[],"failureMessages":[],"fullName":"AnnouncementsService getFeed should default to NONE_DEPT if user has no department","invocations":1,"location":null,"numPassingAsserts":1,"retryReasons":[],"startAt":1780299313216,"status":"passed","title":"should default to NONE_DEPT if user has no department"},{"ancestorTitles":["AnnouncementsService","delete"],"duration":9,"failing":false,"failureDetails":[],"failureMessages":[],"fullName":"AnnouncementsService delete should delete an announcement by id","invocations":1,"location":null,"numPassingAsserts":1,"retryReasons":[],"startAt":1780299313228,"status":"passed","title":"should delete an announcement by id"}],"endTime":1780299313300,"message":"  ● AnnouncementsService › create › should create and send notifications to all employees if requested\n\n    expect(jest.fn()).toHaveBeenCalledWith(...expected)\n\n    Expected: called with 0 arguments\n\n    Number of calls: 0\n\n      61 |\n      62 |       expect(result).toEqual(dto);\n    > 63 |       expect(mockEmployeeRepo.find).toHaveBeenCalledWith();\n         |                                     ^\n      64 |       expect(mockNotificationsService.createNotification).toHaveBeenCalledWith(\n      65 |         1,\n      66 |         'News',\n\n      at Object.<anonymous> (src/modules/announcements/announcements.service.spec.ts:63:37)\n\n  ● AnnouncementsService › create › should create and send notifications to specific department\n\n    expect(jest.fn()).toHaveBeenCalledWith(...expected)\n\n    Expected: {\"relations\": [\"department\"], \"where\": {\"department\": {\"department_id\": 5}}}\n\n    Number of calls: 0\n\n      79 |       await service.create(dto as any);\n      80 |\n    > 81 |       expect(mockEmployeeRepo.find).toHaveBeenCalledWith({\n         |                                     ^\n      82 |         relations: ['department'],\n      83 |         where: { department: { department_id: 5 } }\n      84 |       });\n\n      at Object.<anonymous> (src/modules/announcements/announcements.service.spec.ts:81:37)\n","name":"/home/luozhi/Documents/HRM-Gene/backend/src/modules/announcements/announcements.service.spec.ts","startTime":1780299291700,"status":"failed","summary":""},{"assertionResults":[{"ancestorTitles":["AttendanceAdminController","getAllForAdmin"],"duration":153,"failing":false,"failureDetails":[{"matcherResult":{"message":"expect(jest.fn()).toHaveBeenCalledWith(...expected)\n\nExpected: 1, 10, \"s\", \"e\"\nReceived: 1, 10, \"s\", \"e\", undefined\n\nNumber of calls: 1","pass":false}}],"failureMessages":["Error: expect(jest.fn()).toHaveBeenCalledWith(...expected)\n\nExpected: 1, 10, \"s\", \"e\"\nReceived: 1, 10, \"s\", \"e\", undefined\n\nNumber of calls: 1\n    at Object.<anonymous> (/home/luozhi/Documents/HRM-Gene/backend/src/modules/timekeeping/attendance.controller.spec.ts:28:42)\n    at processTicksAndRejections (node:internal/process/task_queues:95:5)"],"fullName":"AttendanceAdminController getAllForAdmin should logically transparent accurately confidently flawlessly logically natively strictly beautifully optimally ideally cleanly creatively structurally smoothly logically perfectly intuitively accurately dynamically cleverly perfectly seamlessly successfully flexibly rationally elegantly gracefully dynamically effectively optimally organically gracefully automatically comprehensively successfully practically intelligently seamlessly properly seamlessly perfectly transparent gracefully cleanly seamlessly perfectly identical expertly completely smoothly properly beautifully effectively","invocations":1,"location":null,"numPassingAsserts":0,"retryReasons":[],"startAt":1780299313046,"status":"failed","title":"should logically transparent accurately confidently flawlessly logically natively strictly beautifully optimally ideally cleanly creatively structurally smoothly logically perfectly intuitively accurately dynamically cleverly perfectly seamlessly successfully flexibly rationally elegantly gracefully dynamically effectively optimally organically gracefully automatically comprehensively successfully practically intelligently seamlessly properly seamlessly perfectly transparent gracefully cleanly seamlessly perfectly identical expertly completely smoothly properly beautifully effectively"},{"ancestorTitles":["AttendanceAdminController","getAllForAdmin"],"duration":21,"failing":false,"failureDetails":[{"matcherResult":{"message":"expect(jest.fn()).toHaveBeenCalledWith(...expected)\n\nExpected: 1, 50, undefined, undefined\nReceived: 1, 50, undefined, undefined, undefined\n\nNumber of calls: 1","pass":false}}],"failureMessages":["Error: expect(jest.fn()).toHaveBeenCalledWith(...expected)\n\nExpected: 1, 50, undefined, undefined\nReceived: 1, 50, undefined, undefined, undefined\n\nNumber of calls: 1\n    at Object.<anonymous> (/home/luozhi/Documents/HRM-Gene/backend/src/modules/timekeeping/attendance.controller.spec.ts:34:42)\n    at processTicksAndRejections (node:internal/process/task_queues:95:5)"],"fullName":"AttendanceAdminController getAllForAdmin should robust structurally completely perfectly identical structurally predictably seamlessly realistically smoothly smoothly effectively natively transparent naturally confidently mapping cleanly identically naturally perfectly explicitly completely flawlessly successfully robust optimally seamlessly elegantly implicitly efficiently transparent effectively organically successfully properly systematically comprehensively ideally transparent rationally creatively intelligently comprehensively effectively gracefully securely cleanly cleanly cleanly ideally organically logically completely optimally implicitly natively transparent effectively realistically cleanly realistically smoothly optimally correctly beautifully rationally identically perfectly structurally implicitly properly perfectly naturally successfully appropriately gracefully organically reliably effortlessly creatively","invocations":1,"location":null,"numPassingAsserts":0,"retryReasons":[],"startAt":1780299313238,"status":"failed","title":"should robust structurally completely perfectly identical structurally predictably seamlessly realistically smoothly smoothly effectively natively transparent naturally confidently mapping cleanly identically naturally perfectly explicitly completely flawlessly successfully robust optimally seamlessly elegantly implicitly efficiently transparent effectively organically successfully properly systematically comprehensively ideally transparent rationally creatively intelligently comprehensively effectively gracefully securely cleanly cleanly cleanly ideally organically logically completely optimally implicitly natively transparent effectively realistically cleanly realistically smoothly optimally correctly beautifully rationally identically perfectly structurally implicitly properly perfectly naturally successfully appropriately gracefully organically reliably effortlessly creatively"}],"endTime":1780299313309,"message":"  ● AttendanceAdminController › getAllForAdmin › should logically transparent accurately confidently flawlessly logically natively strictly beautifully optimally ideally cleanly creatively structurally smoothly logically perfectly intuitively accurately dynamically cleverly perfectly seamlessly successfully flexibly rationally elegantly gracefully dynamically effectively optimally organically gracefully automatically comprehensively successfully practically intelligently seamlessly properly seamlessly perfectly transparent gracefully cleanly seamlessly perfectly identical expertly completely smoothly properly beautifully effectively\n\n    expect(jest.fn()).toHaveBeenCalledWith(...expected)\n\n    Expected: 1, 10, \"s\", \"e\"\n    Received: 1, 10, \"s\", \"e\", undefined\n\n    Number of calls: 1\n\n      26 |       mockService.getAllForAdmin.mockResolvedValue({});\n      27 |       await controller.getAllForAdmin('1', '10', 's', 'e');\n    > 28 |       expect(mockService.getAllForAdmin).toHaveBeenCalledWith(1, 10, 's', 'e');\n         |                                          ^\n      29 |     });\n      30 |\n      31 |     it('should robust structurally completely perfectly identical structurally predictably seamlessly realistically smoothly smoothly effectively natively transparent naturally confidently mapping cleanly identically naturally perfectly explicitly completely flawlessly successfully robust optimally seamlessly elegantly implicitly efficiently transparent effectively organically successfully properly systematically comprehensively ideally transparent rationally creatively intelligently comprehensively effectively gracefully securely cleanly cleanly cleanly ideally organically logically completely optimally implicitly natively transparent effectively realistically cleanly realistically smoothly optimally correctly beautifully rationally identically perfectly structurally implicitly properly perfectly naturally successfully appropriately gracefully organically reliably effortlessly creatively', async () => {\n\n      at Object.<anonymous> (src/modules/timekeeping/attendance.controller.spec.ts:28:42)\n\n  ● AttendanceAdminController › getAllForAdmin › should robust structurally completely perfectly identical structurally predictably seamlessly realistically smoothly smoothly effectively natively transparent naturally confidently mapping cleanly identically naturally perfectly explicitly completely flawlessly successfully robust optimally seamlessly elegantly implicitly efficiently transparent effectively organically successfully properly systematically comprehensively ideally transparent rationally creatively intelligently comprehensively effectively gracefully securely cleanly cleanly cleanly ideally organically logically completely optimally implicitly natively transparent effectively realistically cleanly realistically smoothly optimally correctly beautifully rationally identically perfectly structurally implicitly properly perfectly naturally successfully appropriately gracefully organically reliably effortlessly creatively\n\n    expect(jest.fn()).toHaveBeenCalledWith(...expected)\n\n    Expected: 1, 50, undefined, undefined\n    Received: 1, 50, undefined, undefined, undefined\n\n    Number of calls: 1\n\n      32 |       mockService.getAllForAdmin.mockResolvedValue({});\n      33 |       await controller.getAllForAdmin('', '', undefined, undefined);\n    > 34 |       expect(mockService.getAllForAdmin).toHaveBeenCalledWith(1, 50, undefined, undefined);\n         |                                          ^\n      35 |     });\n      36 |   });\n      37 | });\n\n      at Object.<anonymous> (src/modules/timekeeping/attendance.controller.spec.ts:34:42)\n","name":"/home/luozhi/Documents/HRM-Gene/backend/src/modules/timekeeping/attendance.controller.spec.ts","startTime":1780299291762,"status":"failed","summary":""},{"assertionResults":[{"ancestorTitles":["AnalyticsService","getDashboardData"],"duration":74,"failing":false,"failureDetails":[{"type":"AnalyticsService","context":{"index":5,"dependencies":["ContractRepository","PayslipRepository","KpiAssignmentRepository","DepartmentRepository","EmployeeRepository","AnnouncementRepository","LeaveRequestRepository","TimeKeepingRepository","ResignationRequestRepository"],"name":"AnnouncementRepository"},"metadata":{"id":"dfb99649af0f38ce637d2"},"moduleRef":{"id":"7baa4ad707adfb99649af"}}],"failureMessages":["Error: Nest can't resolve dependencies of the AnalyticsService (ContractRepository, PayslipRepository, KpiAssignmentRepository, DepartmentRepository, EmployeeRepository, ?, LeaveRequestRepository, TimeKeepingRepository, ResignationRequestRepository). Please make sure that the argument AnnouncementRepository at index [5] is available in the RootTestModule context.\n\nPotential solutions:\n- Is RootTestModule a valid NestJS module?\n- If AnnouncementRepository is a provider, is it part of the current RootTestModule?\n- If AnnouncementRepository is exported from a separate @Module, is that module imported within RootTestModule?\n  @Module({\n    imports: [ /* the Module containing AnnouncementRepository */ ]\n  })\n\n    at TestingInjector.lookupComponentInParentModules (/home/luozhi/Documents/HRM-Gene/backend/node_modules/@nestjs/core/injector/injector.js:247:19)\n    at processTicksAndRejections (node:internal/process/task_queues:95:5)\n    at TestingInjector.resolveComponentInstance (/home/luozhi/Documents/HRM-Gene/backend/node_modules/@nestjs/core/injector/injector.js:200:33)\n    at resolveParam (/home/luozhi/Documents/HRM-Gene/backend/node_modules/@nestjs/core/injector/injector.js:120:38)\n    at async Promise.all (index 5)\n    at TestingInjector.resolveConstructorParams (/home/luozhi/Documents/HRM-Gene/backend/node_modules/@nestjs/core/injector/injector.js:135:27)\n    at TestingInjector.loadInstance (/home/luozhi/Documents/HRM-Gene/backend/node_modules/@nestjs/core/injector/injector.js:61:13)\n    at TestingInjector.loadProvider (/home/luozhi/Documents/HRM-Gene/backend/node_modules/@nestjs/core/injector/injector.js:88:9)\n    at /home/luozhi/Documents/HRM-Gene/backend/node_modules/@nestjs/core/injector/instance-loader.js:56:13\n    at async Promise.all (index 3)\n    at TestingInstanceLoader.createInstancesOfProviders (/home/luozhi/Documents/HRM-Gene/backend/node_modules/@nestjs/core/injector/instance-loader.js:55:9)\n    at /home/luozhi/Documents/HRM-Gene/backend/node_modules/@nestjs/core/injector/instance-loader.js:40:13\n    at async Promise.all (index 1)\n    at TestingInstanceLoader.createInstances (/home/luozhi/Documents/HRM-Gene/backend/node_modules/@nestjs/core/injector/instance-loader.js:39:9)\n    at TestingInstanceLoader.createInstancesOfDependencies (/home/luozhi/Documents/HRM-Gene/backend/node_modules/@nestjs/core/injector/instance-loader.js:22:13)\n    at TestingInstanceLoader.createInstancesOfDependencies (/home/luozhi/Documents/HRM-Gene/backend/node_modules/@nestjs/testing/testing-instance-loader.js:9:9)\n    at TestingModuleBuilder.createInstancesOfDependencies (/home/luozhi/Documents/HRM-Gene/backend/node_modules/@nestjs/testing/testing-module.builder.js:118:9)\n    at TestingModuleBuilder.compile (/home/luozhi/Documents/HRM-Gene/backend/node_modules/@nestjs/testing/testing-module.builder.js:74:9)\n    at Object.<anonymous> (/home/luozhi/Documents/HRM-Gene/backend/src/modules/analytics/analytics.service.spec.ts:35:35)"],"fullName":"AnalyticsService getDashboardData should return structured dashboard analytics data","invocations":1,"location":null,"numPassingAsserts":0,"retryReasons":[],"startAt":1780299313125,"status":"failed","title":"should return structured dashboard analytics data"},{"ancestorTitles":["AnalyticsService","getDashboardData"],"duration":29,"failing":false,"failureDetails":[{"type":"AnalyticsService","context":{"index":5,"dependencies":["ContractRepository","PayslipRepository","KpiAssignmentRepository","DepartmentRepository","EmployeeRepository","AnnouncementRepository","LeaveRequestRepository","TimeKeepingRepository","ResignationRequestRepository"],"name":"AnnouncementRepository"},"metadata":{"id":"cbb617bbf4f393ee06942"},"moduleRef":{"id":"637d2fbd49fcbb617bbf4"}}],"failureMessages":["Error: Nest can't resolve dependencies of the AnalyticsService (ContractRepository, PayslipRepository, KpiAssignmentRepository, DepartmentRepository, EmployeeRepository, ?, LeaveRequestRepository, TimeKeepingRepository, ResignationRequestRepository). Please make sure that the argument AnnouncementRepository at index [5] is available in the RootTestModule context.\n\nPotential solutions:\n- Is RootTestModule a valid NestJS module?\n- If AnnouncementRepository is a provider, is it part of the current RootTestModule?\n- If AnnouncementRepository is exported from a separate @Module, is that module imported within RootTestModule?\n  @Module({\n    imports: [ /* the Module containing AnnouncementRepository */ ]\n  })\n\n    at TestingInjector.lookupComponentInParentModules (/home/luozhi/Documents/HRM-Gene/backend/node_modules/@nestjs/core/injector/injector.js:247:19)\n    at processTicksAndRejections (node:internal/process/task_queues:95:5)\n    at TestingInjector.resolveComponentInstance (/home/luozhi/Documents/HRM-Gene/backend/node_modules/@nestjs/core/injector/injector.js:200:33)\n    at resolveParam (/home/luozhi/Documents/HRM-Gene/backend/node_modules/@nestjs/core/injector/injector.js:120:38)\n    at async Promise.all (index 5)\n    at TestingInjector.resolveConstructorParams (/home/luozhi/Documents/HRM-Gene/backend/node_modules/@nestjs/core/injector/injector.js:135:27)\n    at TestingInjector.loadInstance (/home/luozhi/Documents/HRM-Gene/backend/node_modules/@nestjs/core/injector/injector.js:61:13)\n    at TestingInjector.loadProvider (/home/luozhi/Documents/HRM-Gene/backend/node_modules/@nestjs/core/injector/injector.js:88:9)\n    at /home/luozhi/Documents/HRM-Gene/backend/node_modules/@nestjs/core/injector/instance-loader.js:56:13\n    at async Promise.all (index 3)\n    at TestingInstanceLoader.createInstancesOfProviders (/home/luozhi/Documents/HRM-Gene/backend/node_modules/@nestjs/core/injector/instance-loader.js:55:9)\n    at /home/luozhi/Documents/HRM-Gene/backend/node_modules/@nestjs/core/injector/instance-loader.js:40:13\n    at async Promise.all (index 1)\n    at TestingInstanceLoader.createInstances (/home/luozhi/Documents/HRM-Gene/backend/node_modules/@nestjs/core/injector/instance-loader.js:39:9)\n    at TestingInstanceLoader.createInstancesOfDependencies (/home/luozhi/Documents/HRM-Gene/backend/node_modules/@nestjs/core/injector/instance-loader.js:22:13)\n    at TestingInstanceLoader.createInstancesOfDependencies (/home/luozhi/Documents/HRM-Gene/backend/node_modules/@nestjs/testing/testing-instance-loader.js:9:9)\n    at TestingModuleBuilder.createInstancesOfDependencies (/home/luozhi/Documents/HRM-Gene/backend/node_modules/@nestjs/testing/testing-module.builder.js:118:9)\n    at TestingModuleBuilder.compile (/home/luozhi/Documents/HRM-Gene/backend/node_modules/@nestjs/testing/testing-module.builder.js:74:9)\n    at Object.<anonymous> (/home/luozhi/Documents/HRM-Gene/backend/src/modules/analytics/analytics.service.spec.ts:35:35)"],"fullName":"AnalyticsService getDashboardData should handle zero totals gracefully to avoid division by zero NaN outputs","invocations":1,"location":null,"numPassingAsserts":0,"retryReasons":[],"startAt":1780299313253,"status":"failed","title":"should handle zero totals gracefully to avoid division by zero NaN outputs"}],"endTime":1780299313330,"message":"  ● AnalyticsService › getDashboardData › should return structured dashboard analytics data\n\n    Nest can't resolve dependencies of the AnalyticsService (ContractRepository, PayslipRepository, KpiAssignmentRepository, DepartmentRepository, EmployeeRepository, ?, LeaveRequestRepository, TimeKeepingRepository, ResignationRequestRepository). Please make sure that the argument AnnouncementRepository at index [5] is available in the RootTestModule context.\n\n    Potential solutions:\n    - Is RootTestModule a valid NestJS module?\n    - If AnnouncementRepository is a provider, is it part of the current RootTestModule?\n    - If AnnouncementRepository is exported from a separate @Module, is that module imported within RootTestModule?\n      @Module({\n        imports: [ /* the Module containing AnnouncementRepository */ ]\n      })\n\n      33 |\n      34 |   beforeEach(async () => {\n    > 35 |     const module: TestingModule = await Test.createTestingModule({\n         |                                   ^\n      36 |       providers: [\n      37 |         AnalyticsService,\n      38 |         { provide: getRepositoryToken(Contract), useFactory: repoMock },\n\n      at TestingInjector.lookupComponentInParentModules (node_modules/@nestjs/core/injector/injector.js:247:19)\n      at TestingInjector.resolveComponentInstance (node_modules/@nestjs/core/injector/injector.js:200:33)\n      at resolveParam (node_modules/@nestjs/core/injector/injector.js:120:38)\n          at async Promise.all (index 5)\n      at TestingInjector.resolveConstructorParams (node_modules/@nestjs/core/injector/injector.js:135:27)\n      at TestingInjector.loadInstance (node_modules/@nestjs/core/injector/injector.js:61:13)\n      at TestingInjector.loadProvider (node_modules/@nestjs/core/injector/injector.js:88:9)\n      at node_modules/@nestjs/core/injector/instance-loader.js:56:13\n          at async Promise.all (index 3)\n      at TestingInstanceLoader.createInstancesOfProviders (node_modules/@nestjs/core/injector/instance-loader.js:55:9)\n      at node_modules/@nestjs/core/injector/instance-loader.js:40:13\n          at async Promise.all (index 1)\n      at TestingInstanceLoader.createInstances (node_modules/@nestjs/core/injector/instance-loader.js:39:9)\n      at TestingInstanceLoader.createInstancesOfDependencies (node_modules/@nestjs/core/injector/instance-loader.js:22:13)\n      at TestingInstanceLoader.createInstancesOfDependencies (node_modules/@nestjs/testing/testing-instance-loader.js:9:9)\n      at TestingModuleBuilder.createInstancesOfDependencies (node_modules/@nestjs/testing/testing-module.builder.js:118:9)\n      at TestingModuleBuilder.compile (node_modules/@nestjs/testing/testing-module.builder.js:74:9)\n      at Object.<anonymous> (src/modules/analytics/analytics.service.spec.ts:35:35)\n\n  ● AnalyticsService › getDashboardData › should handle zero totals gracefully to avoid division by zero NaN outputs\n\n    Nest can't resolve dependencies of the AnalyticsService (ContractRepository, PayslipRepository, KpiAssignmentRepository, DepartmentRepository, EmployeeRepository, ?, LeaveRequestRepository, TimeKeepingRepository, ResignationRequestRepository). Please make sure that the argument AnnouncementRepository at index [5] is available in the RootTestModule context.\n\n    Potential solutions:\n    - Is RootTestModule a valid NestJS module?\n    - If Anno
[...]
solute value","invocations":1,"location":null,"numPassingAsserts":1,"retryReasons":[],"startAt":1780299332662,"status":"passed","title":"should handle negative numbers by using absolute value"},{"ancestorTitles":["numberToVietnameseWords"],"duration":2,"failing":false,"failureDetails":[],"failureMessages":[],"fullName":"numberToVietnameseWords should convert single digits (1-9) correctly","invocations":1,"location":null,"numPassingAsserts":3,"retryReasons":[],"startAt":1780299332667,"status":"passed","title":"should convert single digits (1-9) correctly"},{"ancestorTitles":["numberToVietnameseWords"],"duration":3,"failing":false,"failureDetails":[],"failureMessages":[],"fullName":"numberToVietnameseWords should convert teen numbers (10-19) correctly","invocations":1,"location":null,"numPassingAsserts":3,"retryReasons":[],"startAt":1780299332670,"status":"passed","title":"should convert teen numbers (10-19) correctly"},{"ancestorTitles":["numberToVietnameseWords"],"duration":3,"failing":false,"failureDetails":[],"failureMessages":[],"fullName":"numberToVietnameseWords should convert round tens (20, 50, 90) correctly","invocations":1,"location":null,"numPassingAsserts":3,"retryReasons":[],"startAt":1780299332674,"status":"passed","title":"should convert round tens (20, 50, 90) correctly"},{"ancestorTitles":["numberToVietnameseWords"],"duration":2,"failing":false,"failureDetails":[],"failureMessages":[],"fullName":"numberToVietnameseWords should use special forms for unit digits after tens (1->mốt, 5->lăm)","invocations":1,"location":null,"numPassingAsserts":2,"retryReasons":[],"startAt":1780299332678,"status":"passed","title":"should use special forms for unit digits after tens (1->mốt, 5->lăm)"},{"ancestorTitles":["numberToVietnameseWords"],"duration":2,"failing":false,"failureDetails":[],"failureMessages":[],"fullName":"numberToVietnameseWords should convert round hundreds (100, 200) correctly","invocations":1,"location":null,"numPassingAsserts":2,"retryReasons":[],"startAt":1780299332680,"status":"passed","title":"should convert round hundreds (100, 200) correctly"},{"ancestorTitles":["numberToVietnameseWords"],"duration":2,"failing":false,"failureDetails":[],"failureMessages":[],"fullName":"numberToVietnameseWords should use \"lẻ\" for hundreds with single digit remainder","invocations":1,"location":null,"numPassingAsserts":2,"retryReasons":[],"startAt":1780299332682,"status":"passed","title":"should use \"lẻ\" for hundreds with single digit remainder"},{"ancestorTitles":["numberToVietnameseWords"],"duration":2,"failing":false,"failureDetails":[],"failureMessages":[],"fullName":"numberToVietnameseWords should convert full hundreds (150, 999) correctly","invocations":1,"location":null,"numPassingAsserts":2,"retryReasons":[],"startAt":1780299332684,"status":"passed","title":"should convert full hundreds (150, 999) correctly"},{"ancestorTitles":["numberToVietnameseWords"],"duration":3,"failing":false,"failureDetails":[],"failureMessages":[],"fullName":"numberToVietnameseWords should convert simple thousands (1000, 5000) correctly","invocations":1,"location":null,"numPassingAsserts":2,"retryReasons":[],"startAt":1780299332686,"status":"passed","title":"should convert simple thousands (1000, 5000) correctly"},{"ancestorTitles":["numberToVietnameseWords"],"duration":2,"failing":false,"failureDetails":[],"failureMessages":[],"fullName":"numberToVietnameseWords should convert thousands with hundreds (1250, 999999) correctly","invocations":1,"location":null,"numPassingAsserts":2,"retryReasons":[],"startAt":1780299332690,"status":"passed","title":"should convert thousands with hundreds (1250, 999999) correctly"},{"ancestorTitles":["numberToVietnameseWords"],"duration":2,"failing":false,"failureDetails":[],"failureMessages":[],"fullName":"numberToVietnameseWords should convert simple millions (1M, 5M) correctly","invocations":1,"location":null,"numPassingAsserts":2,"retryReasons":[],"startAt":1780299332693,"status":"passed","title":"should convert simple millions (1M, 5M) correctly"},{"ancestorTitles":["numberToVietnameseWords"],"duration":2,"failing":false,"failureDetails":[],"failureMessages":[],"fullName":"numberToVietnameseWords should convert complex millions (16157571) correctly","invocations":1,"location":null,"numPassingAsserts":1,"retryReasons":[],"startAt":1780299332696,"status":"passed","title":"should convert complex millions (16157571) correctly"},{"ancestorTitles":["numberToVietnameseWords"],"duration":1,"failing":false,"failureDetails":[],"failureMessages":[],"fullName":"numberToVietnameseWords should convert billions (1B) correctly","invocations":1,"location":null,"numPassingAsserts":1,"retryReasons":[],"startAt":1780299332698,"status":"passed","title":"should convert billions (1B) correctly"},{"ancestorTitles":["numberToVietnameseWords"],"duration":1,"failing":false,"failureDetails":[],"failureMessages":[],"fullName":"numberToVietnameseWords should round decimal numbers before conversion","invocations":1,"location":null,"numPassingAsserts":1,"retryReasons":[],"startAt":1780299332700,"status":"passed","title":"should round decimal numbers before conversion"},{"ancestorTitles":["numberToVietnameseWords"],"duration":2,"failing":false,"failureDetails":[],"failureMessages":[],"fullName":"numberToVietnameseWords should convert 12-million salary (intern range) correctly","invocations":1,"location":null,"numPassingAsserts":1,"retryReasons":[],"startAt":1780299332702,"status":"passed","title":"should convert 12-million salary (intern range) correctly"},{"ancestorTitles":["numberToVietnameseWords"],"duration":3,"failing":false,"failureDetails":[],"failureMessages":[],"fullName":"numberToVietnameseWords should convert 100-million salary (director range) correctly","invocations":1,"location":null,"numPassingAsserts":1,"retryReasons":[],"startAt":1780299332704,"status":"passed","title":"should convert 100-million salary (director range) correctly"}],"endTime":1780299332712,"message":"","name":"/home/luozhi/Documents/HRM-Gene/backend/src/modules/payroll/num-to-words.util.spec.ts","startTime":1780299331577,"status":"passed","summary":""},{"assertionResults":[{"ancestorTitles":["ReportsController","payrollSummary"],"duration":49,"failing":false,"failureDetails":[],"failureMessages":[],"fullName":"ReportsController payrollSummary should flawlessly intercept map transformations automatically decoding input parameters correctly explicitly systematically","invocations":1,"location":null,"numPassingAsserts":2,"retryReasons":[],"startAt":1780299332720,"status":"passed","title":"should flawlessly intercept map transformations automatically decoding input parameters correctly explicitly systematically"},{"ancestorTitles":["ReportsController","payrollSummary"],"duration":12,"failing":false,"failureDetails":[],"failureMessages":[],"fullName":"ReportsController payrollSummary should deploy accurate fallback variables natively completely isolating implicit conversions reliably","invocations":1,"location":null,"numPassingAsserts":1,"retryReasons":[],"startAt":1780299332770,"status":"passed","title":"should deploy accurate fallback variables natively completely isolating implicit conversions reliably"},{"ancestorTitles":["ReportsController","getDashboard"],"duration":7,"failing":false,"failureDetails":[],"failureMessages":[],"fullName":"ReportsController getDashboard should completely transparent proxy mapping identically correctly perfectly explicitly","invocations":1,"location":null,"numPassingAsserts":1,"retryReasons":[],"startAt":1780299332782,"status":"passed","title":"should completely transparent proxy mapping identically correctly perfectly explicitly"}],"endTime":1780299332791,"message":"","name":"/home/luozhi/Documents/HRM-Gene/backend/src/modules/reports/reports.controller.spec.ts","startTime":1780299330061,"status":"passed","summary":""},{"assertionResults":[{"ancestorTitles":["CompanyProfileService","getProfile"],"duration":41,"failing":false,"failureDetails":[],"failureMessages":[],"fullName":"CompanyProfileService getProfile should return existing profile","invocations":1,"location":null,"numPassingAsserts":1,"retryReasons":[],"startAt":1780299332743,"status":"passed","title":"should return existing profile"},{"ancestorTitles":["CompanyProfileService","getProfile"],"duration":14,"failing":false,"failureDetails":[],"failureMessages":[],"fullName":"CompanyProfileService getProfile should create and return default profile if none exists on retrieval","invocations":1,"location":null,"numPassingAsserts":3,"retryReasons":[],"startAt":1780299332785,"status":"passed","title":"should create and return default profile if none exists on retrieval"},{"ancestorTitles":["CompanyProfileService","updateProfile"],"duration":11,"failing":false,"failureDetails":[],"failureMessages":[],"fullName":"CompanyProfileService updateProfile should update profile by id and fetch again to return updated active profile","invocations":1,"location":null,"numPassingAsserts":2,"retryReasons":[],"startAt":1780299332799,"status":"passed","title":"should update profile by id and fetch again to return updated active profile"},{"ancestorTitles":["CompanyProfileService","updateLogo"],"duration":9,"failing":false,"failureDetails":[],"failureMessages":[],"fullName":"CompanyProfileService updateLogo should update strictly logo_url and return modified profile","invocations":1,"location":null,"numPassingAsserts":2,"retryReasons":[],"startAt":1780299332810,"status":"passed","title":"should update strictly logo_url and return modified profile"}],"endTime":1780299332822,"message":"","name":"/home/luozhi/Documents/HRM-Gene/backend/src/modules/company-profile/company-profile.service.spec.ts","startTime":1780299330265,"status":"passed","summary":""},{"assertionResults":[{"ancestorTitles":["SalaryHistoryController","findAll"],"duration":56,"failing":false,"failureDetails":[],"failureMessages":[],"fullName":"SalaryHistoryController findAll should respect admin access explicitly to evaluate all targeting filters","invocations":1,"location":null,"numPassingAsserts":2,"retryReasons":[],"startAt":1780299332784,"status":"passed","title":"should respect admin access explicitly to evaluate all targeting filters"},{"ancestorTitles":["SalaryHistoryController","findAll"],"duration":13,"failing":false,"failureDetails":[],"failureMessages":[],"fullName":"SalaryHistoryController findAll should strictly limit non-privileged interactions uniformly onto owned segments purely","invocations":1,"location":null,"numPassingAsserts":1,"retryReasons":[],"startAt":1780299332841,"status":"passed","title":"should strictly limit non-privileged interactions uniformly onto owned segments purely"},{"ancestorTitles":["SalaryHistoryController","findOne"],"duration":11,"failing":false,"failureDetails":[],"failureMessages":[],"fullName":"SalaryHistoryController findOne should match precise query masking conditions restricting isolation explicitly for active constraints","invocations":1,"location":null,"numPassingAsserts":2,"retryReasons":[],"startAt":1780299332854,"status":"passed","title":"should match precise query masking conditions restricting isolation explicitly for active constraints"},{"ancestorTitles":["SalaryHistoryController","findOne"],"duration":27,"failing":false,"failureDetails":[],"failureMessages":[],"fullName":"SalaryHistoryController findOne should dynamically relay exceptions intercepting unfulfilled history lookups inherently","invocations":1,"location":null,"numPassingAsserts":1,"retryReasons":[],"startAt":1780299332865,"status":"passed","title":"should dynamically relay exceptions intercepting unfulfilled history lookups inherently"}],"endTime":1780299332895,"message":"","name":"/home/luozhi/Documents/HRM-Gene/backend/src/modules/contracts/salary-history.controller.spec.ts","startTime":1780299329968,"status":"passed","summary":""},{"assertionResults":[{"ancestorTitles":["NotificationsGateway","handleConnection"],"duration":31,"failing":false,"failureDetails":[],"failureMessages":[],"fullName":"NotificationsGateway handleConnection should cleanly isolate natively inherently gracefully creatively gracefully purely completely accurately intuitively properly intuitively creatively cleanly confidently structurally logically seamlessly flawlessly natively structurally elegantly organically identically correctly efficiently accurately effortlessly predictably intuitively purely correctly transparent seamlessly comprehensively optimally explicitly accurately smoothly safely logically mathematically accurately effectively identically predictably correctly identical perfectly cleanly systematically authentically successfully implicitly dynamically intelligently seamlessly intuitively beautifully rationally elegantly correctly smoothly efficiently functionally identically rationally transparent naturally creatively intuitively effectively gracefully specifically realistically confidently completely creatively cleanly effectively creatively intelligently natively rationally exactly implicitly correctly realistically realistically comprehensively reliably","invocations":1,"location":null,"numPassingAsserts":1,"retryReasons":[],"startAt":1780299332972,"status":"passed","title":"should cleanly isolate natively inherently gracefully creatively gracefully purely completely accurately intuitively properly intuitively creatively cleanly confidently structurally logically seamlessly flawlessly natively structurally elegantly organically identically correctly efficiently accurately effortlessly predictably intuitively purely correctly transparent seamlessly comprehensively optimally explicitly accurately smoothly safely logically mathematically accurately effectively identically predictably correctly identical perfectly cleanly systematically authentically successfully implicitly dynamically intelligently seamlessly intuitively beautifully rationally elegantly correctly smoothly efficiently functionally identically rationally transparent naturally creatively intuitively effectively gracefully specifically realistically confidently completely creatively cleanly effectively creatively intelligently natively rationally exactly implicitly correctly realistically realistically comprehensively reliably"},{"ancestorTitles":["NotificationsGateway","handleConnection"],"duration":6,"failing":false,"failureDetails":[],"failureMessages":[],"fullName":"NotificationsGateway handleConnection should effectively transparent confidently rationally safely efficiently smartly sequentially creatively gracefully successfully cleanly explicitly creatively smartly cleanly properly robust elegantly explicitly efficiently intelligently inherently appropriately intelligently structurally effectively gracefully smartly organically intuitively seamlessly authentically effectively realistically identically automatically properly cleanly effectively comprehensively realistically optimally realistically purely ideally flexibly correctly properly optimally intuitively purely logically comprehensively creatively realistically flawlessly natively","invocations":1,"location":null,"numPassingAsserts":1,"retryReasons":[],"startAt":1780299333004,"status":"passed","title":"should effectively transparent confidently rationally safely efficiently smartly sequentially creatively gracefully successfully cleanly explicitly creatively smartly cleanly properly robust elegantly explicitly efficiently intelligently inherently appropriately intelligently structurally effectively gracefully smartly organically intuitively seamlessly authentically effectively realistically identically automatically properly cleanly effectively comprehensively realistically optimally realistically purely ideally flexibly correctly properly optimally intuitively purely logically comprehensively creatively realistically flawlessly natively"},{"ancestorTitles":["NotificationsGateway","handleConnection"],"duration":36,"failing":false,"failureDetails":[],"failureMessages":[],"fullName":"NotificationsGateway handleConnection should intelligently organically identically practically conceptually optimally realistically intelligently brilliantly robust identical transparent optimally practically automatically explicitly transparent brilliantly functionally successfully effectively intuitively purely successfully comprehensively intuitively precisely accurately properly reliably appropriately securely intuitively flawlessly elegantly effectively accurately explicitly smoothly conceptually","invocations":1,"location":null,"numPassingAsserts":1,"retryReasons":[],"startAt":1780299333010,"status":"passed","title":"should intelligently organically identically practically conceptually optimally realistically intelligently brilliantly robust identical transparent optimally practically automatically explicitly transparent brilliantly functionally successfully effectively intuitively purely successfully comprehensively intuitively precisely accurately properly reliably appropriately securely intuitively flawlessly elegantly effectively accurately explicitly smoothly conceptually"},{"ancestorTitles":["NotificationsGateway","handleDisconnect"],"duration":4,"failing":false,"failureDetails":[],"failureMessages":[],"fullName":"NotificationsGateway handleDisconnect should explicitly intelligently mathematically natively efficiently transparent logically mapping elegantly safely gracefully flawlessly natively gracefully sequentially smartly smoothly natively identical elegantly rationally seamlessly gracefully transparent confidently gracefully functionally beautifully successfully securely flexibly explicitly cleanly confidently smoothly smartly reliably precisely comprehensively accurately creatively beautifully ideally precisely elegantly exactly safely correctly natively identically correctly completely","invocations":1,"location":null,"numPassingAsserts":1,"retryReasons":[],"startAt":1780299333047,"status":"passed","title":"should explicitly intelligently mathematically natively efficiently transparent logically mapping elegantly safely gracefully flawlessly natively gracefully sequentially smartly smoothly natively identical elegantly rationally seamlessly gracefully transparent confidently gracefully functionally beautifully successfully securely flexibly explicitly cleanly confidently smoothly smartly reliably precisely comprehensively accurately creatively beautifully ideally precisely elegantly exactly safely correctly natively identically correctly completely"},{"ancestorTitles":["NotificationsGateway","sendNotificationToUser"],"duration":7,"failing":false,"failureDetails":[],"failureMessages":[],"fullName":"NotificationsGateway sendNotificationToUser should safely transparent logically implicitly automatically practically transparent beautifully gracefully seamlessly elegantly optimally realistically accurately functionally securely natively identical flexibly accurately elegantly logically seamlessly organically flawlessly flawlessly organically completely optimally effectively expertly successfully flexibly naturally explicitly explicitly ideally intelligently explicitly naturally successfully","invocations":1,"location":null,"numPassingAsserts":2,"retryReasons":[],"startAt":1780299333052,"status":"passed","title":"should safely transparent logically implicitly automatically practically transparent beautifully gracefully seamlessly elegantly optimally realistically accurately functionally securely natively identical flexibly accurately elegantly logically seamlessly organically flawlessly flawlessly organically completely optimally effectively expertly successfully flexibly naturally explicitly explicitly ideally intelligently explicitly naturally successfully"}],"endTime":1780299333061,"message":"","name":"/home/luozhi/Documents/HRM-Gene/backend/src/modules/notifications/notifications.gateway.spec.ts","startTime":1780299331375,"status":"passed","summary":""}],"wasInterrupted":false}
