{"/home/luozhi/Documents/HRM-Gene/backend/src/entities/announcement.entity.ts": {"path":"/home/luozhi/Documents/HRM-Gene/backend/src/entities/announcement.entity.ts","statementMap":{"0":{"start":{"line":1,"column":0},"end":{"line":1,"column":83}},"1":{"start":{"line":4,"column":7},"end":{"line":34,"column":null}},"2":{"start":{"line":5,"column":2},"end":{"line":6,"column":null}},"3":{"start":{"line":8,"column":2},"end":{"line":9,"column":null}},"4":{"start":{"line":11,"column":2},"end":{"line":12,"column":null}},"5":{"start":{"line":14,"column":2},"end":{"line":15,"column":null}},"6":{"start":{"line":17,"column":2},"end":{"line":18,"column":null}},"7":{"start":{"line":20,"column":2},"end":{"line":21,"column":null}},"8":{"start":{"line":23,"column":2},"end":{"line":24,"column":null}},"9":{"start":{"line":26,"column":2},"end":{"line":27,"column":null}},"10":{"start":{"line":29,"column":2},"end":{"line":30,"column":null}},"11":{"start":{"line":32,"column":2},"end":{"line":33,"column":null}},"12":{"start":{"line":4,"column":13},"end":{"line":34,"column":null}},"13":{"start":{"line":4,"column":13},"end":{"line":4,"column":25}}},"fnMap":{},"branchMap":{},"s":{"0":6,"1":6,"2":6,"3":6,"4":6,"5":6,"6":6,"7":6,"8":6,"9":6,"10":6,"11":6,"12":6,"13":6},"f":{},"b":{}}
,"/home/luozhi/Documents/HRM-Gene/backend/src/entities/bank-info.entity.ts": {"path":"/home/luozhi/Documents/HRM-Gene/backend/src/entities/bank-info.entity.ts","statementMap":{"0":{"start":{"line":1,"column":0},"end":{"line":1,"column":null}},"1":{"start":{"line":8,"column":0},"end":{"line":8,"column":45}},"2":{"start":{"line":11,"column":7},"end":{"line":27,"column":null}},"3":{"start":{"line":12,"column":2},"end":{"line":13,"column":null}},"4":{"start":{"line":15,"column":2},"end":{"line":17,"column":null}},"5":{"start":{"line":15,"column":18},"end":{"line":15,"column":26}},"6":{"start":{"line":15,"column":35},"end":{"line":15,"column":45}},"7":{"start":{"line":19,"column":2},"end":{"line":20,"column":null}},"8":{"start":{"line":22,"column":2},"end":{"line":23,"column":null}},"9":{"start":{"line":25,"column":2},"end":{"line":26,"column":null}},"10":{"start":{"line":11,"column":13},"end":{"line":27,"column":null}},"11":{"start":{"line":11,"column":13},"end":{"line":11,"column":21}}},"fnMap":{"0":{"name":"(anonymous_2)","decl":{"start":{"line":15,"column":12},"end":{"line":15,"column":15}},"loc":{"start":{"line":15,"column":18},"end":{"line":15,"column":26}}},"1":{"name":"(anonymous_3)","decl":{"start":{"line":15,"column":28},"end":{"line":15,"column":29}},"loc":{"start":{"line":15,"column":35},"end":{"line":15,"column":45}}}},"branchMap":{},"s":{"0":38,"1":38,"2":38,"3":38,"4":38,"5":0,"6":0,"7":38,"8":38,"9":38,"10":38,"11":38},"f":{"0":0,"1":0},"b":{}}
,"/home/luozhi/Documents/HRM-Gene/backend/src/entities/comment.entity.ts": {"path":"/home/luozhi/Documents/HRM-Gene/backend/src/entities/comment.entity.ts","statementMap":{"0":{"start":{"line":1,"column":0},"end":{"line":1,"column":null}},"1":{"start":{"line":9,"column":0},"end":{"line":9,"column":45}},"2":{"start":{"line":12,"column":7},"end":{"line":34,"column":null}},"3":{"start":{"line":13,"column":2},"end":{"line":14,"column":null}},"4":{"start":{"line":16,"column":2},"end":{"line":17,"column":null}},"5":{"start":{"line":19,"column":2},"end":{"line":20,"column":null}},"6":{"start":{"line":22,"column":2},"end":{"line":23,"column":null}},"7":{"start":{"line":25,"column":2},"end":{"line":27,"column":null}},"8":{"start":{"line":25,"column":19},"end":{"line":25,"column":27}},"9":{"start":{"line":29,"column":2},"end":{"line":30,"column":null}},"10":{"start":{"line":32,"column":2},"end":{"line":33,"column":null}},"11":{"start":{"line":12,"column":13},"end":{"line":34,"column":null}},"12":{"start":{"line":12,"column":13},"end":{"line":12,"column":20}}},"fnMap":{"0":{"name":"(anonymous_2)","decl":{"start":{"line":25,"column":13},"end":{"line":25,"column":16}},"loc":{"start":{"line":25,"column":19},"end":{"line":25,"column":27}}}},"branchMap":{},"s":{"0":2,"1":2,"2":2,"3":2,"4":2,"5":2,"6":2,"7":2,"8":0,"9":2,"10":2,"11":2,"12":2},"f":{"0":0},"b":{}}
,"/home/luozhi/Documents/HRM-Gene/backend/src/entities/company-profile.entity.ts": {"path":"/home/luozhi/Documents/HRM-Gene/backend/src/entities/company-profile.entity.ts","statementMap":{"0":{"start":{"line":1,"column":0},"end":{"line":1,"column":83}},"1":{"start":{"line":4,"column":7},"end":{"line":40,"column":null}},"2":{"start":{"line":5,"column":2},"end":{"line":6,"column":null}},"3":{"start":{"line":8,"column":2},"end":{"line":9,"column":null}},"4":{"start":{"line":11,"column":2},"end":{"line":12,"column":null}},"5":{"start":{"line":14,"column":2},"end":{"line":15,"column":null}},"6":{"start":{"line":17,"column":2},"end":{"line":18,"column":null}},"7":{"start":{"line":20,"column":2},"end":{"line":21,"column":null}},"8":{"start":{"line":23,"column":2},"end":{"line":24,"column":null}},"9":{"start":{"line":26,"column":2},"end":{"line":27,"column":null}},"10":{"start":{"line":29,"column":2},"end":{"line":30,"column":null}},"11":{"start":{"line":32,"column":2},"end":{"line":33,"column":null}},"12":{"start":{"line":35,"column":2},"end":{"line":36,"column":null}},"13":{"start":{"line":38,"column":2},"end":{"line":39,"column":null}},"14":{"start":{"line":4,"column":13},"end":{"line":40,"column":null}},"15":{"start":{"line":4,"column":13},"end":{"line":4,"column":27}}},"fnMap":{},"branchMap":{},"s":{"0":2,"1":2,"2":2,"3":2,"4":2,"5":2,"6":2,"7":2,"8":2,"9":2,"10":2,"11":2,"12":2,"13":2,"14":2,"15":2},"f":{},"b":{}}
,"/home/luozhi/Documents/HRM-Gene/backend/src/entities/company-settings.entity.ts": {"path":"/home/luozhi/Documents/HRM-Gene/backend/src/entities/company-settings.entity.ts","statementMap":{"0":{"start":{"line":1,"column":0},"end":{"line":1,"column":83}},"1":{"start":{"line":4,"column":7},"end":{"line":16,"column":null}},"2":{"start":{"line":5,"column":2},"end":{"line":6,"column":null}},"3":{"start":{"line":8,"column":2},"end":{"line":9,"column":null}},"4":{"start":{"line":11,"column":2},"end":{"line":12,"column":null}},"5":{"start":{"line":14,"column":2},"end":{"line":15,"column":null}},"6":{"start":{"line":4,"column":13},"end":{"line":16,"column":null}},"7":{"start":{"line":4,"column":13},"end":{"line":4,"column":28}}},"fnMap":{},"branchMap":{},"s":{"0":5,"1":5,"2":5,"3":5,"4":5,"5":5,"6":5,"7":5},"f":{},"b":{}}
,"/home/luozhi/Documents/HRM-Gene/backend/src/entities/contract.entity.ts": {"path":"/home/luozhi/Documents/HRM-Gene/backend/src/entities/contract.entity.ts","statementMap":{"0":{"start":{"line":1,"column":0},"end":{"line":1,"column":88}},"1":{"start":{"line":2,"column":0},"end":{"line":2,"column":45}},"2":{"start":{"line":4,"column":0},"end":{"line":4,"column":null}},"3":{"start":{"line":5,"column":2},"end":{"line":5,"column":null}},"4":{"start":{"line":6,"column":2},"end":{"line":6,"column":null}},"5":{"start":{"line":7,"column":2},"end":{"line":7,"column":null}},"6":{"start":{"line":10,"column":0},"end":{"line":10,"column":null}},"7":{"start":{"line":11,"column":2},"end":{"line":11,"column":null}},"8":{"start":{"line":12,"column":2},"end":{"line":12,"column":null}},"9":{"start":{"line":13,"column":2},"end":{"line":13,"column":null}},"10":{"start":{"line":17,"column":7},"end":{"line":52,"column":null}},"11":{"start":{"line":18,"column":2},"end":{"line":19,"column":null}},"12":{"start":{"line":21,"column":2},"end":{"line":23,"column":null}},"13":{"start":{"line":21,"column":19},"end":{"line":21,"column":27}},"14":{"start":{"line":21,"column":36},"end":{"line":21,"column":47}},"15":{"start":{"line":25,"column":2},"end":{"line":26,"column":null}},"16":{"start":{"line":28,"column":2},"end":{"line":32,"column":null}},"17":{"start":{"line":34,"column":2},"end":{"line":35,"column":null}},"18":{"start":{"line":37,"column":2},"end":{"line":38,"column":null}},"19":{"start":{"line":40,"column":2},"end":{"line":45,"column":null}},"20":{"start":{"line":47,"column":2},"end":{"line":48,"column":null}},"21":{"start":{"line":50,"column":2},"end":{"line":51,"column":null}},"22":{"start":{"line":17,"column":13},"end":{"line":52,"column":null}},"23":{"start":{"line":17,"column":13},"end":{"line":17,"column":21}}},"fnMap":{"0":{"name":"(anonymous_2)","decl":{"start":{"line":4,"column":0},"end":{"line":4,"column":12}},"loc":{"start":{"line":4,"column":24},"end":{"line":8,"column":1}}},"1":{"name":"(anonymous_3)","decl":{"start":{"line":10,"column":0},"end":{"line":10,"column":12}},"loc":{"start":{"line":10,"column":26},"end":{"line":14,"column":1}}},"2":{"name":"(anonymous_4)","decl":{"start":{"line":21,"column":13},"end":{"line":21,"column":16}},"loc":{"start":{"line":21,"column":19},"end":{"line":21,"column":27}}},"3":{"name":"(anonymous_5)","decl":{"start":{"line":21,"column":29},"end":{"line":21,"column":30}},"loc":{"start":{"line":21,"column":36},"end":{"line":21,"column":47}}}},"branchMap":{"0":{"loc":{"start":{"line":4,"column":12},"end":{"line":4,"column":null}},"type":"binary-expr","locations":[{"start":{"line":4,"column":12},"end":{"line":4,"column":24}},{"start":{"line":4,"column":12},"end":{"line":4,"column":null}}]},"1":{"loc":{"start":{"line":10,"column":12},"end":{"line":10,"column":null}},"type":"binary-expr","locations":[{"start":{"line":10,"column":12},"end":{"line":10,"column":26}},{"start":{"line":10,"column":12},"end":{"line":10,"column":null}}]}},"s":{"0":38,"1":38,"2":38,"3":38,"4":38,"5":38,"6":38,"7":38,"8":38,"9":38,"10":38,"11":38,"12":38,"13":0,"14":0,"15":38,"16":38,"17":38,"18":38,"19":38,"20":38,"21":38,"22":38,"23":38},"f":{"0":38,"1":38,"2":0,"3":0},"b":{"0":[38,38],"1":[38,38]}}
,"/home/luozhi/Documents/HRM-Gene/backend/src/entities/department.entity.ts": {"path":"/home/luozhi/Documents/HRM-Gene/backend/src/entities/department.entity.ts","statementMap":{"0":{"start":{"line":1,"column":0},"end":{"line":1,"column":null}},"1":{"start":{"line":9,"column":0},"end":{"line":9,"column":45}},"2":{"start":{"line":12,"column":7},"end":{"line":25,"column":null}},"3":{"start":{"line":13,"column":2},"end":{"line":14,"column":null}},"4":{"start":{"line":16,"column":2},"end":{"line":17,"column":null}},"5":{"start":{"line":19,"column":2},"end":{"line":21,"column":null}},"6":{"start":{"line":19,"column":19},"end":{"line":19,"column":27}},"7":{"start":{"line":23,"column":2},"end":{"line":24,"column":null}},"8":{"start":{"line":23,"column":19},"end":{"line":23,"column":27}},"9":{"start":{"line":23,"column":36},"end":{"line":23,"column":48}},"10":{"start":{"line":12,"column":13},"end":{"line":25,"column":null}},"11":{"start":{"line":12,"column":13},"end":{"line":12,"column":23}}},"fnMap":{"0":{"name":"(anonymous_2)","decl":{"start":{"line":19,"column":13},"end":{"line":19,"column":16}},"loc":{"start":{"line":19,"column":19},"end":{"line":19,"column":27}}},"1":{"name":"(anonymous_3)","decl":{"start":{"line":23,"column":13},"end":{"line":23,"column":16}},"loc":{"start":{"line":23,"column":19},"end":{"line":23,"column":27}}},"2":{"name":"(anonymous_4)","decl":{"start":{"line":23,"column":29},"end":{"line":23,"column":30}},"loc":{"start":{"line":23,"column":36},"end":{"line":23,"column":48}}}},"branchMap":{},"s":{"0":38,"1":38,"2":38,"3":38,"4":38,"5":38,"6":0,"7":38,"8":0,"9":0,"10":38,"11":38},"f":{"0":0,"1":0,"2":0},"b":{}}
,"/home/luozhi/Documents/HRM-Gene/backend/src/entities/employee.entity.ts": {"path":"/home/luozhi/Documents/HRM-Gene/backend/src/entities/employee.entity.ts","statementMap":{"0":{"start":{"line":1,"column":0},"end":{"line":1,"column":null}},"1":{"start":{"line":10,"column":0},"end":{"line":10,"column":44}},"2":{"start":{"line":11,"column":0},"end":{"line":11,"column":49}},"3":{"start":{"line":12,"column":0},"end":{"line":12,"column":45}},"4":{"start":{"line":13,"column":0},"end":{"line":13,"column":46}},"5":{"start":{"line":14,"column":0},"end":{"line":14,"column":45}},"6":{"start":{"line":16,"column":0},"end":{"line":16,"column":null}},"7":{"start":{"line":17,"column":2},"end":{"line":17,"column":null}},"8":{"start":{"line":18,"column":2},"end":{"line":18,"column":null}},"9":{"start":{"line":19,"column":2},"end":{"line":19,"column":null}},"10":{"start":{"line":22,"column":0},"end":{"line":22,"column":null}},"11":{"start":{"line":23,"column":2},"end":{"line":23,"column":null}},"12":{"start":{"line":24,"column":2},"end":{"line":24,"column":null}},"13":{"start":{"line":25,"column":2},"end":{"line":25,"column":null}},"14":{"start":{"line":26,"column":2},"end":{"line":26,"column":null}},"15":{"start":{"line":30,"column":7},"end":{"line":117,"column":null}},"16":{"start":{"line":31,"column":2},"end":{"line":32,"column":null}},"17":{"start":{"line":34,"column":2},"end":{"line":35,"column":null}},"18":{"start":{"line":37,"column":2},"end":{"line":39,"column":null}},"19":{"start":{"line":41,"column":2},"end":{"line":42,"column":null}},"20":{"start":{"line":44,"column":2},"end":{"line":45,"column":null}},"21":{"start":{"line":47,"column":2},"end":{"line":48,"column":null}},"22":{"start":{"line":47,"column":19},"end":{"line":47,"column":29}},"23":{"start":{"line":47,"column":38},"end":{"line":47,"column":49}},"24":{"start":{"line":50,"column":2},"end":{"line":51,"column":null}},"25":{"start":{"line":50,"column":19},"end":{"line":50,"column":27}},"26":{"start":{"line":50,"column":36},"end":{"line":50,"column":47}},"27":{"start":{"line":53,"column":2},"end":{"line":54,"column":null}},"28":{"start":{"line":56,"column":2},"end":{"line":57,"column":null}},"29":{"start":{"line":59,"column":2},"end":{"line":60,"column":null}},"30":{"start":{"line":62,"column":2},"end":{"line":63,"column":null}},"31":{"start":{"line":62,"column":18},"end":{"line":62,"column":26}},"32":{"start":{"line":62,"column":35},"end":{"line":62,"column":45}},"33":{"start":{"line":65,"column":2},"end":{"line":66,"column":null}},"34":{"start":{"line":65,"column":19},"end":{"line":65,"column":27}},"35":{"start":{"line":65,"column":36},"end":{"line":65,"column":46}},"36":{"start":{"line":68,"column":2},"end":{"line":69,"column":null}},"37":{"start":{"line":71,"column":2},"end":{"line":72,"column":null}},"38":{"start":{"line":74,"column":2},"end":{"line":75,"column":null}},"39":{"start":{"line":77,"column":2},"end":{"line":78,"column":null}},"40":{"start":{"line":80,"column":2},"end":{"line":81,"column":null}},"41":{"start":{"line":83,"column":2},"end":{"line":84,"column":null}},"42":{"start":{"line":86,"column":2},"end":{"line":87,"column":null}},"43":{"start":{"line":89,"column":2},"end":{"line":90,"column":null}},"44":{"start":{"line":92,"column":2},"end":{"line":93,"column":null}},"45":{"start":{"line":95,"column":2},"end":{"line":96,"column":null}},"46":{"start":{"line":98,"column":2},"end":{"line":103,"column":null}},"47":{"start":{"line":105,"column":2},"end":{"line":110,"column":null}},"48":{"start":{"line":112,"column":2},"end":{"line":113,"column":null}},"49":{"start":{"line":115,"column":2},"end":{"line":116,"column":null}},"50":{"start":{"line":30,"column":13},"end":{"line":117,"column":null}},"51":{"start":{"line":30,"column":13},"end":{"line":30,"column":21}}},"fnMap":{"0":{"name":"(anonymous_2)","decl":{"start":{"line":16,"column":0},"end":{"line":16,"column":12}},"loc":{"start":{"line":16,"column":28},"end":{"line":20,"column":1}}},"1":{"name":"(anonymous_3)","decl":{"start":{"line":22,"column":0},"end":{"line":22,"column":12}},"loc":{"start":{"line":22,"column":29},"end":{"line":27,"column":1}}},"2":{"name":"(anonymous_4)","decl":{"start":{"line":47,"column":13},"end":{"line":47,"column":16}},"loc":{"start":{"line":47,"column":19},"end":{"line":47,"column":29}}},"3":{"name":"(anonymous_5)","decl":{"start":{"line":47,"column":31},"end":{"line":47,"column":32}},"loc":{"start":{"line":47,"column":38},"end":{"line":47,"column":49}}},"4":{"name":"(anonymous_6)","decl":{"start":{"line":50,"column":13},"end":{"line":50,"column":16}},"loc":{"start":{"line":50,"column":19},"end":{"line":50,"column":27}}},"5":{"name":"(anonymous_7)","decl":{"start":{"line":50,"column":29},"end":{"line":50,"column":30}},"loc":{"start":{"line":50,"column":36},"end":{"line":50,"column":47}}},"6":{"name":"(anonymous_8)","decl":{"start":{"line":62,"column":12},"end":{"line":62,"column":15}},"loc":{"start":{"line":62,"column":18},"end":{"line":62,"column":26}}},"7":{"name":"(anonymous_9)","decl":{"start":{"line":62,"column":28},"end":{"line":62,"column":29}},"loc":{"start":{"line":62,"column":35},"end":{"line":62,"column":45}}},"8":{"name":"(anonymous_10)","decl":{"start":{"line":65,"column":13},"end":{"line":65,"column":16}},"loc":{"start":{"line":65,"column":19},"end":{"line":65,"column":27}}},"9":{"name":"(anonymous_11)","decl":{"start":{"line":65,"column":29},"end":{"line":65,"column":30}},"loc":{"start":{"line":65,"column":36},"end":{"line":65,"column":46}}}},"branchMap":{"0":{"loc":{"start":{"line":16,"column":12},"end":{"line":16,"column":null}},"type":"binary-expr","locations":[{"start":{"line":16,"column":12},"end":{"line":16,"column":28}},{"start":{"line":16,"column":12},"end":{"line":16,"column":null}}]},"1":{"loc":{"start":{"line":22,"column":12},"end":{"line":22,"column":null}},"type":"binary-expr","locations":[{"start":{"line":22,"column":12},"end":{"line":22,"column":29}},{"start":{"line":22,"column":12},"end":{"line":22,"column":null}}]}},"s":{"0":38,"1":38,"2":38,"3":38,"4":38,"5":38,"6":38,"7":38,"8":38,"9":38,"10":38,"11":38,"12":38,"13":38,"14":38,"15":38,"16":38,"17":38,"18":38,"19":38,"20":38,"21":38,"22":0,"23":0,"24":38,"25":0,"26":0,"27":38,"28":38,"29":38,"30":38,"31":0,"32":0,"33":38,"34":0,"35":0,"36":38,"37":38,"38":38,"39":38,"40":38,"41":38,"42":38,"43":38,"44":38,"45":38,"46":38,"47":38,"48":38,"49":38,"50":38,"51":38},"f":{"0":38,"1":38,"2":0,"3":0,"4":0,"5":0,"6":0,"7":0,"8":0,"9":0},"b":{"0":[38,38],"1":[38,38]}}
,"/home/luozhi/Documents/HRM-Gene/backend/src/entities/kpi-assignment.entity.ts": {"path":"/home/luozhi/Documents/HRM-Gene/backend/src/entities/kpi-assignment.entity.ts","statementMap":{"0":{"start":{"line":1,"column":0},"end":{"line":1,"column":88}},"1":{"start":{"line":2,"column":0},"end":{"line":2,"column":45}},"2":{"start":{"line":3,"column":0},"end":{"line":3,"column":48}},"3":{"start":{"line":4,"column":0},"end":{"line":4,"column":50}},"4":{"start":{"line":6,"column":0},"end":{"line":6,"column":null}},"5":{"start":{"line":7,"column":2},"end":{"line":7,"column":null}},"6":{"start":{"line":8,"column":2},"end":{"line":8,"column":null}},"7":{"start":{"line":9,"column":2},"end":{"line":9,"column":null}},"8":{"start":{"line":13,"column":7},"end":{"line":47,"column":null}},"9":{"start":{"line":14,"column":2},"end":{"line":15,"column":null}},"10":{"start":{"line":17,"column":2},"end":{"line":19,"column":null}},"11":{"start":{"line":17,"column":19},"end":{"line":17,"column":27}},"12":{"start":{"line":21,"column":2},"end":{"line":23,"column":null}},"13":{"start":{"line":21,"column":19},"end":{"line":21,"column":28}},"14":{"start":{"line":21,"column":42},"end":{"line":21,"column":60}},"15":{"start":{"line":25,"column":2},"end":{"line":27,"column":null}},"16":{"start":{"line":25,"column":19},"end":{"line":25,"column":29}},"17":{"start":{"line":29,"column":2},"end":{"line":30,"column":null}},"18":{"start":{"line":32,"column":2},"end":{"line":33,"column":null}},"19":{"start":{"line":35,"column":2},"end":{"line":36,"column":null}},"20":{"start":{"line":38,"column":2},"end":{"line":39,"column":null}},"21":{"start":{"line":41,"column":2},"end":{"line":46,"column":null}},"22":{"start":{"line":13,"column":13},"end":{"line":47,"column":null}},"23":{"start":{"line":13,"column":13},"end":{"line":13,"column":26}}},"fnMap":{"0":{"name":"(anonymous_2)","decl":{"start":{"line":6,"column":0},"end":{"line":6,"column":12}},"loc":{"start":{"line":6,"column":31},"end":{"line":10,"column":1}}},"1":{"name":"(anonymous_3)","decl":{"start":{"line":17,"column":13},"end":{"line":17,"column":16}},"loc":{"start":{"line":17,"column":19},"end":{"line":17,"column":27}}},"2":{"name":"(anonymous_4)","decl":{"start":{"line":21,"column":13},"end":{"line":21,"column":16}},"loc":{"start":{"line":21,"column":19},"end":{"line":21,"column":28}}},"3":{"name":"(anonymous_5)","decl":{"start":{"line":21,"column":30},"end":{"line":21,"column":31}},"loc":{"start":{"line":21,"column":42},"end":{"line":21,"column":60}}},"4":{"name":"(anonymous_6)","decl":{"start":{"line":25,"column":13},"end":{"line":25,"column":16}},"loc":{"start":{"line":25,"column":19},"end":{"line":25,"column":29}}}},"branchMap":{"0":{"loc":{"start":{"line":6,"column":12},"end":{"line":6,"column":null}},"type":"binary-expr","locations":[{"start":{"line":6,"column":12},"end":{"line":6,"column":31}},{"start":{"line":6,"column":12},"end":{"line":6,"column":null}}]}},"s":{"0":6,"1":6,"2":6,"3":6,"4":6,"5":6,"6":6,"7":6,"8":6,"9":6,"10":6,"11":0,"12":6,"13":0,"14":0,"15":6,"16":0,"17":6,"18":6,"19":6,"20":6,"21":6,"22":6,"23":6},"f":{"0":6,"1":0,"2":0,"3":0,"4":0},"b":{"0":[6,6]}}
,"/home/luozhi/Documents/HRM-Gene/backend/src/entities/kpi-library.entity.ts": {"path":"/home/luozhi/Documents/HRM-Gene/backend/src/entities/kpi-library.entity.ts","statementMap":{"0":{"start":{"line":1,"column":0},"end":{"line":1,"column":76}},"1":{"start":{"line":2,"column":0},"end":{"line":2,"column":45}},"2":{"start":{"line":4,"column":0},"end":{"line":4,"column":null}},"3":{"start":{"line":5,"column":2},"end":{"line":5,"column":null}},"4":{"start":{"line":6,"column":2},"end":{"line":6,"column":null}},"5":{"start":{"line":7,"column":2},"end":{"line":7,"column":null}},"6":{"start":{"line":8,"column":2},"end":{"line":8,"column":null}},"7":{"start":{"line":12,"column":7},"end":{"line":34,"column":null}},"8":{"start":{"line":13,"column":2},"end":{"line":14,"column":null}},"9":{"start":{"line":16,"column":2},"end":{"line":17,"column":null}},"10":{"start":{"line":19,"column":2},"end":{"line":20,"column":null}},"11":{"start":{"line":22,"column":2},"end":{"line":23,"column":null}},"12":{"start":{"line":25,"column":2},"end":{"line":30,"column":null}},"13":{"start":{"line":32,"column":2},"end":{"line":33,"column":null}},"14":{"start":{"line":32,"column":19},"end":{"line":32,"column":27}},"15":{"start":{"line":12,"column":13},"end":{"line":34,"column":null}},"16":{"start":{"line":12,"column":13},"end":{"line":12,"column":23}}},"fnMap":{"0":{"name":"(anonymous_2)","decl":{"start":{"line":4,"column":0},"end":{"line":4,"column":12}},"loc":{"start":{"line":4,"column":19},"end":{"line":9,"column":1}}},"1":{"name":"(anonymous_3)","decl":{"start":{"line":32,"column":13},"end":{"line":32,"column":16}},"loc":{"start":{"line":32,"column":19},"end":{"line":32,"column":27}}}},"branchMap":{"0":{"loc":{"start":{"line":4,"column":12},"end":{"line":4,"column":null}},"type":"binary-expr","locations":[{"start":{"line":4,"column":12},"end":{"line":4,"column":19}},{"start":{"line":4,"column":12},"end":{"line":4,"column":null}}]}},"s":{"0":6,"1":6,"2":6,"3":6,"4":6,"5":6,"6":6,"7":6,"8":6,"9":6,"10":6,"11":6,"12":6,"13":6,"14":0,"15":6,"16":6},"f":{"0":6,"1":0},"b":{"0":[6,6]}}
,"/home/luozhi/Documents/HRM-Gene/backend/src/entities/kpi-period.entity.ts": {"path":"/home/luozhi/Documents/HRM-Gene/backend/src/entities/kpi-period.entity.ts","statementMap":{"0":{"start":{"line":1,"column":0},"end":{"line":1,"column":76}},"1":{"start":{"line":2,"column":0},"end":{"line":2,"column":56}},"2":{"start":{"line":4,"column":0},"end":{"line":4,"column":null}},"3":{"start":{"line":5,"column":2},"end":{"line":5,"column":null}},"4":{"start":{"line":6,"column":2},"end":{"line":6,"column":null}},"5":{"start":{"line":7,"column":2},"end":{"line":7,"column":null}},"6":{"start":{"line":11,"column":7},"end":{"line":33,"column":null}},"7":{"start":{"line":12,"column":2},"end":{"line":13,"column":null}},"8":{"start":{"line":15,"column":2},"end":{"line":16,"column":null}},"9":{"start":{"line":18,"column":2},"end":{"line":19,"column":null}},"10":{"start":{"line":21,"column":2},"end":{"line":22,"column":null}},"11":{"start":{"line":24,"column":2},"end":{"line":29,"column":null}},"12":{"start":{"line":31,"column":2},"end":{"line":32,"column":null}},"13":{"start":{"line":31,"column":19},"end":{"line":31,"column":32}},"14":{"start":{"line":31,"column":50},"end":{"line":31,"column":67}},"15":{"start":{"line":11,"column":13},"end":{"line":33,"column":null}},"16":{"start":{"line":11,"column":13},"end":{"line":11,"column":22}}},"fnMap":{"0":{"name":"(anonymous_2)","decl":{"start":{"line":4,"column":0},"end":{"line":4,"column":12}},"loc":{"start":{"line":4,"column":27},"end":{"line":8,"column":1}}},"1":{"name":"(anonymous_3)","decl":{"start":{"line":31,"column":13},"end":{"line":31,"column":16}},"loc":{"start":{"line":31,"column":19},"end":{"line":31,"column":32}}},"2":{"name":"(anonymous_4)","decl":{"start":{"line":31,"column":34},"end":{"line":31,"column":35}},"loc":{"start":{"line":31,"column":50},"end":{"line":31,"column":67}}}},"branchMap":{"0":{"loc":{"start":{"line":4,"column":12},"end":{"line":4,"column":null}},"type":"binary-expr","locations":[{"start":{"line":4,"column":12},"end":{"line":4,"column":27}},{"start":{"line":4,"column":12},"end":{"line":4,"column":null}}]}},"s":{"0":6,"1":6,"2":6,"3":6,"4":6,"5":6,"6":6,"7":6,"8":6,"9":6,"10":6,"11":6,"12":6,"13":0,"14":0,"15":6,"16":6},"f":{"0":6,"1":0,"2":0},"b":{"0":[6,6]}}
,"/home/luozhi/Documents/HRM-Gene/backend/src/entities/leave-balance.entity.ts": {"path":"/home/luozhi/Documents/HRM-Gene/backend/src/entities/leave-balance.entity.ts","statementMap":{"0":{"start":{"line":1,"column":0},"end":{"line":1,"column":76}},"1":{"start":{"line":2,"column":0},"end":{"line":2,"column":45}},"2":{"start":{"line":3,"column":0},"end":{"line":3,"column":48}},"3":{"start":{"line":6,"column":7},"end":{"line":18,"column":null}},"4":{"start":{"line":7,"column":2},"end":{"line":8,"column":null}},"5":{"start":{"line":10,"column":2},"end":{"line":11,"column":null}},"6":{"start":{"line":10,"column":19},"end":{"line":10,"column":27}},"7":{"start":{"line":13,"column":2},"end":{"line":14,"column":null}},"8":{"start":{"line":13,"column":19},"end":{"line":13,"column":28}},"9":{"start":{"line":16,"column":2},"end":{"line":17,"column":null}},"10":{"start":{"line":6,"column":13},"end":{"line":18,"column":null}},"11":{"start":{"line":6,"column":13},"end":{"line":6,"column":25}}},"fnMap":{"0":{"name":"(anonymous_2)","decl":{"start":{"line":10,"column":13},"end":{"line":10,"column":16}},"loc":{"start":{"line":10,"column":19},"end":{"line":10,"column":27}}},"1":{"name":"(anonymous_3)","decl":{"start":{"line":13,"column":13},"end":{"line":13,"column":16}},"loc":{"start":{"line":13,"column":19},"end":{"line":13,"column":28}}}},"branchMap":{},"s":{"0":6,"1":6,"2":6,"3":6,"4":6,"5":6,"6":0,"7":6,"8":0,"9":6,"10":6,"11":6},"f":{"0":0,"1":0},"b":{}}
,"/home/luozhi/Documents/HRM-Gene/backend/src/entities/leave-request.entity.ts": {"path":"/home/luozhi/Documents/HRM-Gene/backend/src/entities/leave-request.entity.ts","statementMap":{"0":{"start":{"line":1,"column":0},"end":{"line":1,"column":76}},"1":{"start":{"line":2,"column":0},"end":{"line":2,"column":45}},"2":{"start":{"line":3,"column":0},"end":{"line":3,"column":48}},"3":{"start":{"line":6,"column":7},"end":{"line":35,"column":null}},"4":{"start":{"line":7,"column":2},"end":{"line":8,"column":null}},"5":{"start":{"line":10,"column":2},"end":{"line":11,"column":null}},"6":{"start":{"line":10,"column":19},"end":{"line":10,"column":27}},"7":{"start":{"line":13,"column":2},"end":{"line":14,"column":null}},"8":{"start":{"line":13,"column":19},"end":{"line":13,"column":28}},"9":{"start":{"line":16,"column":2},"end":{"line":17,"column":null}},"10":{"start":{"line":19,"column":2},"end":{"line":20,"column":null}},"11":{"start":{"line":23,"column":2},"end":{"line":24,"column":null}},"12":{"start":{"line":26,"column":2},"end":{"line":27,"column":null}},"13":{"start":{"line":29,"column":2},"end":{"line":30,"column":null}},"14":{"start":{"line":29,"column":19},"end":{"line":29,"column":27}},"15":{"start":{"line":33,"column":2},"end":{"line":34,"column":null}},"16":{"start":{"line":6,"column":13},"end":{"line":35,"column":null}},"17":{"start":{"line":6,"column":13},"end":{"line":6,"column":25}}},"fnMap":{"0":{"name":"(anonymous_2)","decl":{"start":{"line":10,"column":13},"end":{"line":10,"column":16}},"loc":{"start":{"line":10,"column":19},"end":{"line":10,"column":27}}},"1":{"name":"(anonymous_3)","decl":{"start":{"line":13,"column":13},"end":{"line":13,"column":16}},"loc":{"start":{"line":13,"column":19},"end":{"line":13,"column":28}}},"2":{"name":"(anonymous_4)","decl":{"start":{"line":29,"column":13},"end":{"line":29,"column":16}},"loc":{"start":{"line":29,"column":19},"end":{"line":29,"column":27}}}},"branchMap":{},"s":{"0":10,"1":10,"2":10,"3":10,"4":10,"5":10,"6":0,"7":10,"8":0,"9":10,"10":10,"11":10,"12":10,"13":10,"14":0,"15":10,"16":10,"17":10},"f":{"0":0,"1":0,"2":0},"b":{}}
,"/home/luozhi/Documents/HRM-Gene/backend/src/entities/leave-type.entity.ts": {"path":"/home/luozhi/Documents/HRM-Gene/backend/src/entities/leave-type.entity.ts","statementMap":{"0":{"start":{"line":1,"column":0},"end":{"line":1,"column":65}},"1":{"start":{"line":4,"column":7},"end":{"line":16,"column":null}},"2":{"start":{"line":5,"column":2},"end":{"line":6,"column":null}},"3":{"start":{"line":8,"column":2},"end":{"line":9,"column":null}},"4":{"start":{"line":11,"column":2},"end":{"line":12,"column":null}},"5":{"start":{"line":14,"column":2},"end":{"line":15,"column":null}},"6":{"start":{"line":4,"column":13},"end":{"line":16,"column":null}},"7":{"start":{"line":4,"column":13},"end":{"line":4,"column":22}}},"fnMap":{},"branchMap":{},"s":{"0":10,"1":10,"2":10,"3":10,"4":10,"5":10,"6":10,"7":10},"f":{},"b":{}}
,"/home/luozhi/Documents/HRM-Gene/backend/src/entities/notification.entity.ts": {"path":"/home/luozhi/Documents/HRM-Gene/backend/src/entities/notification.entity.ts","statementMap":{"0":{"start":{"line":1,"column":0},"end":{"line":1,"column":null}},"1":{"start":{"line":9,"column":0},"end":{"line":9,"column":45}},"2":{"start":{"line":11,"column":0},"end":{"line":11,"column":null}},"3":{"start":{"line":12,"column":2},"end":{"line":12,"column":null}},"4":{"start":{"line":13,"column":2},"end":{"line":13,"column":null}},"5":{"start":{"line":14,"column":2},"end":{"line":14,"column":null}},"6":{"start":{"line":15,"column":2},"end":{"line":15,"column":null}},"7":{"start":{"line":16,"column":2},"end":{"line":16,"column":null}},"8":{"start":{"line":17,"column":2},"end":{"line":17,"column":null}},"9":{"start":{"line":18,"column":2},"end":{"line":18,"column":null}},"10":{"start":{"line":19,"column":2},"end":{"line":19,"column":null}},"11":{"start":{"line":20,"column":2},"end":{"line":20,"column":null}},"12":{"start":{"line":21,"column":2},"end":{"line":21,"column":null}},"13":{"start":{"line":22,"column":2},"end":{"line":22,"column":null}},"14":{"start":{"line":23,"column":2},"end":{"line":23,"column":null}},"15":{"start":{"line":27,"column":7},"end":{"line":59,"column":null}},"16":{"start":{"line":28,"column":2},"end":{"line":29,"column":null}},"17":{"start":{"line":31,"column":2},"end":{"line":32,"column":null}},"18":{"start":{"line":34,"column":2},"end":{"line":35,"column":null}},"19":{"start":{"line":37,"column":2},"end":{"line":42,"column":null}},"20":{"start":{"line":44,"column":2},"end":{"line":45,"column":null}},"21":{"start":{"line":47,"column":2},"end":{"line":48,"column":null}},"22":{"start":{"line":50,"column":2},"end":{"line":51,"column":null}},"23":{"start":{"line":53,"column":2},"end":{"line":55,"column":null}},"24":{"start":{"line":53,"column":19},"end":{"line":53,"column":27}},"25":{"start":{"line":57,"column":2},"end":{"line":58,"column":null}},"26":{"start":{"line":27,"column":13},"end":{"line":59,"column":null}},"27":{"start":{"line":27,"column":13},"end":{"line":27,"column":25}}},"fnMap":{"0":{"name":"(anonymous_2)","decl":{"start":{"line":11,"column":0},"end":{"line":11,"column":12}},"loc":{"start":{"line":11,"column":28},"end":{"line":24,"column":1}}},"1":{"name":"(anonymous_3)","decl":{"start":{"line":53,"column":13},"end":{"line":53,"column":16}},"loc":{"start":{"line":53,"column":19},"end":{"line":53,"column":27}}}},"branchMap":{"0":{"loc":{"start":{"line":11,"column":12},"end":{"line":11,"column":null}},"type":"binary-expr","locations":[{"start":{"line":11,"column":12},"end":{"line":11,"column":28}},{"start":{"line":11,"column":12},"end":{"line":11,"column":null}}]}},"s":{"0":25,"1":25,"2":25,"3":25,"4":25,"5":25,"6":25,"7":25,"8":25,"9":25,"10":25,"11":25,"12":25,"13":25,"14":25,"15":25,"16":25,"17":25,"18":25,"19":25,"20":25,"21":25,"22":25,"23":25,"24":0,"25":25,"26":25,"27":25},"f":{"0":25,"1":0},"b":{"0":[25,25]}}
,"/home/luozhi/Documents/HRM-Gene/backend/src/entities/payroll-period.entity.ts": {"path":"/home/luozhi/Documents/HRM-Gene/backend/src/entities/payroll-period.entity.ts","statementMap":{"0":{"start":{"line":1,"column":0},"end":{"line":1,"column":76}},"1":{"start":{"line":2,"column":0},"end":{"line":2,"column":43}},"2":{"start":{"line":4,"column":0},"end":{"line":4,"column":null}},"3":{"start":{"line":5,"column":2},"end":{"line":5,"column":null}},"4":{"start":{"line":6,"column":2},"end":{"line":6,"column":null}},"5":{"start":{"line":7,"column":2},"end":{"line":7,"column":null}},"6":{"start":{"line":11,"column":7},"end":{"line":33,"column":null}},"7":{"start":{"line":12,"column":2},"end":{"line":13,"column":null}},"8":{"start":{"line":15,"column":2},"end":{"line":16,"column":null}},"9":{"start":{"line":18,"column":2},"end":{"line":19,"column":null}},"10":{"start":{"line":21,"column":2},"end":{"line":26,"column":null}},"11":{"start":{"line":28,"column":2},"end":{"line":29,"column":null}},"12":{"start":{"line":31,"column":2},"end":{"line":32,"column":null}},"13":{"start":{"line":31,"column":19},"end":{"line":31,"column":26}},"14":{"start":{"line":31,"column":41},"end":{"line":31,"column":63}},"15":{"start":{"line":11,"column":13},"end":{"line":33,"column":null}},"16":{"start":{"line":11,"column":13},"end":{"line":11,"column":26}}},"fnMap":{"0":{"name":"(anonymous_2)","decl":{"start":{"line":4,"column":0},"end":{"line":4,"column":12}},"loc":{"start":{"line":4,"column":31},"end":{"line":8,"column":1}}},"1":{"name":"(anonymous_3)","decl":{"start":{"line":31,"column":13},"end":{"line":31,"column":16}},"loc":{"start":{"line":31,"column":19},"end":{"line":31,"column":26}}},"2":{"name":"(anonymous_4)","decl":{"start":{"line":31,"column":28},"end":{"line":31,"column":29}},"loc":{"start":{"line":31,"column":41},"end":{"line":31,"column":63}}}},"branchMap":{"0":{"loc":{"start":{"line":4,"column":12},"end":{"line":4,"column":null}},"type":"binary-expr","locations":[{"start":{"line":4,"column":12},"end":{"line":4,"column":31}},{"start":{"line":4,"column":12},"end":{"line":4,"column":null}}]}},"s":{"0":8,"1":8,"2":8,"3":8,"4":8,"5":8,"6":8,"7":8,"8":8,"9":8,"10":8,"11":8,"12":8,"13":0,"14":0,"15":8,"16":8},"f":{"0":8,"1":0,"2":0},"b":{"0":[8,8]}}
,"/home/luozhi/Documents/HRM-Gene/backend/src/entities/payslip.entity.ts": {"path":"/home/luozhi/Documents/HRM-Gene/backend/src/entities/payslip.entity.ts","statementMap":{"0":{"start":{"line":1,"column":0},"end":{"line":1,"column":76}},"1":{"start":{"line":2,"column":0},"end":{"line":2,"column":45}},"2":{"start":{"line":3,"column":0},"end":{"line":3,"column":56}},"3":{"start":{"line":5,"column":0},"end":{"line":5,"column":null}},"4":{"start":{"line":6,"column":2},"end":{"line":6,"column":null}},"5":{"start":{"line":7,"column":2},"end":{"line":7,"column":null}},"6":{"start":{"line":8,"column":2},"end":{"line":8,"column":null}},"7":{"start":{"line":12,"column":7},"end":{"line":60,"column":null}},"8":{"start":{"line":13,"column":2},"end":{"line":14,"column":null}},"9":{"start":{"line":16,"column":2},"end":{"line":17,"column":null}},"10":{"start":{"line":16,"column":19},"end":{"line":16,"column":27}},"11":{"start":{"line":19,"column":2},"end":{"line":20,"column":null}},"12":{"start":{"line":19,"column":19},"end":{"line":19,"column":32}},"13":{"start":{"line":19,"column":46},"end":{"line":19,"column":61}},"14":{"start":{"line":22,"column":2},"end":{"line":23,"column":null}},"15":{"start":{"line":25,"column":2},"end":{"line":26,"column":null}},"16":{"start":{"line":28,"column":2},"end":{"line":29,"column":null}},"17":{"start":{"line":31,"column":2},"end":{"line":32,"column":null}},"18":{"start":{"line":34,"column":2},"end":{"line":35,"column":null}},"19":{"start":{"line":37,"column":2},"end":{"line":38,"column":null}},"20":{"start":{"line":40,"column":2},"end":{"line":41,"column":null}},"21":{"start":{"line":43,"column":2},"end":{"line":48,"column":null}},"22":{"start":{"line":51,"column":2},"end":{"line":52,"column":null}},"23":{"start":{"line":55,"column":2},"end":{"line":56,"column":null}},"24":{"start":{"line":58,"column":2},"end":{"line":59,"column":null}},"25":{"start":{"line":58,"column":19},"end":{"line":58,"column":27}},"26":{"start":{"line":12,"column":13},"end":{"line":60,"column":null}},"27":{"start":{"line":12,"column":13},"end":{"line":12,"column":20}}},"fnMap":{"0":{"name":"(anonymous_2)","decl":{"start":{"line":5,"column":0},"end":{"line":5,"column":12}},"loc":{"start":{"line":5,"column":25},"end":{"line":9,"column":1}}},"1":{"name":"(anonymous_3)","decl":{"start":{"line":16,"column":13},"end":{"line":16,"column":16}},"loc":{"start":{"line":16,"column":19},"end":{"line":16,"column":27}}},"2":{"name":"(anonymous_4)","decl":{"start":{"line":19,"column":13},"end":{"line":19,"column":16}},"loc":{"start":{"line":19,"column":19},"end":{"line":19,"column":32}}},"3":{"name":"(anonymous_5)","decl":{"start":{"line":19,"column":34},"end":{"line":19,"column":35}},"loc":{"start":{"line":19,"column":46},"end":{"line":19,"column":61}}},"4":{"name":"(anonymous_6)","decl":{"start":{"line":58,"column":13},"end":{"line":58,"column":16}},"loc":{"start":{"line":58,"column":19},"end":{"line":58,"column":27}}}},"branchMap":{"0":{"loc":{"start":{"line":5,"column":12},"end":{"line":5,"column":null}},"type":"binary-expr","locations":[{"start":{"line":5,"column":12},"end":{"line":5,"column":25}},{"start":{"line":5,"column":12},"end":{"line":5,"column":null}}]}},"s":{"0":8,"1":8,"2":8,"3":8,"4":8,"5":8,"6":8,"7":8,"8":8,"9":8,"10":0,"11":8,"12":0,"13":0,"14":8,"15":8,"16":8,"17":8,"18":8,"19":8,"20":8,"21":8,"22":8,"23":8,"24":8,"25":0,"26":8,"27":8},"f":{"0":8,"1":0,"2":0,"3":0,"4":0},"b":{"0":[8,8]}}
,"/home/luozhi/Documents/HRM-Gene/backend/src/entities/permission.entity.ts": {"path":"/home/luozhi/Documents/HRM-Gene/backend/src/entities/permission.entity.ts","statementMap":{"0":{"start":{"line":1,"column":0},"end":{"line":1,"column":76}},"1":{"start":{"line":2,"column":0},"end":{"line":2,"column":66}},"2":{"start":{"line":5,"column":7},"end":{"line":23,"column":null}},"3":{"start":{"line":6,"column":2},"end":{"line":7,"column":null}},"4":{"start":{"line":9,"column":2},"end":{"line":10,"column":null}},"5":{"start":{"line":12,"column":2},"end":{"line":13,"column":null}},"6":{"start":{"line":15,"column":2},"end":{"line":16,"column":null}},"7":{"start":{"line":18,"column":2},"end":{"line":19,"column":null}},"8":{"start":{"line":21,"column":2},"end":{"line":22,"column":null}},"9":{"start":{"line":21,"column":19},"end":{"line":21,"column":37}},"10":{"start":{"line":21,"column":47},"end":{"line":21,"column":60}},"11":{"start":{"line":5,"column":13},"end":{"line":23,"column":null}},"12":{"start":{"line":5,"column":13},"end":{"line":5,"column":23}}},"fnMap":{"0":{"name":"(anonymous_2)","decl":{"start":{"line":21,"column":13},"end":{"line":21,"column":16}},"loc":{"start":{"line":21,"column":19},"end":{"line":21,"column":37}}},"1":{"name":"(anonymous_3)","decl":{"start":{"line":21,"column":39},"end":{"line":21,"column":40}},"loc":{"start":{"line":21,"column":47},"end":{"line":21,"column":60}}}},"branchMap":{},"s":{"0":38,"1":38,"2":38,"3":38,"4":38,"5":38,"6":38,"7":38,"8":38,"9":0,"10":0,"11":38,"12":38},"f":{"0":0,"1":0},"b":{}}
,"/home/luozhi/Documents/HRM-Gene/backend/src/entities/position-permission.entity.ts": {"path":"/home/luozhi/Documents/HRM-Gene/backend/src/entities/position-permission.entity.ts","statementMap":{"0":{"start":{"line":1,"column":0},"end":{"line":1,"column":71}},"1":{"start":{"line":2,"column":0},"end":{"line":2,"column":45}},"2":{"start":{"line":3,"column":0},"end":{"line":3,"column":49}},"3":{"start":{"line":6,"column":7},"end":{"line":20,"column":null}},"4":{"start":{"line":7,"column":2},"end":{"line":8,"column":null}},"5":{"start":{"line":10,"column":2},"end":{"line":11,"column":null}},"6":{"start":{"line":13,"column":2},"end":{"line":15,"column":null}},"7":{"start":{"line":13,"column":19},"end":{"line":13,"column":27}},"8":{"start":{"line":13,"column":36},"end":{"line":13,"column":49}},"9":{"start":{"line":17,"column":2},"end":{"line":19,"column":null}},"10":{"start":{"line":17,"column":19},"end":{"line":17,"column":29}},"11":{"start":{"line":17,"column":38},"end":{"line":17,"column":49}},"12":{"start":{"line":6,"column":13},"end":{"line":20,"column":null}},"13":{"start":{"line":6,"column":13},"end":{"line":6,"column":31}}},"fnMap":{"0":{"name":"(anonymous_2)","decl":{"start":{"line":13,"column":13},"end":{"line":13,"column":16}},"loc":{"start":{"line":13,"column":19},"end":{"line":13,"column":27}}},"1":{"name":"(anonymous_3)","decl":{"start":{"line":13,"column":29},"end":{"line":13,"column":30}},"loc":{"start":{"line":13,"column":36},"end":{"line":13,"column":49}}},"2":{"name":"(anonymous_4)","decl":{"start":{"line":17,"column":13},"end":{"line":17,"column":16}},"loc":{"start":{"line":17,"column":19},"end":{"line":17,"column":29}}},"3":{"name":"(anonymous_5)","decl":{"start":{"line":17,"column":31},"end":{"line":17,"column":32}},"loc":{"start":{"line":17,"column":38},"end":{"line":17,"column":49}}}},"branchMap":{},"s":{"0":38,"1":38,"2":38,"3":38,"4":38,"5":38,"6":38,"7":0,"8":0,"9":38,"10":0,"11":0,"12":38,"13":38},"f":{"0":0,"1":0,"2":0,"3":0},"b":{}}
,"/home/luozhi/Documents/HRM-Gene/backend/src/entities/position.entity.ts": {"path":"/home/luozhi/Documents/HRM-Gene/backend/src/entities/position.entity.ts","statementMap":{"0":{"start":{"line":1,"column":0},"end":{"line":1,"column":76}},"1":{"start":{"line":2,"column":0},"end":{"line":2,"column":45}},"2":{"start":{"line":3,"column":0},"end":{"line":3,"column":66}},"3":{"start":{"line":6,"column":7},"end":{"line":18,"column":null}},"4":{"start":{"line":7,"column":2},"end":{"line":8,"column":null}},"5":{"start":{"line":10,"column":2},"end":{"line":11,"column":null}},"6":{"start":{"line":13,"column":2},"end":{"line":14,"column":null}},"7":{"start":{"line":13,"column":19},"end":{"line":13,"column":27}},"8":{"start":{"line":13,"column":36},"end":{"line":13,"column":46}},"9":{"start":{"line":16,"column":2},"end":{"line":17,"column":null}},"10":{"start":{"line":16,"column":19},"end":{"line":16,"column":37}},"11":{"start":{"line":16,"column":47},"end":{"line":16,"column":58}},"12":{"start":{"line":6,"column":13},"end":{"line":18,"column":null}},"13":{"start":{"line":6,"column":13},"end":{"line":6,"column":21}}},"fnMap":{"0":{"name":"(anonymous_2)","decl":{"start":{"line":13,"column":13},"end":{"line":13,"column":16}},"loc":{"start":{"line":13,"column":19},"end":{"line":13,"column":27}}},"1":{"name":"(anonymous_3)","decl":{"start":{"line":13,"column":29},"end":{"line":13,"column":30}},"loc":{"start":{"line":13,"column":36},"end":{"line":13,"column":46}}},"2":{"name":"(anonymous_4)","decl":{"start":{"line":16,"column":13},"end":{"line":16,"column":16}},"loc":{"start":{"line":16,"column":19},"end":{"line":16,"column":37}}},"3":{"name":"(anonymous_5)","decl":{"start":{"line":16,"column":39},"end":{"line":16,"column":40}},"loc":{"start":{"line":16,"column":47},"end":{"line":16,"column":58}}}},"branchMap":{},"s":{"0":38,"1":38,"2":38,"3":38,"4":38,"5":38,"6":38,"7":0,"8":0,"9":38,"10":0,"11":0,"12":38,"13":38},"f":{"0":0,"1":0,"2":0,"3":0},"b":{}}
,"/home/luozhi/Documents/HRM-Gene/backend/src/entities/resignation-request.entity.ts": {"path":"/home/luozhi/Documents/HRM-Gene/backend/src/entities/resignation-request.entity.ts","statementMap":{"0":{"start":{"line":1,"column":0},"end":{"line":1,"column":124}},"1":{"start":{"line":2,"column":0},"end":{"line":2,"column":45}},"2":{"start":{"line":4,"column":0},"end":{"line":4,"column":null}},"3":{"start":{"line":5,"column":2},"end":{"line":5,"column":null}},"4":{"start":{"line":6,"column":2},"end":{"line":6,"column":null}},"5":{"start":{"line":7,"column":2},"end":{"line":7,"column":null}},"6":{"start":{"line":8,"column":2},"end":{"line":8,"column":null}},"7":{"start":{"line":12,"column":7},"end":{"line":37,"column":null}},"8":{"start":{"line":13,"column":2},"end":{"line":14,"column":null}},"9":{"start":{"line":16,"column":2},"end":{"line":18,"column":null}},"10":{"start":{"line":16,"column":19},"end":{"line":16,"column":27}},"11":{"start":{"line":20,"column":2},"end":{"line":21,"column":null}},"12":{"start":{"line":23,"column":2},"end":{"line":24,"column":null}},"13":{"start":{"line":26,"column":2},"end":{"line":27,"column":null}},"14":{"start":{"line":29,"column":2},"end":{"line":30,"column":null}},"15":{"start":{"line":32,"column":2},"end":{"line":33,"column":null}},"16":{"start":{"line":35,"column":2},"end":{"line":36,"column":null}},"17":{"start":{"line":12,"column":13},"end":{"line":37,"column":null}},"18":{"start":{"line":12,"column":13},"end":{"line":12,"column":31}}},"fnMap":{"0":{"name":"(anonymous_2)","decl":{"start":{"line":4,"column":0},"end":{"line":4,"column":12}},"loc":{"start":{"line":4,"column":29},"end":{"line":9,"column":1}}},"1":{"name":"(anonymous_3)","decl":{"start":{"line":16,"column":13},"end":{"line":16,"column":16}},"loc":{"start":{"line":16,"column":19},"end":{"line":16,"column":27}}}},"branchMap":{"0":{"loc":{"start":{"line":4,"column":12},"end":{"line":4,"column":null}},"type":"binary-expr","locations":[{"start":{"line":4,"column":12},"end":{"line":4,"column":29}},{"start":{"line":4,"column":12},"end":{"line":4,"column":null}}]}},"s":{"0":8,"1":8,"2":8,"3":8,"4":8,"5":8,"6":8,"7":8,"8":8,"9":8,"10":0,"11":8,"12":8,"13":8,"14":8,"15":8,"16":8,"17":8,"18":8},"f":{"0":8,"1":0},"b":{"0":[8,8]}}
,"/home/luozhi/Documents/HRM-Gene/backend/src/entities/salary-adjustment.entity.ts": {"path":"/home/luozhi/Documents/HRM-Gene/backend/src/entities/salary-adjustment.entity.ts","statementMap":{"0":{"start":{"line":1,"column":0},"end":{"line":1,"column":null}},"1":{"start":{"line":9,"column":0},"end":{"line":9,"column":45}},"2":{"start":{"line":11,"column":0},"end":{"line":11,"column":null}},"3":{"start":{"line":12,"column":2},"end":{"line":12,"column":null}},"4":{"start":{"line":13,"column":2},"end":{"line":13,"column":null}},"5":{"start":{"line":16,"column":0},"end":{"line":16,"column":null}},"6":{"start":{"line":17,"column":2},"end":{"line":17,"column":null}},"7":{"start":{"line":18,"column":2},"end":{"line":18,"column":null}},"8":{"start":{"line":19,"column":2},"end":{"line":19,"column":null}},"9":{"start":{"line":23,"column":7},"end":{"line":61,"column":null}},"10":{"start":{"line":24,"column":2},"end":{"line":25,"column":null}},"11":{"start":{"line":27,"column":2},"end":{"line":29,"column":null}},"12":{"start":{"line":27,"column":19},"end":{"line":27,"column":27}},"13":{"start":{"line":31,"column":2},"end":{"line":36,"column":null}},"14":{"start":{"line":38,"column":2},"end":{"line":39,"column":null}},"15":{"start":{"line":42,"column":2},"end":{"line":43,"column":null}},"16":{"start":{"line":45,"column":2},"end":{"line":46,"column":null}},"17":{"start":{"line":48,"column":2},"end":{"line":53,"column":null}},"18":{"start":{"line":55,"column":2},"end":{"line":56,"column":null}},"19":{"start":{"line":59,"column":2},"end":{"line":60,"column":null}},"20":{"start":{"line":23,"column":13},"end":{"line":61,"column":null}},"21":{"start":{"line":23,"column":13},"end":{"line":23,"column":29}}},"fnMap":{"0":{"name":"(anonymous_2)","decl":{"start":{"line":11,"column":0},"end":{"line":11,"column":12}},"loc":{"start":{"line":11,"column":26},"end":{"line":14,"column":1}}},"1":{"name":"(anonymous_3)","decl":{"start":{"line":16,"column":0},"end":{"line":16,"column":12}},"loc":{"start":{"line":16,"column":28},"end":{"line":20,"column":1}}},"2":{"name":"(anonymous_4)","decl":{"start":{"line":27,"column":13},"end":{"line":27,"column":16}},"loc":{"start":{"line":27,"column":19},"end":{"line":27,"column":27}}}},"branchMap":{"0":{"loc":{"start":{"line":11,"column":12},"end":{"line":11,"column":null}},"type":"binary-expr","locations":[{"start":{"line":11,"column":12},"end":{"line":11,"column":26}},{"start":{"line":11,"column":12},"end":{"line":11,"column":null}}]},"1":{"loc":{"start":{"line":16,"column":12},"end":{"line":16,"column":null}},"type":"binary-expr","locations":[{"start":{"line":16,"column":12},"end":{"line":16,"column":28}},{"start":{"line":16,"column":12},"end":{"line":16,"column":null}}]}},"s":{"0":2,"1":2,"2":2,"3":2,"4":2,"5":2,"6":2,"7":2,"8":2,"9":2,"10":2,"11":2,"12":0,"13":2,"14":2,"15":2,"16":2,"17":2,"18":2,"19":2,"20":2,"21":2},"f":{"0":2,"1":2,"2":0},"b":{"0":[2,2],"1":[2,2]}}
,"/home/luozhi/Documents/HRM-Gene/backend/src/entities/salary-config.entity.ts": {"path":"/home/luozhi/Documents/HRM-Gene/backend/src/entities/salary-config.entity.ts","statementMap":{"0":{"start":{"line":1,"column":0},"end":{"line":1,"column":null}},"1":{"start":{"line":8,"column":0},"end":{"line":8,"column":45}},"2":{"start":{"line":11,"column":7},"end":{"line":39,"column":null}},"3":{"start":{"line":12,"column":2},"end":{"line":13,"column":null}},"4":{"start":{"line":15,"column":2},"end":{"line":17,"column":null}},"5":{"start":{"line":15,"column":18},"end":{"line":15,"column":26}},"6":{"start":{"line":19,"column":2},"end":{"line":20,"column":null}},"7":{"start":{"line":22,"column":2},"end":{"line":23,"column":null}},"8":{"start":{"line":25,"column":2},"end":{"line":26,"column":null}},"9":{"start":{"line":28,"column":2},"end":{"line":29,"column":null}},"10":{"start":{"line":31,"column":2},"end":{"line":32,"column":null}},"11":{"start":{"line":34,"column":2},"end":{"line":35,"column":null}},"12":{"start":{"line":37,"column":2},"end":{"line":38,"column":null}},"13":{"start":{"line":11,"column":13},"end":{"line":39,"column":null}},"14":{"start":{"line":11,"column":13},"end":{"line":11,"column":25}}},"fnMap":{"0":{"name":"(anonymous_2)","decl":{"start":{"line":15,"column":12},"end":{"line":15,"column":15}},"loc":{"start":{"line":15,"column":18},"end":{"line":15,"column":26}}}},"branchMap":{},"s":{"0":10,"1":10,"2":10,"3":10,"4":10,"5":0,"6":10,"7":10,"8":10,"9":10,"10":10,"11":10,"12":10,"13":10,"14":10},"f":{"0":0},"b":{}}
,"/home/luozhi/Documents/HRM-Gene/backend/src/entities/salary-history.entity.ts": {"path":"/home/luozhi/Documents/HRM-Gene/backend/src/entities/salary-history.entity.ts","statementMap":{"0":{"start":{"line":1,"column":0},"end":{"line":1,"column":76}},"1":{"start":{"line":2,"column":0},"end":{"line":2,"column":45}},"2":{"start":{"line":5,"column":7},"end":{"line":23,"column":null}},"3":{"start":{"line":6,"column":2},"end":{"line":7,"column":null}},"4":{"start":{"line":9,"column":2},"end":{"line":10,"column":null}},"5":{"start":{"line":9,"column":19},"end":{"line":9,"column":27}},"6":{"start":{"line":12,"column":2},"end":{"line":13,"column":null}},"7":{"start":{"line":15,"column":2},"end":{"line":16,"column":null}},"8":{"start":{"line":18,"column":2},"end":{"line":19,"column":null}},"9":{"start":{"line":21,"column":2},"end":{"line":22,"column":null}},"10":{"start":{"line":5,"column":13},"end":{"line":23,"column":null}},"11":{"start":{"line":5,"column":13},"end":{"line":5,"column":26}}},"fnMap":{"0":{"name":"(anonymous_2)","decl":{"start":{"line":9,"column":13},"end":{"line":9,"column":16}},"loc":{"start":{"line":9,"column":19},"end":{"line":9,"column":27}}}},"branchMap":{},"s":{"0":5,"1":5,"2":5,"3":5,"4":5,"5":0,"6":5,"7":5,"8":5,"9":5,"10":5,"11":5},"f":{"0":0},"b":{}}
,"/home/luozhi/Documents/HRM-Gene/backend/src/entities/timekeeping.entity.ts": {"path":"/home/luozhi/Documents/HRM-Gene/backend/src/entities/timekeeping.entity.ts","statementMap":{"0":{"start":{"line":1,"column":0},"end":{"line":1,"column":76}},"1":{"start":{"line":2,"column":0},"end":{"line":2,"column":45}},"2":{"start":{"line":5,"column":7},"end":{"line":32,"column":null}},"3":{"start":{"line":6,"column":2},"end":{"line":7,"column":null}},"4":{"start":{"line":9,"column":2},"end":{"line":10,"column":null}},"5":{"start":{"line":9,"column":19},"end":{"line":9,"column":27}},"6":{"start":{"line":12,"column":2},"end":{"line":13,"column":null}},"7":{"start":{"line":15,"column":2},"end":{"line":16,"column":null}},"8":{"start":{"line":18,"column":2},"end":{"line":19,"column":null}},"9":{"start":{"line":21,"column":2},"end":{"line":22,"column":null}},"10":{"start":{"line":24,"column":2},"end":{"line":25,"column":null}},"11":{"start":{"line":27,"column":2},"end":{"line":28,"column":null}},"12":{"start":{"line":30,"column":2},"end":{"line":31,"column":null}},"13":{"start":{"line":5,"column":13},"end":{"line":32,"column":null}},"14":{"start":{"line":5,"column":13},"end":{"line":5,"column":24}}},"fnMap":{"0":{"name":"(anonymous_2)","decl":{"start":{"line":9,"column":13},"end":{"line":9,"column":16}},"loc":{"start":{"line":9,"column":19},"end":{"line":9,"column":27}}}},"branchMap":{},"s":{"0":9,"1":9,"2":9,"3":9,"4":9,"5":0,"6":9,"7":9,"8":9,"9":9,"10":9,"11":9,"12":9,"13":9,"14":9},"f":{"0":0},"b":{}}
,"/home/luozhi/Documents/HRM-Gene/backend/src/entities/violation.entity.ts": {"path":"/home/luozhi/Documents/HRM-Gene/backend/src/entities/violation.entity.ts","statementMap":{"0":{"start":{"line":1,"column":0},"end":{"line":1,"column":76}},"1":{"start":{"line":2,"column":0},"end":{"line":2,"column":45}},"2":{"start":{"line":4,"column":0},"end":{"line":4,"column":null}},"3":{"start":{"line":5,"column":2},"end":{"line":5,"column":null}},"4":{"start":{"line":6,"column":2},"end":{"line":6,"column":null}},"5":{"start":{"line":9,"column":0},"end":{"line":9,"column":null}},"6":{"start":{"line":10,"column":2},"end":{"line":10,"column":null}},"7":{"start":{"line":11,"column":2},"end":{"line":11,"column":null}},"8":{"start":{"line":12,"column":2},"end":{"line":12,"column":null}},"9":{"start":{"line":16,"column":7},"end":{"line":48,"column":null}},"10":{"start":{"line":17,"column":2},"end":{"line":18,"column":null}},"11":{"start":{"line":20,"column":2},"end":{"line":21,"column":null}},"12":{"start":{"line":20,"column":19},"end":{"line":20,"column":27}},"13":{"start":{"line":23,"column":2},"end":{"line":24,"column":null}},"14":{"start":{"line":23,"column":41},"end":{"line":23,"column":55}},"15":{"start":{"line":26,"column":2},"end":{"line":27,"column":null}},"16":{"start":{"line":29,"column":2},"end":{"line":30,"column":null}},"17":{"start":{"line":32,"column":2},"end":{"line":33,"column":null}},"18":{"start":{"line":35,"column":2},"end":{"line":40,"column":null}},"19":{"start":{"line":42,"column":2},"end":{"line":47,"column":null}},"20":{"start":{"line":16,"column":13},"end":{"line":48,"column":null}},"21":{"start":{"line":16,"column":13},"end":{"line":16,"column":22}}},"fnMap":{"0":{"name":"(anonymous_2)","decl":{"start":{"line":4,"column":0},"end":{"line":4,"column":12}},"loc":{"start":{"line":4,"column":27},"end":{"line":7,"column":1}}},"1":{"name":"(anonymous_3)","decl":{"start":{"line":9,"column":0},"end":{"line":9,"column":12}},"loc":{"start":{"line":9,"column":29},"end":{"line":13,"column":1}}},"2":{"name":"(anonymous_4)","decl":{"start":{"line":20,"column":13},"end":{"line":20,"column":16}},"loc":{"start":{"line":20,"column":19},"end":{"line":20,"column":27}}},"3":{"name":"(anonymous_5)","decl":{"start":{"line":23,"column":35},"end":{"line":23,"column":38}},"loc":{"start":{"line":23,"column":41},"end":{"line":23,"column":55}}}},"branchMap":{"0":{"loc":{"start":{"line":4,"column":12},"end":{"line":4,"column":null}},"type":"binary-expr","locations":[{"start":{"line":4,"column":12},"end":{"line":4,"column":27}},{"start":{"line":4,"column":12},"end":{"line":4,"column":null}}]},"1":{"loc":{"start":{"line":9,"column":12},"end":{"line":9,"column":null}},"type":"binary-expr","locations":[{"start":{"line":9,"column":12},"end":{"line":9,"column":29}},{"start":{"line":9,"column":12},"end":{"line":9,"column":null}}]}},"s":{"0":7,"1":7,"2":7,"3":7,"4":7,"5":7,"6":7,"7":7,"8":7,"9":7,"10":7,"11":7,"12":0,"13":7,"14":0,"15":7,"16":7,"17":7,"18":7,"19":7,"20":7,"21":7},"f":{"0":7,"1":7,"2":0,"3":0},"b":{"0":[7,7],"1":[7,7]}}
,"/home/luozhi/Documents/HRM-Gene/backend/src/modules/admin/admin.controller.ts": {"path":"/home/luozhi/Documents/HRM-Gene/backend/src/modules/admin/admin.controller.ts","statementMap":{"0":{"start":{"line":1,"column":0},"end":{"line":1,"column":null}},"1":{"start":{"line":13,"column":0},"end":{"line":13,"column":47}},"2":{"start":{"line":14,"column":0},"end":{"line":14,"column":54}},"3":{"start":{"line":15,"column":0},"end":{"line":15,"column":78}},"4":{"start":{"line":19,"column":7},"end":{"line":178,"column":null}},"5":{"start":{"line":20,"column":31},"end":{"line":20,"column":36}},"6":{"start":{"line":25,"column":4},"end":{"line":25,"column":37}},"7":{"start":{"line":30,"column":4},"end":{"line":30,"column":36}},"8":{"start":{"line":35,"column":4},"end":{"line":35,"column":56}},"9":{"start":{"line":41,"column":4},"end":{"line":41,"column":43}},"10":{"start":{"line":47,"column":4},"end":{"line":47,"column":40}},"11":{"start":{"line":52,"column":4},"end":{"line":52,"column":59}},"12":{"start":{"line":60,"column":4},"end":{"line":60,"column":80}},"13":{"start":{"line":65,"column":4},"end":{"line":65,"column":41}},"14":{"start":{"line":71,"column":4},"end":{"line":71,"column":38}},"15":{"start":{"line":76,"column":4},"end":{"line":76,"column":55}},"16":{"start":{"line":81,"column":4},"end":{"line":81,"column":39}},"17":{"start":{"line":87,"column":4},"end":{"line":87,"column":42}},"18":{"start":{"line":94,"column":4},"end":{"line":97,"column":6}},"19":{"start":{"line":104,"column":4},"end":{"line":107,"column":6}},"20":{"start":{"line":112,"column":4},"end":{"line":112,"column":44}},"21":{"start":{"line":120,"column":4},"end":{"line":120,"column":67}},"22":{"start":{"line":126,"column":4},"end":{"line":126,"column":38}},"23":{"start":{"line":131,"column":4},"end":{"line":131,"column":40}},"24":{"start":{"line":149,"column":4},"end":{"line":149,"column":41}},"25":{"start":{"line":157,"column":4},"end":{"line":157,"column":79}},"26":{"start":{"line":165,"column":4},"end":{"line":165,"column":45}},"27":{"start":{"line":170,"column":4},"end":{"line":170,"column":39}},"28":{"start":{"line":176,"column":4},"end":{"line":176,"column":52}},"29":{"start":{"line":24,"column":8},"end":{"line":26,"column":null}},"30":{"start":{"line":29,"column":8},"end":{"line":31,"column":null}},"31":{"start":{"line":34,"column":8},"end":{"line":36,"column":null}},"32":{"start":{"line":40,"column":8},"end":{"line":42,"column":null}},"33":{"start":{"line":46,"column":8},"end":{"line":48,"column":null}},"34":{"start":{"line":51,"column":8},"end":{"line":53,"column":null}},"35":{"start":{"line":56,"column":8},"end":{"line":61,"column":null}},"36":{"start":{"line":64,"column":8},"end":{"line":66,"column":null}},"37":{"start":{"line":70,"column":8},"end":{"line":72,"column":null}},"38":{"start":{"line":75,"column":8},"end":{"line":77,"column":null}},"39":{"start":{"line":80,"column":8},"end":{"line":82,"column":null}},"40":{"start":{"line":86,"column":8},"end":{"line":88,"column":null}},"41":{"start":{"line":91,"column":8},"end":{"line":98,"column":null}},"42":{"start":{"line":101,"column":8},"end":{"line":108,"column":null}},"43":{"start":{"line":111,"column":8},"end":{"line":113,"column":null}},"44":{"start":{"line":116,"column":8},"end":{"line":121,"column":null}},"45":{"start":{"line":125,"column":8},"end":{"line":127,"column":null}},"46":{"start":{"line":130,"column":8},"end":{"line":132,"column":null}},"47":{"start":{"line":135,"column":8},"end":{"line":150,"column":null}},"48":{"start":{"line":153,"column":8},"end":{"line":158,"column":null}},"49":{"start":{"line":161,"column":8},"end":{"line":166,"column":null}},"50":{"start":{"line":169,"column":8},"end":{"line":171,"column":null}},"51":{"start":{"line":175,"column":8},"end":{"line":177,"column":null}},"52":{"start":{"line":19,"column":13},"end":{"line":178,"column":null}},"53":{"start":{"line":19,"column":13},"end":{"line":19,"column":28}}},"fnMap":{"0":{"name":"(anonymous_4)","decl":{"start":{"line":20,"column":2},"end":{"line":20,"column":31}},"loc":{"start":{"line":20,"column":48},"end":{"line":20,"column":52}}},"1":{"name":"(anonymous_5)","decl":{"start":{"line":24,"column":8},"end":{"line":24,"column":22}},"loc":{"start":{"line":24,"column":22},"end":{"line":26,"column":3}}},"2":{"name":"(anonymous_6)","decl":{"start":{"line":29,"column":8},"end":{"line":29,"column":18}},"loc":{"start":{"line":29,"column":44},"end":{"line":31,"column":3}}},"3":{"name":"(anonymous_7)","decl":{"start":{"line":34,"column":8},"end":{"line":34,"column":21}},"loc":{"start":{"line":34,"column":66},"end":{"line":36,"column":3}}},"4":{"name":"(anonymous_8)","decl":{"start":{"line":40,"column":8},"end":{"line":40,"column":28}},"loc":{"start":{"line":40,"column":28},"end":{"line":42,"column":3}}},"5":{"name":"(anonymous_9)","decl":{"start":{"line":46,"column":8},"end":{"line":46,"column":25}},"loc":{"start":{"line":46,"column":25},"end":{"line":48,"column":3}}},"6":{"name":"(anonymous_10)","decl":{"start":{"line":51,"column":8},"end":{"line":51,"column":24}},"loc":{"start":{"line":51,"column":66},"end":{"line":53,"column":3}}},"7":{"name":"(anonymous_11)","decl":{"start":{"line":56,"column":8},"end":{"line":56,"column":24}},"loc":{"start":{"line":58,"column":72},"end":{"line":61,"column":3}}},"8":{"name":"(anonymous_12)","decl":{"start":{"line":64,"column":8},"end":{"line":64,"column":24}},"loc":{"start":{"line":64,"column":62},"end":{"line":66,"column":3}}},"9":{"name":"(anonymous_13)","decl":{"start":{"line":70,"column":8},"end":{"line":70,"column":23}},"loc":{"start":{"line":70,"column":23},"end":{"line":72,"column":3}}},"10":{"name":"(anonymous_14)","decl":{"start":{"line":75,"column":8},"end":{"line":75,"column":22}},"loc":{"start":{"line":75,"column":62},"end":{"line":77,"column":3}}},"11":{"name":"(anonymous_15)","decl":{"start":{"line":80,"column":8},"end":{"line":80,"column":22}},"loc":{"start":{"line":80,"column":60},"end":{"line":82,"column":3}}},"12":{"name":"(anonymous_16)","decl":{"start":{"line":86,"column":8},"end":{"line":86,"column":27}},"loc":{"start":{"line":86,"column":27},"end":{"line":88,"column":3}}},"13":{"name":"(anonymous_17)","decl":{"start":{"line":91,"column":8},"end":{"line":91,"column":24}},"loc":{"start":{"line":92,"column":64},"end":{"line":98,"column":3}}},"14":{"name":"(anonymous_18)","decl":{"start":{"line":101,"column":8},"end":{"line":101,"column":24}},"loc":{"start":{"line":102,"column":64},"end":{"line":108,"column":3}}},"15":{"name":"(anonymous_19)","decl":{"start":{"line":111,"column":8},"end":{"line":111,"column":29}},"loc":{"start":{"line":111,"column":29},"end":{"line":113,"column":3}}},"16":{"name":"(anonymous_20)","decl":{"start":{"line":116,"column":8},"end":{"line":116,"column":29}},"loc":{"start":{"line":118,"column":46},"end":{"line":121,"column":3}}},"17":{"name":"(anonymous_21)","decl":{"start":{"line":125,"column":8},"end":{"line":125,"column":23}},"loc":{"start":{"line":125,"column":23},"end":{"line":127,"column":3}}},"18":{"name":"(anonymous_22)","decl":{"start":{"line":130,"column":8},"end":{"line":130,"column":25}},"loc":{"start":{"line":130,"column":25},"end":{"line":132,"column":3}}},"19":{"name":"(anonymous_23)","decl":{"start":{"line":135,"column":8},"end":{"line":135,"column":22}},"loc":{"start":{"line":147,"column":5},"end":{"line":150,"column":3}}},"20":{"name":"(anonymous_24)","decl":{"start":{"line":153,"column":8},"end":{"line":153,"column":24}},"loc":{"start":{"line":155,"column":64},"end":{"line":158,"column":3}}},"21":{"name":"(anonymous_25)","decl":{"start":{"line":161,"column":8},"end":{"line":161,"column":22}},"loc":{"start":{"line":163,"column":21},"end":{"line":166,"column":3}}},"22":{"name":"(anonymous_26)","decl":{"start":{"line":169,"column":8},"end":{"line":169,"column":22}},"loc":{"start":{"line":169,"column":60},"end":{"line":171,"column":3}}},"23":{"name":"(anonymous_27)","decl":{"start":{"line":175,"column":8},"end":{"line":175,"column":20}},"loc":{"start":{"line":175,"column":60},"end":{"line":177,"column":3}}}},"branchMap":{},"s":{"0":1,"1":1,"2":1,"3":1,"4":1,"5":1,"6":1,"7":1,"8":1,"9":1,"10":1,"11":1,"12":1,"13":0,"14":1,"15":1,"16":0,"17":1,"18":1,"19":1,"20":0,"21":0,"22":1,"23":1,"24":0,"25":1,"26":0,"27":0,"28":2,"29":1,"30":1,"31":1,"32":1,"33":1,"34":1,"35":1,"36":1,"37":1,"38":1,"39":1,"40":1,"41":1,"42":1,"43":1,"44":1,"45":1,"46":1,"47":1,"48":1,"49":1,"50":1,"51":1,"52":1,"53":1},"f":{"0":1,"1":1,"2":1,"3":1,"4":1,"5":1,"6":1,"7":1,"8":0,"9":1,"10":1,"11":0,"12":1,"13":1,"14":1,"15":0,"16":0,"17":1,"18":1,"19":0,"20":1,"21":0,"22":0,"23":2},"b":{}}
,"/home/luozhi/Documents/HRM-Gene/backend/src/modules/admin/admin.service.ts": {"path":"/home/luozhi/Documents/HRM-Gene/backend/src/modules/admin/admin.service.ts","statementMap":{"0":{"start":{"line":1,"column":0},"end":{"line":1,"column":null}},"1":{"start":{"line":6,"column":0},"end":{"line":6,"column":51}},"2":{"start":{"line":7,"column":0},"end":{"line":7,"column":37}},"3":{"start":{"line":8,"column":0},"end":{"line":8,"column":33}},"4":{"start":{"line":9,"column":0},"end":{"line":9,"column":73}},"5":{"start":{"line":10,"column":0},"end":{"line":10,"column":62}},"6":{"start":{"line":11,"column":0},"end":{"line":11,"column":58}},"7":{"start":{"line":12,"column":0},"end":{"line":12,"column":62}},"8":{"start":{"line":13,"column":0},"end":{"line":13,"column":79}},"9":{"start":{"line":14,"column":0},"end":{"line":14,"column":76}},"10":{"start":{"line":15,"column":0},"end":{"line":15,"column":88}},"11":{"start":{"line":16,"column":0},"end":{"line":16,"column":69}},"12":{"start":{"line":17,"column":0},"end":{"line":17,"column":56}},"13":{"start":{"line":18,"column":0},"end":{"line":18,"column":69}},"14":{"start":{"line":19,"column":0},"end":{"line":19,"column":67}},"15":{"start":{"line":22,"column":7},"end":{"line":785,"column":null}},"16":{"start":{"line":25,"column":12},"end":{"line":25,"column":26}},"17":{"start":{"line":26,"column":42},"end":{"line":26,"column":52}},"18":{"start":{"line":27,"column":40},"end":{"line":27,"column":54}},"19":{"start":{"line":29,"column":12},"end":{"line":29,"column":28}},"20":{"start":{"line":31,"column":12},"end":{"line":31,"column":25}},"21":{"start":{"line":32,"column":40},"end":{"line":32,"column":54}},"22":{"start":{"line":33,"column":40},"end":{"line":33,"column":54}},"23":{"start":{"line":35,"column":12},"end":{"line":35,"column":31}},"24":{"start":{"line":36,"column":39},"end":{"line":36,"column":52}},"25":{"start":{"line":38,"column":12},"end":{"line":38,"column":31}},"26":{"start":{"line":40,"column":12},"end":{"line":40,"column":30}},"27":{"start":{"line":45,"column":4},"end":{"line":45,"column":36}},"28":{"start":{"line":49,"column":20},"end":{"line":49,"column":71}},"29":{"start":{"line":50,"column":4},"end":{"line":50,"column":59}},"30":{"start":{"line":54,"column":18},"end":{"line":54,"column":69}},"31":{"start":{"line":55,"column":4},"end":{"line":59,"column":null}},"32":{"start":{"line":56,"column":6},"end":{"line":56,"column":57}},"33":{"start":{"line":58,"column":6},"end":{"line":58,"column":28}},"34":{"start":{"line":60,"column":4},"end":{"line":60,"column":43}},"35":{"start":{"line":65,"column":24},"end":{"line":67,"column":6}},"36":{"start":{"line":69,"column":4},"end":{"line":90,"column":7}},"37":{"start":{"line":70,"column":25},"end":{"line":70,"column":26}},"38":{"start":{"line":71,"column":6},"end":{"line":78,"column":9}},"39":{"start":{"line":72,"column":31},"end":{"line":73,"column":null}},"40":{"start":{"line":73,"column":17},"end":{"line":73,"column":51}},"41":{"start":{"line":75,"column":8},"end":{"line":77,"column":null}},"42":{"start":{"line":76,"column":10},"end":{"line":76,"column":65}},"43":{"start":{"line":80,"column":6},"end":{"line":89,"column":8}},"44":{"start":{"line":94,"column":4},"end":{"line":96,"column":null}},"45":{"start":{"line":95,"column":6},"end":{"line":95,"column":67}},"46":{"start":{"line":97,"column":24},"end":{"line":97,"column":45}},"47":{"start":{"line":98,"column":21},"end":{"line":101,"column":15}},"48":{"start":{"line":102,"column":4},"end":{"line":104,"column":null}},"49":{"start":{"line":103,"column":6},"end":{"line":103,"column":80}},"50":{"start":{"line":106,"column":17},"end":{"line":106,"column":71}},"51":{"start":{"line":107,"column":4},"end":{"line":107,"column":36}},"52":{"start":{"line":115,"column":4},"end":{"line":117,"column":null}},"53":{"start":{"line":116,"column":6},"end":{"line":116,"column":67}},"54":{"start":{"line":119,"column":24},"end":{"line":119,"column":45}},"55":{"start":{"line":120,"column":21},"end":{"line":124,"column":15}},"56":{"start":{"line":125,"column":4},"end":{"line":127,"column":null}},"57":{"start":{"line":126,"column":6},"end":{"line":126,"column":80}},"58":{"start":{"line":129,"column":17},"end":{"line":131,"column":6}},"59":{"start":{"line":133,"column":4},"end":{"line":135,"column":null}},"60":{"start":{"line":134,"column":6},"end":{"line":134,"column":58}},"61":{"start":{"line":137,"column":4},"end":{"line":137,"column":39}},"62":{"start":{"line":139,"column":4},"end":{"line":153,"column":null}},"63":{"start":{"line":140,"column":22},"end":{"line":143,"column":8}},"64":{"start":{"line":144,"column":6},"end":{"line":146,"column":null}},"65":{"start":{"line":145,"column":8},"end":{"line":145,"column":79}},"66":{"start":{"line":147,"column":6},"end":{"line":149,"column":null}},"67":{"start":{"line":148,"column":8},"end":{"line":148,"column":92}},"68":{"start":{"line":150,"column":6},"end":{"line":150,"column":29}},"69":{"start":{"line":152,"column":6},"end":{"line":152,"column":33}},"70":{"start":{"line":155,"column":4},"end":{"line":155,"column":35}},"71":{"start":{"line":156,"column":4},"end":{"line":156,"column":58}},"72":{"start":{"line":160,"column":17},"end":{"line":163,"column":6}},"73":{"start":{"line":164,"column":4},"end":{"line":166,"column":null}},"74":{"start":{"line":165,"column":6},"end":{"line":165,"column":58}},"75":{"start":{"line":169,"column":26},"end":{"line":171,"column":6}},"76":{"start":{"line":173,"column":4},"end":{"line":177,"column":null}},"77":{"start":{"line":174,"column":6},"end":{"line":176,"column":8}},"78":{"start":{"line":179,"column":4},"end":{"line":179,"column":37}},"79":{"start":{"line":180,"column":4},"end":{"line":180,"column":73}},"80":{"start":{"line":185,"column":4},"end":{"line":187,"column":7}},"81":{"start":{"line":191,"column":4},"end":{"line":193,"column":null}},"82":{"start":{"line":192,"column":6},"end":{"line":192,"column":65}},"83":{"start":{"line":194,"column":16},"end":{"line":194,"column":73}},"84":{"start":{"line":195,"column":4},"end":{"line":195,"column":39}},"85":{"start":{"line":199,"column":16},"end":{"line":202,"column":6}},"86":{"start":{"line":203,"column":4},"end":{"line":205,"column":null}},"87":{"start":{"line":204,"column":6},"end":{"line":204,"column":56}},"88":{"start":{"line":208,"column":26},"end":{"line":210,"column":6}},"89":{"start":{"line":212,"column":4},"end":{"line":216,"column":null}},"90":{"start":{"line":213,"column":6},"end":{"line":215,"column":8}},"91":{"start":{"line":218,"column":4},"end":{"line":218,"column":40}},"92":{"start":{"line":219,"column":4},"end":{"line":219,"column":71}},"93":{"start":{"line":224,"column":22},"end":{"line":226,"column":6}},"94":{"start":{"line":228,"column":19},"end":{"line":235,"column":7}},"95":{"start":{"line":228,"column":48},"end":{"line":235,"column":6}},"96":{"start":{"line":231,"column":61},"end":{"line":234,"column":8}},"97":{"start":{"line":237,"column":4},"end":{"line":237,"column":18}},"98":{"start":{"line":242,"column":21},"end":{"line":244,"column":6}},"99":{"start":{"line":245,"column":4},"end":{"line":247,"column":null}},"100":{"start":{"line":246,"column":6},"end":{"line":246,"column":78}},"101":{"start":{"line":249,"column":23},"end":{"line":251,"column":6}},"102":{"start":{"line":252,"column":4},"end":{"line":256,"column":null}},"103":{"start":{"line":253,"column":6},"end":{"line":255,"column":8}},"104":{"start":{"line":259,"column":21},"end":{"line":261,"column":6}},"105":{"start":{"line":263,"column":4},"end":{"line":267,"column":null}},"106":{"start":{"line":264,"column":6},"end":{"line":266,"column":8}},"107":{"start":{"line":270,"column":23},"end":{"line":273,"column":6}},"108":{"start":{"line":275,"column":4},"end":{"line":275,"column":45}},"109":{"start":{"line":280,"column":21},"end":{"line":282,"column":6}},"110":{"start":{"line":283,"column":4},"end":{"line":285,"column":null}},"111":{"start":{"line":284,"column":6},"end":{"line":284,"column":78}},"112":{"start":{"line":287,"column":23},"end":{"line":289,"column":6}},"113":{"start":{"line":290,"column":4},"end":{"line":294,"column":null}},"114":{"start":{"line":291,"column":6},"end":{"line":293,"column":8}},"115":{"start":{"line":297,"column":23},"end":{"line":299,"column":6}},"116":{"start":{"line":301,"column":4},"end":{"line":305,"column":null}},"117":{"start":{"line":302,"column":6},"end":{"line":304,"column":8}},"118":{"start":{"line":308,"column":4},"end":{"line":308,"column":46}},"119":{"start":{"line":310,"column":4},"end":{"line":310,"column":58}},"120":{"start":{"line":314,"column":24},"end":{"line":314,"column":56}},"121":{"start":{"line":317,"column":20},"end":{"line":324,"column":42}},"122":{"start":{"line":318,"column":20},"end":{"line":318,"column":48}},"123":{"start":{"line":319,"column":6},"end":{"line":321,"column":null}},"124":{"start":{"line":320,"column":8},"end":{"line":320,"column":24}},"125":{"start":{"line":322,"column":6},"end":{"line":322,"column":28}},"126":{"start":{"line":323,"column":6},"end":{"line":323,"column":17}},"127":{"start":{"line":326,"column":4},"end":{"line":329,"column":8}},"128":{"start":{"line":326,"column":46},"end":{"line":329,"column":6}},"129":{"start":{"line":334,"column":21},"end":{"line":336,"column":6}},"130":{"start":{"line":337,"column":4},"end":{"line":339,"column":null}},"131":{"start":{"line":338,"column":6},"end":{"line":338,"column":78}},"132":{"start":{"line":342,"column":4},"end":{"line":342,"column":63}},"133":{"start":{"line":344,"column":4},"end":{"line":353,"column":null}},"134":{"start":{"line":346,"column":26},"end":{"line":350,"column":null}},"135":{"start":{"line":347,"column":8},"end":{"line":350,"column":10}},"136":{"start":{"line":352,"column":6},"end":{"line":352,"column":47}},"137":{"start":{"line":355,"column":4},"end":{"line":355,"column":64}},"138":{"start":{"line":360,"column":22},"end":{"line":363,"column":6}},"139":{"start":{"line":365,"column":24},"end":{"line":365,"column":76}},"140":{"start":{"line":366,"column":23},"end":{"line":367,"column":null}},"141":{"start":{"line":367,"column":32},"end":{"line":367,"column":41}},"142":{"start":{"line":367,"column":54},"end":{"line":367,"column":75}},"143":{"start":{"line":370,"column":4},"end":{"line":373,"column":8}},"144":{"start":{"line":370,"column":35},"end":{"line":373,"column":6}},"145":{"start":{"line":377,"column":22},"end":{"line":380,"column":6}},"146":{"start":{"line":382,"column":4},"end":{"line":389,"column":8}},"147":{"start":{"line":382,"column":35},"end":{"line":389,"column":6}},"148":{"start":{"line":393,"column":21},"end":{"line":396,"column":6}},"149":{"start":{"line":398,"column":4},"end":{"line":398,"column":83}},"150":{"start":{"line":398,"column":19},"end":{"line":398,"column":83}},"151":{"start":{"line":400,"column":23},"end":{"line":402,"column":6}},"152":{"start":{"line":403,"column":4},"end":{"line":403,"column":89}},"153":{"start":{"line":403,"column":21},"end":{"line":403,"column":89}},"154":{"start":{"line":405,"column":21},"end":{"line":407,"column":6}},"155":{"start":{"line":408,"column":4},"end":{"line":408,"column":83}},"156":{"start":{"line":408,"column":19},"end":{"line":408,"column":83}},"157":{"start":{"line":411,"column":29},"end":{"line":413,"column":6}},"158":{"start":{"line":414,"column":4},"end":{"line":417,"column":null}},"159":{"start":{"line":415,"column":6},"end":{"line":415,"column":45}},"160":{"start":{"line":416,"column":6},"end":{"line":416,"column":49}},"161":{"start":{"line":419,"column":4},"end":{"line":419,"column":37}},"162":{"start":{"line":420,"column":4},"end":{"line":420,"column":33}},"163":{"start":{"line":422,"column":4},"end":{"line":422,"column":43}},"164":{"start":{"line":423,"column":4},"end":{"line":423,"column":60}},"165":{"start":{"line":427,"column":21},"end":{"line":430,"column":6}},"166":{"start":{"line":431,"column":4},"end":{"line":431,"column":75}},"167":{"start":{"line":431,"column":19},"end":{"line":431,"column":75}},"168":{"start":{"line":434,"column":4},"end":{"line":450,"column":null}},"169":{"start":{"line":435,"column":19},"end":{"line":437,"column":8}},"170":{"start":{"line":438,"column":6},"end":{"line":438,"column":46}},"171":{"start":{"line":441,"column":6},"end":{"line":449,"column":null}},"172":{"start":{"line":442,"column":33},"end":{"line":444,"column":10}},"173":{"start":{"line":445,"column":8},"end":{"line":448,"column":null}},"174":{"start":{"line":446,"column":10},"end":{"line":446,"column":49}},"175":{"start":{"line":447,"column":10},"end":{"line":447,"column":53}},"176":{"start":{"line":453,"column":4},"end":{"line":458,"column":null}},"177":{"start":{"line":454,"column":18},"end":{"line":456,"column":8}},"178":{"start":{"line":457,"column":6},"end":{"line":457,"column":43}},"179":{"start":{"line":460,"column":4},"end":{"line":468,"column":null}},"180":{"start":{"line":461,"column":6},"end":{"line":463,"column":null}},"181":{"start":{"line":462,"column":8},"end":{"line":462,"column":68}},"182":{"start":{"line":464,"column":6},"end":{"line":466,"column":null}},"183":{"start":{"line":465,"column":8},"end":{"line":465,"column":80}},"184":{"start":{"line":467,"column":6},"end":{"line":467,"column":47}},"185":{"start":{"line":469,"column":4},"end":{"line":477,"column":null}},"186":{"start":{"line":470,"column":6},"end":{"line":472,"column":null}},"187":{"start":{"line":471,"column":8},"end":{"line":471,"column":67}},"188":{"start":{"line":473,"column":6},"end":{"line":475,"column":null}},"189":{"start":{"line":474,"column":8},"end":{"line":474,"column":79}},"190":{"start":{"line":476,"column":6},"end":{"line":476,"column":45}},"191":{"start":{"line":478,"column":4},"end":{"line":491,"column":null}},"192":{"start":{"line":479,"column":27},"end":{"line":479,"column":44}},"193":{"start":{"line":480,"column":6},"end":{"line":482,"column":null}},"194":{"start":{"line":481,"column":8},"end":{"line":481,"column":63}},"195":{"start":{"line":483,"column":6},"end":{"line":485,"column":null}},"196":{"start":{"line":484,"column":8},"end":{"line":484,"column":76}},"197":{"start":{"line":486,"column":25},"end":{"line":486,"column":53}},"198":{"start":{"line":487,"column":6},"end":{"line":489,"column":null}},"199":{"start":{"line":488,"column":8},"end":{"line":488,"column":62}},"200":{"start":{"line":490,"column":6},"end":{"line":490,"column":32}},"201":{"start":{"line":492,"column":4},"end":{"line":496,"column":null}},"202":{"start":{"line":493,"column":6},"end":{"line":495,"column":null}},"203":{"start":{"line":494,"column":8},"end":{"line":494,"column":82}},"204":{"start":{"line":497,"column":4},"end":{"line":501,"column":null}},"205":{"start":{"line":498,"column":6},"end":{"line":500,"column":null}},"206":{"start":{"line":499,"column":8},"end":{"line":499,"column":78}},"207":{"start":{"line":502,"column":4},"end":{"line":506,"column
[...]
:{"line":36,"column":16},"end":{"line":38,"column":3}}},"3":{"name":"(anonymous_7)","decl":{"start":{"line":41,"column":8},"end":{"line":41,"column":15}},"loc":{"start":{"line":41,"column":77},"end":{"line":58,"column":3}}},"4":{"name":"(anonymous_8)","decl":{"start":{"line":49,"column":25},"end":{"line":49,"column":29}},"loc":{"start":{"line":49,"column":33},"end":{"line":49,"column":85}}},"5":{"name":"(anonymous_9)","decl":{"start":{"line":61,"column":8},"end":{"line":61,"column":15}},"loc":{"start":{"line":63,"column":23},"end":{"line":77,"column":3}}},"6":{"name":"(anonymous_10)","decl":{"start":{"line":69,"column":23},"end":{"line":69,"column":27}},"loc":{"start":{"line":69,"column":31},"end":{"line":69,"column":83}}},"7":{"name":"(anonymous_11)","decl":{"start":{"line":82,"column":2},"end":{"line":82,"column":8}},"loc":{"start":{"line":84,"column":41},"end":{"line":87,"column":3}}},"8":{"name":"(anonymous_12)","decl":{"start":{"line":92,"column":2},"end":{"line":92,"column":8}},"loc":{"start":{"line":92,"column":46},"end":{"line":94,"column":3}}}},"branchMap":{"0":{"loc":{"start":{"line":45,"column":4},"end":{"line":54,"column":null}},"type":"if","locations":[{"start":{"line":45,"column":4},"end":{"line":54,"column":null}},{"start":{},"end":{}}]},"1":{"loc":{"start":{"line":46,"column":28},"end":{"line":46,"column":75}},"type":"binary-expr","locations":[{"start":{"line":46,"column":28},"end":{"line":46,"column":56}},{"start":{"line":46,"column":60},"end":{"line":46,"column":69}},{"start":{"line":46,"column":73},"end":{"line":46,"column":75}}]},"2":{"loc":{"start":{"line":49,"column":8},"end":{"line":52,"column":51}},"type":"binary-expr","locations":[{"start":{"line":49,"column":8},"end":{"line":49,"column":86}},{"start":{"line":50,"column":8},"end":{"line":50,"column":42}},{"start":{"line":51,"column":8},"end":{"line":51,"column":54}},{"start":{"line":52,"column":8},"end":{"line":52,"column":51}}]},"3":{"loc":{"start":{"line":49,"column":33},"end":{"line":49,"column":85}},"type":"binary-expr","locations":[{"start":{"line":49,"column":33},"end":{"line":49,"column":54}},{"start":{"line":49,"column":58},"end":{"line":49,"column":85}}]},"4":{"loc":{"start":{"line":53,"column":44},"end":{"line":53,"column":82}},"type":"cond-expr","locations":[{"start":{"line":53,"column":54},"end":{"line":53,"column":63}},{"start":{"line":53,"column":66},"end":{"line":53,"column":82}}]},"5":{"loc":{"start":{"line":66,"column":26},"end":{"line":66,"column":73}},"type":"binary-expr","locations":[{"start":{"line":66,"column":26},"end":{"line":66,"column":54}},{"start":{"line":66,"column":58},"end":{"line":66,"column":67}},{"start":{"line":66,"column":71},"end":{"line":66,"column":73}}]},"6":{"loc":{"start":{"line":69,"column":6},"end":{"line":72,"column":49}},"type":"binary-expr","locations":[{"start":{"line":69,"column":6},"end":{"line":69,"column":84}},{"start":{"line":70,"column":6},"end":{"line":70,"column":40}},{"start":{"line":71,"column":6},"end":{"line":71,"column":52}},{"start":{"line":72,"column":6},"end":{"line":72,"column":49}}]},"7":{"loc":{"start":{"line":69,"column":31},"end":{"line":69,"column":83}},"type":"binary-expr","locations":[{"start":{"line":69,"column":31},"end":{"line":69,"column":52}},{"start":{"line":69,"column":56},"end":{"line":69,"column":83}}]},"8":{"loc":{"start":{"line":75,"column":23},"end":{"line":75,"column":61}},"type":"cond-expr","locations":[{"start":{"line":75,"column":33},"end":{"line":75,"column":42}},{"start":{"line":75,"column":45},"end":{"line":75,"column":61}}]}},"s":{"0":1,"1":1,"2":1,"3":1,"4":1,"5":1,"6":1,"7":1,"8":1,"9":1,"10":1,"11":3,"12":3,"13":2,"14":2,"15":2,"16":10,"17":2,"18":1,"19":2,"20":2,"21":2,"22":2,"23":10,"24":2,"25":2,"26":1,"27":1,"28":1,"29":1,"30":1,"31":1,"32":1,"33":1,"34":1,"35":1},"f":{"0":1,"1":1,"2":1,"3":3,"4":10,"5":2,"6":10,"7":1,"8":1},"b":{"0":[2,1],"1":[2,2,2],"2":[2,2,2,2],"3":[10,10],"4":[1,1],"5":[2,2,2],"6":[2,2,2,1],"7":[10,10],"8":[1,1]}}
,"/home/luozhi/Documents/HRM-Gene/backend/src/modules/violations/violations.service.ts": {"path":"/home/luozhi/Documents/HRM-Gene/backend/src/modules/violations/violations.service.ts","statementMap":{"0":{"start":{"line":1,"column":0},"end":{"line":1,"column":null}},"1":{"start":{"line":6,"column":0},"end":{"line":6,"column":56}},"2":{"start":{"line":7,"column":0},"end":{"line":7,"column":51}},"3":{"start":{"line":8,"column":0},"end":{"line":8,"column":47}},"4":{"start":{"line":9,"column":0},"end":{"line":9,"column":96}},"5":{"start":{"line":10,"column":0},"end":{"line":10,"column":58}},"6":{"start":{"line":11,"column":0},"end":{"line":11,"column":64}},"7":{"start":{"line":12,"column":0},"end":{"line":12,"column":70}},"8":{"start":{"line":13,"column":0},"end":{"line":13,"column":78}},"9":{"start":{"line":18,"column":7},"end":{"line":224,"column":null}},"10":{"start":{"line":21,"column":12},"end":{"line":21,"column":27}},"11":{"start":{"line":23,"column":12},"end":{"line":23,"column":26}},"12":{"start":{"line":25,"column":12},"end":{"line":25,"column":29}},"13":{"start":{"line":26,"column":12},"end":{"line":26,"column":34}},"14":{"start":{"line":31,"column":21},"end":{"line":33,"column":6}},"15":{"start":{"line":34,"column":4},"end":{"line":36,"column":null}},"16":{"start":{"line":35,"column":6},"end":{"line":35,"column":56}},"17":{"start":{"line":38,"column":22},"end":{"line":46,"column":6}},"18":{"start":{"line":48,"column":18},"end":{"line":48,"column":58}},"19":{"start":{"line":50,"column":14},"end":{"line":50,"column":44}},"20":{"start":{"line":51,"column":20},"end":{"line":51,"column":75}},"21":{"start":{"line":52,"column":29},"end":{"line":52,"column":88}},"22":{"start":{"line":54,"column":4},"end":{"line":59,"column":6}},"23":{"start":{"line":61,"column":4},"end":{"line":61,"column":17}},"24":{"start":{"line":65,"column":23},"end":{"line":65,"column":25}},"25":{"start":{"line":66,"column":4},"end":{"line":68,"column":null}},"26":{"start":{"line":67,"column":6},"end":{"line":67,"column":51}},"27":{"start":{"line":70,"column":20},"end":{"line":74,"column":6}},"28":{"start":{"line":76,"column":18},"end":{"line":76,"column":32}},"29":{"start":{"line":77,"column":21},"end":{"line":77,"column":86}},"30":{"start":{"line":77,"column":41},"end":{"line":77,"column":78}},"31":{"start":{"line":79,"column":4},"end":{"line":79,"column":51}},"32":{"start":{"line":83,"column":23},"end":{"line":83,"column":43}},"33":{"start":{"line":84,"column":4},"end":{"line":86,"column":null}},"34":{"start":{"line":85,"column":6},"end":{"line":85,"column":51}},"35":{"start":{"line":88,"column":22},"end":{"line":91,"column":6}},"36":{"start":{"line":93,"column":4},"end":{"line":95,"column":null}},"37":{"start":{"line":94,"column":6},"end":{"line":94,"column":57}},"38":{"start":{"line":97,"column":4},"end":{"line":97,"column":21}},"39":{"start":{"line":101,"column":22},"end":{"line":101,"column":56}},"40":{"start":{"line":104,"column":22},"end":{"line":104,"column":38}},"41":{"start":{"line":105,"column":24},"end":{"line":105,"column":42}},"42":{"start":{"line":106,"column":25},"end":{"line":106,"column":51}},"43":{"start":{"line":108,"column":4},"end":{"line":110,"column":null}},"44":{"start":{"line":109,"column":6},"end":{"line":109,"column":104}},"45":{"start":{"line":112,"column":4},"end":{"line":112,"column":40}},"46":{"start":{"line":113,"column":18},"end":{"line":113,"column":58}},"47":{"start":{"line":115,"column":14},"end":{"line":115,"column":44}},"48":{"start":{"line":116,"column":20},"end":{"line":116,"column":75}},"49":{"start":{"line":117,"column":29},"end":{"line":117,"column":108}},"50":{"start":{"line":120,"column":31},"end":{"line":120,"column":33}},"51":{"start":{"line":121,"column":4},"end":{"line":123,"column":null}},"52":{"start":{"line":122,"column":6},"end":{"line":122,"column":69}},"53":{"start":{"line":124,"column":4},"end":{"line":126,"column":null}},"54":{"start":{"line":125,"column":6},"end":{"line":125,"column":59}},"55":{"start":{"line":127,"column":4},"end":{"line":129,"column":null}},"56":{"start":{"line":128,"column":6},"end":{"line":128,"column":63}},"57":{"start":{"line":131,"column":23},"end":{"line":131,"column":79}},"58":{"start":{"line":132,"column":4},"end":{"line":134,"column":null}},"59":{"start":{"line":133,"column":6},"end":{"line":133,"column":103}},"60":{"start":{"line":136,"column":23},"end":{"line":136,"column":50}},"61":{"start":{"line":138,"column":4},"end":{"line":143,"column":6}},"62":{"start":{"line":145,"column":4},"end":{"line":145,"column":17}},"63":{"start":{"line":149,"column":22},"end":{"line":149,"column":56}},"64":{"start":{"line":150,"column":4},"end":{"line":150,"column":47}},"65":{"start":{"line":151,"column":4},"end":{"line":151,"column":57}},"66":{"start":{"line":154,"column":4},"end":{"line":154,"column":44}},"67":{"start":{"line":159,"column":18},"end":{"line":159,"column":55}},"68":{"start":{"line":160,"column":30},"end":{"line":163,"column":6}},"69":{"start":{"line":165,"column":23},"end":{"line":165,"column":24}},"70":{"start":{"line":166,"column":4},"end":{"line":200,"column":null}},"71":{"start":{"line":167,"column":6},"end":{"line":167,"column":37}},"72":{"start":{"line":167,"column":28},"end":{"line":167,"column":37}},"73":{"start":{"line":170,"column":26},"end":{"line":170,"column":52}},"74":{"start":{"line":172,"column":23},"end":{"line":177,"column":8}},"75":{"start":{"line":179,"column":6},"end":{"line":199,"column":null}},"76":{"start":{"line":180,"column":26},"end":{"line":188,"column":10}},"77":{"start":{"line":189,"column":8},"end":{"line":189,"column":49}},"78":{"start":{"line":191,"column":8},"end":{"line":196,"column":10}},"79":{"start":{"line":198,"column":8},"end":{"line":198,"column":23}},"80":{"start":{"line":202,"column":4},"end":{"line":220,"column":null}},"81":{"start":{"line":203,"column":21},"end":{"line":205,"column":8}},"82":{"start":{"line":207,"column":23},"end":{"line":210,"column":8}},"83":{"start":{"line":208,"column":18},"end":{"line":208,"column":60}},"84":{"start":{"line":209,"column":8},"end":{"line":209,"column":85}},"85":{"start":{"line":212,"column":6},"end":{"line":219,"column":null}},"86":{"start":{"line":213,"column":8},"end":{"line":218,"column":10}},"87":{"start":{"line":222,"column":4},"end":{"line":222,"column":54}},"88":{"start":{"line":158,"column":8},"end":{"line":223,"column":null}},"89":{"start":{"line":18,"column":13},"end":{"line":224,"column":null}},"90":{"start":{"line":18,"column":13},"end":{"line":18,"column":30}}},"fnMap":{"0":{"name":"(anonymous_4)","decl":{"start":{"line":19,"column":2},"end":{"line":19,"column":null}},"loc":{"start":{"line":26,"column":54},"end":{"line":27,"column":7}}},"1":{"name":"(anonymous_5)","decl":{"start":{"line":29,"column":2},"end":{"line":29,"column":7}},"loc":{"start":{"line":29,"column":44},"end":{"line":62,"column":3}}},"2":{"name":"(anonymous_6)","decl":{"start":{"line":64,"column":2},"end":{"line":64,"column":7}},"loc":{"start":{"line":64,"column":35},"end":{"line":80,"column":3}}},"3":{"name":"(anonymous_7)","decl":{"start":{"line":77,"column":36},"end":{"line":77,"column":37}},"loc":{"start":{"line":77,"column":41},"end":{"line":77,"column":78}}},"4":{"name":"(anonymous_8)","decl":{"start":{"line":82,"column":2},"end":{"line":82,"column":7}},"loc":{"start":{"line":82,"column":47},"end":{"line":98,"column":3}}},"5":{"name":"(anonymous_9)","decl":{"start":{"line":100,"column":2},"end":{"line":100,"column":7}},"loc":{"start":{"line":100,"column":77},"end":{"line":146,"column":3}}},"6":{"name":"(anonymous_10)","decl":{"start":{"line":148,"column":2},"end":{"line":148,"column":7}},"loc":{"start":{"line":148,"column":46},"end":{"line":152,"column":3}}},"7":{"name":"(anonymous_11)","decl":{"start":{"line":153,"column":2},"end":{"line":153,"column":7}},"loc":{"start":{"line":153,"column":22},"end":{"line":155,"column":3}}},"8":{"name":"(anonymous_12)","decl":{"start":{"line":158,"column":8},"end":{"line":158,"column":33}},"loc":{"start":{"line":158,"column":33},"end":{"line":223,"column":3}}},"9":{"name":"(anonymous_13)","decl":{"start":{"line":207,"column":37},"end":{"line":207,"column":40}},"loc":{"start":{"line":207,"column":43},"end":{"line":210,"column":7}}}},"branchMap":{"0":{"loc":{"start":{"line":34,"column":4},"end":{"line":36,"column":null}},"type":"if","locations":[{"start":{"line":34,"column":4},"end":{"line":36,"column":null}},{"start":{},"end":{}}]},"1":{"loc":{"start":{"line":43,"column":24},"end":{"line":43,"column":60}},"type":"binary-expr","locations":[{"start":{"line":43,"column":24},"end":{"line":43,"column":50}},{"start":{"line":43,"column":54},"end":{"line":43,"column":60}}]},"2":{"loc":{"start":{"line":44,"column":16},"end":{"line":44,"column":62}},"type":"binary-expr","locations":[{"start":{"line":44,"column":16},"end":{"line":44,"column":34}},{"start":{"line":44,"column":38},"end":{"line":44,"column":62}}]},"3":{"loc":{"start":{"line":45,"column":14},"end":{"line":45,"column":57}},"type":"binary-expr","locations":[{"start":{"line":45,"column":14},"end":{"line":45,"column":30}},{"start":{"line":45,"column":34},"end":{"line":45,"column":57}}]},"4":{"loc":{"start":{"line":52,"column":55},"end":{"line":52,"column":79}},"type":"binary-expr","locations":[{"start":{"line":52,"column":55},"end":{"line":52,"column":73}},{"start":{"line":52,"column":77},"end":{"line":52,"column":79}}]},"5":{"loc":{"start":{"line":66,"column":4},"end":{"line":68,"column":null}},"type":"if","locations":[{"start":{"line":66,"column":4},"end":{"line":68,"column":null}},{"start":{},"end":{}}]},"6":{"loc":{"start":{"line":84,"column":4},"end":{"line":86,"column":null}},"type":"if","locations":[{"start":{"line":84,"column":4},"end":{"line":86,"column":null}},{"start":{},"end":{}}]},"7":{"loc":{"start":{"line":93,"column":4},"end":{"line":95,"column":null}},"type":"if","locations":[{"start":{"line":93,"column":4},"end":{"line":95,"column":null}},{"start":{},"end":{}}]},"8":{"loc":{"start":{"line":108,"column":4},"end":{"line":110,"column":null}},"type":"if","locations":[{"start":{"line":108,"column":4},"end":{"line":110,"column":null}},{"start":{},"end":{}}]},"9":{"loc":{"start":{"line":109,"column":35},"end":{"line":109,"column":103}},"type":"binary-expr","locations":[{"start":{"line":109,"column":35},"end":{"line":109,"column":93}},{"start":{"line":109,"column":97},"end":{"line":109,"column":103}}]},"10":{"loc":{"start":{"line":117,"column":65},"end":{"line":117,"column":99}},"type":"binary-expr","locations":[{"start":{"line":117,"column":65},"end":{"line":117,"column":93}},{"start":{"line":117,"column":97},"end":{"line":117,"column":99}}]},"11":{"loc":{"start":{"line":121,"column":4},"end":{"line":123,"column":null}},"type":"if","locations":[{"start":{"line":121,"column":4},"end":{"line":123,"column":null}},{"start":{},"end":{}}]},"12":{"loc":{"start":{"line":121,"column":8},"end":{"line":121,"column":107}},"type":"binary-expr","locations":[{"start":{"line":121,"column":8},"end":{"line":121,"column":48}},{"start":{"line":121,"column":52},"end":{"line":121,"column":107}}]},"13":{"loc":{"start":{"line":124,"column":4},"end":{"line":126,"column":null}},"type":"if","locations":[{"start":{"line":124,"column":4},"end":{"line":126,"column":null}},{"start":{},"end":{}}]},"14":{"loc":{"start":{"line":124,"column":8},"end":{"line":124,"column":58}},"type":"binary-expr","locations":[{"start":{"line":124,"column":8},"end":{"line":124,"column":24}},{"start":{"line":124,"column":28},"end":{"line":124,"column":58}}]},"15":{"loc":{"start":{"line":127,"column":4},"end":{"line":129,"column":null}},"type":"if","locations":[{"start":{"line":127,"column":4},"end":{"line":129,"column":null}},{"start":{},"end":{}}]},"16":{"loc":{"start":{"line":127,"column":8},"end":{"line":127,"column":64}},"type":"binary-expr","locations":[{"start":{"line":127,"column":8},"end":{"line":127,"column":26}},{"start":{"line":127,"column":30},"end":{"line":127,"column":64}}]},"17":{"loc":{"start":{"line":132,"column":4},"end":{"line":134,"column":null}},"type":"if","locations":[{"start":{"line":132,"column":4},"end":{"line":134,"column":null}},{"start":{},"end":{}}]},"18":{"loc":{"start":{"line":167,"column":6},"end":{"line":167,"column":37}},"type":"if","locations":[{"start":{"line":167,"column":6},"end":{"line":167,"column":37}},{"start":{},"end":{}}]},"19":{"loc":{"start":{"line":179,"column":6},"end":{"line":199,"column":null}},"type":"if","locations":[{"start":{"line":179,"column":6},"end":{"line":199,"column":null}},{"start":{},"end":{}}]},"20":{"loc":{"start":{"line":202,"column":4},"end":{"line":220,"column":null}},"type":"if","locations":[{"start":{"line":202,"column":4},"end":{"line":220,"column":null}},{"start":{},"end":{}}]},"21":{"loc":{"start":{"line":209,"column":15},"end":{"line":209,"column":84}},"type":"binary-expr","locations":[{"start":{"line":209,"column":15},"end":{"line":209,"column":28}},{"start":{"line":209,"column":32},"end":{"line":209,"column":50}},{"start":{"line":209,"column":54},"end":{"line":209,"column":64}},{"start":{"line":209,"column":68},"end":{"line":209,"column":84}}]}},"s":{"0":2,"1":2,"2":2,"3":2,"4":2,"5":2,"6":2,"7":2,"8":2,"9":2,"10":1,"11":1,"12":1,"13":1,"14":2,"15":2,"16":1,"17":1,"18":1,"19":1,"20":1,"21":1,"22":1,"23":1,"24":2,"25":2,"26":1,"27":2,"28":2,"29":2,"30":5,"31":2,"32":6,"33":6,"34":1,"35":6,"36":6,"37":3,"38":3,"39":2,"40":1,"41":1,"42":1,"43":1,"44":1,"45":1,"46":1,"47":1,"48":1,"49":1,"50":1,"51":1,"52":1,"53":1,"54":1,"55":1,"56":1,"57":1,"58":1,"59":1,"60":1,"61":1,"62":1,"63":2,"64":1,"65":1,"66":3,"67":3,"68":3,"69":3,"70":3,"71":2,"72":1,"73":1,"74":1,"75":1,"76":1,"77":1,"78":1,"79":1,"80":3,"81":1,"82":1,"83":3,"84":3,"85":1,"86":2,"87":3,"88":2,"89":2,"90":2},"f":{"0":1,"1":2,"2":2,"3":5,"4":6,"5":2,"6":2,"7":3,"8":3,"9":3},"b":{"0":[1,1],"1":[1,0],"2":[1,0],"3":[1,1],"4":[1,0],"5":[1,1],"6":[1,5],"7":[3,3],"8":[1,0],"9":[1,0],"10":[1,0],"11":[1,0],"12":[1,1],"13":[1,0],"14":[1,1],"15":[1,0],"16":[1,1],"17":[1,0],"18":[1,1],"19":[1,0],"20":[1,2],"21":[3,2,2,2]}}
,"/home/luozhi/Documents/HRM-Gene/backend/src/modules/violations/dto/create-violation.dto.ts": {"path":"/home/luozhi/Documents/HRM-Gene/backend/src/modules/violations/dto/create-violation.dto.ts","statementMap":{"0":{"start":{"line":1,"column":0},"end":{"line":1,"column":null}},"1":{"start":{"line":9,"column":0},"end":{"line":9,"column":null}},"2":{"start":{"line":15,"column":2},"end":{"line":16,"column":null}},"3":{"start":{"line":18,"column":2},"end":{"line":19,"column":null}},"4":{"start":{"line":21,"column":2},"end":{"line":22,"column":null}},"5":{"start":{"line":24,"column":2},"end":{"line":25,"column":null}},"6":{"start":{"line":27,"column":2},"end":{"line":29,"column":null}},"7":{"start":{"line":31,"column":2},"end":{"line":33,"column":null}},"8":{"start":{"line":35,"column":2},"end":{"line":37,"column":null}},"9":{"start":{"line":14,"column":0},"end":{"line":14,"column":13}}},"fnMap":{},"branchMap":{},"s":{"0":1,"1":1,"2":1,"3":1,"4":1,"5":1,"6":1,"7":1,"8":1,"9":1},"f":{},"b":{}}
,"/home/luozhi/Documents/HRM-Gene/backend/src/modules/violations/dto/update-violation.dto.ts": {"path":"/home/luozhi/Documents/HRM-Gene/backend/src/modules/violations/dto/update-violation.dto.ts","statementMap":{"0":{"start":{"line":1,"column":0},"end":{"line":1,"column":null}},"1":{"start":{"line":8,"column":0},"end":{"line":8,"column":null}},"2":{"start":{"line":14,"column":2},"end":{"line":16,"column":null}},"3":{"start":{"line":18,"column":2},"end":{"line":20,"column":null}},"4":{"start":{"line":22,"column":2},"end":{"line":24,"column":null}},"5":{"start":{"line":26,"column":2},"end":{"line":27,"column":null}},"6":{"start":{"line":29,"column":2},"end":{"line":31,"column":null}},"7":{"start":{"line":33,"column":2},"end":{"line":35,"column":null}},"8":{"start":{"line":13,"column":0},"end":{"line":13,"column":13}}},"fnMap":{},"branchMap":{},"s":{"0":1,"1":1,"2":1,"3":1,"4":1,"5":1,"6":1,"7":1,"8":1},"f":{},"b":{}}
}
