TN:
SF:src/entities/announcement.entity.ts
FNF:0
FNH:0
DA:1,6
DA:4,6
DA:5,6
DA:8,6
DA:11,6
DA:14,6
DA:17,6
DA:20,6
DA:23,6
DA:26,6
DA:29,6
DA:32,6
LF:12
LH:12
BRF:0
BRH:0
end_of_record
TN:
SF:src/entities/bank-info.entity.ts
FN:15,(anonymous_2)
FN:15,(anonymous_3)
FNF:2
FNH:0
FNDA:0,(anonymous_2)
FNDA:0,(anonymous_3)
DA:1,38
DA:8,38
DA:11,38
DA:12,38
DA:15,38
DA:19,38
DA:22,38
DA:25,38
LF:8
LH:8
BRF:0
BRH:0
end_of_record
TN:
SF:src/entities/comment.entity.ts
FN:25,(anonymous_2)
FNF:1
FNH:0
FNDA:0,(anonymous_2)
DA:1,2
DA:9,2
DA:12,2
DA:13,2
DA:16,2
DA:19,2
DA:22,2
DA:25,2
DA:29,2
DA:32,2
LF:10
LH:10
BRF:0
BRH:0
end_of_record
TN:
SF:src/entities/company-profile.entity.ts
FNF:0
FNH:0
DA:1,2
DA:4,2
DA:5,2
DA:8,2
DA:11,2
DA:14,2
DA:17,2
DA:20,2
DA:23,2
DA:26,2
DA:29,2
DA:32,2
DA:35,2
DA:38,2
LF:14
LH:14
BRF:0
BRH:0
end_of_record
TN:
SF:src/entities/company-settings.entity.ts
FNF:0
FNH:0
DA:1,5
DA:4,5
DA:5,5
DA:8,5
DA:11,5
DA:14,5
LF:6
LH:6
BRF:0
BRH:0
end_of_record
TN:
SF:src/entities/contract.entity.ts
FN:4,(anonymous_2)
FN:10,(anonymous_3)
FN:21,(anonymous_4)
FN:21,(anonymous_5)
FNF:4
FNH:2
FNDA:38,(anonymous_2)
FNDA:38,(anonymous_3)
FNDA:0,(anonymous_4)
FNDA:0,(anonymous_5)
DA:1,38
DA:2,38
DA:4,38
DA:5,38
DA:6,38
DA:7,38
DA:10,38
DA:11,38
DA:12,38
DA:13,38
DA:17,38
DA:18,38
DA:21,38
DA:25,38
DA:28,38
DA:34,38
DA:37,38
DA:40,38
DA:47,38
DA:50,38
LF:20
LH:20
BRDA:4,0,0,38
BRDA:4,0,1,38
BRDA:10,1,0,38
BRDA:10,1,1,38
BRF:4
BRH:4
end_of_record
TN:
SF:src/entities/department.entity.ts
FN:19,(anonymous_2)
FN:23,(anonymous_3)
FN:23,(anonymous_4)
FNF:3
FNH:0
FNDA:0,(anonymous_2)
FNDA:0,(anonymous_3)
FNDA:0,(anonymous_4)
DA:1,38
DA:9,38
DA:12,38
DA:13,38
DA:16,38
DA:19,38
DA:23,38
LF:7
LH:7
BRF:0
BRH:0
end_of_record
TN:
SF:src/entities/employee.entity.ts
FN:16,(anonymous_2)
FN:22,(anonymous_3)
FN:47,(anonymous_4)
FN:47,(anonymous_5)
FN:50,(anonymous_6)
FN:50,(anonymous_7)
FN:62,(anonymous_8)
FN:62,(anonymous_9)
FN:65,(anonymous_10)
FN:65,(anonymous_11)
FNF:10
FNH:2
FNDA:38,(anonymous_2)
FNDA:38,(anonymous_3)
FNDA:0,(anonymous_4)
FNDA:0,(anonymous_5)
FNDA:0,(anonymous_6)
FNDA:0,(anonymous_7)
FNDA:0,(anonymous_8)
FNDA:0,(anonymous_9)
FNDA:0,(anonymous_10)
FNDA:0,(anonymous_11)
DA:1,38
DA:10,38
DA:11,38
DA:12,38
DA:13,38
DA:14,38
DA:16,38
DA:17,38
DA:18,38
DA:19,38
DA:22,38
DA:23,38
DA:24,38
DA:25,38
DA:26,38
DA:30,38
DA:31,38
DA:34,38
DA:37,38
DA:41,38
DA:44,38
DA:47,38
DA:50,38
DA:53,38
DA:56,38
DA:59,38
DA:62,38
DA:65,38
DA:68,38
DA:71,38
DA:74,38
DA:77,38
DA:80,38
DA:83,38
DA:86,38
DA:89,38
DA:92,38
DA:95,38
DA:98,38
DA:105,38
DA:112,38
DA:115,38
LF:42
LH:42
BRDA:16,0,0,38
BRDA:16,0,1,38
BRDA:22,1,0,38
BRDA:22,1,1,38
BRF:4
BRH:4
end_of_record
TN:
SF:src/entities/kpi-assignment.entity.ts
FN:6,(anonymous_2)
FN:17,(anonymous_3)
FN:21,(anonymous_4)
FN:21,(anonymous_5)
FN:25,(anonymous_6)
FNF:5
FNH:1
FNDA:6,(anonymous_2)
FNDA:0,(anonymous_3)
FNDA:0,(anonymous_4)
FNDA:0,(anonymous_5)
FNDA:0,(anonymous_6)
DA:1,6
DA:2,6
DA:3,6
DA:4,6
DA:6,6
DA:7,6
DA:8,6
DA:9,6
DA:13,6
DA:14,6
DA:17,6
DA:21,6
DA:25,6
DA:29,6
DA:32,6
DA:35,6
DA:38,6
DA:41,6
LF:18
LH:18
BRDA:6,0,0,6
BRDA:6,0,1,6
BRF:2
BRH:2
end_of_record
TN:
SF:src/entities/kpi-library.entity.ts
FN:4,(anonymous_2)
FN:32,(anonymous_3)
FNF:2
FNH:1
FNDA:6,(anonymous_2)
FNDA:0,(anonymous_3)
DA:1,6
DA:2,6
DA:4,6
DA:5,6
DA:6,6
DA:7,6
DA:8,6
DA:12,6
DA:13,6
DA:16,6
DA:19,6
DA:22,6
DA:25,6
DA:32,6
LF:14
LH:14
BRDA:4,0,0,6
BRDA:4,0,1,6
BRF:2
BRH:2
end_of_record
TN:
SF:src/entities/kpi-period.entity.ts
FN:4,(anonymous_2)
FN:31,(anonymous_3)
FN:31,(anonymous_4)
FNF:3
FNH:1
FNDA:6,(anonymous_2)
FNDA:0,(anonymous_3)
FNDA:0,(anonymous_4)
DA:1,6
DA:2,6
DA:4,6
DA:5,6
DA:6,6
DA:7,6
DA:11,6
DA:12,6
DA:15,6
DA:18,6
DA:21,6
DA:24,6
DA:31,6
LF:13
LH:13
BRDA:4,0,0,6
BRDA:4,0,1,6
BRF:2
BRH:2
end_of_record
TN:
SF:src/entities/leave-balance.entity.ts
FN:10,(anonymous_2)
FN:13,(anonymous_3)
FNF:2
FNH:0
FNDA:0,(anonymous_2)
FNDA:0,(anonymous_3)
DA:1,6
DA:2,6
DA:3,6
DA:6,6
DA:7,6
DA:10,6
DA:13,6
DA:16,6
LF:8
LH:8
BRF:0
BRH:0
end_of_record
TN:
SF:src/entities/leave-request.entity.ts
FN:10,(anonymous_2)
FN:13,(anonymous_3)
FN:29,(anonymous_4)
FNF:3
FNH:0
FNDA:0,(anonymous_2)
FNDA:0,(anonymous_3)
FNDA:0,(anonymous_4)
DA:1,10
DA:2,10
DA:3,10
DA:6,10
DA:7,10
DA:10,10
DA:13,10
DA:16,10
DA:19,10
DA:23,10
DA:26,10
DA:29,10
DA:33,10
LF:13
LH:13
BRF:0
BRH:0
end_of_record
TN:
SF:src/entities/leave-type.entity.ts
FNF:0
FNH:0
DA:1,10
DA:4,10
DA:5,10
DA:8,10
DA:11,10
DA:14,10
LF:6
LH:6
BRF:0
BRH:0
end_of_record
TN:
SF:src/entities/notification.entity.ts
FN:11,(anonymous_2)
FN:53,(anonymous_3)
FNF:2
FNH:1
FNDA:25,(anonymous_2)
FNDA:0,(anonymous_3)
DA:1,25
DA:9,25
DA:11,25
DA:12,25
DA:13,25
DA:14,25
DA:15,25
DA:16,25
DA:17,25
DA:18,25
DA:19,25
DA:20,25
DA:21,25
DA:22,25
DA:23,25
DA:27,25
DA:28,25
DA:31,25
DA:34,25
DA:37,25
DA:44,25
DA:47,25
DA:50,25
DA:53,25
DA:57,25
LF:25
LH:25
BRDA:11,0,0,25
BRDA:11,0,1,25
BRF:2
BRH:2
end_of_record
TN:
SF:src/entities/payroll-period.entity.ts
FN:4,(anonymous_2)
FN:31,(anonymous_3)
FN:31,(anonymous_4)
FNF:3
FNH:1
FNDA:8,(anonymous_2)
FNDA:0,(anonymous_3)
FNDA:0,(anonymous_4)
DA:1,8
DA:2,8
DA:4,8
DA:5,8
DA:6,8
DA:7,8
DA:11,8
DA:12,8
DA:15,8
DA:18,8
DA:21,8
DA:28,8
DA:31,8
LF:13
LH:13
BRDA:4,0,0,8
BRDA:4,0,1,8
BRF:2
BRH:2
end_of_record
TN:
SF:src/entities/payslip.entity.ts
FN:5,(anonymous_2)
FN:16,(anonymous_3)
FN:19,(anonymous_4)
FN:19,(anonymous_5)
FN:58,(anonymous_6)
FNF:5
FNH:1
FNDA:8,(anonymous_2)
FNDA:0,(anonymous_3)
FNDA:0,(anonymous_4)
FNDA:0,(anonymous_5)
FNDA:0,(anonymous_6)
DA:1,8
DA:2,8
DA:3,8
DA:5,8
DA:6,8
DA:7,8
DA:8,8
DA:12,8
DA:13,8
DA:16,8
DA:19,8
DA:22,8
DA:25,8
DA:28,8
DA:31,8
DA:34,8
DA:37,8
DA:40,8
DA:43,8
DA:51,8
DA:55,8
DA:58,8
LF:22
LH:22
BRDA:5,0,0,8
BRDA:5,0,1,8
BRF:2
BRH:2
end_of_record
TN:
SF:src/entities/permission.entity.ts
FN:21,(anonymous_2)
FN:21,(anonymous_3)
FNF:2
FNH:0
FNDA:0,(anonymous_2)
FNDA:0,(anonymous_3)
DA:1,38
DA:2,38
DA:5,38
DA:6,38
DA:9,38
DA:12,38
DA:15,38
DA:18,38
DA:21,38
LF:9
LH:9
BRF:0
BRH:0
end_of_record
TN:
SF:src/entities/position-permission.entity.ts
FN:13,(anonymous_2)
FN:13,(anonymous_3)
FN:17,(anonymous_4)
FN:17,(anonymous_5)
FNF:4
FNH:0
FNDA:0,(anonymous_2)
FNDA:0,(anonymous_3)
FNDA:0,(anonymous_4)
FNDA:0,(anonymous_5)
DA:1,38
DA:2,38
DA:3,38
DA:6,38
DA:7,38
DA:10,38
DA:13,38
DA:17,38
LF:8
LH:8
BRF:0
BRH:0
end_of_record
TN:
SF:src/entities/position.entity.ts
FN:13,(anonymous_2)
FN:13,(anonymous_3)
FN:16,(anonymous_4)
FN:16,(anonymous_5)
FNF:4
FNH:0
FNDA:0,(anonymous_2)
FNDA:0,(anonymous_3)
FNDA:0,(anonymous_4)
FNDA:0,(anonymous_5)
DA:1,38
DA:2,38
DA:3,38
DA:6,38
DA:7,38
DA:10,38
DA:13,38
DA:16,38
LF:8
LH:8
BRF:0
BRH:0
end_of_record
TN:
SF:src/entities/resignation-request.entity.ts
FN:4,(anonymous_2)
FN:16,(anonymous_3)
FNF:2
FNH:1
FNDA:8,(anonymous_2)
FNDA:0,(anonymous_3)
DA:1,8
DA:2,8
DA:4,8
DA:5,8
DA:6,8
DA:7,8
DA:8,8
DA:12,8
DA:13,8
DA:16,8
DA:20,8
DA:23,8
DA:26,8
DA:29,8
DA:32,8
DA:35,8
LF:16
LH:16
BRDA:4,0,0,8
BRDA:4,0,1,8
BRF:2
BRH:2
end_of_record
TN:
SF:src/entities/salary-adjustment.entity.ts
FN:11,(anonymous_2)
FN:16,(anonymous_3)
FN:27,(anonymous_4)
FNF:3
FNH:2
FNDA:2,(anonymous_2)
FNDA:2,(anonymous_3)
FNDA:0,(anonymous_4)
DA:1,2
DA:9,2
DA:11,2
DA:12,2
DA:13,2
DA:16,2
DA:17,2
DA:18,2
DA:19,2
DA:23,2
DA:24,2
DA:27,2
DA:31,2
DA:38,2
DA:42,2
DA:45,2
DA:48,2
DA:55,2
DA:59,2
LF:19
LH:19
BRDA:11,0,0,2
BRDA:11,0,1,2
BRDA:16,1,0,2
BRDA:16,1,1,2
BRF:4
BRH:4
end_of_record
TN:
SF:src/entities/salary-config.entity.ts
FN:15,(anonymous_2)
FNF:1
FNH:0
FNDA:0,(anonymous_2)
DA:1,10
DA:8,10
DA:11,10
DA:12,10
DA:15,10
DA:19,10
DA:22,10
DA:25,10
DA:28,10
DA:31,10
DA:34,10
DA:37,10
LF:12
LH:12
BRF:0
BRH:0
end_of_record
TN:
SF:src/entities/salary-history.entity.ts
FN:9,(anonymous_2)
FNF:1
FNH:0
FNDA:0,(anonymous_2)
DA:1,5
DA:2,5
DA:5,5
DA:6,5
DA:9,5
DA:12,5
DA:15,5
DA:18,5
DA:21,5
LF:9
LH:9
BRF:0
BRH:0
end_of_record
TN:
SF:src/entities/timekeeping.entity.ts
FN:9,(anonymous_2)
FNF:1
FNH:0
FNDA:0,(anonymous_2)
DA:1,9
DA:2,9
DA:5,9
DA:6,9
DA:9,9
DA:12,9
DA:15,9
DA:18,9
DA:21,9
DA:24,9
DA:27,9
DA:30,9
LF:12
LH:12
BRF:0
BRH:0
end_of_record
TN:
SF:src/entities/violation.entity.ts
FN:4,(anonymous_2)
FN:9,(anonymous_3)
FN:20,(anonymous_4)
FN:23,(anonymous_5)
FNF:4
FNH:2
FNDA:7,(anonymous_2)
FNDA:7,(anonymous_3)
FNDA:0,(anonymous_4)
FNDA:0,(anonymous_5)
DA:1,7
DA:2,7
DA:4,7
DA:5,7
DA:6,7
DA:9,7
DA:10,7
DA:11,7
DA:12,7
DA:16,7
DA:17,7
DA:20,7
DA:23,7
DA:26,7
DA:29,7
DA:32,7
DA:35,7
DA:42,7
LF:18
LH:18
BRDA:4,0,0,7
BRDA:4,0,1,7
BRDA:9,1,0,7
BRDA:9,1,1,7
BRF:4
BRH:4
end_of_record
TN:
SF:src/modules/admin/admin.controller.ts
FN:20,(anonymous_4)
FN:24,(anonymous_5)
FN:29,(anonymous_6)
FN:34,(anonymous_7)
FN:40,(anonymous_8)
FN:46,(anonymous_9)
FN:51,(anonymous_10)
FN:56,(anonymous_11)
FN:64,(anonymous_12)
FN:70,(anonymous_13)
FN:75,(anonymous_14)
FN:80,(anonymous_15)
FN:86,(anonymous_16)
FN:91,(anonymous_17)
FN:101,(anonymous_18)
FN:111,(anonymous_19)
FN:116,(anonymous_20)
FN:125,(anonymous_21)
FN:130,(anonymous_22)
FN:135,(anonymous_23)
FN:153,(anonymous_24)
FN:161,(anonymous_25)
FN:169,(anonymous_26)
FN:175,(anonymous_27)
FNF:24
FNH:17
FNDA:1,(anonymous_4)
FNDA:1,(anonymous_5)
FNDA:1,(anonymous_6)
FNDA:1,(anonymous_7)
FNDA:1,(anonymous_8)
FNDA:1,(anonymous_9)
FNDA:1,(anonymous_10)
FNDA:1,(anonymous_11)
FNDA:0,(anonymous_12)
FNDA:1,(anonymous_13)
FNDA:1,(anonymous_14)
FNDA:0,(anonymous_15)
FNDA:1,(anonymous_16)
FNDA:1,(anonymous_17)
FNDA:1,(anonymous_18)
FNDA:0,(anonymous_19)
FNDA:0,(anonymous_20)
FNDA:1,(anonymous_21)
FNDA:1,(anonymous_22)
FNDA:0,(anonymous_23)
FNDA:1,(anonymous_24)
FNDA:0,(anonymous_25)
FNDA:0,(anonymous_26)
FNDA:2,(anonymous_27)
DA:1,1
DA:13,1
DA:14,1
DA:15,1
DA:19,1
DA:20,1
DA:24,1
DA:25,1
DA:29,1
DA:30,1
DA:34,1
DA:35,1
DA:40,1
DA:41,1
DA:46,1
DA:47,1
DA:51,1
DA:52,1
DA:56,1
DA:60,1
DA:64,1
DA:65,0
DA:70,1
DA:71,1
DA:75,1
DA:76,1
DA:80,1
DA:81,0
DA:86,1
DA:87,1
DA:91,1
DA:94,1
DA:101,1
DA:104,1
DA:111,1
DA:112,0
DA:116,1
DA:120,0
DA:125,1
DA:126,1
DA:130,1
DA:131,1
DA:135,1
DA:149,0
DA:153,1
DA:157,1
DA:161,1
DA:165,0
DA:169,1
DA:170,0
DA:175,1
DA:176,2
LF:52
LH:45
BRF:0
BRH:0
end_of_record
TN:
SF:src/modules/admin/admin.service.ts
FN:23,(anonymous_10)
FN:44,(anonymous_11)
FN:48,(anonymous_12)
FN:53,(anonymous_13)
FN:64,(anonymous_14)
FN:69,(anonymous_15)
FN:71,(anonymous_16)
FN:73,(anonymous_17)
FN:93,(anonymous_18)
FN:110,(anonymous_19)
FN:159,(anonymous_20)
FN:184,(anonymous_21)
FN:190,(anonymous_22)
FN:198,(anonymous_23)
FN:223,(anonymous_24)
FN:228,(anonymous_25)
FN:231,(anonymous_26)
FN:240,(anonymous_27)
FN:278,(anonymous_28)
FN:313,(anonymous_29)
FN:317,(anonymous_30)
FN:326,(anonymous_31)
FN:332,(anonymous_32)
FN:346,(anonymous_33)
FN:359,(anonymous_34)
FN:367,(anonymous_35)
FN:367,(anonymous_36)
FN:370,(anonymous_37)
FN:376,(anonymous_38)
FN:382,(anonymous_39)
FN:392,(anonymous_40)
FN:426,(anonymous_41)
FN:515,(anonymous_42)
FN:548,(anonymous_43)
FN:594,(anonymous_44)
FN:604,(anonymous_45)
FN:606,(anonymous_46)
FN:621,(anonymous_47)
FN:632,(anonymous_48)
FNF:39
FNH:19
FNDA:1,(anonymous_10)
FNDA:1,(anonymous_11)
FNDA:1,(anonymous_12)
FNDA:2,(anonymous_13)
FNDA:1,(anonymous_14)
FNDA:1,(anonymous_15)
FNDA:1,(anonymous_16)
FNDA:1,(anonymous_17)
FNDA:1,(anonymous_18)
FNDA:2,(anonymous_19)
FNDA:2,(anonymous_20)
FNDA:0,(anonymous_21)
FNDA:0,(anonymous_22)
FNDA:0,(anonymous_23)
FNDA:0,(anonymous_24)
FNDA:0,(anonymous_25)
FNDA:0,(anonymous_26)
FNDA:1,(anonymous_27)
FNDA:1,(anonymous_28)
FNDA:0,(anonymous_29)
FNDA:0,(anonymous_30)
FNDA:0,(anonymous_31)
FNDA:0,(anonymous_32)
FNDA:0,(anonymous_33)
FNDA:0,(anonymous_34)
FNDA:0,(anonymous_35)
FNDA:0,(anonymous_36)
FNDA:0,(anonymous_37)
FNDA:0,(anonymous_38)
FNDA:0,(anonymous_39)
FNDA:1,(anonymous_40)
FNDA:0,(anonymous_41)
FNDA:0,(anonymous_42)
FNDA:0,(anonymous_43)
FNDA:1,(anonymous_44)
FNDA:1,(anonymous_45)
FNDA:1,(anonymous_46)
FNDA:2,(anonymous_47)
FNDA:1,(anonymous_48)
DA:1,2
DA:6,2
DA:7,2
DA:8,2
DA:9,2
DA:10,2
DA:11,2
DA:12,2
DA:13,2
DA:14,2
DA:15,2
DA:16,2
DA:17,2
DA:18,2
DA:19,2
DA:22,2
DA:25,1
DA:26,1
DA:27,1
DA:29,1
DA:31,1
DA:32,1
DA:33,1
DA:35,1
DA:36,1
DA:38,1
DA:40,1
DA:45,1
DA:49,1
DA:50,1
DA:54,2
DA:55,2
DA:56,1
DA:58,1
DA:60,2
DA:65,1
DA:69,1
DA:70,1
DA:71,1
DA:72,1
DA:73,1
DA:75,1
DA:76,1
DA:80,1
DA:94,1
DA:95,1
DA:97,0
DA:98,0
DA:102,0
DA:103,0
DA:106,0
DA:107,0
DA:115,2
DA:116,0
DA:119,2
DA:120,2
DA:125,2
DA:126,0
DA:129,2
DA:133,2
DA:134,1
DA:137,1
DA:139,1
DA:140,1
DA:144,1
DA:145,0
DA:147,1
DA:148,0
DA:150,1
DA:152,0
DA:155,1
DA:156,1
DA:160,2
DA:164,2
DA:165,0
DA:169,2
DA:173,2
DA:174,1
DA:179,1
DA:180,1
DA:185,0
DA:191,0
DA:192,0
DA:194,0
DA:195,0
DA:199,0
DA:203,0
DA:204,0
DA:208,0
DA:212,0
DA:213,0
DA:218,0
DA:219,0
DA:224,0
DA:228,0
DA:231,0
DA:237,0
DA:242,1
DA:245,1
DA:246,0
DA:249,1
DA:252,1
DA:253,0
DA:259,1
DA:263,1
DA:264,1
DA:270,0
DA:275,0
DA:280,1
DA:283,1
DA:284,0
DA:287,1
DA:290,1
DA:291,0
DA:297,1
DA:301,1
DA:302,1
DA:308,0
DA:310,0
DA:314,0
DA:317,0
DA:318,0
DA:319,0
DA:320,0
DA:322,0
DA:323,0
DA:326,0
DA:334,0
DA:337,0
DA:338,0
DA:342,0
DA:344,0
DA:346,0
DA:347,0
DA:352,0
DA:355,0
DA:360,0
DA:365,0
DA:366,0
DA:367,0
DA:370,0
DA:377,0
DA:382,0
DA:393,1
DA:398,1
DA:400,1
DA:403,1
DA:405,1
DA:408,1
DA:411,1
DA:414,1
DA:415,0
DA:416,0
DA:419,1
DA:420,1
DA:422,1
DA:423,1
DA:427,0
DA:431,0
DA:434,0
DA:435,0
DA:438,0
DA:441,0
DA:442,0
DA:445,0
DA:446,0
DA:447,0
DA:453,0
DA:454,0
DA:457,0
DA:460,0
DA:461,0
DA:462,0
DA:464,0
DA:465,0
DA:467,0
DA:469,0
DA:470,0
DA:471,0
DA:473,0
DA:474,0
DA:476,0
DA:478,0
DA:479,0
DA:480,0
DA:481,0
DA:483,0
DA:484,0
DA:486,0
DA:487,0
DA:488,0
DA:490,0
DA:492,0
DA:493,0
DA:494,0
DA:497,0
DA:498,0
DA:499,0
DA:502,0
DA:503,0
DA:504,0
DA:509,0
DA:510,0
DA:512,0
DA:516,0
DA:520,0
DA:522,0
DA:523,0
DA:526,0
DA:529,0
DA:530,0
DA:534,0
DA:535,0
DA:536,0
DA:541,0
DA:542,0
DA:543,0
DA:545,0
DA:559,0
DA:562,0
DA:564,0
DA:566,0
DA:576,0
DA:577,0
DA:580,0
DA:583,0
DA:584,0
DA:587,0
DA:590,0
DA:595,1
DA:597,1
DA:601,1
DA:602,1
DA:604,1
DA:605,1
DA:606,1
DA:608,1
DA:609,1
DA:613,1
DA:622,2
DA:626,2
DA:627,1
DA:631,1
DA:632,1
DA:635,1
DA:636,0
DA:639,1
DA:640,1
DA:641,1
DA:644,1
DA:645,1
DA:646,1
DA:648,1
DA:649,12
DA:650,12
DA:651,12
DA:652,6
DA:653,6
DA:657,12
DA:658,3
DA:661,12
DA:662,12
DA:663,12
DA:673,1
DA:676,1
DA:677,1
DA:680,1
DA:681,3
DA:682,3
DA:696,1
DA:697,2
DA:698,2
DA:699,2
DA:711,1
DA:714,1
DA:715,1
DA:717,1
DA:718,12
DA:719,12
DA:720,12
DA:721,6
DA:722,6
DA:726,12
DA:730,12
DA:731,0
DA:737,0
DA:741,12
DA:743,12
DA:750,12
DA:751,12
DA:752,12
DA:753,12
DA:754,12
DA:756,12
DA:773,1
DA:774,1
DA:777,1
LF:297
LH:159
BRDA:50,0,0,1
BRDA:50,0,1,1
BRDA:55,1,0,1
BRDA:55,1,1,1
BRDA:75,2,0,1
BRDA:75,2,1,0
BRDA:75,3,0,1
BRDA:75,3,1,1
BRDA:83,4,0,1
BRDA:83,4,1,0
BRDA:84,5,0,1
BRDA:84,5,1,0
BRDA:87,6,0,1
BRDA:87,6,1,0
BRDA:94,7,0,1
BRDA:94,7,1,0
BRDA:102,8,0,0
BRDA:102,8,1,0
BRDA:115,9,0,0
BRDA:115,9,1,2
BRDA:125,10,0,0
BRDA:125,10,1,2
BRDA:133,11,0,1
BRDA:133,11,1,1
BRDA:139,12,0,1
BRDA:139,12,1,0
BRDA:144,13,0,0
BRDA:144,13,1,1
BRDA:147,14,0,0
BRDA:147,14,1,1
BRDA:164,15,0,0
BRDA:164,15,1,2
BRDA:173,16,0,1
BRDA:173,16,1,1
BRDA:191,17,0,0
BRDA:191,17,1,0
BRDA:203,18,0,0
BRDA:203,18,1,0
BRDA:212,19,0,0
BRDA:212,19,1,0
BRDA:231,20,0,0
BRDA:231,20,1,0
BRDA:245,21,0,0
BRDA:245,21,1,1
BRDA:252,22,0,0
BRDA:252,22,1,1
BRDA:263,23,0,1
BRDA:263,23,1,0
BRDA:283,24,0,0
BRDA:283,24,1,1
BRDA:290,25,0,0
BRDA:290,25,1,1
BRDA:301,26,0,1
BRDA:301,26,1,0
BRDA:318,27,0,0
BRDA:318,27,1,0
BRDA:319,28,0,0
BRDA:319,28,1,0
BRDA:337,29,0,0
BRDA:337,29,1,0
BRDA:344,30,0,0
BRDA:344,30,1,0
BRDA:344,31,0,0
BRDA:344,31,1,0
BRDA:387,32,0,0
BRDA:387,32,1,0
BRDA:388,33,0,0
BRDA:388,33,1,0
BRDA:398,34,0,0
BRDA:398,34,1,1
BRDA:403,35,0,0
BRDA:403,35,1,1
BRDA:408,36,0,0
BRDA:408,36,1,1
BRDA:414,37,0,0
BRDA:414,37,1,1
BRDA:414,38,0,1
BRDA:414,38,1,0
BRDA:431,39,0,0
BRDA:431,39,1,0
BRDA:434,40,0,0
BRDA:434,40,1,0
BRDA:438,41,0,0
BRDA:438,41,1,0
BRDA:441,42,0,0
BRDA:441,42,1,0
BRDA:441,43,0,0
BRDA:441,43,1,0
BRDA:445,44,0,0
BRDA:445,44,1,0
BRDA:445,45,0,0
BRDA:445,45,1,0
BRDA:453,46,0,0
BRDA:453,46,1,0
BRDA:457,47,0,0
BRDA:457,47,1,0
BRDA:460,48,0,0
BRDA:460,48,1,0
BRDA:461,49,0,0
BRDA:461,49,1,0
BRDA:461,50,0,0
BRDA:461,50,1,0
BRDA:464,51,0,0
BRDA:464,51,1,0
BRDA:469,52,0,0
BRDA:469,52,1,0
BRDA:470,53,0,0
BRDA:470,53,1,0
BRDA:470,54,0,0
BRDA:470,54,1,0
BRDA:473,55,0,0
BRDA:473,55,1,0
BRDA:478,56,0,0
BRDA:478,56,1,0
BRDA:480,57,0,0
BRDA:480,57,1,0
BRDA:483,58,0,0
BRDA:483,58,1,0
BRDA:487,59,0,0
BRDA:487,59,1,0
BRDA:492,60,0,0
BRDA:492,60,1,0
BRDA:493,61,0,0
BRDA:493,61,1,0
BRDA:493,62,0,0
BRDA:493,62,1,0
BRDA:497,63,0,0
BRDA:497,63,1,0
BRDA:498,64,0,0
BRDA:498,64,1,0
BRDA:498,65,0,0
BRDA:498,65,1,0
BRDA:502,66,0,0
BRDA:502,66,1,0
BRDA:503,67,0,0
BRDA:503,67,1,0
BRDA:503,68,0,0
BRDA:503,68,1,0
BRDA:520,69,0,0
BRDA:520,69,1,0
BRDA:522,70,0,0
BRDA:522,70,1,0
BRDA:529,71,0,0
BRDA:529,71,1,0
BRDA:534,72,0,0
BRDA:534,72,1,0
BRDA:534,73,0,0
BRDA:534,73,1,0
BRDA:562,74,0,0
BRDA:562,74,1,0
BRDA:576,75,0,0
BRDA:576,75,1,0
BRDA:580,76,0,0
BRDA:580,76,1,0
BRDA:583,77,0,0
BRDA:583,77,1,0
BRDA:587,78,0,0
BRDA:587,78,1,0
BRDA:608,79,0,1
BRDA:608,79,1,0
BRDA:608,80,0,1
BRDA:608,80,1,1
BRDA:626,81,0,1
BRDA:626,81,1,1
BRDA:631,82,0,1
BRDA:631,82,1,0
BRDA:635,83,0,0
BRDA:635,83,1,1
BRDA:651,84,0,6
BRDA:651,84,1,6
BRDA:657,85,0,3
BRDA:657,85,1,9
BRDA:657,86,0,12
BRDA:657,86,1,11
BRDA:662,87,0,1
BRDA:662,87,1,11
BRDA:686,88,0,1
BRDA:686,88,1,2
BRDA:720,89,0,6
BRDA:720,89,1,6
BRDA:730,90,0,0
BRDA:730,90,1,12
BRDA:750,91,0,12
BRDA:750,91,1,0
BRDA:773,92,0,1
BRDA:773,92,1,0
BRF:186
BRH:54
end_of_record
TN:
SF:src/modules/analytics/analytics.controller.ts
FN:8,(anonymous_4)
FN:11,(anonymous_5)
FN:16,(anonymous_6)
FNF:3
FNH:2
FNDA:1,(anonymous_4)
FNDA:1,(anonymous_5)
FNDA:0,(anonymous_6)
DA:1,1
DA:2,1
DA:3,1
DA:7,1
DA:8,1
DA:11,1
DA:12,1
DA:16,1
DA:22,0
LF:9
LH:8
BRF:0
BRH:0
end_of_record
TN:
SF:src/modules/analytics/analytics.service.ts
FN:16,(anonymous_4)
FN:28,(anonymous_5)
FN:99,(anonymous_6)
FN:108,(anonymous_7)
FN:114,(anonymous_8)
FN:142,(anonymous_9)
FN:161,(anonymous_10)
FN:180,(anonymous_11)
FN:195,(anonymous_12)
FN:204,(anonymous_13)
FN:225,(anonymous_14)
FN:241,(anonymous_15)
FN:250,(anonymous_16)
FN:272,(anonymous_17)
FN:296,(anonymous_18)
FN:319,(anonymous_19)
FN:342,(anonymous_20)
FN:365,(anonymous_21)
FN:381,(anonymous_22)
FN:385,(anonymous_23)
FN:391,(anonymous_24)
FN:396,(anonymous_25)
FN:399,(anonymous_26)
FN:406,(anonymous_27)
FNF:24
FNH:10
FNDA:1,(anonymous_4)
FNDA:2,(anonymous_5)
FNDA:1,(anonymous_6)
FNDA:1,(anonymous_7)
FNDA:8,(anonymous_8)
FNDA:1,(anonymous_9)
FNDA:0,(anonymous_10)
FNDA:5,(anonymous_11)
FNDA:1,(anonymous_12)
FNDA:1,(anonymous_13)
FNDA:4,(anonymous_14)
FNDA:0,(anonymous_15)
FNDA:0,(anonymous_16)
FNDA:0,(anonymous_17)
FNDA:0,(anonymous_18)
FNDA:0,(anonymous_19)
FNDA:0,(anonymous_20)
FNDA:0,(anonymous_21)
FNDA:0,(anonymous_22)
FNDA:0,(anonymous_23)
FNDA:0,(anonymous_24)
FNDA:0,(anonymous_25)
FNDA:0,(anonymous_26)
FNDA:0,(anonymous_27)
DA:1,2
DA:2,2
DA:3,2
DA:4,2
DA:5,2
DA:6,2
DA:7,2
DA:8,2
DA:9,2
DA:10,2
DA:11,2
DA:12,2
DA:15,2
DA:17,1
DA:18,1
DA:19,1
DA:20,1
DA:21,1
DA:22,1
DA:23,1
DA:24,1
DA:25,1
DA:29,2
DA:30,2
DA:31,2
DA:33,2
DA:34,2
DA:37,2
DA:41,2
DA:46,2
DA:48,2
DA:52,2
DA:56,2
DA:58,2
DA:63,2
DA:68,2
DA:69,2
DA:70,2
DA:73,2
DA:74,2
DA:75,2
DA:76,24
DA:77,24
DA:78,24
DA:80,24
DA:85,24
DA:92,2
DA:99,2
DA:102,2
DA:103,2
DA:104,2
DA:105,2
DA:106,2
DA:108,2
DA:109,1
DA:110,1
DA:114,2
DA:115,8
DA:123,2
DA:124,1
DA:125,1
DA:126,0
DA:134,2
DA:135,2
DA:141,2
DA:142,2
DA:143,1
DA:144,1
DA:145,1
DA:146,1
DA:148,1
DA:149,1
DA:153,2
DA:154,1
DA:155,1
DA:161,1
DA:162,0
DA:163,0
DA:164,0
DA:165,0
DA:167,0
DA:168,0
DA:173,2
DA:174,1
DA:175,1
DA:176,1
DA:177,1
DA:180,5
DA:187,2
DA:194,2
DA:195,2
DA:196,1
DA:197,1
DA:198,1
DA:199,1
DA:200,1
DA:201,1
DA:204,2
DA:205,1
DA:206,1
DA:207,1
DA:208,0
DA:209,0
DA:211,1
DA:214,2
DA:216,1
DA:225,4
DA:226,2
DA:228,2
DA:242,0
DA:245,0
DA:246,0
DA:250,0
DA:251,0
DA:262,0
DA:266,0
DA:267,0
DA:272,0
DA:273,0
DA:274,0
DA:275,0
DA:286,0
DA:290,0
DA:291,0
DA:296,0
DA:297,0
DA:298,0
DA:309,0
DA:313,0
DA:314,0
DA:319,0
DA:320,0
DA:321,0
DA:332,0
DA:336,0
DA:337,0
DA:342,0
DA:343,0
DA:344,0
DA:355,0
DA:359,0
DA:360,0
DA:365,0
DA:366,0
DA:367,0
DA:378,0
DA:381,0
DA:382,0
DA:386,0
DA:388,0
DA:389,0
DA:390,0
DA:391,0
DA:393,0
DA:394,0
DA:395,0
DA:396,0
DA:398,0
DA:399,0
DA:400,0
DA:401,0
DA:402,0
DA:405,0
DA:406,0
DA:409,0
LF:165
LH:100
BRDA:46,0,0,1
BRDA:46,0,1,1
BRDA:56,1,0,1
BRDA:56,1,1,1
BRDA:68,2,0,1
BRDA:68,2,1,1
BRDA:69,3,0,1
BRDA:69,3,1,1
BRDA:109,4,0,1
BRDA:109,4,1,0
BRDA:110,5,0,1
BRDA:110,5,1,1
BRDA:118,6,0,4
BRDA:118,6,1,4
BRDA:123,7,0,1
BRDA:123,7,1,1
BRDA:125,8,0,0
BRDA:125,8,1,1
BRDA:143,9,0,1
BRDA:143,9,1,0
BRDA:144,10,0,1
BRDA:144,10,1,0
BRDA:145,11,0,1
BRDA:145,11,1,0
BRDA:153,12,0,1
BRDA:153,12,1,1
BRDA:154,13,0,0
BRDA:154,13,1,1
BRDA:154,14,0,0
BRDA:154,14,1,1
BRDA:162,15,0,0
BRDA:162,15,1,0
BRDA:163,16,0,0
BRDA:163,16,1,0
BRDA:164,17,0,0
BRDA:164,17,1,0
BRDA:173,18,0,1
BRDA:173,18,1,1
BRDA:183,19,0,5
BRDA:183,19,1,0
BRDA:183,20,0,0
BRDA:183,20,1,5
BRDA:183,21,0,5
BRDA:183,21,1,4
BRDA:197,22,0,0
BRDA:197,22,1,1
BRDA:199,23,0,1
BRDA:199,23,1,0
BRDA:207,24,0,1
BRDA:207,24,1,0
BRDA:208,25,0,0
BRDA:208,25,1,0
BRDA:209,26,0,0
BRDA:209,26,1,0
BRDA:214,27,0,1
BRDA:214,27,1,1
BRDA:230,28,0,1
BRDA:230,28,1,1
BRDA:231,29,0,1
BRDA:231,29,1,1
BRDA:232,30,0,1
BRDA:232,30,1,1
BRDA:253,31,0,0
BRDA:253,31,1,0
BRDA:258,32,0,0
BRDA:258,32,1,0
BRDA:273,33,0,0
BRDA:273,33,1,0
BRDA:274,34,0,0
BRDA:274,34,1,0
BRDA:282,35,0,0
BRDA:282,35,1,0
BRDA:297,36,0,0
BRDA:297,36,1,0
BRDA:300,37,0,0
BRDA:300,37,1,0
BRDA:303,38,0,0
BRDA:303,38,1,0
BRDA:320,39,0,0
BRDA:320,39,1,0
BRDA:327,40,0,0
BRDA:327,40,1,0
BRDA:343,41,0,0
BRDA:343,41,1,0
BRDA:346,42,0,0
BRDA:346,42,1,0
BRDA:366,43,0,0
BRDA:366,43,1,0
BRDA:388,44,0,0
BRDA:388,44,1,0
BRDA:393,45,0,0
BRDA:393,45,1,0
BRDA:398,46,0,0
BRDA:398,46,1,0
BRDA:405,47,0,0
BRDA:405,47,1,0
BRDA:405,48,0,0
BRDA:405,48,1,0
BRF:98
BRH:40
end_of_record
TN:
SF:src/modules/announcements/announcements.controller.ts
FN:11,(anonymous_4)
FN:15,(anonymous_5)
FN:20,(anonymous_6)
FN:25,(anonymous_7)
FN:31,(anonymous_8)
FN:37,(anonymous_9)
FNF:6
FNH:5
FNDA:1,(anonymous_4)
FNDA:1,(anonymous_5)
FNDA:1,(anonymous_6)
FNDA:1,(anonymous_7)
FNDA:1,(anonymous_8)
FNDA:0,(anonymous_9)
DA:1,1
DA:2,1
DA:3,1
DA:4,1
DA:5,1
DA:6,1
DA:10,1
DA:11,1
DA:15,1
DA:16,1
DA:20,1
DA:21,1
DA:25,1
DA:26,1
DA:31,1
DA:32,1
DA:37,1
DA:38,0
LF:18
LH:17
BRF:0
BRH:0
end_of_record
TN:
SF:src/modules/announcements/announcements.service.ts
FN:13,(anonymous_4)
FN:21,(anonymous_5)
FN:49,(anonymous_6)
FN:61,(anonymous_7)
FN:83,(anonymous_8)
FN:89,(anonymous_9)
FN:105,(anonymous_10)
FN:109,(anonymous_11)
FNF:8
FNH:6
FNDA:1,(anonymous_4)
FNDA:2,(anonymous_5)
FNDA:3,(anonymous_6)
FNDA:0,(anonymous_7)
FNDA:1,(anonymous_8)
FNDA:2,(anonymous_9)
FNDA:1,(anonymous_10)
FNDA:0,(anonymous_11)
DA:1,4
DA:2,4
DA:3,4
DA:4,4
DA:5,4
DA:6,4
DA:7,4
DA:9,4
DA:12,4
DA:15,1
DA:17,1
DA:18,1
DA:22,2
DA:23,2
DA:24,2
DA:25,1
DA:26,1
DA:27,1
DA:28,1
DA:34,2
DA:35,2
DA:37,2
DA:38,2
DA:50,3
DA:51,3
DA:53,3
DA:54,2
DA:57,3
DA:61,4
DA:62,0
DA:63,0
DA:64,0
DA:70,0
DA:71,0
DA:72,0
DA:73,0
DA:74,0
DA:75,0
DA:79,0
DA:84,1
DA:90,2
DA:94,2
DA:102,2
DA:106,1
DA:110,0
DA:111,0
DA:113,0
DA:114,0
DA:115,0
DA:117,0
DA:118,0
DA:121,0
LF:52
LH:34
BRDA:22,0,0,2
BRDA:22,0,1,0
BRDA:22,1,0,2
BRDA:22,1,1,2
BRDA:24,2,0,1
BRDA:24,2,1,1
BRDA:26,3,0,1
BRDA:26,3,1,0
BRDA:53,4,0,2
BRDA:53,4,1,1
BRDA:71,5,0,0
BRDA:71,5,1,0
BRDA:71,6,0,0
BRDA:71,6,1,0
BRDA:98,7,0,1
BRDA:98,7,1,1
BRDA:111,8,0,0
BRDA:111,8,1,0
BRDA:117,9,0,0
BRDA:117,9,1,0
BRDA:117,10,0,0
BRDA:117,10,1,0
BRF:22
BRH:10
end_of_record
TN:
SF:src/modules/announcements/dto/create-announcement.dto.ts
FNF:0
FNH:0
DA:1,1
DA:3,1
DA:4,1
DA:7,1
DA:10,1
DA:13,1
DA:16,1
DA:19,1
DA:22,1
DA:26,1
LF:10
LH:10
BRF:0
BRH:0
end_of_record
TN:
SF:src/modules/auth/auth.controller.ts
FN:24,(anonymous_4)
FN:28,(anonymous_5)
FN:45,(anonymous_6)
FN:57,(anonymous_7)
FN:78,(anonymous_8)
FN:108,(anonymous_9)
FN:126,(anonymous_10)
FN:141,(anonymous_11)
FN:196,(anonymous_12)
FN:94,(anonymous_13)
FN:100,(anonymous_14)
FNF:11
FNH:9
FNDA:1,(anonymous_4)
FNDA:4,(anonymous_5)
FNDA:1,(anonymous_6)
FNDA:3,(anonymous_7)
FNDA:1,(anonymous_8)
FNDA:2,(anonymous_9)
FNDA:1,(anonymous_10)
FNDA:3,(anonymous_11)
FNDA:3,(anonymous_12)
FNDA:0,(anonymous_13)
FNDA:0,(anonymous_14)
DA:1,1
DA:14,1
DA:15,1
DA:17,1
DA:18,1
DA:19,1
DA:20,1
DA:23,1
DA:24,1
DA:28,1
DA:29,4
DA:31,1
DA:33,1
DA:40,1
DA:45,1
DA:46,1
DA:51,1
DA:57,1
DA:67,3
DA:68,3
DA:70,3
DA:72,2
DA:78,1
DA:82,1
DA:83,1
DA:95,0
DA:96,0
DA:97,0
DA:101,0
DA:102,0
DA:104,0
DA:108,1
DA:112,2
DA:113,1
DA:115,1
DA:116,1
DA:117,1
DA:118,1
DA:120,1
DA:126,1
DA:130,1
DA:131,1
DA:141,1
DA:145,3
DA:151,3
DA:152,3
DA:153,3
DA:155,2
DA:156,2
DA:158,2
DA:182,2
DA:187,2
DA:188,1
DA:191,2
DA:196,1
DA:217,3
DA:220,3
DA:229,1
DA:233,2
DA:244,1
LF:60
LH:54
BRDA:68,0,0,3
BRDA:68,0,1,2
BRDA:70,1,0,1
BRDA:70,1,1,2
BRDA:82,2,0,1
BRDA:82,2,1,1
BRDA:112,3,0,1
BRDA:112,3,1,1
BRDA:115,4,0,1
BRDA:115,4,1,0
BRDA:116,5,0,1
BRDA:116,5,1,0
BRDA:117,6,0,1
BRDA:117,6,1,0
BRDA:130,7,0,1
BRDA:130,7,1,0
BRDA:152,8,0,3
BRDA:152,8,1,3
BRDA:153,9,0,1
BRDA:153,9,1,2
BRDA:156,10,0,2
BRDA:156,10,1,0
BRDA:182,11,0,2
BRDA:182,11,1,2
BRDA:182,11,2,2
BRDA:182,11,3,2
BRDA:187,12,0,1
BRDA:187,12,1,1
BRDA:220,13,0,1
BRDA:220,13,1,2
BRDA:221,14,0,3
BRDA:221,14,1,2
BRDA:221,14,2,2
BRDA:221,14,3,2
BRDA:221,14,4,2
BRDA:221,14,5,2
BRDA:221,14,6,2
BRDA:101,15,0,0
BRDA:101,15,1,0
BRF:39
BRH:32
end_of_record
TN:
SF:src/modules/auth/auth.service.ts
FN:20,(anonymous_10)
FN:40,(anonymous_11)
FN:51,(anonymous_12)
FN:57,(anonymous_13)
FN:67,(anonymous_14)
FN:156,(anonymous_15)
FN:169,(anonymous_16)
FN:197,(anonymous_17)
FN:252,(anonymous_18)
FN:271,(anonymous_19)
FN:284,(anonymous_20)
FNF:11
FNH:9
FNDA:1,(anonymous_10)
FNDA:3,(anonymous_11)
FNDA:1,(anonymous_12)
FNDA:1,(anonymous_13)
FNDA:0,(anonymous_14)
FNDA:0,(anonymous_15)
FNDA:4,(anonymous_16)
FNDA:7,(anonymous_17)
FNDA:3,(anonymous_18)
FNDA:2,(anonymous_19)
FNDA:5,(anonymous_20)
DA:1,2
DA:8,2
DA:9,2
DA:10,2
DA:11,2
DA:12,2
DA:13,2
DA:14,2
DA:15,2
DA:16,2
DA:17,2
DA:19,2
DA:21,1
DA:24,1
DA:27,1
DA:30,1
DA:33,1
DA:36,1
DA:41,3
DA:45,3
DA:49,3
DA:51,1
DA:53,1
DA:57,1
DA:58,1
DA:59,1
DA:61,0
DA:68,0
DA:73,0
DA:76,0
DA:77,0
DA:78,0
DA:80,0
DA:81,0
DA:83,0
DA:85,0
DA:86,0
DA:87,0
DA:89,0
DA:90,0
DA:92,0
DA:94,0
DA:95,0
DA:96,0
DA:97,0
DA:99,0
DA:100,0
DA:102,0
DA:103,0
DA:104,0
DA:106,0
DA:109,0
DA:110,0
DA:111,0
DA:113,0
DA:115,0
DA:116,0
DA:117,0
DA:119,0
DA:121,0
DA:122,0
DA:123,0
DA:125,0
DA:129,0
DA:130,0
DA:131,0
DA:132,0
DA:133,0
DA:134,0
DA:135,0
DA:136,0
DA:139,0
DA:141,0
DA:142,0
DA:143,0
DA:144,0
DA:146,0
DA:150,0
DA:153,0
DA:157,0
DA:161,0
DA:163,0
DA:164,0
DA:166,0
DA:174,4
DA:178,4
DA:179,1
DA:182,3
DA:183,3
DA:184,1
DA:187,2
DA:188,1
DA:191,1
DA:192,1
DA:194,1
DA:198,7
DA:203,7
DA:204,1
DA:205,1
DA:209,6
DA:210,1
DA:211,1
DA:215,5
DA:216,1
DA:217,1
DA:218,1
DA:219,1
DA:223,4
DA:224,4
DA:225,2
DA:226,2
DA:228,2
DA:230,2
DA:231,1
DA:233,1
DA:237,2
DA:238,1
DA:239,1
DA:242,2
DA:244,2
DA:248,2
DA:249,2
DA:254,3
DA:259,3
DA:260,1
DA:263,2
DA:267,2
DA:268,2
DA:272,2
DA:279,2
DA:302,5
DA:305,5
DA:306,5
DA:307,1
DA:310,4
DA:311,4
DA:312,1
DA:316,3
DA:319,3
DA:320,1
DA:323,2
DA:326,2
DA:327,1
DA:331,1
DA:333,1
DA:342,1
DA:344,1
LF:147
LH:89
BRDA:41,0,0,0
BRDA:41,0,1,3
BRDA:49,1,0,2
BRDA:49,1,1,1
BRDA:58,2,0,1
BRDA:58,2,1,0
BRDA:58,3,0,1
BRDA:58,3,1,1
BRDA:73,4,0,0
BRDA:73,4,1,0
BRDA:76,5,0,0
BRDA:76,5,1,0
BRDA:77,6,0,0
BRDA:77,6,1,0
BRDA:77,7,0,0
BRDA:77,7,1,0
BRDA:80,8,0,0
BRDA:80,8,1,0
BRDA:85,9,0,0
BRDA:85,9,1,0
BRDA:86,10,0,0
BRDA:86,10,1,0
BRDA:86,11,0,0
BRDA:86,11,1,0
BRDA:89,12,0,0
BRDA:89,12,1,0
BRDA:94,13,0,0
BRDA:94,13,1,0
BRDA:96,14,0,0
BRDA:96,14,1,0
BRDA:99,15,0,0
BRDA:99,15,1,0
BRDA:103,16,0,0
BRDA:103,16,1,0
BRDA:109,17,0,0
BRDA:109,17,1,0
BRDA:110,18,0,0
BRDA:110,18,1,0
BRDA:110,19,0,0
BRDA:110,19,1,0
BRDA:115,20,0,0
BRDA:115,20,1,0
BRDA:116,21,0,0
BRDA:116,21,1,0
BRDA:116,22,0,0
BRDA:116,22,1,0
BRDA:121,23,0,0
BRDA:121,23,1,0
BRDA:122,24,0,0
BRDA:122,24,1,0
BRDA:122,25,0,0
BRDA:122,25,1,0
BRDA:129,26,0,0
BRDA:129,26,1,0
BRDA:130,27,0,0
BRDA:130,27,1,0
BRDA:131,28,0,0
BRDA:131,28,1,0
BRDA:132,29,0,0
BRDA:132,29,1,0
BRDA:133,30,0,0
BRDA:133,30,1,0
BRDA:134,31,0,0
BRDA:134,31,1,0
BRDA:135,32,0,0
BRDA:135,32,1,0
BRDA:136,33,0,0
BRDA:136,33,1,0
BRDA:139,34,0,0
BRDA:139,34,1,0
BRDA:141,35,0,0
BRDA:141,35,1,0
BRDA:142,36,0,0
BRDA:142,36,1,0
BRDA:143,37,0,0
BRDA:143,37,1,0
BRDA:144,38,0,0
BRDA:144,38,1,0
BRDA:161,39,0,0
BRDA:161,39,1,0
BRDA:178,40,0,1
BRDA:178,40,1,3
BRDA:183,41,0,1
BRDA:183,41,1,2
BRDA:187,42,0,1
BRDA:187,42,1,1
BRDA:187,43,0,2
BRDA:187,43,1,2
BRDA:203,44,0,1
BRDA:203,44,1,6
BRDA:209,45,0,1
BRDA:209,45,1,5
BRDA:215,46,0,1
BRDA:215,46,1,4
BRDA:215,47,0,5
BRDA:215,47,1,1
BRDA:217,48,0,1
BRDA:217,48,1,0
BRDA:224,49,0,2
BRDA:224,49,1,2
BRDA:225,50,0,2
BRDA:225,50,1,1
BRDA:230,51,0,1
BRDA:230,51,1,1
BRDA:237,52,0,1
BRDA:237,52,1,1
BRDA:244,53,0,2
BRDA:244,53,1,0
BRDA:259,54,0,1
BRDA:259,54,1,2
BRDA:263,55,0,1
BRDA:263,55,1,1
BRDA:306,56,0,1
BRDA:306,56,1,4
BRDA:306,57,0,5
BRDA:306,57,1,5
BRDA:311,58,0,1
BRDA:311,58,1,3
BRDA:319,59,0,1
BRDA:319,59,1,2
BRDA:326,60,0,1
BRDA:326,60,1,1
BRF:122
BRH:46
end_of_record
TN:
SF:src/modules/auth/data-scope.service.ts
FN:116,dotToNestedWhere
FN:142,(anonymous_2)
FN:162,(anonymous_3)
FN:191,(anonymous_4)
FN:207,(anonymous_5)
FN:217,(anonymous_6)
FN:233,(anonymous_7)
FNF:7
FNH:0
FNDA:0,dotToNestedWhere
FNDA:0,(anonymous_2)
FNDA:0,(anonymous_3)
FNDA:0,(anonymous_4)
FNDA:0,(anonymous_5)
FNDA:0,(anonymous_6)
FNDA:0,(anonymous_7)
DA:1,2
DA:38,2
DA:81,2
DA:94,2
DA:104,2
DA:120,0
DA:121,0
DA:122,0
DA:123,0
DA:124,0
DA:125,0
DA:126,0
DA:127,0
DA:129,0
DA:130,0
DA:134,2
DA:143,0
DA:144,0
DA:146,0
DA:147,0
DA:149,0
DA:153,0
DA:171,0
DA:172,0
DA:174,0
DA:175,0
DA:177,0
DA:181,0
DA:182,0
DA:183,0
DA:186,0
DA:195,0
DA:200,0
DA:204,0
DA:205,0
DA:207,0
DA:209,0
DA:215,0
DA:217,0
DA:220,0
DA:225,0
DA:226,0
DA:230,0
DA:239,0
DA:240,0
DA:241,0
DA:243,0
DA:244,0
DA:247,0
DA:251,0
DA:252,0
DA:253,0
DA:254,0
DA:255,0
DA:258,0
LF:55
LH:6
BRDA:120,0,0,0
BRDA:120,0,1,0
BRDA:122,1,0,0
BRDA:122,1,1,0
BRDA:144,2,0,0
BRDA:144,2,1,0
BRDA:146,3,0,0
BRDA:146,3,1,0
BRDA:147,4,0,0
BRDA:147,4,1,0
BRDA:149,5,0,0
BRDA:149,5,1,0
BRDA:151,6,0,0
BRDA:151,6,1,0
BRDA:172,7,0,0
BRDA:172,7,1,0
BRDA:174,8,0,0
BRDA:174,8,1,0
BRDA:175,9,0,0
BRDA:175,9,1,0
BRDA:177,10,0,0
BRDA:177,10,1,0
BRDA:179,11,0,0
BRDA:179,11,1,0
BRDA:181,12,0,0
BRDA:181,12,1,0
BRDA:196,13,0,0
BRDA:196,13,1,0
BRDA:196,13,2,0
BRDA:200,14,0,0
BRDA:200,14,1,0
BRDA:205,15,0,0
BRDA:205,15,1,0
BRDA:206,16,0,0
BRDA:206,16,1,0
BRDA:215,17,0,0
BRDA:215,17,1,0
BRDA:217,18,0,0
BRDA:217,18,1,0
BRDA:225,19,0,0
BRDA:225,19,1,0
BRDA:243,20,0,0
BRDA:243,20,1,0
BRF:43
BRH:0
end_of_record
TN:
SF:src/modules/auth/endpoint-permissions.guard.ts
FN:12,(anonymous_2)
FN:14,(anonymous_3)
FN:40,(anonymous_4)
FN:78,(anonymous_5)
FNF:4
FNH:1
FNDA:2,(anonymous_2)
FNDA:0,(anonymous_3)
FNDA:0,(anonymous_4)
FNDA:0,(anonymous_5)
DA:1,2
DA:7,2
DA:8,2
DA:11,2
DA:12,2
DA:15,0
DA:20,0
DA:21,0
DA:24,0
DA:25,0
DA:27,0
DA:28,0
DA:34,0
DA:35,0
DA:38,0
DA:39,0
DA:40,0
DA:43,0
DA:48,0
DA:52,0
DA:53,0
DA:56,0
DA:63,0
DA:67,0
DA:68,0
DA:72,0
DA:75,0
DA:77,0
DA:78,0
DA:81,0
DA:82,0
DA:83,0
DA:84,0
DA:85,0
DA:88,0
LF:35
LH:5
BRDA:20,0,0,0
BRDA:20,0,1,0
BRDA:27,1,0,0
BRDA:27,1,1,0
BRDA:34,2,0,0
BRDA:34,2,1,0
BRDA:34,2,2,0
BRDA:35,3,0,0
BRDA:35,3,1,0
BRDA:39,4,0,0
BRDA:39,4,1,0
BRDA:40,5,0,0
BRDA:40,5,1,0
BRDA:40,6,0,0
BRDA:40,6,1,0
BRDA:48,7,0,0
BRDA:48,7,1,0
BRDA:48,7,2,0
BRDA:52,8,0,0
BRDA:52,8,1,0
BRDA:52,9,0,0
BRDA:52,9,1,0
BRDA:52,9,2,0
BRDA:56,10,0,0
BRDA:56,10,1,0
BRDA:56,11,0,0
BRDA:56,11,1,0
BRDA:56,11,2,0
BRDA:56,11,3,0
BRDA:56,11,4,0
BRDA:56,11,5,0
BRDA:67,12,0,0
BRDA:67,12,1,0
BRDA:67,13,0,0
BRDA:67,13,1,0
BRDA:67,13,2,0
BRDA:72,14,0,0
BRDA:72,14,1,0
BRDA:81,15,0,0
BRDA:81,15,1,0
BRF:40
BRH:0
end_of_record
TN:
SF:src/modules/auth/jwt-auth.guard.ts
FNF:0
FNH:0
DA:1,21
DA:2,21
DA:5,21
LF:3
LH:3
BRF:0
BRH:0
end_of_record
TN:
SF:src/modules/auth/permissions.decorator.ts
FN:4,(anonymous_0)
FNF:1
FNH:1
FNDA:44,(anonymous_0)
DA:1,13
DA:3,13
DA:4,13
DA:5,44
LF:4
LH:4
BRF:0
BRH:0
end_of_record
TN:
SF:src/modules/auth/public.decorator.ts
FN:4,(anonymous_0)
FNF:1
FNH:1
FNDA:2,(anonymous_0)
DA:1,2
DA:3,2
DA:4,2
LF:3
LH:3
BRF:0
BRH:0
end_of_record
TN:
SF:src/modules/auth/roles.guard.ts
FN:12,(anonymous_2)
FN:14,(anonymous_3)
FN:42,(anonymous_4)
FN:69,(anonymous_5)
FNF:4
FNH:1
FNDA:13,(anonymous_2)
FNDA:0,(anonymous_3)
FNDA:0,(anonymous_4)
FNDA:0,(anonymous_5)
DA:1,13
DA:7,13
DA:8,13
DA:11,13
DA:12,13
DA:16,0
DA:22,0
DA:23,0
DA:27,0
DA:28,0
DA:29,0
DA:30,0
DA:37,0
DA:38,0
DA:41,0
DA:42,0
DA:43,0
DA:47,0
DA:49,0
DA:50,0
DA:53,0
DA:60,0
DA:65,0
DA:69,0
DA:70,0
DA:73,0
DA:75,0
DA:76,0
DA:77,0
DA:79,0
DA:82,0
LF:31
LH:5
BRDA:22,0,0,0
BRDA:22,0,1,0
BRDA:22,1,0,0
BRDA:22,1,1,0
BRDA:29,2,0,0
BRDA:29,2,1,0
BRDA:37,3,0,0
BRDA:37,3,1,0
BRDA:37,3,2,0
BRDA:38,4,0,0
BRDA:38,4,1,0
BRDA:42,5,0,0
BRDA:42,5,1,0
BRDA:42,6,0,0
BRDA:42,6,1,0
BRDA:47,7,0,0
BRDA:47,7,1,0
BRDA:47,7,2,0
BRDA:49,8,0,0
BRDA:49,8,1,0
BRDA:49,9,0,0
BRDA:49,9,1,0
BRDA:49,9,2,0
BRDA:53,10,0,0
BRDA:53,10,1,0
BRDA:53,11,0,0
BRDA:53,11,1,0
BRDA:53,11,2,0
BRDA:53,11,3,0
BRDA:53,11,4,0
BRDA:53,11,5,0
BRDA:65,12,0,0
BRDA:65,12,1,0
BRDA:73,13,0,0
BRDA:73,13,1,0
BRF:35
BRH:0
end_of_record
TN:
SF:src/modules/comments/comments.controller.ts
FN:8,(anonymous_4)
FN:11,(anonymous_5)
FN:17,(anonymous_6)
FNF:3
FNH:3
FNDA:1,(anonymous_4)
FNDA:1,(anonymous_5)
FNDA:1,(anonymous_6)
DA:1,1
DA:2,1
DA:3,1
DA:7,1
DA:8,1
DA:11,1
DA:12,1
DA:13,1
DA:17,1
DA:18,1
LF:10
LH:10
BRF:0
BRH:0
end_of_record
TN:
SF:src/modules/comments/comments.service.ts
FN:12,(anonymous_4)
FN:22,(anonymous_5)
FN:83,(anonymous_6)
FN:91,(anonymous_7)
FNF:4
FNH:4
FNDA:1,(anonymous_4)
FNDA:3,(anonymous_5)
FNDA:1,(anonymous_6)
FNDA:2,(anonymous_7)
DA:1,2
DA:2,2
DA:3,2
DA:4,2
DA:5,2
DA:6,2
DA:7,2
DA:8,2
DA:11,2
DA:14,1
DA:16,1
DA:18,1
DA:19,1
DA:23,3
DA:30,3
DA:33,3
DA:34,3
DA:35,3
DA:37,3
DA:38,2
DA:42,1
DA:43,1
DA:44,1
DA:46,1
DA:47,1
DA:51,1
DA:52,1
DA:53,1
DA:57,2
DA:58,2
DA:59,2
DA:61,2
DA:62,2
DA:63,1
DA:64,1
DA:65,1
DA:68,2
DA:77,1
DA:80,3
DA:84,1
DA:92,2
DA:96,2
DA:97,1
LF:43
LH:43
BRDA:37,0,0,2
BRDA:37,0,1,1
BRDA:42,1,0,1
BRDA:42,1,1,0
BRDA:43,2,0,1
BRDA:43,2,1,0
BRDA:46,3,0,1
BRDA:46,3,1,0
BRDA:51,4,0,1
BRDA:51,4,1,0
BRDA:52,5,0,0
BRDA:52,5,1,1
BRDA:57,6,0,2
BRDA:57,6,1,0
BRDA:62,7,0,1
BRDA:62,7,1,1
BRDA:63,8,0,1
BRDA:63,8,1,0
BRDA:64,9,0,1
BRDA:64,9,1,0
BRDA:65,10,0,0
BRDA:65,10,1,1
BRDA:96,11,0,1
BRDA:96,11,1,1
BRF:24
BRH:15
end_of_record
TN:
SF:src/modules/company-profile/company-profile.controller.ts
FN:23,(anonymous_4)
FN:26,(anonymous_5)
FN:32,(anonymous_6)
FN:59,(anonymous_7)
FN:43,(anonymous_8)
FN:46,(anonymous_9)
FN:51,(anonymous_10)
FNF:7
FNH:4
FNDA:1,(anonymous_4)
FNDA:1,(anonymous_5)
FNDA:1,(anonymous_6)
FNDA:2,(anonymous_7)
FNDA:0,(anonymous_8)
FNDA:0,(anonymous_9)
FNDA:0,(anonymous_10)
DA:1,1
DA:11,1
DA:12,1
DA:13,1
DA:14,1
DA:15,1
DA:16,1
DA:17,1
DA:18,1
DA:22,1
DA:23,1
DA:26,1
DA:27,1
DA:32,1
DA:33,1
DA:34,1
DA:44,0
DA:46,0
DA:48,0
DA:52,0
DA:53,0
DA:55,0
DA:59,1
DA:60,2
DA:61,1
DA:63,1
DA:64,1
DA:65,1
LF:28
LH:22
BRDA:60,0,0,1
BRDA:60,0,1,1
BRDA:52,1,0,0
BRDA:52,1,1,0
BRF:4
BRH:2
end_of_record
TN:
SF:src/modules/company-profile/company-profile.service.ts
FN:8,(anonymous_4)
FN:13,(anonymous_5)
FN:26,(anonymous_6)
FN:31,(anonymous_7)
FNF:4
FNH:4
FNDA:1,(anonymous_4)
FNDA:4,(anonymous_5)
FNDA:1,(anonymous_6)
FNDA:1,(anonymous_7)
DA:1,2
DA:2,2
DA:3,2
DA:4,2
DA:7,2
DA:10,1
DA:14,4
DA:15,4
DA:17,1
DA:21,1
DA:23,4
DA:27,1
DA:28,1
DA:32,1
DA:33,1
LF:15
LH:15
BRDA:15,0,0,1
BRDA:15,0,1,3
BRF:2
BRH:2
end_of_record
TN:
SF:src/modules/company-profile/dto/update-company-profile.dto.ts
FNF:0
FNH:0
DA:1,1
DA:3,1
DA:4,1
DA:8,1
DA:12,1
DA:16,1
DA:20,1
DA:24,1
DA:28,1
DA:32,1
DA:36,1
LF:11
LH:11
BRF:0
BRH:0
end_of_record
TN:
SF:src/modules/contracts/contracts.controller.ts
FN:26,(anonymous_4)
FN:31,(anonymous_5)
FN:36,(anonymous_6)
FN:49,(anonymous_7)
FN:68,(anonymous_8)
FN:76,(anonymous_9)
FN:89,(anonymous_10)
FN:97,(anonymous_11)
FN:110,(anonymous_12)
FN:120,(anonymous_13)
FN:130,(anonymous_14)
FNF:11
FNH:11
FNDA:1,(anonymous_4)
FNDA:1,(anonymous_5)
FNDA:2,(anonymous_6)
FNDA:10,(anonymous_7)
FNDA:3,(anonymous_8)
FNDA:15,(anonymous_9)
FNDA:1,(anonymous_10)
FNDA:5,(anonymous_11)
FNDA:1,(anonymous_12)
FNDA:1,(anonymous_13)
FNDA:1,(anonymous_14)
DA:1,1
DA:16,1
DA:17,1
DA:18,1
DA:19,1
DA:20,1
DA:21,1
DA:25,1
DA:26,1
DA:28,1
DA:32,1
DA:36,1
DA:45,2
DA:46,2
DA:47,2
DA:49,10
DA:55,2
DA:61,2
DA:62,2
DA:64,2
DA:68,1
DA:72,3
DA:73,3
DA:74,3
DA:76,15
DA:81,3
DA:82,1
DA:85,2
DA:89,1
DA:93,1
DA:94,1
DA:95,1
DA:97,5
DA:103,1
DA:104,1
DA:107,1
DA:114,1
DA:117,1
DA:124,1
DA:127,1
DA:131,1
LF:41
LH:41
BRDA:46,0,0,2
BRDA:46,0,1,2
BRDA:46,0,2,2
BRDA:49,1,0,2
BRDA:49,1,1,2
BRDA:49,1,2,2
BRDA:49,1,3,2
BRDA:49,2,0,10
BRDA:49,2,1,10
BRDA:55,3,0,1
BRDA:55,3,1,1
BRDA:56,4,0,1
BRDA:56,4,1,0
BRDA:61,5,0,0
BRDA:61,5,1,2
BRDA:62,6,0,0
BRDA:62,6,1,2
BRDA:73,7,0,3
BRDA:73,7,1,3
BRDA:73,7,2,3
BRDA:76,8,0,3
BRDA:76,8,1,3
BRDA:76,8,2,3
BRDA:76,8,3,3
BRDA:76,9,0,15
BRDA:76,9,1,15
BRDA:81,10,0,1
BRDA:81,10,1,2
BRDA:81,11,0,3
BRDA:81,11,1,2
BRDA:94,12,0,1
BRDA:94,12,1,1
BRDA:94,12,2,1
BRDA:97,13,0,1
BRDA:97,13,1,1
BRDA:97,13,2,1
BRDA:97,13,3,1
BRDA:97,14,0,5
BRDA:97,14,1,5
BRDA:103,15,0,0
BRDA:103,15,1,1
BRF:41
BRH:37
end_of_record
TN:
SF:src/modules/contracts/contracts.service.ts
FN:22,(anonymous_4)
FN:35,(anonymous_5)
FN:122,(anonymous_6)
FN:155,(anonymous_7)
FN:166,(anonymous_8)
FN:184,(anonymous_9)
FN:235,(anonymous_10)
FN:256,(anonymous_11)
FNF:8
FNH:8
FNDA:1,(anonymous_4)
FNDA:3,(anonymous_5)
FNDA:1,(anonymous_6)
FNDA:1,(anonymous_7)
FNDA:5,(anonymous_8)
FNDA:1,(anonymous_9)
FNDA:1,(anonymous_10)
FNDA:2,(anonymous_11)
DA:1,2
DA:6,2
DA:7,2
DA:8,2
DA:12,2
DA:13,2
DA:14,2
DA:17,2
DA:18,2
DA:21,2
DA:24,1
DA:26,1
DA:28,1
DA:30,1
DA:31,1
DA:32,1
DA:36,3
DA:37,0
DA:41,3
DA:44,3
DA:45,1
DA:48,2
DA:49,0
DA:50,0
DA:51,0
DA:52,0
DA:57,2
DA:60,2
DA:61,1
DA:65,1
DA:71,1
DA:82,1
DA:84,1
DA:90,1
DA:93,1
DA:94,1
DA:102,0
DA:106,1
DA:107,1
DA:108,1
DA:109,1
DA:110,1
DA:119,1
DA:130,1
DA:134,1
DA:135,1
DA:137,1
DA:138,1
DA:140,1
DA:141,1
DA:143,1
DA:144,1
DA:147,1
DA:152,1
DA:156,1
DA:167,5
DA:168,5
DA:169,1
DA:172,5
DA:177,5
DA:178,1
DA:181,4
DA:185,1
DA:187,1
DA:188,1
DA:190,1
DA:191,0
DA:192,0
DA:193,0
DA:194,0
DA:199,1
DA:200,1
DA:209,1
DA:210,1
DA:216,1
DA:217,1
DA:220,1
DA:221,1
DA:229,0
DA:232,1
DA:236,1
DA:237,1
DA:238,1
DA:239,1
DA:241,1
DA:242,1
DA:250,0
DA:253,1
DA:262,2
DA:270,2
LF:90
LH:78
BRDA:36,0,0,0
BRDA:36,0,1,3
BRDA:36,1,0,3
BRDA:36,1,1,3
BRDA:44,2,0,1
BRDA:44,2,1,2
BRDA:48,3,0,0
BRDA:48,3,1,2
BRDA:48,4,0,2
BRDA:48,4,1,0
BRDA:51,5,0,0
BRDA:51,5,1,0
BRDA:60,6,0,1
BRDA:60,6,1,1
BRDA:77,7,0,1
BRDA:77,7,1,0
BRDA:82,8,0,1
BRDA:82,8,1,0
BRDA:106,9,0,1
BRDA:106,9,1,0
BRDA:109,10,0,1
BRDA:109,10,1,0
BRDA:124,11,0,0
BRDA:125,12,0,0
BRDA:134,13,0,1
BRDA:134,13,1,0
BRDA:137,14,0,1
BRDA:137,14,1,0
BRDA:140,15,0,1
BRDA:140,15,1,0
BRDA:143,16,0,1
BRDA:143,16,1,0
BRDA:168,17,0,1
BRDA:168,17,1,4
BRDA:177,18,0,1
BRDA:177,18,1,4
BRDA:187,19,0,1
BRDA:187,19,1,1
BRDA:188,20,0,0
BRDA:188,20,1,1
BRDA:190,21,0,0
BRDA:190,21,1,1
BRDA:190,22,0,1
BRDA:190,22,1,0
BRDA:193,23,0,0
BRDA:193,23,1,0
BRDA:199,24,0,1
BRDA:199,24,1,0
BRDA:199,25,0,1
BRDA:199,25,1,1
BRDA:209,26,0,1
BRDA:209,26,1,0
BRDA:209,27,0,1
BRDA:209,27,1,1
BRDA:267,28,0,2
BRDA:267,28,1,0
BRF:56
BRH:33
end_of_record
TN:
SF:src/modules/contracts/salary-history.controller.ts
FN:19,(anonymous_4)
FN:25,(anonymous_5)
FN:30,(anonymous_6)
FN:55,(anonymous_7)
FN:60,(anonymous_8)
FNF:5
FNH:5
FNDA:1,(anonymous_4)
FNDA:2,(anonymous_5)
FNDA:10,(anonymous_6)
FNDA:2,(anonymous_7)
FNDA:10,(anonymous_8)
DA:1,1
DA:11,1
DA:12,1
DA:13,1
DA:14,1
DA:18,1
DA:21,1
DA:25,1
DA:26,2
DA:27,2
DA:28,2
DA:30,10
DA:36,2
DA:42,2
DA:43,2
DA:44,2
DA:47,2
DA:55,1
DA:56,2
DA:57,2
DA:58,2
DA:60,10
DA:65,2
DA:66,2
DA:67,1
DA:70,2
DA:75,2
DA:76,1
DA:79,1
LF:29
LH:29
BRDA:27,0,0,2
BRDA:27,0,1,2
BRDA:27,0,2,2
BRDA:30,1,0,2
BRDA:30,1,1,2
BRDA:30,1,2,2
BRDA:30,1,3,2
BRDA:30,2,0,10
BRDA:30,2,1,10
BRDA:36,3,0,1
BRDA:36,3,1,1
BRDA:37,4,0,1
BRDA:37,4,1,0
BRDA:43,5,0,2
BRDA:43,5,1,0
BRDA:57,6,0,2
BRDA:57,6,1,2
BRDA:57,6,2,2
BRDA:60,7,0,2
BRDA:60,7,1,2
BRDA:60,7,2,2
BRDA:60,7,3,2
BRDA:60,8,0,10
BRDA:60,8,1,10
BRDA:66,9,0,1
BRDA:66,9,1,1
BRDA:75,10,0,1
BRDA:75,10,1,1
BRF:28
BRH:26
end_of_record
TN:
SF:src/modules/contracts/dto/create-contract.dto.ts
FNF:0
FNH:0
DA:1,1
DA:9,1
DA:11,1
DA:12,1
DA:15,1
DA:18,1
DA:21,1
DA:24,1
DA:28,1
DA:32,1
DA:35,1
LF:11
LH:11
BRF:0
BRH:0
end_of_record
TN:
SF:src/modules/contracts/dto/update-contract.dto.ts
FNF:0
FNH:0
DA:1,1
DA:8,1
DA:10,1
DA:11,1
DA:15,1
DA:19,1
DA:23,1
DA:27,1
DA:31,1
DA:35,1
LF:10
LH:10
BRF:0
BRH:0
end_of_record
TN:
SF:src/modules/dashboard/dashboard.controller.ts
FN:10,(anonymous_4)
FN:13,(anonymous_5)
FN:21,(anonymous_6)
FN:26,(anonymous_7)
FNF:4
FNH:4
FNDA:1,(anonymous_4)
FNDA:1,(anonymous_5)
FNDA:1,(anonymous_6)
FNDA:1,(anonymous_7)
DA:1,1
DA:2,1
DA:3,1
DA:4,1
DA:5,1
DA:9,1
DA:10,1
DA:13,1
DA:14,1
DA:15,1
DA:21,1
DA:22,1
DA:26,1
DA:27,1
LF:14
LH:14
BRF:0
BRH:0
end_of_record
TN:
SF:src/modules/dashboard/dashboard.service.ts
FN:15,(anonymous_4)
FN:29,(anonymous_5)
FN:52,(anonymous_6)
FN:60,(anonymous_7)
FN:63,(anonymous_8)
FN:67,(anonymous_9)
FN:70,(anonymous_10)
FNF:7
FNH:7
FNDA:1,(anonymous_4)
FNDA:2,(anonymous_5)
FNDA:4,(anonymous_6)
FNDA:20,(anonymous_7)
FNDA:3,(anonymous_8)
FNDA:18,(anonymous_9)
FNDA:1,(anonymous_10)
DA:1,2
DA:2,2
DA:3,2
DA:5,2
DA:6,2
DA:7,2
DA:8,2
DA:10,2
DA:11,2
DA:14,2
DA:17,1
DA:19,1
DA:21,1
DA:23,1
DA:25,1
DA:26,1
DA:30,2
DA:33,2
DA:36,2
DA:41,2
DA:43,2
DA:53,4
DA:60,20
DA:64,3
DA:65,3
DA:67,18
DA:72,1
DA:73,1
DA:75,1
LF:29
LH:29
BRDA:33,0,0,2
BRDA:33,0,1,1
BRDA:33,0,2,1
BRDA:41,1,0,1
BRDA:41,1,1,1
BRDA:67,2,0,3
BRDA:67,2,1,0
BRF:7
BRH:6
end_of_record
TN:
SF:src/modules/departments/departments.controller.ts
FN:24,(anonymous_4)
FN:27,(anonymous_5)
FN:32,(anonymous_6)
FN:37,(anonymous_7)
FN:42,(anonymous_8)
FN:52,(anonymous_9)
FNF:6
FNH:6
FNDA:1,(anonymous_4)
FNDA:1,(anonymous_5)
FNDA:1,(anonymous_6)
FNDA:1,(anonymous_7)
FNDA:1,(anonymous_8)
FNDA:1,(anonymous_9)
DA:1,1
DA:14,1
DA:15,1
DA:16,1
DA:17,1
DA:18,1
DA:19,1
DA:23,1
DA:24,1
DA:27,1
DA:28,1
DA:31,1
DA:33,1
DA:36,1
DA:38,1
DA:41,1
DA:46,1
DA:49,1
DA:53,1
LF:19
LH:19
BRF:0
BRH:0
end_of_record
TN:
SF:src/modules/departments/departments.service.ts
FN:15,(anonymous_4)
FN:22,(anonymous_5)
FN:41,(anonymous_6)
FN:45,(anonymous_7)
FN:53,(anonymous_8)
FN:76,(anonymous_9)
FNF:6
FNH:6
FNDA:1,(anonymous_4)
FNDA:1,(anonymous_5)
FNDA:1,(anonymous_6)
FNDA:3,(anonymous_7)
FNDA:2,(anonymous_8)
FNDA:3,(anonymous_9)
DA:1,2
DA:6,2
DA:7,2
DA:8,2
DA:9,2
DA:14,2
DA:17,1
DA:19,1
DA:23,1
DA:24,0
DA:26,1
DA:27,1
DA:31,1
DA:32,0
DA:35,1
DA:38,1
DA:42,1
DA:46,3
DA:49,3
DA:50,2
DA:54,2
DA:57,2
DA:59,1
DA:60,1
DA:61,1
DA:66,1
DA:67,0
DA:69,1
DA:72,1
DA:73,1
DA:77,3
DA:80,3
DA:83,2
DA:87,2
DA:88,1
DA:93,1
DA:94,1
LF:37
LH:34
BRDA:23,0,0,0
BRDA:23,0,1,1
BRDA:31,1,0,0
BRDA:31,1,1,1
BRDA:49,2,0,1
BRDA:49,2,1,2
BRDA:57,3,0,1
BRDA:57,3,1,1
BRDA:59,4,0,1
BRDA:59,4,1,0
BRDA:66,5,0,0
BRDA:66,5,1,1
BRDA:80,6,0,1
BRDA:80,6,1,2
BRDA:87,7,0,1
BRDA:87,7,1,1
BRF:16
BRH:12
end_of_record
TN:
SF:src/modules/departments/dto/create-department.dto.ts
FNF:0
FNH:0
DA:1,1
DA:3,1
DA:4,1
LF:3
LH:3
BRF:0
BRH:0
end_of_record
TN:
SF:src/modules/departments/dto/update-department.dto.ts
FNF:0
FNH:0
DA:1,1
DA:2,1
DA:4,1
LF:3
LH:3
BRF:0
BRH:0
end_of_record
TN:
SF:src/modules/employees/employees.controller.ts
FN:29,(anonymous_4)
FN:34,(anonymous_5)
FN:39,(anonymous_6)
FN:50,(anonymous_7)
FN:56,(anonymous_8)
FN:61,(anonymous_9)
FN:67,(anonymous_10)
FN:72,(anonymous_11)
FN:81,(anonymous_12)
FN:89,(anonymous_13)
FN:98,(anonymous_14)
FNF:11
FNH:8
FNDA:1,(anonymous_4)
FNDA:1,(anonymous_5)
FNDA:1,(anonymous_6)
FNDA:1,(anonymous_7)
FNDA:0,(anonymous_8)
FNDA:2,(anonymous_9)
FNDA:1,(anonymous_10)
FNDA:0,(anonymous_11)
FNDA:0,(anonymous_12)
FNDA:1,(anonymous_13)
FNDA:1,(anonymous_14)
DA:1,1
DA:18,1
DA:19,1
DA:20,1
DA:21,1
DA:22,1
DA:23,1
DA:28,1
DA:29,1
DA:31,1
DA:35,1
DA:38,1
DA:40,1
DA:48,1
DA:51,1
DA:54,1
DA:57,0
DA:60,1
DA:62,2
DA:63,1
DA:66,1
DA:68,1
DA:71,1
DA:77,0
DA:80,1
DA:85,0
DA:88,1
DA:94,1
DA:97,1
DA:99,1
LF:30
LH:27
BRDA:62,0,0,1
BRDA:62,0,1,1
BRDA:62,1,0,2
BRDA:62,1,1,2
BRF:4
BRH:4
end_of_record
TN:
SF:src/modules/employees/employees.service.ts
FN:20,(anonymous_10)
FN:32,(anonymous_11)
FN:71,(anonymous_12)
FN:77,(anonymous_13)
FN:93,(anonymous_14)
FN:95,(anonymous_15)
FN:109,(anonymous_16)
FN:119,(anonymous_17)
FN:202,(anonymous_18)
FN:225,(anonymous_19)
FN:245,(anonymous_20)
FN:258,(anonymous_21)
FN:271,(anonymous_22)
FN:288,(anonymous_23)
FNF:14
FNH:13
FNDA:1,(anonymous_10)
FNDA:2,(anonymous_11)
FNDA:0,(anonymous_12)
FNDA:2,(anonymous_13)
FNDA:2,(anonymous_14)
FNDA:2,(anonymous_15)
FNDA:5,(anonymous_16)
FNDA:3,(anonymous_17)
FNDA:2,(anonymous_18)
FNDA:2,(anonymous_19)
FNDA:2,(anonymous_20)
FNDA:1,(anonymous_21)
FNDA:2,(anonymous_22)
FNDA:1,(anonymous_23)
DA:1,2
DA:6,2
DA:7,2
DA:8,2
DA:9,2
DA:10,2
DA:11,2
DA:14,2
DA:15,2
DA:16,2
DA:19,2
DA:22,1
DA:24,1
DA:26,1
DA:27,1
DA:28,1
DA:29,1
DA:33,2
DA:36,2
DA:38,1
DA:40,1
DA:50,1
DA:51,1
DA:54,1
DA:57,1
DA:58,1
DA:61,1
DA:64,1
DA:66,1
DA:71,0
DA:73,1
DA:78,2
DA:79,2
DA:85,2
DA:88,2
DA:93,1
DA:94,2
DA:95,2
DA:97,2
DA:104,1
DA:105,1
DA:110,5
DA:111,5
DA:115,5
DA:116,4
DA:124,3
DA:125,3
DA:130,3
DA:133,2
DA:134,1
DA:138,2
DA:139,2
DA:140,2
DA:141,2
DA:142,2
DA:145,2
DA:146,1
DA:149,1
DA:150,1
DA:151,1
DA:157,2
DA:158,2
DA:161,2
DA:162,1
DA:165,1
DA:168,1
DA:171,1
DA:172,0
DA:173,0
DA:178,2
DA:179,1
DA:182,1
DA:186,2
DA:187,1
DA:188,1
DA:193,0
DA:197,2
DA:199,2
DA:203,2
DA:204,2
DA:207,2
DA:209,1
DA:210,1
DA:211,1
DA:212,1
DA:214,1
DA:217,1
DA:222,1
DA:226,2
DA:227,2
DA:230,2
DA:233,1
DA:236,1
DA:237,1
DA:238,1
DA:241,1
DA:242,1
DA:246,2
DA:247,2
DA:248,2
DA:258,2
DA:272,2
DA:276,2
DA:277,1
DA:279,1
DA:282,2
DA:288,2
LF:107
LH:103
BRDA:36,0,0,1
BRDA:36,0,1,1
BRDA:50,1,0,1
BRDA:50,1,1,0
BRDA:54,2,0,1
BRDA:54,2,1,0
BRDA:57,3,0,1
BRDA:57,3,1,0
BRDA:61,4,0,1
BRDA:61,4,1,0
BRDA:99,5,0,1
BRDA:99,5,1,1
BRDA:110,6,0,0
BRDA:110,6,1,5
BRDA:115,7,0,1
BRDA:115,7,1,4
BRDA:124,8,0,0
BRDA:124,8,1,3
BRDA:130,9,0,1
BRDA:130,9,1,2
BRDA:133,10,0,1
BRDA:133,10,1,1
BRDA:138,11,0,1
BRDA:138,11,1,1
BRDA:139,12,0,0
BRDA:139,12,1,2
BRDA:140,13,0,0
BRDA:140,13,1,2
BRDA:141,14,0,0
BRDA:141,14,1,2
BRDA:142,15,0,0
BRDA:142,15,1,2
BRDA:145,16,0,1
BRDA:145,16,1,1
BRDA:149,17,0,1
BRDA:149,17,1,0
BRDA:150,18,0,1
BRDA:150,18,1,0
BRDA:157,19,0,0
BRDA:157,19,1,2
BRDA:158,20,0,1
BRDA:158,20,1,1
BRDA:161,21,0,1
BRDA:161,21,1,1
BRDA:165,22,0,1
BRDA:165,22,1,0
BRDA:171,23,0,0
BRDA:171,23,1,1
BRDA:171,24,0,1
BRDA:171,24,1,0
BRDA:178,25,0,1
BRDA:178,25,1,1
BRDA:182,26,0,1
BRDA:182,26,1,0
BRDA:186,27,0,1
BRDA:186,27,1,1
BRDA:187,28,0,1
BRDA:187,28,1,0
BRDA:203,29,0,0
BRDA:203,29,1,2
BRDA:207,30,0,1
BRDA:207,30,1,1
BRDA:226,31,0,0
BRDA:226,31,1,2
BRDA:230,32,0,1
BRDA:230,32,1,1
BRDA:236,33,0,1
BRDA:236,33,1,0
BRDA:247,34,0,0
BRDA:247,34,1,2
BRDA:276,35,0,1
BRDA:276,35,1,1
BRDA:293,36,0,1
BRDA:293,36,1,0
BRDA:294,37,0,1
BRDA:294,37,1,0
BRDA:297,38,0,1
BRDA:297,38,1,0
BRF:78
BRH:53
end_of_record
TN:
SF:src/modules/employees/dto/create-employee.dto.ts
FNF:0
FNH:0
DA:1,2
DA:10,2
DA:11,2
DA:14,2
DA:18,2
DA:22,2
DA:26,2
DA:30,2
DA:34,2
DA:38,2
DA:42,2
LF:11
LH:11
BRF:0
BRH:0
end_of_record
TN:
SF:src/modules/employees/dto/update-employee.dto.ts
FNF:0
FNH:0
DA:1,2
DA:2,2
DA:3,2
DA:4,2
DA:6,2
DA:8,2
DA:16,2
DA:20,2
DA:24,2
DA:28,2
DA:32,2
DA:36,2
DA:40,2
DA:44,2
DA:48,2
DA:52,2
DA:56,2
LF:17
LH:17
BRF:0
BRH:0
end_of_record
TN:
SF:src/modules/kpi/kpi.controller.ts
FN:29,(anonymous_4)
FN:33,(anonymous_5)
FN:38,(anonymous_6)
FN:44,(anonymous_7)
FN:50,(anonymous_8)
FN:56,(anonymous_9)
FN:60,(anonymous_10)
FN:66,(anonymous_11)
FN:72,(anonymous_12)
FN:77,(anonymous_13)
FN:86,(anonymous_14)
FN:94,(anonymous_15)
FN:102,(anonymous_16)
FN:107,(anonymous_17)
FNF:14
FNH:12
FNDA:1,(anonymous_4)
FNDA:1,(anonymous_5)
FNDA:1,(anonymous_6)
FNDA:1,(anonymous_7)
FNDA:0,(anonymous_8)
FNDA:1,(anonymous_9)
FNDA:1,(anonymous_10)
FNDA:1,(anonymous_11)
FNDA:0,(anonymous_12)
FNDA:1,(anonymous_13)
FNDA:1,(anonymous_14)
FNDA:1,(anonymous_15)
FNDA:1,(anonymous_16)
FNDA:1,(anonymous_17)
DA:1,1
DA:14,1
DA:15,1
DA:22,1
DA:23,1
DA:24,1
DA:28,1
DA:29,1
DA:31,1
DA:34,1
DA:37,1
DA:39,1
DA:42,1
DA:45,1
DA:48,1
DA:51,0
DA:54,1
DA:57,1
DA:59,1
DA:61,1
DA:64,1
DA:67,1
DA:70,1
DA:73,0
DA:76,1
DA:81,1
DA:84,1
DA:90,1
DA:93,1
DA:98,1
DA:101,1
DA:103,1
DA:106,1
DA:111,1
LF:34
LH:32
BRF:0
BRH:0
end_of_record
TN:
SF:src/modules/kpi/kpi.service.ts
FN:20,(anonymous_4)
FN:31,(anonymous_5)
FN:39,(anonymous_6)
FN:44,(anonymous_7)
FN:60,(anonymous_8)
FN:64,(anonymous_9)
FN:79,(anonymous_10)
FN:86,(anonymous_11)
FN:87,(anonymous_12)
FN:98,(anonymous_13)
FN:147,(anonymous_14)
FN:160,(anonymous_15)
FN:174,(anonymous_16)
FN:187,(anonymous_17)
FN:193,(anonymous_18)
FN:201,(anonymous_19)
FN:215,(anonymous_20)
FNF:17
FNH:8
FNDA:1,(anonymous_4)
FNDA:2,(anonymous_5)
FNDA:0,(anonymous_6)
FNDA:0,(anonymous_7)
FNDA:0,(anonymous_8)
FNDA:0,(anonymous_9)
FNDA:0,(anonymous_10)
FNDA:2,(anonymous_11)
FNDA:2,(anonymous_12)
FNDA:1,(anonymous_13)
FNDA:1,(anonymous_14)
FNDA:1,(anonymous_15)
FNDA:0,(anonymous_16)
FNDA:0,(anonymous_17)
FNDA:0,(anonymous_18)
FNDA:0,(anonymous_19)
FNDA:3,(anonymous_20)
DA:1,4
DA:2,4
DA:3,4
DA:4,4
DA:5,4
DA:6,4
DA:7,4
DA:8,4
DA:14,4
DA:15,4
DA:16,4
DA:19,4
DA:21,1
DA:22,1
DA:23,1
DA:24,1
DA:25,1
DA:26,1
DA:27,1
DA:32,2
DA:33,2
DA:35,1
DA:36,1
DA:40,0
DA:45,0
DA:46,0
DA:48,0
DA:49,0
DA:51,0
DA:52,0
DA:53,0
DA:54,0
DA:56,0
DA:57,0
DA:61,0
DA:65,0
DA:67,0
DA:69,0
DA:70,0
DA:71,0
DA:76,0
DA:81,0
DA:82,0
DA:87,2
DA:88,2
DA:89,1
DA:92,1
DA:93,1
DA:95,1
DA:96,1
DA:98,1
DA:100,1
DA:105,1
DA:106,1
DA:108,1
DA:109,1
DA:110,1
DA:112,1
DA:114,1
DA:123,1
DA:125,1
DA:128,1
DA:129,1
DA:133,1
DA:140,0
DA:143,1
DA:148,1
DA:149,1
DA:150,1
DA:151,1
DA:152,1
DA:153,1
DA:156,0
DA:161,1
DA:162,1
DA:165,1
DA:167,1
DA:168,1
DA:169,1
DA:170,1
DA:171,1
DA:175,0
DA:176,0
DA:180,0
DA:181,0
DA:182,0
DA:183,0
DA:184,0
DA:188,0
DA:194,0
DA:195,0
DA:196,0
DA:197,0
DA:199,0
DA:202,0
DA:205,0
DA:206,0
DA:208,0
DA:209,0
DA:210,0
DA:212,0
DA:217,3
DA:229,3
DA:232,1
DA:233,1
DA:235,2
DA:236,2
DA:238,2
DA:239,2
DA:241,2
DA:245,2
DA:248,1
LF:112
LH:70
BRDA:33,0,0,1
BRDA:33,0,1,1
BRDA:45,1,0,0
BRDA:45,1,1,0
BRDA:45,2,0,0
BRDA:45,2,1,0
BRDA:48,3,0,0
BRDA:48,3,1,0
BRDA:48,4,0,0
BRDA:48,4,1,0
BRDA:53,5,0,0
BRDA:53,5,1,0
BRDA:70,6,0,0
BRDA:70,6,1,0
BRDA:88,7,0,1
BRDA:88,7,1,1
BRDA:93,8,0,0
BRDA:93,8,1,1
BRDA:96,9,0,0
BRDA:96,9,1,1
BRDA:110,10,0,0
BRDA:110,10,1,1
BRDA:129,11,0,0
BRDA:129,11,1,1
BRDA:151,12,0,1
BRDA:151,12,1,0
BRDA:162,13,0,0
BRDA:162,13,1,1
BRDA:165,14,0,1
BRDA:165,14,1,0
BRDA:165,15,0,1
BRDA:165,15,1,1
BRDA:176,16,0,0
BRDA:176,16,1,0
BRDA:180,17,0,0
BRDA:180,17,1,0
BRDA:195,18,0,0
BRDA:195,18,1,0
BRDA:205,19,0,0
BRDA:205,19,1,0
BRDA:209,20,0,0
BRDA:209,20,1,0
BRDA:229,21,0,2
BRDA:229,21,1,1
BRDA:229,22,0,3
BRDA:229,22,1,2
BRDA:235,23,0,2
BRDA:235,23,1,1
BRDA:239,24,0,2
BRDA:239,24,1,0
BRF:50
BRH:20
end_of_record
TN:
SF:src/modules/kpi/dto/kpi.dto.ts
FN:54,(anonymous_2)
FNF:1
FNH:0
FNDA:0,(anonymous_2)
DA:1,1
DA:2,1
DA:3,1
DA:5,1
DA:6,1
DA:9,1
DA:13,1
DA:17,1
DA:21,1
DA:22,1
DA:25,1
DA:28,1
DA:32,1
DA:33,1
DA:36,1
DA:39,1
DA:45,1
DA:46,1
DA:49,1
DA:52,1
DA:54,0
DA:58,1
DA:59,1
DA:63,1
DA:64,1
LF:25
LH:24
BRF:0
BRH:0
end_of_record
TN:
SF:src/modules/leave/leave.controller.ts
FN:19,(anonymous_4)
FN:22,(anonymous_5)
FN:29,(anonymous_6)
FN:35,(anonymous_7)
FN:41,(anonymous_8)
FN:58,(anonymous_9)
FN:65,(anonymous_10)
FNF:7
FNH:7
FNDA:1,(anonymous_4)
FNDA:1,(anonymous_5)
FNDA:1,(anonymous_6)
FNDA:1,(anonymous_7)
FNDA:1,(anonymous_8)
FNDA:1,(anonymous_9)
FNDA:1,(anonymous_10)
DA:1,1
DA:11,1
DA:12,1
DA:13,1
DA:14,1
DA:18,1
DA:19,1
DA:22,1
DA:23,1
DA:29,1
DA:30,1
DA:31,1
DA:35,1
DA:36,1
DA:37,1
DA:41,1
DA:42,1
DA:43,1
DA:44,1
DA:58,1
DA:59,1
DA:65,1
DA:70,1
DA:72,1
DA:74,1
LF:25
LH:25
BRF:0
BRH:0
end_of_record
TN:
SF:src/modules/leave/leave.service.ts
FN:13,(anonymous_4)
FN:24,(anonymous_5)
FN:35,(anonymous_6)
FN:43,(anonymous_7)
FN:48,(anonymous_8)
FN:56,(anonymous_9)
FN:62,(anonymous_10)
FN:74,(anonymous_11)
FN:139,(anonymous_12)
FN:140,(anonymous_13)
FN:140,(anonymous_14)
FN:142,(anonymous_15)
FN:165,(anonymous_16)
FN:191,(anonymous_17)
FNF:14
FNH:8
FNDA:1,(anonymous_4)
FNDA:1,(anonymous_5)
FNDA:3,(anonymous_6)
FNDA:2,(anonymous_7)
FNDA:2,(anonymous_8)
FNDA:1,(anonymous_9)
FNDA:1,(anonymous_10)
FNDA:4,(anonymous_11)
FNDA:0,(anonymous_12)
FNDA:0,(anonymous_13)
FNDA:0,(anonymous_14)
FNDA:0,(anonymous_15)
FNDA:0,(anonymous_16)
FNDA:0,(anonymous_17)
DA:1,2
DA:2,2
DA:3,2
DA:4,2
DA:5,2
DA:6,2
DA:7,2
DA:8,2
DA:9,2
DA:12,2
DA:15,1
DA:17,1
DA:18,1
DA:19,1
DA:20,1
DA:25,1
DA:27,1
DA:28,1
DA:29,1
DA:30,4
DA:31,3
DA:32,3
DA:35,3
DA:44,2
DA:48,2
DA:57,1
DA:62,1
DA:82,4
DA:85,4
DA:86,1
DA:90,3
DA:93,3
DA:94,1
DA:98,2
DA:108,2
DA:109,1
DA:115,1
DA:124,1
DA:127,1
DA:128,1
DA:139,1
DA:140,0
DA:142,1
DA:143,0
DA:144,0
DA:152,1
DA:154,0
DA:157,1
DA:166,0
DA:178,0
DA:179,0
DA:180,0
DA:181,0
DA:182,0
DA:184,0
DA:185,0
DA:186,0
DA:187,0
DA:190,0
DA:192,0
DA:193,0
DA:194,0
DA:200,0
DA:203,0
DA:222,0
DA:239,7
DA:240,1
DA:246,6
DA:251,6
DA:252,1
DA:256,5
DA:259,5
DA:264,5
DA:265,5
DA:266,5
DA:267,2
DA:270,5
DA:273,5
DA:274,5
DA:275,2
DA:279,5
DA:287,5
DA:289,3
DA:290,3
DA:293,3
DA:294,3
DA:295,3
DA:296,8
DA:297,8
DA:298,8
DA:300,8
DA:303,3
DA:304,0
DA:308,3
DA:315,3
DA:317,1
DA:318,1
DA:323,1
DA:326,2
DA:327,2
DA:332,5
DA:334,1
DA:335,1
DA:336,1
DA:337,1
DA:338,1
DA:339,3
DA:340,3
DA:341,3
DA:343,1
DA:344,0
DA:347,1
DA:354,1
DA:355,1
DA:358,1
DA:359,1
DA:360,1
DA:364,5
LF:118
LH:95
BRDA:30,0,0,3
BRDA:30,0,1,1
BRDA:85,1,0,1
BRDA:85,1,1,3
BRDA:93,2,0,1
BRDA:93,2,1,2
BRDA:108,3,0,1
BRDA:108,3,1,1
BRDA:120,4,0,1
BRDA:120,4,1,0
BRDA:143,5,0,0
BRDA:143,5,1,0
BRDA:185,6,0,0
BRDA:185,6,1,0
BRDA:185,7,0,0
BRDA:185,7,1,0
BRDA:186,8,0,0
BRDA:186,8,1,0
BRDA:187,9,0,0
BRDA:187,9,1,0
BRDA:193,10,0,0
BRDA:193,10,1,0
BRDA:193,11,0,0
BRDA:193,11,1,0
BRDA:200,12,0,0
BRDA:200,12,1,0
BRDA:239,13,0,1
BRDA:239,13,1,6
BRDA:251,14,0,1
BRDA:251,14,1,5
BRDA:265,15,0,5
BRDA:265,15,1,0
BRDA:266,16,0,2
BRDA:266,16,1,3
BRDA:274,17,0,2
BRDA:274,17,1,3
BRDA:274,18,0,5
BRDA:274,18,1,2
BRDA:287,19,0,3
BRDA:287,19,1,2
BRDA:297,20,0,8
BRDA:297,20,1,0
BRDA:297,21,0,8
BRDA:297,21,1,8
BRDA:303,22,0,0
BRDA:303,22,1,3
BRDA:315,23,0,1
BRDA:315,23,1,2
BRDA:317,24,0,1
BRDA:317,24,1,1
BRDA:332,25,0,1
BRDA:332,25,1,4
BRDA:332,26,0,5
BRDA:332,26,1,2
BRDA:340,27,0,3
BRDA:340,27,1,0
BRDA:340,28,0,3
BRDA:340,28,1,3
BRDA:343,29,0,0
BRDA:343,29,1,1
BRDA:354,30,0,1
BRDA:354,30,1,0
BRDA:358,31,0,1
BRDA:358,31,1,0
BRF:64
BRH:40
end_of_record
TN:
SF:src/modules/notifications/notifications.controller.ts
FN:8,(anonymous_4)
FN:11,(anonymous_5)
FN:17,(anonymous_6)
FN:23,(anonymous_7)
FN:29,(anonymous_8)
FNF:5
FNH:5
FNDA:1,(anonymous_4)
FNDA:1,(anonymous_5)
FNDA:1,(anonymous_6)
FNDA:1,(anonymous_7)
FNDA:1,(anonymous_8)
DA:1,1
DA:2,1
DA:3,1
DA:7,1
DA:8,1
DA:11,1
DA:12,1
DA:13,1
DA:17,1
DA:18,1
DA:19,1
DA:23,1
DA:24,1
DA:25,1
DA:29,1
DA:30,1
DA:31,1
DA:32,1
DA:33,0
DA:35,1
DA:36,1
LF:21
LH:20
BRDA:12,0,0,1
BRDA:12,0,1,0
BRDA:18,1,0,1
BRDA:18,1,1,0
BRDA:24,2,0,1
BRDA:24,2,1,0
BRDA:32,3,0,0
BRDA:32,3,1,1
BRDA:32,4,0,1
BRDA:32,4,1,1
BRF:10
BRH:6
end_of_record
TN:
SF:src/modules/notifications/notifications.gateway.ts
FN:22,(anonymous_2)
FN:24,(anonymous_3)
FN:30,(anonymous_4)
FN:58,(anonymous_5)
FN:71,(anonymous_6)
FN:74,(anonymous_7)
FNF:6
FNH:6
FNDA:1,(anonymous_2)
FNDA:1,(anonymous_3)
FNDA:4,(anonymous_4)
FNDA:1,(anonymous_5)
FNDA:1,(anonymous_6)
FNDA:1,(anonymous_7)
DA:1,26
DA:7,26
DA:8,26
DA:15,26
DA:16,26
DA:20,1
DA:22,1
DA:25,1
DA:26,0
DA:27,0
DA:31,4
DA:33,4
DA:36,4
DA:37,1
DA:38,1
DA:41,3
DA:42,2
DA:44,2
DA:45,2
DA:46,2
DA:47,2
DA:48,2
DA:50,0
DA:53,1
DA:54,1
DA:59,1
DA:60,1
DA:61,1
DA:62,1
DA:63,1
DA:64,1
DA:65,1
DA:72,1
DA:73,1
DA:74,1
DA:75,1
LF:36
LH:33
BRDA:25,0,0,1
BRDA:25,0,1,0
BRDA:27,1,0,0
BRDA:27,1,1,0
BRDA:33,2,0,4
BRDA:33,2,1,1
BRDA:33,2,2,1
BRDA:36,3,0,1
BRDA:36,3,1,3
BRDA:41,4,0,3
BRDA:41,4,1,3
BRDA:42,5,0,2
BRDA:42,5,1,0
BRDA:44,6,0,2
BRDA:44,6,1,0
BRDA:45,7,0,2
BRDA:45,7,1,1
BRDA:60,8,0,1
BRDA:60,8,1,0
BRDA:62,9,0,1
BRDA:62,9,1,0
BRDA:64,10,0,1
BRDA:64,10,1,0
BRDA:73,11,0,1
BRDA:73,11,1,0
BRDA:73,12,0,1
BRDA:73,12,1,1
BRF:27
BRH:18
end_of_record
TN:
SF:src/modules/notifications/notifications.service.ts
FN:10,(anonymous_4)
FN:18,(anonymous_5)
FN:63,(anonymous_6)
FN:71,(anonymous_7)
FN:76,(anonymous_8)
FN:86,(anonymous_9)
FN:90,(anonymous_10)
FN:92,(anonymous_11)
FN:104,(anonymous_12)
FNF:9
FNH:9
FNDA:1,(anonymous_4)
FNDA:3,(anonymous_5)
FNDA:1,(anonymous_6)
FNDA:1,(anonymous_7)
FNDA:2,(anonymous_8)
FNDA:1,(anonymous_9)
FNDA:1,(anonymous_10)
FNDA:1,(anonymous_11)
FNDA:1,(anonymous_12)
DA:1,25
DA:2,25
DA:3,25
DA:4,25
DA:5,25
DA:6,25
DA:9,25
DA:12,1
DA:14,1
DA:15,1
DA:19,3
DA:21,3
DA:22,2
DA:33,2
DA:34,1
DA:36,1
DA:37,1
DA:39,0
DA:40,0
DA:42,0
DA:43,0
DA:47,1
DA:55,1
DA:58,1
DA:60,1
DA:64,1
DA:72,1
DA:73,1
DA:77,2
DA:79,2
DA:80,1
DA:83,1
DA:87,1
DA:90,1
DA:92,1
DA:93,1
DA:101,1
DA:104,1
DA:105,1
DA:108,1
LF:40
LH:36
BRDA:21,0,0,2
BRDA:21,0,1,1
BRDA:33,1,0,1
BRDA:33,1,1,1
BRDA:33,2,0,2
BRDA:33,2,1,1
BRDA:36,3,0,1
BRDA:36,3,1,0
BRDA:36,4,0,1
BRDA:36,4,1,1
BRDA:39,5,0,0
BRDA:39,5,1,0
BRDA:39,6,0,0
BRDA:39,6,1,0
BRDA:42,7,0,0
BRDA:42,7,1,0
BRDA:42,8,0,0
BRDA:42,8,1,0
BRDA:79,9,0,1
BRDA:79,9,1,1
BRF:20
BRH:11
end_of_record
TN:
SF:src/modules/payroll/num-to-words.util.ts
FN:12,threeDigits
FN:43,numberToVietnameseWords
FNF:2
FNH:2
FNDA:35,threeDigits
FNDA:31,numberToVietnameseWords
DA:8,3
DA:9,3
DA:10,3
DA:13,35
DA:14,35
DA:15,35
DA:16,35
DA:17,35
DA:19,35
DA:20,35
DA:21,35
DA:22,32
DA:24,32
DA:25,11
DA:26,21
DA:27,6
DA:29,15
DA:30,15
DA:32,8
DA:33,8
DA:36,32
DA:43,3
DA:44,31
DA:45,31
DA:47,30
DA:48,30
DA:49,30
DA:50,30
DA:52,30
DA:54,30
DA:55,30
DA:56,30
DA:57,30
DA:59,30
DA:61,30
LF:35
LH:35
BRDA:13,0,0,0
BRDA:13,0,1,35
BRDA:20,1,0,14
BRDA:20,1,1,21
BRDA:21,2,0,3
BRDA:21,2,1,32
BRDA:22,3,0,11
BRDA:22,3,1,21
BRDA:24,4,0,11
BRDA:24,4,1,21
BRDA:25,5,0,2
BRDA:25,5,1,9
BRDA:26,6,0,6
BRDA:26,6,1,15
BRDA:30,7,0,8
BRDA:30,7,1,7
BRDA:32,8,0,2
BRDA:32,8,1,6
BRDA:32,9,0,1
BRDA:32,9,1,5
BRDA:45,10,0,1
BRDA:45,10,1,30
BRDA:54,11,0,1
BRDA:54,11,1,29
BRDA:55,12,0,6
BRDA:55,12,1,24
BRDA:56,13,0,7
BRDA:56,13,1,23
BRDA:57,14,0,21
BRDA:57,14,1,9
BRF:30
BRH:29
end_of_record
TN:
SF:src/modules/payroll/payroll.controller.ts
FN:27,(anonymous_4)
FN:33,(anonymous_5)
FN:39,(anonymous_6)
FN:49,(anonymous_7)
FN:57,(anonymous_8)
FN:64,(anonymous_9)
FN:70,(anonymous_10)
FN:76,(anonymous_11)
FN:84,(anonymous_12)
FN:90,(anonymous_13)
FN:101,(anonymous_14)
FN:113,(anonymous_15)
FN:122,(anonymous_16)
FN:128,(anonymous_17)
FN:134,(anonymous_18)
FN:143,(anonymous_19)
FN:151,(anonymous_20)
FN:158,(anonymous_21)
FN:164,(anonymous_22)
FN:174,(anonymous_23)
FN:180,(anonymous_24)
FNF:21
FNH:13
FNDA:1,(anonymous_4)
FNDA:1,(anonymous_5)
FNDA:2,(anonymous_6)
FNDA:1,(anonymous_7)
FNDA:1,(anonymous_8)
FNDA:1,(anonymous_9)
FNDA:0,(anonymous_10)
FNDA:1,(anonymous_11)
FNDA:0,(anonymous_12)
FNDA:2,(anonymous_13)
FNDA:0,(anonymous_14)
FNDA:1,(anonymous_15)
FNDA:0,(anonymous_16)
FNDA:0,(anonymous_17)
FNDA:0,(anonymous_18)
FNDA:0,(anonymous_19)
FNDA:0,(anonymous_20)
FNDA:3,(anonymous_21)
FNDA:11,(anonymous_22)
FNDA:1,(anonymous_23)
FNDA:1,(anonymous_24)
DA:1,1
DA:17,1
DA:18,1
DA:19,1
DA:20,1
DA:22,1
DA:26,1
DA:27,1
DA:33,1
DA:34,1
DA:39,1
DA:43,2
DA:44,1
DA:49,1
DA:50,1
DA:51,1
DA:52,1
DA:57,1
DA:58,1
DA:59,1
DA:60,1
DA:64,1
DA:65,1
DA:70,1
DA:71,0
DA:76,1
DA:77,1
DA:84,1
DA:85,0
DA:90,1
DA:91,2
DA:92,1
DA:94,1
DA:95,1
DA:96,0
DA:101,1
DA:105,0
DA:106,0
DA:113,1
DA:117,1
DA:122,1
DA:123,0
DA:128,1
DA:129,0
DA:134,1
DA:138,0
DA:143,1
DA:144,0
DA:151,1
DA:152,0
DA:158,1
DA:159,3
DA:162,3
DA:163,3
DA:164,11
DA:166,3
DA:167,1
DA:169,2
DA:174,1
DA:175,1
DA:180,1
DA:181,1
LF:62
LH:52
BRDA:43,0,0,1
BRDA:43,0,1,1
BRDA:50,1,0,1
BRDA:50,1,1,0
BRDA:50,2,0,1
BRDA:50,2,1,0
BRDA:51,3,0,1
BRDA:51,3,1,0
BRDA:51,4,0,1
BRDA:51,4,1,0
BRDA:58,5,0,1
BRDA:58,5,1,0
BRDA:58,6,0,1
BRDA:58,6,1,0
BRDA:59,7,0,1
BRDA:59,7,1,0
BRDA:59,8,0,1
BRDA:59,8,1,0
BRDA:91,9,0,1
BRDA:91,9,1,1
BRDA:91,10,0,2
BRDA:91,10,1,1
BRDA:91,10,2,1
BRDA:95,11,0,1
BRDA:95,11,1,0
BRDA:105,12,0,0
BRDA:105,12,1,0
BRDA:105,13,0,0
BRDA:105,13,1,0
BRDA:162,14,0,3
BRDA:162,14,1,0
BRDA:162,14,2,0
BRDA:164,15,0,3
BRDA:164,15,1,2
BRDA:164,16,0,11
BRDA:164,16,1,10
BRDA:164,17,0,2
BRDA:164,17,1,0
BRDA:166,18,0,1
BRDA:166,18,1,2
BRDA:166,19,0,3
BRDA:166,19,1,2
BRF:42
BRH:26
end_of_record
TN:
SF:src/modules/payroll/payroll.service.ts
FN:25,(anonymous_4)
FN:41,(anonymous_5)
FN:50,(anonymous_6)
FN:73,(anonymous_7)
FN:105,(anonymous_8)
FN:141,(anonymous_9)
FN:147,(anonymous_10)
FN:165,(anonymous_11)
FN:178,(anonymous_12)
FN:187,(anonymous_13)
FN:246,(anonymous_14)
FN:257,(anonymous_15)
FN:257,(anonymous_16)
FN:276,(anonymous_17)
FN:287,(anonymous_18)
FN:293,(anonymous_19)
FN:361,(anonymous_20)
FN:399,(anonymous_21)
FN:428,(anonymous_22)
FN:440,(anonymous_23)
FN:455,(anonymous_24)
FN:505,(anonymous_25)
FN:538,(anonymous_26)
FN:558,(anonymous_27)
FN:570,(anonymous_28)
FN:577,(anonymous_29)
FN:589,(anonymous_30)
FN:589,(anonymous_31)
FN:590,(anonymous_32)
FN:590,(anonymous_33)
FN:598,(anonymous_34)
FN:604,(anonymous_35)
FN:626,(anonymous_36)
FN:660,(anonymous_37)
FN:669,(anonymous_38)
FN:670,(anonymous_39)
FN:791,(anonymous_40)
FN:809,(anonymous_41)
FN:814,(anonymous_42)
FN:835,(anonymous_43)
FN:840,(anonymous_44)
FN:858,(anonymous_45)
FN:865,(anonymous_46)
FN:881,(anonymous_47)
FN:905,(anonymous_48)
FN:920,(anonymous_49)
FN:953,(anonymous_50)
FN:971,(anonymous_51)
FN:976,(anonymous_52)
FN:986,(anonymous_53)
FN:992,(anonymous_54)
FN:1006,(anonymous_55)
FN:1012,(anonymous_56)
FNF:53
FNH:15
FNDA:1,(anonymous_4)
FNDA:3,(anonymous_5)
FNDA:9,(anonymous_6)
FNDA:0,(anonymous_7)
FNDA:0,(anonymous_8)
FNDA:0,(anonymous_9)
FNDA:0,(anonymous_10)
FNDA:0,(anonymous_11)
FNDA:0,(anonymous_12)
FNDA:2,(anonymous_13)
FNDA:0,(anonymous_14)
FNDA:0,(anonymous_15)
FNDA:0,(anonymous_16)
FNDA:0,(anonymous_17)
FNDA:0,(anonymous_18)
FNDA:0,(anonymous_19)
FNDA:1,(anonymous_20)
FNDA:1,(anonymous_21)
FNDA:0,(anonymous_22)
FNDA:0,(anonymous_23)
FNDA:0,(anonymous_24)
FNDA:1,(anonymous_25)
FNDA:1,(anonymous_26)
FNDA:0,(anonymous_27)
FNDA:0,(anonymous_28)
FNDA:0,(anonymous_29)
FNDA:0,(anonymous_30)
FNDA:0,(anonymous_31)
FNDA:0,(anonymous_32)
FNDA:0,(anonymous_33)
FNDA:0,(anonymous_34)
FNDA:0,(anonymous_35)
FNDA:0,(anonymous_36)
FNDA:0,(anonymous_37)
FNDA:0,(anonymous_38)
FNDA:0,(anonymous_39)
FNDA:2,(anonymous_40)
FNDA:0,(anonymous_41)
FNDA:2,(anonymous_42)
FNDA:0,(anonymous_43)
FNDA:2,(anonymous_44)
FNDA:0,(anonymous_45)
FNDA:0,(anonymous_46)
FNDA:0,(anonymous_47)
FNDA:4,(anonymous_48)
FNDA:0,(anonymous_49)
FNDA:3,(anonymous_50)
FNDA:0,(anonymous_51)
FNDA:0,(anonymous_52)
FNDA:1,(anonymous_53)
FNDA:0,(anonymous_54)
FNDA:0,(anonymous_55)
FNDA:1,(anonymous_56)
DA:1,2
DA:2,2
DA:3,2
DA:4,2
DA:5,2
DA:6,2
DA:7,2
DA:8,2
DA:9,2
DA:10,2
DA:11,2
DA:12,2
DA:13,2
DA:14,2
DA:15,2
DA:16,2
DA:17,2
DA:18,2
DA:21,2
DA:22,1
DA:23,1
DA:26,1
DA:27,1
DA:28,1
DA:29,1
DA:30,1
DA:31,1
DA:32,1
DA:33,1
DA:34,1
DA:35,1
DA:36,1
DA:37,1
DA:38,1
DA:42,3
DA:43,3
DA:44,3
DA:51,9
DA:53,7
DA:54,7
DA:55,1
DA:56,6
DA:57,1
DA:58,5
DA:59,1
DA:60,4
DA:61,1
DA:62,3
DA:63,1
DA:64,2
DA:65,1
DA:67,1
DA:69,7
DA:74,0
DA:75,0
DA:76,0
DA:78,0
DA:79,0
DA:91,0
DA:92,0
DA:93,0
DA:94,0
DA:97,0
DA:98,0
DA:105,0
DA:106,0
DA:107,0
DA:108,0
DA:109,0
DA:110,0
DA:111,0
DA:112,0
DA:113,0
DA:114,0
DA:115,0
DA:116,0
DA:117,0
DA:118,0
DA:119,0
DA:120,0
DA:132,0
DA:133,0
DA:134,0
DA:137,0
DA:142,0
DA:143,0
DA:148,0
DA:149,0
DA:150,0
DA:156,0
DA:157,0
DA:166,0
DA:170,0
DA:171,0
DA:179,0
DA:188,2
DA:193,2
DA:195,1
DA:200,1
DA:201,1
DA:203,1
DA:204,1
DA:206,1
DA:207,1
DA:208,1
DA:209,1
DA:210,1
DA:212,1
DA:213,1
DA:214,1
DA:215,1
DA:217,0
DA:218,0
DA:220,1
DA:221,1
DA:222,0
DA:226,1
DA:227,1
DA:228,1
DA:229,1
DA:230,1
DA:231,0
DA:232,0
DA:233,0
DA:234,0
DA:236,1
DA:237,1
DA:240,1
DA:246,1
DA:249,1
DA:250,1
DA:257,1
DA:260,1
DA:266,1
DA:275,1
DA:276,1
DA:277,0
DA:278,0
DA:279,0
DA:280,0
DA:281,0
DA:282,0
DA:286,1
DA:287,1
DA:288,0
DA:289,0
DA:290,0
DA:291,0
DA:293,1
DA:294,0
DA:295,0
DA:296,0
DA:299,1
DA:300,1
DA:301,1
DA:302,1
DA:305,1
DA:306,1
DA:307,1
DA:308,1
DA:310,1
DA:313,1
DA:314,1
DA:315,1
DA:316,1
DA:317,1
DA:318,1
DA:319,1
DA:322,1
DA:323,1
DA:324,0
DA:327,0
DA:328,0
DA:329,0
DA:334,1
DA:335,1
DA:336,1
DA:338,1
DA:339,0
DA:341,1
DA:342,0
DA:344,1
DA:345,0
DA:347,1
DA:348,0
DA:350,1
DA:351,1
DA:352,1
DA:353,0
DA:355,1
DA:356,0
DA:360,1
DA:361,1
DA:362,1
DA:363,1
DA:365,1
DA:367,1
DA:368,1
DA:369,1
DA:370,0
DA:374,0
DA:375,0
DA:376,0
DA:380,1
DA:400,1
DA:402,1
DA:403,1
DA:404,1
DA:405,1
DA:408,1
DA:410,1
DA:415,1
DA:423,1
DA:424,1
DA:427,1
DA:428,1
DA:429,0
DA:430,0
DA:431,0
DA:432,0
DA:433,0
DA:434,0
DA:435,0
DA:436,0
DA:440,1
DA:441,0
DA:442,0
DA:444,0
DA:446,0
DA:447,0
DA:448,0
DA:449,0
DA:450,0
DA:451,0
DA:452,0
DA:455,1
DA:456,0
DA:457,0
DA:458,0
DA:459,0
DA:460,0
DA:462,0
DA:466,1
DA:467,1
DA:471,1
DA:472,1
DA:473,1
DA:474,0
DA:475,0
DA:476,0
DA:477,0
DA:480,1
DA:484,1
DA:485,1
DA:486,0
DA:487,0
DA:488,0
DA:489,0
DA:493,1
DA:494,1
DA:495,1
DA:496,1
DA:497,1
DA:500,0
DA:503,1
DA:505,1
DA:506,1
DA:507,0
DA:508,0
DA:518,0
DA:519,0
DA:520,0
DA:521,0
DA:522,0
DA:523,0
DA:526,0
DA:531,1
DA:539,1
DA:540,1
DA:541,1
DA:543,0
DA:544,0
DA:545,0
DA:546,0
DA:549,0
DA:552,0
DA:557,0
DA:558,0
DA:559,0
DA:560,0
DA:561,0
DA:562,0
DA:563,0
DA:564,0
DA:568,0
DA:569,0
DA:570,0
DA:571,0
DA:572,0
DA:573,0
DA:574,0
DA:575,0
DA:577,0
DA:578,0
DA:579,0
DA:580,0
DA:581,0
DA:583,0
DA:587,0
DA:588,0
DA:589,0
DA:590,0
DA:592,0
DA:598,0
DA:600,0
DA:601,0
DA:602,0
DA:604,0
DA:605,0
DA:606,0
DA:610,0
DA:611,0
DA:615,0
DA:617,0
DA:620,0
DA:643,0
DA:648,0
DA:649,0
DA:650,0
DA:653,0
DA:654,0
DA:656,0
DA:658,0
DA:660,0
DA:661,0
DA:664,0
DA:665,0
DA:668,0
DA:669,0
DA:670,0
DA:671,0
DA:672,0
DA:673,0
DA:675,0
DA:677,0
DA:681,0
DA:682,0
DA:687,0
DA:688,0
DA:689,0
DA:690,0
DA:691,0
DA:693,0
DA:695,0
DA:696,0
DA:697,0
DA:698,0
DA:702,0
DA:705,0
DA:711,0
DA:712,0
DA:713,0
DA:719,0
DA:722,0
DA:723,0
DA:726,0
DA:727,0
DA:730,0
DA:733,0
DA:734,0
DA:735,0
DA:738,0
DA:739,0
DA:740,0
DA:745,0
DA:746,0
DA:751,0
DA:753,0
DA:757,0
DA:758,0
DA:770,0
DA:784,0
DA:786,0
DA:792,2
DA:796,2
DA:797,1
DA:798,1
DA:800,1
DA:801,1
DA:804,1
DA:811,1
DA:815,2
DA:819,2
DA:820,1
DA:821,1
DA:823,1
DA:824,1
DA:827,1
DA:830,1
DA:837,1
DA:841,2
DA:842,2
DA:844,1
DA:848,3
DA:849,1
DA:851,1
DA:852,1
DA:853,3
DA:861,1
DA:866,0
DA:867,0
DA:881,0
DA:882,0
DA:883,0
DA:900,0
DA:901,0
DA:906,4
DA:907,4
DA:908,1
DA:913,1
DA:915,3
DA:916,0
DA:924,0
DA:925,0
DA:926,0
DA:927,0
DA:929,0
DA:931,0
DA:932,0
DA:933,0
DA:935,0
DA:937,0
DA:938,0
DA:939,0
DA:940,0
DA:942,0
DA:944,0
DA:946,0
DA:947,0
DA:957,3
DA:958,3
DA:959,2
DA:963,2
DA:965,2
DA:966,2
DA:973,2
DA:977,0
DA:982,0
DA:983,0
DA:987,1
DA:988,1
DA:989,1
DA:993,0
DA:994,0
DA:995,0
DA:996,0
DA:998,0
DA:999,0
DA:1000,0
DA:1001,0
DA:1009,0
DA:1013,1
DA:1014,1
DA:1015,1
LF:464
LH:206
BRDA:51,0,0,2
BRDA:51,0,1,7
BRDA:54,1,0,1
BRDA:54,1,1,6
BRDA:56,2,0,1
BRDA:56,2,1,5
BRDA:58,3,0,1
BRDA:58,3,1,4
BRDA:60,4,0,1
BRDA:60,4,1,3
BRDA:62,5,0,1
BRDA:62,5,1,2
BRDA:64,6,0,1
BRDA:64,6,1,1
BRDA:94,7,0,0
BRDA:94,7,1,0
BRDA:94,8,0,0
BRDA:94,8,1,0
BRDA:108,9,0,0
BRDA:108,9,1,0
BRDA:108,10,0,0
BRDA:108,10,1,0
BRDA:109,11,0,0
BRDA:109,11,1,0
BRDA:113,12,0,0
BRDA:113,12,1,0
BRDA:143,13,0,0
BRDA:143,13,1,0
BRDA:149,14,0,0
BRDA:149,14,1,0
BRDA:170,15,0,0
BRDA:170,15,1,0
BRDA:173,16,0,0
BRDA:173,16,1,0
BRDA:193,17,0,1
BRDA:193,17,1,1
BRDA:200,18,0,1
BRDA:200,18,1,0
BRDA:201,19,0,1
BRDA:201,19,1,0
BRDA:206,20,0,1
BRDA:206,20,1,0
BRDA:207,21,0,1
BRDA:207,21,1,0
BRDA:208,22,0,1
BRDA:208,22,1,0
BRDA:209,23,0,1
BRDA:209,23,1,0
BRDA:210,24,0,1
BRDA:210,24,1,0
BRDA:212,25,0,1
BRDA:212,25,1,0
BRDA:213,26,0,0
BRDA:213,26,1,1
BRDA:214,27,0,0
BRDA:214,27,1,1
BRDA:215,28,0,0
BRDA:215,28,1,1
BRDA:217,29,0,0
BRDA:217,29,1,0
BRDA:218,30,0,0
BRDA:218,30,1,0
BRDA:220,31,0,1
BRDA:220,31,1,0
BRDA:221,32,0,0
BRDA:221,32,1,1
BRDA:228,33,0,1
BRDA:228,33,1,0
BRDA:231,34,0,0
BRDA:231,34,1,0
BRDA:246,35,0,0
BRDA:246,35,1,0
BRDA:288,36,0,0
BRDA:288,36,1,0
BRDA:289,37,0,0
BRDA:289,37,1,0
BRDA:290,38,0,0
BRDA:290,38,1,0
BRDA:291,39,0,0
BRDA:291,39,1,0
BRDA:296,40,0,0
BRDA:296,40,1,0
BRDA:299,41,0,1
BRDA:299,41,1,0
BRDA:299,42,0,1
BRDA:299,42,1,0
BRDA:299,43,0,0
BRDA:299,43,1,0
BRDA:300,44,0,1
BRDA:300,44,1,0
BRDA:301,45,0,1
BRDA:301,45,1,0
BRDA:308,46,0,1
BRDA:308,46,1,0
BRDA:313,47,0,1
BRDA:313,47,1,0
BRDA:313,48,0,1
BRDA:313,48,1,0
BRDA:315,49,0,1
BRDA:315,49,1,0
BRDA:315,50,0,1
BRDA:315,50,1,1
BRDA:316,51,0,1
BRDA:316,51,1,0
BRDA:323,52,0,0
BRDA:323,52,1,1
BRDA:328,53,0,0
BRDA:328,53,1,0
BRDA:335,54,0,1
BRDA:335,54,1,0
BRDA:338,55,0,0
BRDA:338,55,1,1
BRDA:341,56,0,0
BRDA:341,56,1,1
BRDA:344,57,0,0
BRDA:344,57,1,1
BRDA:347,58,0,0
BRDA:347,58,1,1
BRDA:352,59,0,0
BRDA:352,59,1,1
BRDA:355,60,0,0
BRDA:355,60,1,1
BRDA:360,61,0,1
BRDA:360,61,1,0
BRDA:365,62,0,1
BRDA:365,62,1,0
BRDA:365,63,0,1
BRDA:365,63,1,0
BRDA:365,64,0,1
BRDA:365,64,1,0
BRDA:369,65,0,0
BRDA:369,65,1,1
BRDA:374,66,0,0
BRDA:374,66,1,0
BRDA:375,67,0,0
BRDA:375,67,1,0
BRDA:375,68,0,0
BRDA:375,68,1,0
BRDA:375,69,0,0
BRDA:375,69,1,0
BRDA:376,70,0,0
BRDA:376,70,1,0
BRDA:403,71,0,1
BRDA:403,71,1,0
BRDA:430,72,0,0
BRDA:430,72,1,0
BRDA:442,73,0,0
BRDA:442,73,1,0
BRDA:444,74,0,0
BRDA:444,74,1,0
BRDA:446,75,0,0
BRDA:446,75,1,0
BRDA:447,76,0,0
BRDA:447,76,1,0
BRDA:448,77,0,0
BRDA:448,77,1,0
BRDA:449,78,0,0
BRDA:449,78,1,0
BRDA:450,79,0,0
BRDA:450,79,1,0
BRDA:451,80,0,0
BRDA:451,80,1,0
BRDA:452,81,0,0
BRDA:452,81,1,0
BRDA:459,82,0,0
BRDA:459,82,1,0
BRDA:460,83,0,0
BRDA:460,83,1,0
BRDA:462,84,0,0
BRDA:462,84,1,0
BRDA:476,85,0,0
BRDA:476,85,1,0
BRDA:476,86,0,0
BRDA:476,86,1,0
BRDA:477,87,0,0
BRDA:477,87,1,0
BRDA:486,88,0,0
BRDA:486,88,1,0
BRDA:488,89,0,0
BRDA:488,89,1,0
BRDA:489,90,0,0
BRDA:489,90,1,0
BRDA:496,91,0,1
BRDA:496,91,1,0
BRDA:496,92,0,1
BRDA:496,92,1,1
BRDA:518,93,0,0
BRDA:518,93,1,0
BRDA:541,94,0,1
BRDA:541,94,1,0
BRDA:544,95,0,0
BRDA:544,95,1,0
BRDA:571,96,0,0
BRDA:571,96,1,0
BRDA:572,97,0,0
BRDA:572,97,1,0
BRDA:573,98,0,0
BRDA:573,98,1,0
BRDA:574,99,0,0
BRDA:574,99,1,0
BRDA:575,100,0,0
BRDA:575,100,1,0
BRDA:580,101,0,0
BRDA:580,101,1,0
BRDA:598,102,0,0
BRDA:598,102,1,0
BRDA:602,103,0,0
BRDA:602,103,1,0
BRDA:615,104,0,0
BRDA:615,104,1,0
BRDA:648,105,0,0
BRDA:648,105,1,0
BRDA:656,106,0,0
BRDA:656,106,1,0
BRDA:658,107,0,0
BRDA:658,107,1,0
BRDA:660,108,0,0
BRDA:660,108,1,0
BRDA:661,109,0,0
BRDA:661,109,1,0
BRDA:661,110,0,0
BRDA:661,110,1,0
BRDA:664,111,0,0
BRDA:664,111,1,0
BRDA:669,112,0,0
BRDA:669,112,1,0
BRDA:670,113,0,0
BRDA:670,113,1,0
BRDA:672,114,0,0
BRDA:672,114,1,0
BRDA:675,115,0,0
BRDA:675,115,1,0
BRDA:677,116,0,0
BRDA:677,116,1,0
BRDA:679,117,0,0
BRDA:679,117,1,0
BRDA:681,118,0,0
BRDA:681,118,1,0
BRDA:682,119,0,0
BRDA:682,119,1,0
BRDA:690,120,0,0
BRDA:690,120,1,0
BRDA:695,121,0,0
BRDA:695,121,1,0
BRDA:696,122,0,0
BRDA:696,122,1,0
BRDA:697,123,0,0
BRDA:697,123,1,0
BRDA:723,124,0,0
BRDA:723,124,1,0
BRDA:734,125,0,0
BRDA:734,125,1,0
BRDA:739,126,0,0
BRDA:739,126,1,0
BRDA:745,127,0,0
BRDA:745,127,1,0
BRDA:745,128,0,0
BRDA:745,128,1,0
BRDA:757,129,0,0
BRDA:757,129,1,0
BRDA:767,130,0,0
BRDA:767,130,1,0
BRDA:796,131,0,1
BRDA:796,131,1,1
BRDA:801,132,0,1
BRDA:801,132,1,0
BRDA:803,133,0,0
BRDA:803,133,1,0
BRDA:819,134,0,1
BRDA:819,134,1,1
BRDA:824,135,0,1
BRDA:824,135,1,0
BRDA:826,136,0,0
BRDA:826,136,1,0
BRDA:828,137,0,1
BRDA:828,137,1,0
BRDA:842,138,0,1
BRDA:842,138,1,1
BRDA:882,139,0,0
BRDA:882,139,1,0
BRDA:884,140,0,0
BRDA:884,140,1,0
BRDA:888,141,0,0
BRDA:888,141,1,0
BRDA:889,142,0,0
BRDA:889,142,1,0
BRDA:890,143,0,0
BRDA:890,143,1,0
BRDA:892,144,0,0
BRDA:892,144,1,0
BRDA:892,145,0,0
BRDA:892,145,1,0
BRDA:893,146,0,0
BRDA:893,146,1,0
BRDA:893,147,0,0
BRDA:893,147,1,0
BRDA:894,148,0,0
BRDA:894,148,1,0
BRDA:894,149,0,0
BRDA:894,149,1,0
BRDA:895,150,0,0
BRDA:895,150,1,0
BRDA:895,151,0,0
BRDA:895,151,1,0
BRDA:896,152,0,0
BRDA:896,152,1,0
BRDA:896,153,0,0
BRDA:896,153,1,0
BRDA:907,154,0,3
BRDA:907,154,1,1
BRDA:907,155,0,4
BRDA:907,155,1,2
BRDA:907,155,2,2
BRDA:915,156,0,3
BRDA:915,156,1,0
BRDA:916,157,0,0
BRDA:916,157,1,0
BRDA:925,158,0,0
BRDA:925,158,1,0
BRDA:925,159,0,0
BRDA:925,159,1,0
BRDA:926,160,0,0
BRDA:926,160,1,0
BRDA:926,161,0,0
BRDA:926,161,1,0
BRDA:926,161,2,0
BRDA:926,161,3,0
BRDA:926,161,4,0
BRDA:932,162,0,0
BRDA:932,162,1,0
BRDA:937,163,0,0
BRDA:937,163,1,0
BRDA:939,164,0,0
BRDA:939,164,1,0
BRDA:958,165,0,1
BRDA:958,165,1,2
BRDA:961,166,0,2
BRDA:961,166,1,0
BRDA:965,167,0,2
BRDA:965,167,1,0
BRDA:982,168,0,0
BRDA:982,168,1,0
BRDA:988,169,0,0
BRDA:988,169,1,1
BRDA:999,170,0,0
BRDA:999,170,1,0
BRDA:999,171,0,0
BRDA:999,171,1,0
BRDA:999,171,2,0
BRDA:999,171,3,0
BRDA:1000,172,0,0
BRDA:1000,172,1,0
BRF:352
BRH:79
end_of_record
TN:
SF:src/modules/payroll/dto/payroll-query.dto.ts
FNF:0
FNH:0
DA:1,1
DA:3,1
DA:4,1
DA:8,1
DA:12,1
DA:16,1
DA:20,1
DA:24,1
LF:8
LH:8
BRF:0
BRH:0
end_of_record
TN:
SF:src/modules/positions/positions.controller.ts
FN:24,(anonymous_4)
FN:27,(anonymous_5)
FN:32,(anonymous_6)
FN:37,(anonymous_7)
FN:42,(anonymous_8)
FN:52,(anonymous_9)
FNF:6
FNH:6
FNDA:1,(anonymous_4)
FNDA:1,(anonymous_5)
FNDA:1,(anonymous_6)
FNDA:1,(anonymous_7)
FNDA:1,(anonymous_8)
FNDA:1,(anonymous_9)
DA:1,1
DA:14,1
DA:15,1
DA:16,1
DA:17,1
DA:18,1
DA:19,1
DA:23,1
DA:24,1
DA:26,1
DA:28,1
DA:31,1
DA:33,1
DA:36,1
DA:38,1
DA:41,1
DA:46,1
DA:49,1
DA:53,1
LF:19
LH:19
BRF:0
BRH:0
end_of_record
TN:
SF:src/modules/positions/positions.service.ts
FN:15,(anonymous_4)
FN:22,(anonymous_5)
FN:29,(anonymous_6)
FN:33,(anonymous_7)
FN:41,(anonymous_8)
FN:53,(anonymous_9)
FNF:6
FNH:4
FNDA:1,(anonymous_4)
FNDA:0,(anonymous_5)
FNDA:0,(anonymous_6)
FNDA:2,(anonymous_7)
FNDA:1,(anonymous_8)
FNDA:2,(anonymous_9)
DA:1,2
DA:6,2
DA:7,2
DA:8,2
DA:9,2
DA:14,2
DA:17,1
DA:19,1
DA:23,0
DA:26,0
DA:30,0
DA:34,2
DA:37,2
DA:38,1
DA:42,1
DA:45,1
DA:47,1
DA:49,1
DA:50,1
DA:54,2
DA:57,2
DA:60,2
DA:64,2
DA:65,1
DA:70,1
DA:71,1
LF:26
LH:23
BRDA:37,0,0,1
BRDA:37,0,1,1
BRDA:45,1,0,0
BRDA:45,1,1,1
BRDA:47,2,0,1
BRDA:47,2,1,0
BRDA:57,3,0,0
BRDA:57,3,1,2
BRDA:64,4,0,1
BRDA:64,4,1,1
BRF:10
BRH:7
end_of_record
TN:
SF:src/modules/positions/dto/create-position.dto.ts
FNF:0
FNH:0
DA:1,1
DA:3,1
DA:4,1
LF:3
LH:3
BRF:0
BRH:0
end_of_record
TN:
SF:src/modules/positions/dto/update-position.dto.ts
FNF:0
FNH:0
DA:1,1
DA:2,1
DA:4,1
LF:3
LH:3
BRF:0
BRH:0
end_of_record
TN:
SF:src/modules/reports/reports.controller.ts
FN:10,(anonymous_4)
FN:13,(anonymous_5)
FN:24,(anonymous_6)
FNF:3
FNH:3
FNDA:1,(anonymous_4)
FNDA:2,(anonymous_5)
FNDA:1,(anonymous_6)
DA:1,1
DA:2,1
DA:3,1
DA:4,1
DA:5,1
DA:9,1
DA:10,1
DA:13,1
DA:17,2
DA:18,2
DA:19,2
DA:24,1
DA:25,1
LF:13
LH:13
BRDA:17,0,0,2
BRDA:17,0,1,1
BRDA:18,1,0,2
BRDA:18,1,1,1
BRF:4
BRH:4
end_of_record
TN:
SF:src/modules/reports/reports.service.ts
FN:13,(anonymous_4)
FN:24,(anonymous_5)
FN:54,(anonymous_6)
FN:63,(anonymous_7)
FN:78,(anonymous_8)
FN:102,(anonymous_9)
FN:121,(anonymous_10)
FN:136,(anonymous_11)
FN:152,(anonymous_12)
FN:172,(anonymous_13)
FN:197,(anonymous_14)
FN:211,(anonymous_15)
FN:254,(anonymous_16)
FN:260,(anonymous_17)
FNF:14
FNH:12
FNDA:1,(anonymous_4)
FNDA:2,(anonymous_5)
FNDA:1,(anonymous_6)
FNDA:1,(anonymous_7)
FNDA:1,(anonymous_8)
FNDA:1,(anonymous_9)
FNDA:12,(anonymous_10)
FNDA:0,(anonymous_11)
FNDA:0,(anonymous_12)
FNDA:12,(anonymous_13)
FNDA:12,(anonymous_14)
FNDA:12,(anonymous_15)
FNDA:1,(anonymous_16)
FNDA:1,(anonymous_17)
DA:1,2
DA:2,2
DA:3,2
DA:4,2
DA:5,2
DA:6,2
DA:7,2
DA:8,2
DA:9,2
DA:12,2
DA:14,1
DA:15,1
DA:16,1
DA:18,1
DA:19,1
DA:21,1
DA:26,2
DA:29,2
DA:34,2
DA:35,1
DA:49,1
DA:50,1
DA:51,1
DA:52,1
DA:54,1
DA:55,1
DA:56,1
DA:57,1
DA:58,1
DA:62,1
DA:63,1
DA:64,1
DA:65,1
DA:66,1
DA:73,1
DA:74,1
DA:78,1
DA:79,1
DA:83,1
DA:85,1
DA:103,1
DA:104,1
DA:105,1
DA:108,1
DA:109,1
DA:110,12
DA:111,12
DA:112,12
DA:113,6
DA:114,6
DA:116,12
DA:120,1
DA:123,12
DA:127,12
DA:128,12
DA:130,12
DA:131,0
DA:136,0
DA:139,0
DA:140,0
DA:141,0
DA:142,0
DA:146,12
DA:147,12
DA:152,12
DA:153,0
DA:154,0
DA:155,0
DA:156,0
DA:160,12
DA:171,1
DA:174,12
DA:175,12
DA:178,12
DA:196,12
DA:197,12
DA:200,12
DA:210,1
DA:212,12
DA:213,12
DA:216,12
DA:227,12
DA:238,12
DA:249,1
DA:253,1
DA:254,1
DA:255,1
DA:256,1
DA:259,1
DA:260,1
DA:266,1
LF:91
LH:81
BRDA:34,0,0,1
BRDA:34,0,1,1
BRDA:64,1,0,1
BRDA:64,1,1,0
BRDA:65,2,0,1
BRDA:65,2,1,0
BRDA:80,3,0,1
BRDA:80,3,1,0
BRDA:93,4,0,1
BRDA:93,4,1,0
BRDA:112,5,0,6
BRDA:112,5,1,6
BRDA:130,6,0,0
BRDA:130,6,1,12
BRDA:139,7,0,0
BRDA:139,7,1,0
BRDA:140,8,0,0
BRDA:140,8,1,0
BRDA:153,9,0,0
BRDA:153,9,1,0
BRDA:154,10,0,0
BRDA:154,10,1,0
BRDA:255,11,0,1
BRDA:255,11,1,0
BRDA:256,12,0,1
BRDA:256,12,1,1
BRF:26
BRH:12
end_of_record
TN:
SF:src/modules/resignations/resignations.controller.ts
FN:14,(anonymous_4)
FN:17,(anonymous_5)
FN:24,(anonymous_6)
FN:31,(anonymous_7)
FN:37,(anonymous_8)
FNF:5
FNH:5
FNDA:1,(anonymous_4)
FNDA:2,(anonymous_5)
FNDA:2,(anonymous_6)
FNDA:1,(anonymous_7)
FNDA:1,(anonymous_8)
DA:1,1
DA:4,1
DA:5,1
DA:6,1
DA:7,1
DA:8,1
DA:13,1
DA:14,1
DA:16,1
DA:18,2
DA:19,2
DA:20,1
DA:23,1
DA:25,2
DA:26,2
DA:27,1
DA:30,1
DA:33,1
DA:36,1
DA:41,1
LF:20
LH:20
BRDA:19,0,0,1
BRDA:19,0,1,1
BRDA:26,1,0,1
BRDA:26,1,1,1
BRF:4
BRH:4
end_of_record
TN:
SF:src/modules/resignations/resignations.service.ts
FN:13,(anonymous_4)
FN:22,(anonymous_5)
FN:59,(anonymous_6)
FN:74,(anonymous_7)
FN:81,(anonymous_8)
FN:88,(anonymous_9)
FNF:6
FNH:5
FNDA:1,(anonymous_4)
FNDA:2,(anonymous_5)
FNDA:0,(anonymous_6)
FNDA:1,(anonymous_7)
FNDA:1,(anonymous_8)
FNDA:5,(anonymous_9)
DA:1,2
DA:2,2
DA:3,2
DA:4,2
DA:5,2
DA:8,2
DA:9,2
DA:12,2
DA:15,1
DA:17,1
DA:18,1
DA:19,1
DA:23,2
DA:27,2
DA:28,1
DA:31,1
DA:36,1
DA:43,1
DA:46,1
DA:56,1
DA:59,1
DA:61,1
DA:62,0
DA:71,1
DA:75,1
DA:82,1
DA:89,5
DA:94,5
DA:95,1
DA:98,4
DA:99,1
DA:102,3
DA:103,2
DA:104,1
DA:108,1
DA:109,1
DA:110,1
DA:112,1
DA:115,1
DA:121,2
DA:122,2
DA:125,2
DA:126,2
DA:127,2
DA:135,0
DA:139,2
LF:46
LH:44
BRDA:27,0,0,1
BRDA:27,0,1,1
BRDA:56,1,0,1
BRDA:56,1,1,0
BRDA:94,2,0,1
BRDA:94,2,1,4
BRDA:98,3,0,1
BRDA:98,3,1,3
BRDA:102,4,0,2
BRDA:102,4,1,1
BRDA:103,5,0,1
BRDA:103,5,1,1
BRDA:126,6,0,1
BRDA:126,6,1,1
BRF:14
BRH:13
end_of_record
TN:
SF:src/modules/resignations/dto/create-resignation.dto.ts
FNF:0
FNH:0
DA:1,1
DA:3,1
DA:4,1
DA:8,1
LF:4
LH:4
BRF:0
BRH:0
end_of_record
TN:
SF:src/modules/resignations/dto/update-resignation.dto.ts
FNF:0
FNH:0
DA:1,1
DA:2,1
DA:3,1
DA:5,1
DA:6,1
DA:9,1
LF:6
LH:6
BRF:0
BRH:0
end_of_record
TN:
SF:src/modules/timekeeping/attendance.controller.ts
FN:15,(anonymous_4)
FN:23,(anonymous_5)
FNF:2
FNH:2
FNDA:1,(anonymous_4)
FNDA:2,(anonymous_5)
DA:1,1
DA:7,1
DA:8,1
DA:9,1
DA:10,1
DA:14,1
DA:15,1
DA:23,1
DA:30,2
DA:31,2
DA:36,2
LF:11
LH:11
BRDA:30,0,0,2
BRDA:30,0,1,0
BRDA:30,1,0,2
BRDA:30,1,1,1
BRDA:33,2,0,2
BRDA:33,2,1,0
BRDA:33,3,0,2
BRDA:33,3,1,1
BRF:8
BRH:6
end_of_record
TN:
SF:src/modules/timekeeping/ip-whitelist.guard.ts
FN:13,(anonymous_4)
FN:18,(anonymous_5)
FN:37,(anonymous_6)
FNF:3
FNH:1
FNDA:1,(anonymous_4)
FNDA:0,(anonymous_5)
FNDA:0,(anonymous_6)
DA:1,1
DA:7,1
DA:8,1
DA:9,1
DA:12,1
DA:15,1
DA:19,0
DA:20,0
DA:21,0
DA:22,0
DA:24,0
DA:27,0
DA:28,0
DA:31,0
DA:34,0
DA:35,0
DA:37,0
DA:39,0
DA:40,0
LF:19
LH:6
BRDA:21,0,0,0
BRDA:21,0,1,0
BRDA:21,1,0,0
BRDA:21,1,1,0
BRDA:24,2,0,0
BRDA:24,2,1,0
BRDA:28,3,0,0
BRDA:28,3,1,0
BRDA:34,4,0,0
BRDA:34,4,1,0
BRDA:39,5,0,0
BRDA:39,5,1,0
BRF:12
BRH:0
end_of_record
TN:
SF:src/modules/timekeeping/timekeeping.controller.ts
FN:17,(anonymous_4)
FN:21,(anonymous_5)
FN:29,(anonymous_6)
FN:39,(anonymous_7)
FNF:4
FNH:4
FNDA:1,(anonymous_4)
FNDA:2,(anonymous_5)
FNDA:2,(anonymous_6)
FNDA:2,(anonymous_7)
DA:1,1
DA:10,1
DA:11,1
DA:12,1
DA:16,1
DA:17,1
DA:21,1
DA:22,2
DA:23,2
DA:24,1
DA:29,1
DA:31,2
DA:32,2
DA:34,1
DA:39,1
DA:40,2
DA:41,2
DA:43,1
DA:44,1
LF:19
LH:19
BRDA:23,0,0,1
BRDA:23,0,1,1
BRDA:32,1,0,1
BRDA:32,1,1,1
BRDA:41,2,0,1
BRDA:41,2,1,1
BRDA:43,3,0,1
BRDA:43,3,1,0
BRDA:43,3,2,0
BRF:9
BRH:7
end_of_record
TN:
SF:src/modules/timekeeping/timekeeping.service.ts
FN:23,(anonymous_4)
FN:32,(anonymous_5)
FN:45,(anonymous_6)
FN:67,(anonymous_7)
FN:95,(anonymous_8)
FN:104,(anonymous_9)
FN:132,(anonymous_10)
FN:246,(anonymous_11)
FN:265,(anonymous_12)
FN:374,(anonymous_13)
FN:379,(anonymous_14)
FN:389,(anonymous_15)
FN:402,(anonymous_16)
FN:485,(anonymous_17)
FN:521,(anonymous_18)
FN:522,(anonymous_19)
FN:533,(anonymous_20)
FNF:17
FNH:12
FNDA:1,(anonymous_4)
FNDA:0,(anonymous_5)
FNDA:5,(anonymous_6)
FNDA:5,(anonymous_7)
FNDA:1,(anonymous_8)
FNDA:8,(anonymous_9)
FNDA:4,(anonymous_10)
FNDA:2,(anonymous_11)
FNDA:1,(anonymous_12)
FNDA:0,(anonymous_13)
FNDA:7,(anonymous_14)
FNDA:1,(anonymous_15)
FNDA:2,(anonymous_16)
FNDA:1,(anonymous_17)
FNDA:0,(anonymous_18)
FNDA:0,(anonymous_19)
FNDA:0,(anonymous_20)
DA:1,3
DA:7,3
DA:8,3
DA:10,3
DA:11,3
DA:12,3
DA:13,3
DA:14,3
DA:15,3
DA:16,3
DA:19,3
DA:21,1
DA:24,1
DA:25,1
DA:26,1
DA:27,1
DA:28,1
DA:29,1
DA:32,1
DA:33,0
DA:34,0
DA:35,0
DA:36,0
DA:46,5
DA:47,5
DA:50,5
DA:61,5
DA:71,5
DA:72,5
DA:74,5
DA:75,1
DA:76,1
DA:78,1
DA:79,1
DA:82,1
DA:89,4
DA:96,1
DA:97,1
DA:98,1
DA:115,8
DA:116,8
DA:117,3
DA:118,3
DA:121,5
DA:124,5
DA:127,5
DA:128,1
DA:132,4
DA:133,4
DA:134,4
DA:135,4
DA:136,4
DA:139,4
DA:150,4
DA:152,3
DA:154,2
DA:155,2
DA:156,2
DA:157,2
DA:158,2
DA:163,2
DA:173,2
DA:175,2
DA:185,1
DA:187,1
DA:190,1
DA:191,1
DA:197,1
DA:198,1
DA:199,0
DA:200,0
DA:202,0
DA:205,1
DA:208,1
DA:210,0
DA:218,0
DA:221,0
DA:229,1
DA:239,0
DA:257,2
DA:260,2
DA:261,1
DA:265,1
DA:266,1
DA:267,1
DA:268,1
DA:269,1
DA:272,1
DA:282,1
DA:284,1
DA:286,1
DA:287,1
DA:288,1
DA:289,1
DA:290,1
DA:295,1
DA:305,1
DA:307,1
DA:316,0
DA:318,0
DA:321,0
DA:322,0
DA:328,0
DA:329,0
DA:330,0
DA:331,0
DA:333,0
DA:336,0
DA:339,0
DA:341,0
DA:349,0
DA:352,0
DA:360,0
DA:370,0
DA:376,0
DA:380,7
DA:382,7
DA:383,7
DA:402,1
DA:403,2
DA:404,2
DA:405,2
DA:406,2
DA:415,1
DA:416,1
DA:421,1
DA:422,1
DA:423,1
DA:424,0
DA:426,0
DA:427,0
DA:430,0
DA:431,0
DA:434,0
DA:435,0
DA:438,1
DA:439,1
DA:441,1
DA:449,1
DA:450,0
DA:451,0
DA:457,1
DA:464,1
DA:467,1
DA:468,1
DA:469,0
DA:470,0
DA:479,1
DA:485,1
DA:486,1
DA:487,1
DA:488,1
DA:489,10
DA:490,10
DA:491,8
DA:493,10
DA:495,1
DA:498,1
DA:499,1
DA:502,1
DA:511,1
DA:512,0
DA:513,0
DA:519,1
DA:521,1
DA:522,1
DA:523,1
DA:525,1
DA:533,1
DA:534,0
DA:538,0
DA:545,1
LF:172
LH:129
BRDA:35,0,0,0
BRDA:35,0,1,0
BRDA:74,1,0,1
BRDA:74,1,1,4
BRDA:78,2,0,1
BRDA:78,2,1,0
BRDA:116,3,0,3
BRDA:116,3,1,5
BRDA:116,4,0,8
BRDA:116,4,1,6
BRDA:117,5,0,1
BRDA:117,5,1,2
BRDA:127,6,0,1
BRDA:127,6,1,4
BRDA:150,7,0,3
BRDA:150,7,1,1
BRDA:150,8,0,4
BRDA:150,8,1,1
BRDA:158,9,0,2
BRDA:158,9,1,0
BRDA:158,10,0,2
BRDA:158,10,1,0
BRDA:158,10,2,0
BRDA:185,11,0,1
BRDA:185,11,1,0
BRDA:185,12,0,1
BRDA:185,12,1,1
BRDA:197,13,0,1
BRDA:197,13,1,0
BRDA:198,14,0,0
BRDA:198,14,1,1
BRDA:199,15,0,0
BRDA:199,15,1,0
BRDA:202,16,0,0
BRDA:202,16,1,0
BRDA:208,17,0,0
BRDA:208,17,1,1
BRDA:260,18,0,1
BRDA:260,18,1,1
BRDA:282,19,0,1
BRDA:282,19,1,0
BRDA:282,20,0,1
BRDA:282,20,1,0
BRDA:290,21,0,1
BRDA:290,21,1,0
BRDA:290,22,0,1
BRDA:290,22,1,0
BRDA:290,22,2,0
BRDA:316,23,0,0
BRDA:316,23,1,0
BRDA:316,24,0,0
BRDA:316,24,1,0
BRDA:328,25,0,0
BRDA:328,25,1,0
BRDA:329,26,0,0
BRDA:329,26,1,0
BRDA:330,27,0,0
BRDA:330,27,1,0
BRDA:333,28,0,0
BRDA:333,28,1,0
BRDA:339,29,0,0
BRDA:339,29,1,0
BRDA:403,30,0,0
BRDA:403,30,1,2
BRDA:405,31,0,0
BRDA:405,31,1,2
BRDA:421,32,0,1
BRDA:421,32,1,0
BRDA:421,33,0,1
BRDA:421,33,1,1
BRDA:424,34,0,0
BRDA:424,34,1,0
BRDA:424,35,0,0
BRDA:424,35,1,0
BRDA:449,36,0,0
BRDA:449,36,1,1
BRDA:449,37,0,1
BRDA:449,37,1,0
BRDA:464,38,0,1
BRDA:464,38,1,1
BRDA:468,39,0,0
BRDA:468,39,1,1
BRDA:468,40,0,1
BRDA:468,40,1,0
BRDA:490,41,0,8
BRDA:490,41,1,2
BRDA:490,42,0,10
BRDA:490,42,1,9
BRDA:511,43,0,0
BRDA:511,43,1,1
BRDA:511,44,0,1
BRDA:511,44,1,0
BRDA:521,45,0,0
BRDA:521,45,1,0
BRDA:534,46,0,0
BRDA:534,46,1,0
BRDA:535,47,0,0
BRDA:535,47,1,0
BRDA:535,48,0,0
BRDA:535,48,1,0
BRDA:535,48,2,0
BRF:101
BRH:46
end_of_record
TN:
SF:src/modules/violations/violations.controller.ts
FN:24,(anonymous_4)
FN:29,(anonymous_5)
FN:36,(anonymous_6)
FN:41,(anonymous_7)
FN:49,(anonymous_8)
FN:61,(anonymous_9)
FN:69,(anonymous_10)
FN:82,(anonymous_11)
FN:92,(anonymous_12)
FNF:9
FNH:9
FNDA:1,(anonymous_4)
FNDA:1,(anonymous_5)
FNDA:1,(anonymous_6)
FNDA:3,(anonymous_7)
FNDA:10,(anonymous_8)
FNDA:2,(anonymous_9)
FNDA:10,(anonymous_10)
FNDA:1,(anonymous_11)
FNDA:1,(anonymous_12)
DA:1,1
DA:14,1
DA:15,1
DA:16,1
DA:17,1
DA:18,1
DA:19,1
DA:23,1
DA:24,1
DA:26,1
DA:30,1
DA:33,1
DA:37,1
DA:41,1
DA:42,3
DA:45,3
DA:46,2
DA:47,2
DA:49,10
DA:53,2
DA:57,1
DA:61,1
DA:65,2
DA:66,2
DA:67,2
DA:69,10
DA:75,2
DA:76,2
DA:79,1
DA:86,1
DA:89,1
DA:93,1
LF:32
LH:32
BRDA:45,0,0,2
BRDA:45,0,1,1
BRDA:46,1,0,2
BRDA:46,1,1,2
BRDA:46,1,2,2
BRDA:49,2,0,2
BRDA:49,2,1,2
BRDA:49,2,2,2
BRDA:49,2,3,2
BRDA:49,3,0,10
BRDA:49,3,1,10
BRDA:53,4,0,1
BRDA:53,4,1,1
BRDA:66,5,0,2
BRDA:66,5,1,2
BRDA:66,5,2,2
BRDA:69,6,0,2
BRDA:69,6,1,2
BRDA:69,6,2,2
BRDA:69,6,3,1
BRDA:69,7,0,10
BRDA:69,7,1,10
BRDA:75,8,0,1
BRDA:75,8,1,1
BRF:24
BRH:24
end_of_record
TN:
SF:src/modules/violations/violations.service.ts
FN:19,(anonymous_4)
FN:29,(anonymous_5)
FN:64,(anonymous_6)
FN:77,(anonymous_7)
FN:82,(anonymous_8)
FN:100,(anonymous_9)
FN:148,(anonymous_10)
FN:153,(anonymous_11)
FN:158,(anonymous_12)
FN:207,(anonymous_13)
FNF:10
FNH:10
FNDA:1,(anonymous_4)
FNDA:2,(anonymous_5)
FNDA:2,(anonymous_6)
FNDA:5,(anonymous_7)
FNDA:6,(anonymous_8)
FNDA:2,(anonymous_9)
FNDA:2,(anonymous_10)
FNDA:3,(anonymous_11)
FNDA:3,(anonymous_12)
FNDA:3,(anonymous_13)
DA:1,2
DA:6,2
DA:7,2
DA:8,2
DA:9,2
DA:10,2
DA:11,2
DA:12,2
DA:13,2
DA:18,2
DA:21,1
DA:23,1
DA:25,1
DA:26,1
DA:31,2
DA:34,2
DA:35,1
DA:38,1
DA:48,1
DA:50,1
DA:51,1
DA:52,1
DA:54,1
DA:61,1
DA:65,2
DA:66,2
DA:67,1
DA:70,2
DA:76,2
DA:77,5
DA:79,2
DA:83,6
DA:84,6
DA:85,1
DA:88,6
DA:93,6
DA:94,3
DA:97,3
DA:101,2
DA:104,1
DA:105,1
DA:106,1
DA:108,1
DA:109,1
DA:112,1
DA:113,1
DA:115,1
DA:116,1
DA:117,1
DA:120,1
DA:121,1
DA:122,1
DA:124,1
DA:125,1
DA:127,1
DA:128,1
DA:131,1
DA:132,1
DA:133,1
DA:136,1
DA:138,1
DA:145,1
DA:149,2
DA:150,1
DA:151,1
DA:154,3
DA:158,2
DA:159,3
DA:160,3
DA:165,3
DA:166,3
DA:167,2
DA:170,1
DA:172,1
DA:179,1
DA:180,1
DA:189,1
DA:191,1
DA:198,1
DA:202,3
DA:203,1
DA:207,1
DA:208,3
DA:209,3
DA:212,1
DA:213,2
DA:222,3
LF:87
LH:87
BRDA:34,0,0,1
BRDA:34,0,1,1
BRDA:43,1,0,1
BRDA:43,1,1,0
BRDA:44,2,0,1
BRDA:44,2,1,0
BRDA:45,3,0,1
BRDA:45,3,1,1
BRDA:52,4,0,1
BRDA:52,4,1,0
BRDA:66,5,0,1
BRDA:66,5,1,1
BRDA:84,6,0,1
BRDA:84,6,1,5
BRDA:93,7,0,3
BRDA:93,7,1,3
BRDA:108,8,0,1
BRDA:108,8,1,0
BRDA:109,9,0,1
BRDA:109,9,1,0
BRDA:117,10,0,1
BRDA:117,10,1,0
BRDA:121,11,0,1
BRDA:121,11,1,0
BRDA:121,12,0,1
BRDA:121,12,1,1
BRDA:124,13,0,1
BRDA:124,13,1,0
BRDA:124,14,0,1
BRDA:124,14,1,1
BRDA:127,15,0,1
BRDA:127,15,1,0
BRDA:127,16,0,1
BRDA:127,16,1,1
BRDA:132,17,0,1
BRDA:132,17,1,0
BRDA:167,18,0,1
BRDA:167,18,1,1
BRDA:179,19,0,1
BRDA:179,19,1,0
BRDA:202,20,0,1
BRDA:202,20,1,2
BRDA:209,21,0,3
BRDA:209,21,1,2
BRDA:209,21,2,2
BRDA:209,21,3,2
BRF:46
BRH:35
end_of_record
TN:
SF:src/modules/violations/dto/create-violation.dto.ts
FNF:0
FNH:0
DA:1,1
DA:9,1
DA:14,1
DA:15,1
DA:18,1
DA:21,1
DA:24,1
DA:27,1
DA:31,1
DA:35,1
LF:10
LH:10
BRF:0
BRH:0
end_of_record
TN:
SF:src/modules/violations/dto/update-violation.dto.ts
FNF:0
FNH:0
DA:1,1
DA:8,1
DA:13,1
DA:14,1
DA:18,1
DA:22,1
DA:26,1
DA:29,1
DA:33,1
LF:9
LH:9
BRF:0
BRH:0
end_of_record
